[0.082s] Invoking command in '/home/rosuser/ros2_ws/build/iiwa_moveit2': CMAKE_PREFIX_PATH=${CMAKE_PREFIX_PATH}:/home/rosuser/ros2_ws/install/lbr_demos_py:/home/rosuser/ros2_ws/install/lbr_moveit:/home/rosuser/ros2_ws/install/lbr_demos_advanced_py:/opt/ros/humble /usr/bin/cmake --build /home/rosuser/ros2_ws/build/iiwa_moveit2 -- -j4 -l4
[0.217s] [ 33%] Built target servo_controller_input
[0.242s] [ 66%] Built target pose_tracking_servo_node
[0.271s] [100%] Built target servo_node
[0.338s] Invoked command in '/home/rosuser/ros2_ws/build/iiwa_moveit2' returned '0': CMAKE_PREFIX_PATH=${CMAKE_PREFIX_PATH}:/home/rosuser/ros2_ws/install/lbr_demos_py:/home/rosuser/ros2_ws/install/lbr_moveit:/home/rosuser/ros2_ws/install/lbr_demos_advanced_py:/opt/ros/humble /usr/bin/cmake --build /home/rosuser/ros2_ws/build/iiwa_moveit2 -- -j4 -l4
[0.343s] Invoking command in '/home/rosuser/ros2_ws/build/iiwa_moveit2': CMAKE_PREFIX_PATH=${CMAKE_PREFIX_PATH}:/home/rosuser/ros2_ws/install/lbr_demos_py:/home/rosuser/ros2_ws/install/lbr_moveit:/home/rosuser/ros2_ws/install/lbr_demos_advanced_py:/opt/ros/humble /usr/bin/cmake --install /home/rosuser/ros2_ws/build/iiwa_moveit2
[0.371s] -- Install configuration: "Release"
[0.372s] -- Execute custom install script
[0.376s] -- Up-to-date symlink: /home/rosuser/ros2_ws/install/iiwa_moveit2/lib/iiwa_moveit2/pose_tracking_servo_node
[0.376s] -- Up-to-date symlink: /home/rosuser/ros2_ws/install/iiwa_moveit2/lib/iiwa_moveit2/servo_node
[0.376s] -- Up-to-date symlink: /home/rosuser/ros2_ws/install/iiwa_moveit2/share/iiwa_moveit2/environment/library_path.sh
[0.376s] -- Up-to-date symlink: /home/rosuser/ros2_ws/install/iiwa_moveit2/share/iiwa_moveit2/environment/library_path.dsv
[0.376s] -- Up-to-date symlink: /home/rosuser/ros2_ws/install/iiwa_moveit2/share/ament_index/resource_index/package_run_dependencies/iiwa_moveit2
[0.376s] -- Up-to-date symlink: /home/rosuser/ros2_ws/install/iiwa_moveit2/share/ament_index/resource_index/parent_prefix_path/iiwa_moveit2
[0.376s] -- Up-to-date symlink: /home/rosuser/ros2_ws/install/iiwa_moveit2/share/iiwa_moveit2/environment/ament_prefix_path.sh
[0.376s] -- Up-to-date symlink: /home/rosuser/ros2_ws/install/iiwa_moveit2/share/iiwa_moveit2/environment/ament_prefix_path.dsv
[0.377s] -- Up-to-date symlink: /home/rosuser/ros2_ws/install/iiwa_moveit2/share/iiwa_moveit2/environment/path.sh
[0.377s] -- Up-to-date symlink: /home/rosuser/ros2_ws/install/iiwa_moveit2/share/iiwa_moveit2/environment/path.dsv
[0.377s] -- Up-to-date symlink: /home/rosuser/ros2_ws/install/iiwa_moveit2/share/iiwa_moveit2/local_setup.bash
[0.377s] -- Up-to-date symlink: /home/rosuser/ros2_ws/install/iiwa_moveit2/share/iiwa_moveit2/local_setup.sh
[0.377s] -- Up-to-date symlink: /home/rosuser/ros2_ws/install/iiwa_moveit2/share/iiwa_moveit2/local_setup.zsh
[0.377s] -- Up-to-date symlink: /home/rosuser/ros2_ws/install/iiwa_moveit2/share/iiwa_moveit2/local_setup.dsv
[0.378s] -- Symlinking: /home/rosuser/ros2_ws/install/iiwa_moveit2/share/iiwa_moveit2/package.dsv
[0.391s] -- Up-to-date symlink: /home/rosuser/ros2_ws/install/iiwa_moveit2/share/ament_index/resource_index/packages/iiwa_moveit2
[0.391s] -- Up-to-date symlink: /home/rosuser/ros2_ws/install/iiwa_moveit2/share/ament_index/resource_index/rclcpp_components/iiwa_moveit2
[0.391s] -- Up-to-date symlink: /home/rosuser/ros2_ws/install/iiwa_moveit2/share/iiwa_moveit2/cmake/ament_cmake_export_targets-extras.cmake
[0.392s] -- Up-to-date symlink: /home/rosuser/ros2_ws/install/iiwa_moveit2/share/iiwa_moveit2/cmake/ament_cmake_export_dependencies-extras.cmake
[0.392s] -- Up-to-date symlink: /home/rosuser/ros2_ws/install/iiwa_moveit2/share/iiwa_moveit2/cmake/iiwa_moveit2Config.cmake
[0.392s] -- Up-to-date symlink: /home/rosuser/ros2_ws/install/iiwa_moveit2/share/iiwa_moveit2/cmake/iiwa_moveit2Config-version.cmake
[0.392s] -- Up-to-date symlink: /home/rosuser/ros2_ws/install/iiwa_moveit2/share/iiwa_moveit2/package.xml
[0.398s] -- Up-to-date: /home/rosuser/ros2_ws/install/iiwa_moveit2/lib/libservo_controller_input.so
[0.398s] -- Up-to-date: /home/rosuser/ros2_ws/install/iiwa_moveit2/share/iiwa_moveit2/cmake/export_iiwa_moveit2Export.cmake
[0.398s] -- Up-to-date: /home/rosuser/ros2_ws/install/iiwa_moveit2/share/iiwa_moveit2/cmake/export_iiwa_moveit2Export-release.cmake
[0.794s] Invoked command in '/home/rosuser/ros2_ws/build/iiwa_moveit2' returned '0': CMAKE_PREFIX_PATH=${CMAKE_PREFIX_PATH}:/home/rosuser/ros2_ws/install/lbr_demos_py:/home/rosuser/ros2_ws/install/lbr_moveit:/home/rosuser/ros2_ws/install/lbr_demos_advanced_py:/opt/ros/humble /usr/bin/cmake --install /home/rosuser/ros2_ws/build/iiwa_moveit2
