-- The C compiler identification is GNU 11.4.0
-- The CXX compiler identification is GNU 11.4.0
-- Detecting C compiler ABI info
-- Detecting C compiler ABI info - done
-- Check for working C compiler: /usr/bin/cc - skipped
-- Detecting C compile features
-- Detecting C compile features - done
-- Detecting CXX compiler ABI info
-- Detecting CXX compiler ABI info - done
-- Check for working CXX compiler: /usr/bin/c++ - skipped
-- Detecting CXX compile features
-- Detecting CXX compile features - done
-- Configuring FRIClient version 1.15
-- Configuring done
-- Generating done
-- Build files have been written to: /home/rosuser/ros2_ws/build/fri_client_sdk
[  7%] [32mBuilding CXX object CMakeFiles/FRIClient.dir/FRI-Client-SDK_Cpp/src/client_lbr/friLBRClient.cpp.o[0m
[ 15%] [32mBuilding CXX object CMakeFiles/FRIClient.dir/FRI-Client-SDK_Cpp/src/client_lbr/friLBRState.cpp.o[0m
[ 23%] [32mBuilding CXX object CMakeFiles/FRIClient.dir/FRI-Client-SDK_Cpp/src/base/friClientApplication.cpp.o[0m
[ 30%] [32mBuilding CXX object CMakeFiles/FRIClient.dir/FRI-Client-SDK_Cpp/src/client_lbr/friLBRCommand.cpp.o[0m
[ 38%] [32mBuilding CXX object CMakeFiles/FRIClient.dir/FRI-Client-SDK_Cpp/src/client_trafo/friTransformationClient.cpp.o[0m
[ 46%] [32mBuilding CXX object CMakeFiles/FRIClient.dir/FRI-Client-SDK_Cpp/src/connection/friUdpConnection.cpp.o[0m
[ 53%] [32mBuilding CXX object CMakeFiles/FRIClient.dir/FRI-Client-SDK_Cpp/src/protobuf/friCommandMessageEncoder.cpp.o[0m
[ 61%] [32mBuilding CXX object CMakeFiles/FRIClient.dir/FRI-Client-SDK_Cpp/src/protobuf/friMonitoringMessageDecoder.cpp.o[0m
[ 69%] [32mBuilding C object CMakeFiles/FRIClient.dir/FRI-Client-SDK_Cpp/src/protobuf/pb_frimessages_callbacks.c.o[0m
[ 76%] [32mBuilding C object CMakeFiles/FRIClient.dir/FRI-Client-SDK_Cpp/src/protobuf_gen/FRIMessages.pb.c.o[0m
[ 84%] [32mBuilding C object CMakeFiles/FRIClient.dir/FRI-Client-SDK_Cpp/src/nanopb-0.2.8/pb_decode.c.o[0m
[ 92%] [32mBuilding C object CMakeFiles/FRIClient.dir/FRI-Client-SDK_Cpp/src/nanopb-0.2.8/pb_encode.c.o[0m
[100%] [32m[1mLinking CXX shared library libFRIClient.so[0m
[100%] Built target FRIClient
-- Install configuration: "Release"
-- Installing: /home/rosuser/ros2_ws/install/fri_client_sdk/lib/libFRIClient.so
-- Installing: /home/rosuser/ros2_ws/install/fri_client_sdk/include
-- Installing: /home/rosuser/ros2_ws/install/fri_client_sdk/include/friException.h
-- Installing: /home/rosuser/ros2_ws/install/fri_client_sdk/include/friClientApplication.h
-- Installing: /home/rosuser/ros2_ws/install/fri_client_sdk/include/friClientVersion.h
-- Installing: /home/rosuser/ros2_ws/install/fri_client_sdk/include/friUdpConnection.h
-- Installing: /home/rosuser/ros2_ws/install/fri_client_sdk/include/friLBRClient.h
-- Installing: /home/rosuser/ros2_ws/install/fri_client_sdk/include/friConnectionIf.h
-- Installing: /home/rosuser/ros2_ws/install/fri_client_sdk/include/friClientIf.h
-- Installing: /home/rosuser/ros2_ws/install/fri_client_sdk/include/friTransformationClient.h
-- Installing: /home/rosuser/ros2_ws/install/fri_client_sdk/include/friLBRState.h
-- Installing: /home/rosuser/ros2_ws/install/fri_client_sdk/include/friLBRCommand.h
-- Installing: /home/rosuser/ros2_ws/install/fri_client_sdk/lib/cmake/FRIClient/FRIClientConfig.cmake
-- Installing: /home/rosuser/ros2_ws/install/fri_client_sdk/lib/cmake/FRIClient/FRIClientConfig-release.cmake
-- Installing: /home/rosuser/ros2_ws/install/fri_client_sdk/lib/cmake/FRIClient/FRIClientConfigVersion.cmake
