[0.035s] Invoking command in '/home/rosuser/ros2_ws/build/fri_client_sdk': CMAKE_PREFIX_PATH=/opt/ros/humble /usr/bin/cmake /home/rosuser/ros2_ws/src/fri -DCMAKE_INSTALL_PREFIX=/home/rosuser/ros2_ws/install/fri_client_sdk
[0.969s] -- The C compiler identification is GNU 11.4.0
[1.582s] -- The CXX compiler identification is GNU 11.4.0
[1.682s] -- Detecting C compiler ABI info
[1.879s] -- Detecting C compiler ABI info - done
[1.891s] -- Check for working C compiler: /usr/bin/cc - skipped
[1.891s] -- Detecting C compile features
[1.910s] -- Detecting C compile features - done
[1.918s] -- Detecting CXX compiler ABI info
[2.140s] -- Detecting CXX compiler ABI info - done
[2.152s] -- Check for working CXX compiler: /usr/bin/c++ - skipped
[2.154s] -- Detecting CXX compile features
[2.155s] -- Detecting CXX compile features - done
[2.175s] [0mFound nanopb of version: 0.2.8[0m
[2.175s] [0mFound FRIClient of version: 1.15[0m
[2.175s] -- Configuring FRIClient version 1.15
[2.206s] -- Configuring done
[2.231s] -- Generating done
[2.233s] -- Build files have been written to: /home/rosuser/ros2_ws/build/fri_client_sdk
[2.236s] Invoked command in '/home/rosuser/ros2_ws/build/fri_client_sdk' returned '0': CMAKE_PREFIX_PATH=/opt/ros/humble /usr/bin/cmake /home/rosuser/ros2_ws/src/fri -DCMAKE_INSTALL_PREFIX=/home/rosuser/ros2_ws/install/fri_client_sdk
[2.239s] Invoking command in '/home/rosuser/ros2_ws/build/fri_client_sdk': CMAKE_PREFIX_PATH=/opt/ros/humble /usr/bin/cmake --build /home/rosuser/ros2_ws/build/fri_client_sdk -- -j4 -l4
[2.296s] [  7%] [32mBuilding CXX object CMakeFiles/FRIClient.dir/FRI-Client-SDK_Cpp/src/client_lbr/friLBRClient.cpp.o[0m
[2.298s] [ 15%] [32mBuilding CXX object CMakeFiles/FRIClient.dir/FRI-Client-SDK_Cpp/src/client_lbr/friLBRState.cpp.o[0m
[2.300s] [ 23%] [32mBuilding CXX object CMakeFiles/FRIClient.dir/FRI-Client-SDK_Cpp/src/base/friClientApplication.cpp.o[0m
[2.301s] [ 30%] [32mBuilding CXX object CMakeFiles/FRIClient.dir/FRI-Client-SDK_Cpp/src/client_lbr/friLBRCommand.cpp.o[0m
[4.985s] [ 38%] [32mBuilding CXX object CMakeFiles/FRIClient.dir/FRI-Client-SDK_Cpp/src/client_trafo/friTransformationClient.cpp.o[0m
[5.001s] [ 46%] [32mBuilding CXX object CMakeFiles/FRIClient.dir/FRI-Client-SDK_Cpp/src/connection/friUdpConnection.cpp.o[0m
[5.024s] [ 53%] [32mBuilding CXX object CMakeFiles/FRIClient.dir/FRI-Client-SDK_Cpp/src/protobuf/friCommandMessageEncoder.cpp.o[0m
[5.062s] [ 61%] [32mBuilding CXX object CMakeFiles/FRIClient.dir/FRI-Client-SDK_Cpp/src/protobuf/friMonitoringMessageDecoder.cpp.o[0m
[5.090s] [ 69%] [32mBuilding C object CMakeFiles/FRIClient.dir/FRI-Client-SDK_Cpp/src/protobuf/pb_frimessages_callbacks.c.o[0m
[5.132s] [ 76%] [32mBuilding C object CMakeFiles/FRIClient.dir/FRI-Client-SDK_Cpp/src/protobuf_gen/FRIMessages.pb.c.o[0m
[5.251s] [ 84%] [32mBuilding C object CMakeFiles/FRIClient.dir/FRI-Client-SDK_Cpp/src/nanopb-0.2.8/pb_decode.c.o[0m
[5.324s] [ 92%] [32mBuilding C object CMakeFiles/FRIClient.dir/FRI-Client-SDK_Cpp/src/nanopb-0.2.8/pb_encode.c.o[0m
[6.759s] [100%] [32m[1mLinking CXX shared library libFRIClient.so[0m
[6.859s] [100%] Built target FRIClient
[6.872s] Invoked command in '/home/rosuser/ros2_ws/build/fri_client_sdk' returned '0': CMAKE_PREFIX_PATH=/opt/ros/humble /usr/bin/cmake --build /home/rosuser/ros2_ws/build/fri_client_sdk -- -j4 -l4
[6.884s] Invoking command in '/home/rosuser/ros2_ws/build/fri_client_sdk': CMAKE_PREFIX_PATH=/opt/ros/humble /usr/bin/cmake --install /home/rosuser/ros2_ws/build/fri_client_sdk
[6.893s] -- Install configuration: "Release"
[6.893s] -- Installing: /home/rosuser/ros2_ws/install/fri_client_sdk/lib/libFRIClient.so
[6.894s] -- Installing: /home/rosuser/ros2_ws/install/fri_client_sdk/include
[6.894s] -- Installing: /home/rosuser/ros2_ws/install/fri_client_sdk/include/friException.h
[6.894s] -- Installing: /home/rosuser/ros2_ws/install/fri_client_sdk/include/friClientApplication.h
[6.894s] -- Installing: /home/rosuser/ros2_ws/install/fri_client_sdk/include/friClientVersion.h
[6.894s] -- Installing: /home/rosuser/ros2_ws/install/fri_client_sdk/include/friUdpConnection.h
[6.894s] -- Installing: /home/rosuser/ros2_ws/install/fri_client_sdk/include/friLBRClient.h
[6.894s] -- Installing: /home/rosuser/ros2_ws/install/fri_client_sdk/include/friConnectionIf.h
[6.894s] -- Installing: /home/rosuser/ros2_ws/install/fri_client_sdk/include/friClientIf.h
[6.895s] -- Installing: /home/rosuser/ros2_ws/install/fri_client_sdk/include/friTransformationClient.h
[6.895s] -- Installing: /home/rosuser/ros2_ws/install/fri_client_sdk/include/friLBRState.h
[6.895s] -- Installing: /home/rosuser/ros2_ws/install/fri_client_sdk/include/friLBRCommand.h
[6.895s] -- Installing: /home/rosuser/ros2_ws/install/fri_client_sdk/lib/cmake/FRIClient/FRIClientConfig.cmake
[6.895s] -- Installing: /home/rosuser/ros2_ws/install/fri_client_sdk/lib/cmake/FRIClient/FRIClientConfig-release.cmake
[6.895s] -- Installing: /home/rosuser/ros2_ws/install/fri_client_sdk/lib/cmake/FRIClient/FRIClientConfigVersion.cmake
[6.898s] Invoked command in '/home/rosuser/ros2_ws/build/fri_client_sdk' returned '0': CMAKE_PREFIX_PATH=/opt/ros/humble /usr/bin/cmake --install /home/rosuser/ros2_ws/build/fri_client_sdk
