[0.045s] Invoking command in '/home/rosuser/ros2_ws/build/mocap4r2_control_msgs': CMAKE_PREFIX_PATH=${CMAKE_PREFIX_PATH}:/home/rosuser/ros2_ws/install/my_launch_pkg:/home/rosuser/ros2_ws/install/mocap4r2cli:/home/rosuser/ros2_ws/install/marker_pose_follow:/home/rosuser/ros2_ws/install/marker_pose_bridge:/home/rosuser/ros2_ws/install/lbr_demos_py:/home/rosuser/ros2_ws/install/lbr_moveit:/home/rosuser/ros2_ws/install/lbr_demos_advanced_py:/home/rosuser/test_ws/install/my_launch_pkg:/home/rosuser/test_ws/install/mocap4r2cli:/home/rosuser/test_ws/install/marker_pose_follow:/home/rosuser/test_ws/install/marker_pose_bridge:/home/rosuser/test_ws/install/lbr_demos_py:/home/rosuser/test_ws/install/lbr_moveit:/home/rosuser/test_ws/install/lbr_demos_advanced_py:/home/rosuser/mocap4r2_ws/install/mocap4r2cli:/opt/ros/humble /usr/bin/cmake --build /home/rosuser/ros2_ws/build/mocap4r2_control_msgs -- -j4 -l4
[1.038s] -- Found ament_cmake: 1.3.11 (/opt/ros/humble/share/ament_cmake/cmake)
[1.278s] -- Override CMake install command with custom implementation using symlinks instead of copying resources
[1.316s] -- Found rosidl_default_generators: 1.2.0 (/opt/ros/humble/share/rosidl_default_generators/cmake)
[1.518s] -- Using all available rosidl_typesupport_c: rosidl_typesupport_fastrtps_c;rosidl_typesupport_introspection_c
[2.102s] -- Found rosidl_adapter: 3.1.6 (/opt/ros/humble/share/rosidl_adapter/cmake)
[4.454s] -- Using all available rosidl_typesupport_cpp: rosidl_typesupport_fastrtps_cpp;rosidl_typesupport_introspection_cpp
[4.942s] -- Found builtin_interfaces: 1.2.1 (/opt/ros/humble/share/builtin_interfaces/cmake)
[5.055s] -- Found std_msgs: 4.8.0 (/opt/ros/humble/share/std_msgs/cmake)
[5.556s] -- Found geometry_msgs: 4.8.0 (/opt/ros/humble/share/geometry_msgs/cmake)
[6.700s] -- Found ament_cmake_ros: 0.10.0 (/opt/ros/humble/share/ament_cmake_ros/cmake)
[7.687s] -- Using all available rosidl_typesupport_c: rosidl_typesupport_fastrtps_c;rosidl_typesupport_introspection_c
[8.380s] -- Using all available rosidl_typesupport_cpp: rosidl_typesupport_fastrtps_cpp;rosidl_typesupport_introspection_cpp
[8.486s] -- Found python_cmake_module: 0.10.0 (/opt/ros/humble/share/python_cmake_module/cmake)
[8.579s] -- Using PYTHON_EXECUTABLE: /usr/bin/python3
[8.579s] -- Using PYTHON_INCLUDE_DIRS: /usr/include/python3.10
[8.579s] -- Using PYTHON_LIBRARIES: /usr/lib/x86_64-linux-gnu/libpython3.10.so
[9.748s] -- Configuring done
[10.203s] -- Generating done
[10.220s] -- Build files have been written to: /home/rosuser/ros2_ws/build/mocap4r2_control_msgs
[10.282s] [  2%] Built target mocap4r2_control_msgs__cpp
[10.298s] [  2%] Built target ament_cmake_python_symlink_mocap4r2_control_msgs
[10.348s] [35m[1mConsolidate compiler generated dependencies of target mocap4r2_control_msgs__rosidl_typesupport_fastrtps_cpp[0m
[10.349s] [35m[1mConsolidate compiler generated dependencies of target mocap4r2_control_msgs__rosidl_generator_c[0m
[10.355s] [35m[1mConsolidate compiler generated dependencies of target mocap4r2_control_msgs__rosidl_typesupport_introspection_cpp[0m
[10.379s] [35m[1mConsolidate compiler generated dependencies of target mocap4r2_control_msgs__rosidl_typesupport_cpp[0m
[10.427s] [ 23%] Built target mocap4r2_control_msgs__rosidl_typesupport_introspection_cpp
[10.427s] [ 23%] Built target mocap4r2_control_msgs__rosidl_generator_c
[10.428s] [ 33%] Built target mocap4r2_control_msgs__rosidl_typesupport_cpp
[10.486s] [35m[1mConsolidate compiler generated dependencies of target mocap4r2_control_msgs__rosidl_typesupport_fastrtps_c[0m
[10.492s] [35m[1mConsolidate compiler generated dependencies of target mocap4r2_control_msgs__rosidl_typesupport_introspection_c[0m
[10.505s] [ 43%] Built target mocap4r2_control_msgs__rosidl_typesupport_fastrtps_cpp
[10.544s] [ 53%] Built target mocap4r2_control_msgs__rosidl_typesupport_introspection_c
[10.553s] [ 64%] Built target mocap4r2_control_msgs__rosidl_typesupport_fastrtps_c
[10.597s] [35m[1mConsolidate compiler generated dependencies of target mocap4r2_control_msgs__rosidl_typesupport_c[0m
[10.621s] [ 74%] Built target mocap4r2_control_msgs__rosidl_typesupport_c
[10.704s] [ 74%] Built target mocap4r2_control_msgs
[10.742s] [ 76%] Built target mocap4r2_control_msgs__py
[10.780s] [35m[1mConsolidate compiler generated dependencies of target mocap4r2_control_msgs__rosidl_generator_py[0m
[11.274s] [ 84%] Built target mocap4r2_control_msgs__rosidl_generator_py
[11.328s] [35m[1mConsolidate compiler generated dependencies of target mocap4r2_control_msgs__rosidl_typesupport_fastrtps_c__pyext[0m
[11.351s] [ 89%] Built target mocap4r2_control_msgs__rosidl_typesupport_fastrtps_c__pyext
[11.357s] running egg_info
[11.357s] writing mocap4r2_control_msgs.egg-info/PKG-INFO
[11.357s] writing dependency_links to mocap4r2_control_msgs.egg-info/dependency_links.txt
[11.357s] writing top-level names to mocap4r2_control_msgs.egg-info/top_level.txt
[11.363s] [35m[1mConsolidate compiler generated dependencies of target mocap4r2_control_msgs__rosidl_typesupport_c__pyext[0m
[11.364s] [35m[1mConsolidate compiler generated dependencies of target mocap4r2_control_msgs__rosidl_typesupport_introspection_c__pyext[0m
[11.377s] reading manifest file 'mocap4r2_control_msgs.egg-info/SOURCES.txt'
[11.383s] [ 94%] Built target mocap4r2_control_msgs__rosidl_typesupport_c__pyext
[11.387s] [100%] Built target mocap4r2_control_msgs__rosidl_typesupport_introspection_c__pyext
[11.441s] writing manifest file 'mocap4r2_control_msgs.egg-info/SOURCES.txt'
[11.481s] [100%] Built target ament_cmake_python_build_mocap4r2_control_msgs_egg
[11.537s] Invoked command in '/home/rosuser/ros2_ws/build/mocap4r2_control_msgs' returned '0': CMAKE_PREFIX_PATH=${CMAKE_PREFIX_PATH}:/home/rosuser/ros2_ws/install/my_launch_pkg:/home/rosuser/ros2_ws/install/mocap4r2cli:/home/rosuser/ros2_ws/install/marker_pose_follow:/home/rosuser/ros2_ws/install/marker_pose_bridge:/home/rosuser/ros2_ws/install/lbr_demos_py:/home/rosuser/ros2_ws/install/lbr_moveit:/home/rosuser/ros2_ws/install/lbr_demos_advanced_py:/home/rosuser/test_ws/install/my_launch_pkg:/home/rosuser/test_ws/install/mocap4r2cli:/home/rosuser/test_ws/install/marker_pose_follow:/home/rosuser/test_ws/install/marker_pose_bridge:/home/rosuser/test_ws/install/lbr_demos_py:/home/rosuser/test_ws/install/lbr_moveit:/home/rosuser/test_ws/install/lbr_demos_advanced_py:/home/rosuser/mocap4r2_ws/install/mocap4r2cli:/opt/ros/humble /usr/bin/cmake --build /home/rosuser/ros2_ws/build/mocap4r2_control_msgs -- -j4 -l4
[11.540s] Invoking command in '/home/rosuser/ros2_ws/build/mocap4r2_control_msgs': CMAKE_PREFIX_PATH=${CMAKE_PREFIX_PATH}:/home/rosuser/ros2_ws/install/my_launch_pkg:/home/rosuser/ros2_ws/install/mocap4r2cli:/home/rosuser/ros2_ws/install/marker_pose_follow:/home/rosuser/ros2_ws/install/marker_pose_bridge:/home/rosuser/ros2_ws/install/lbr_demos_py:/home/rosuser/ros2_ws/install/lbr_moveit:/home/rosuser/ros2_ws/install/lbr_demos_advanced_py:/home/rosuser/test_ws/install/my_launch_pkg:/home/rosuser/test_ws/install/mocap4r2cli:/home/rosuser/test_ws/install/marker_pose_follow:/home/rosuser/test_ws/install/marker_pose_bridge:/home/rosuser/test_ws/install/lbr_demos_py:/home/rosuser/test_ws/install/lbr_moveit:/home/rosuser/test_ws/install/lbr_demos_advanced_py:/home/rosuser/mocap4r2_ws/install/mocap4r2cli:/opt/ros/humble /usr/bin/cmake --install /home/rosuser/ros2_ws/build/mocap4r2_control_msgs
[11.553s] -- Install configuration: ""
[11.554s] -- Execute custom install script
[11.555s] -- Up-to-date symlink: /home/rosuser/ros2_ws/install/mocap4r2_control_msgs/share/ament_index/resource_index/rosidl_interfaces/mocap4r2_control_msgs
[11.558s] -- Up-to-date symlink: /home/rosuser/ros2_ws/install/mocap4r2_control_msgs/include/mocap4r2_control_msgs/mocap4r2_control_msgs/msg/control.h
[11.558s] -- Up-to-date symlink: /home/rosuser/ros2_ws/install/mocap4r2_control_msgs/include/mocap4r2_control_msgs/mocap4r2_control_msgs/msg/detail/control__functions.h
[11.558s] -- Up-to-date symlink: /home/rosuser/ros2_ws/install/mocap4r2_control_msgs/include/mocap4r2_control_msgs/mocap4r2_control_msgs/msg/detail/control__struct.h
[11.559s] -- Up-to-date symlink: /home/rosuser/ros2_ws/install/mocap4r2_control_msgs/include/mocap4r2_control_msgs/mocap4r2_control_msgs/msg/detail/control__type_support.h
[11.559s] -- Up-to-date symlink: /home/rosuser/ros2_ws/install/mocap4r2_control_msgs/include/mocap4r2_control_msgs/mocap4r2_control_msgs/msg/detail/mocap_info__functions.h
[11.560s] -- Up-to-date symlink: /home/rosuser/ros2_ws/install/mocap4r2_control_msgs/include/mocap4r2_control_msgs/mocap4r2_control_msgs/msg/detail/mocap_info__struct.h
[11.560s] -- Up-to-date symlink: /home/rosuser/ros2_ws/install/mocap4r2_control_msgs/include/mocap4r2_control_msgs/mocap4r2_control_msgs/msg/detail/mocap_info__type_support.h
[11.560s] -- Up-to-date symlink: /home/rosuser/ros2_ws/install/mocap4r2_control_msgs/include/mocap4r2_control_msgs/mocap4r2_control_msgs/msg/mocap_info.h
[11.561s] -- Up-to-date symlink: /home/rosuser/ros2_ws/install/mocap4r2_control_msgs/include/mocap4r2_control_msgs/mocap4r2_control_msgs/msg/rosidl_generator_c__visibility_control.h
[11.561s] -- Up-to-date symlink: /home/rosuser/ros2_ws/install/mocap4r2_control_msgs/share/mocap4r2_control_msgs/environment/library_path.sh
[11.562s] -- Up-to-date symlink: /home/rosuser/ros2_ws/install/mocap4r2_control_msgs/share/mocap4r2_control_msgs/environment/library_path.dsv
[11.563s] -- Up-to-date symlink: /home/rosuser/ros2_ws/install/mocap4r2_control_msgs/include/mocap4r2_control_msgs/mocap4r2_control_msgs/msg/detail/control__rosidl_typesupport_fastrtps_c.h
[11.563s] -- Up-to-date symlink: /home/rosuser/ros2_ws/install/mocap4r2_control_msgs/include/mocap4r2_control_msgs/mocap4r2_control_msgs/msg/detail/mocap_info__rosidl_typesupport_fastrtps_c.h
[11.563s] -- Up-to-date symlink: /home/rosuser/ros2_ws/install/mocap4r2_control_msgs/include/mocap4r2_control_msgs/mocap4r2_control_msgs/msg/rosidl_typesupport_fastrtps_c__visibility_control.h
[11.565s] -- Up-to-date symlink: /home/rosuser/ros2_ws/install/mocap4r2_control_msgs/include/mocap4r2_control_msgs/mocap4r2_control_msgs/msg/detail/control__rosidl_typesupport_introspection_c.h
[11.566s] -- Up-to-date symlink: /home/rosuser/ros2_ws/install/mocap4r2_control_msgs/include/mocap4r2_control_msgs/mocap4r2_control_msgs/msg/detail/mocap_info__rosidl_typesupport_introspection_c.h
[11.566s] -- Up-to-date symlink: /home/rosuser/ros2_ws/install/mocap4r2_control_msgs/include/mocap4r2_control_msgs/mocap4r2_control_msgs/msg/rosidl_typesupport_introspection_c__visibility_control.h
[11.566s] -- Up-to-date symlink: /home/rosuser/ros2_ws/install/mocap4r2_control_msgs/include/mocap4r2_control_msgs/mocap4r2_control_msgs/msg/control.hpp
[11.566s] -- Up-to-date symlink: /home/rosuser/ros2_ws/install/mocap4r2_control_msgs/include/mocap4r2_control_msgs/mocap4r2_control_msgs/msg/detail/control__builder.hpp
[11.566s] -- Up-to-date symlink: /home/rosuser/ros2_ws/install/mocap4r2_control_msgs/include/mocap4r2_control_msgs/mocap4r2_control_msgs/msg/detail/control__struct.hpp
[11.566s] -- Up-to-date symlink: /home/rosuser/ros2_ws/install/mocap4r2_control_msgs/include/mocap4r2_control_msgs/mocap4r2_control_msgs/msg/detail/control__traits.hpp
[11.566s] -- Up-to-date symlink: /home/rosuser/ros2_ws/install/mocap4r2_control_msgs/include/mocap4r2_control_msgs/mocap4r2_control_msgs/msg/detail/control__type_support.hpp
[11.566s] -- Up-to-date symlink: /home/rosuser/ros2_ws/install/mocap4r2_control_msgs/include/mocap4r2_control_msgs/mocap4r2_control_msgs/msg/detail/mocap_info__builder.hpp
[11.567s] -- Up-to-date symlink: /home/rosuser/ros2_ws/install/mocap4r2_control_msgs/include/mocap4r2_control_msgs/mocap4r2_control_msgs/msg/detail/mocap_info__struct.hpp
[11.567s] -- Up-to-date symlink: /home/rosuser/ros2_ws/install/mocap4r2_control_msgs/include/mocap4r2_control_msgs/mocap4r2_control_msgs/msg/detail/mocap_info__traits.hpp
[11.568s] -- Up-to-date symlink: /home/rosuser/ros2_ws/install/mocap4r2_control_msgs/include/mocap4r2_control_msgs/mocap4r2_control_msgs/msg/detail/mocap_info__type_support.hpp
[11.568s] -- Up-to-date symlink: /home/rosuser/ros2_ws/install/mocap4r2_control_msgs/include/mocap4r2_control_msgs/mocap4r2_control_msgs/msg/mocap_info.hpp
[11.569s] -- Up-to-date symlink: /home/rosuser/ros2_ws/install/mocap4r2_control_msgs/include/mocap4r2_control_msgs/mocap4r2_control_msgs/msg/rosidl_generator_cpp__visibility_control.hpp
[11.569s] -- Up-to-date symlink: /home/rosuser/ros2_ws/install/mocap4r2_control_msgs/include/mocap4r2_control_msgs/mocap4r2_control_msgs/msg/detail/control__rosidl_typesupport_fastrtps_cpp.hpp
[11.569s] -- Up-to-date symlink: /home/rosuser/ros2_ws/install/mocap4r2_control_msgs/include/mocap4r2_control_msgs/mocap4r2_control_msgs/msg/detail/mocap_info__rosidl_typesupport_fastrtps_cpp.hpp
[11.570s] -- Up-to-date symlink: /home/rosuser/ros2_ws/install/mocap4r2_control_msgs/include/mocap4r2_control_msgs/mocap4r2_control_msgs/msg/rosidl_typesupport_fastrtps_cpp__visibility_control.h
[11.570s] -- Up-to-date symlink: /home/rosuser/ros2_ws/install/mocap4r2_control_msgs/include/mocap4r2_control_msgs/mocap4r2_control_msgs/msg/detail/control__rosidl_typesupport_introspection_cpp.hpp
[11.571s] -- Up-to-date symlink: /home/rosuser/ros2_ws/install/mocap4r2_control_msgs/include/mocap4r2_control_msgs/mocap4r2_control_msgs/msg/detail/mocap_info__rosidl_typesupport_introspection_cpp.hpp
[11.571s] -- Up-to-date symlink: /home/rosuser/ros2_ws/install/mocap4r2_control_msgs/share/mocap4r2_control_msgs/environment/pythonpath.sh
[11.571s] -- Up-to-date symlink: /home/rosuser/ros2_ws/install/mocap4r2_control_msgs/share/mocap4r2_control_msgs/environment/pythonpath.dsv
[11.572s] -- Up-to-date symlink: /home/rosuser/ros2_ws/install/mocap4r2_control_msgs/local/lib/python3.10/dist-packages/mocap4r2_control_msgs-0.0.7-py3.10.egg-info/PKG-INFO
[11.572s] -- Up-to-date symlink: /home/rosuser/ros2_ws/install/mocap4r2_control_msgs/local/lib/python3.10/dist-packages/mocap4r2_control_msgs-0.0.7-py3.10.egg-info/SOURCES.txt
[11.573s] -- Up-to-date symlink: /home/rosuser/ros2_ws/install/mocap4r2_control_msgs/local/lib/python3.10/dist-packages/mocap4r2_control_msgs-0.0.7-py3.10.egg-info/dependency_links.txt
[11.574s] -- Up-to-date symlink: /home/rosuser/ros2_ws/install/mocap4r2_control_msgs/local/lib/python3.10/dist-packages/mocap4r2_control_msgs-0.0.7-py3.10.egg-info/top_level.txt
[11.575s] -- Up-to-date symlink: /home/rosuser/ros2_ws/install/mocap4r2_control_msgs/local/lib/python3.10/dist-packages/mocap4r2_control_msgs/__init__.py
[11.575s] -- Up-to-date symlink: /home/rosuser/ros2_ws/install/mocap4r2_control_msgs/local/lib/python3.10/dist-packages/mocap4r2_control_msgs/_mocap4r2_control_msgs_s.ep.rosidl_typesupport_c.c
[11.575s] -- Up-to-date symlink: /home/rosuser/ros2_ws/install/mocap4r2_control_msgs/local/lib/python3.10/dist-packages/mocap4r2_control_msgs/_mocap4r2_control_msgs_s.ep.rosidl_typesupport_fastrtps_c.c
[11.576s] -- Up-to-date symlink: /home/rosuser/ros2_ws/install/mocap4r2_control_msgs/local/lib/python3.10/dist-packages/mocap4r2_control_msgs/_mocap4r2_control_msgs_s.ep.rosidl_typesupport_introspection_c.c
[11.576s] -- Up-to-date symlink: /home/rosuser/ros2_ws/install/mocap4r2_control_msgs/local/lib/python3.10/dist-packages/mocap4r2_control_msgs/libmocap4r2_control_msgs__rosidl_generator_py.so
[11.576s] -- Up-to-date symlink: /home/rosuser/ros2_ws/install/mocap4r2_control_msgs/local/lib/python3.10/dist-packages/mocap4r2_control_msgs/mocap4r2_control_msgs_s__rosidl_typesupport_c.cpython-310-x86_64-linux-gnu.so
[11.577s] -- Up-to-date symlink: /home/rosuser/ros2_ws/install/mocap4r2_control_msgs/local/lib/python3.10/dist-packages/mocap4r2_control_msgs/mocap4r2_control_msgs_s__rosidl_typesupport_fastrtps_c.cpython-310-x86_64-linux-gnu.so
[11.577s] -- Up-to-date symlink: /home/rosuser/ros2_ws/install/mocap4r2_control_msgs/local/lib/python3.10/dist-packages/mocap4r2_control_msgs/mocap4r2_control_msgs_s__rosidl_typesupport_introspection_c.cpython-310-x86_64-linux-gnu.so
[11.577s] -- Up-to-date symlink: /home/rosuser/ros2_ws/install/mocap4r2_control_msgs/local/lib/python3.10/dist-packages/mocap4r2_control_msgs/msg/__init__.py
[11.578s] -- Up-to-date symlink: /home/rosuser/ros2_ws/install/mocap4r2_control_msgs/local/lib/python3.10/dist-packages/mocap4r2_control_msgs/msg/_control.py
[11.579s] -- Up-to-date symlink: /home/rosuser/ros2_ws/install/mocap4r2_control_msgs/local/lib/python3.10/dist-packages/mocap4r2_control_msgs/msg/_control_s.c
[11.579s] -- Up-to-date symlink: /home/rosuser/ros2_ws/install/mocap4r2_control_msgs/local/lib/python3.10/dist-packages/mocap4r2_control_msgs/msg/_mocap_info.py
[11.579s] -- Up-to-date symlink: /home/rosuser/ros2_ws/install/mocap4r2_control_msgs/local/lib/python3.10/dist-packages/mocap4r2_control_msgs/msg/_mocap_info_s.c
[11.580s] -- Up-to-date symlink: /home/rosuser/ros2_ws/install/mocap4r2_control_msgs/local/lib/python3.10/dist-packages/mocap4r2_control_msgs/mocap4r2_control_msgs_s__rosidl_typesupport_fastrtps_c.cpython-310-x86_64-linux-gnu.so
[11.580s] -- Up-to-date symlink: /home/rosuser/ros2_ws/install/mocap4r2_control_msgs/local/lib/python3.10/dist-packages/mocap4r2_control_msgs/mocap4r2_control_msgs_s__rosidl_typesupport_introspection_c.cpython-310-x86_64-linux-gnu.so
[11.580s] -- Up-to-date symlink: /home/rosuser/ros2_ws/install/mocap4r2_control_msgs/local/lib/python3.10/dist-packages/mocap4r2_control_msgs/mocap4r2_control_msgs_s__rosidl_typesupport_c.cpython-310-x86_64-linux-gnu.so
[11.581s] -- Up-to-date symlink: /home/rosuser/ros2_ws/install/mocap4r2_control_msgs/share/mocap4r2_control_msgs/msg/Control.idl
[11.581s] -- Up-to-date symlink: /home/rosuser/ros2_ws/install/mocap4r2_control_msgs/share/mocap4r2_control_msgs/msg/MocapInfo.idl
[11.582s] -- Up-to-date symlink: /home/rosuser/ros2_ws/install/mocap4r2_control_msgs/share/mocap4r2_control_msgs/msg/Control.msg
[11.582s] -- Up-to-date symlink: /home/rosuser/ros2_ws/install/mocap4r2_control_msgs/share/mocap4r2_control_msgs/msg/MocapInfo.msg
[11.582s] -- Up-to-date symlink: /home/rosuser/ros2_ws/install/mocap4r2_control_msgs/share/mocap4r2_control_msgs/mocap4r2_control_bridge_mapping_rule.yaml
[11.583s] -- Up-to-date symlink: /home/rosuser/ros2_ws/install/mocap4r2_control_msgs/share/ament_index/resource_index/package_run_dependencies/mocap4r2_control_msgs
[11.583s] -- Up-to-date symlink: /home/rosuser/ros2_ws/install/mocap4r2_control_msgs/share/ament_index/resource_index/parent_prefix_path/mocap4r2_control_msgs
[11.584s] -- Up-to-date symlink: /home/rosuser/ros2_ws/install/mocap4r2_control_msgs/share/mocap4r2_control_msgs/environment/ament_prefix_path.sh
[11.584s] -- Up-to-date symlink: /home/rosuser/ros2_ws/install/mocap4r2_control_msgs/share/mocap4r2_control_msgs/environment/ament_prefix_path.dsv
[11.584s] -- Up-to-date symlink: /home/rosuser/ros2_ws/install/mocap4r2_control_msgs/share/mocap4r2_control_msgs/environment/path.sh
[11.584s] -- Up-to-date symlink: /home/rosuser/ros2_ws/install/mocap4r2_control_msgs/share/mocap4r2_control_msgs/environment/path.dsv
[11.585s] -- Up-to-date symlink: /home/rosuser/ros2_ws/install/mocap4r2_control_msgs/share/mocap4r2_control_msgs/local_setup.bash
[11.585s] -- Up-to-date symlink: /home/rosuser/ros2_ws/install/mocap4r2_control_msgs/share/mocap4r2_control_msgs/local_setup.sh
[11.585s] -- Up-to-date symlink: /home/rosuser/ros2_ws/install/mocap4r2_control_msgs/share/mocap4r2_control_msgs/local_setup.zsh
[11.586s] -- Up-to-date symlink: /home/rosuser/ros2_ws/install/mocap4r2_control_msgs/share/mocap4r2_control_msgs/local_setup.dsv
[11.586s] -- Symlinking: /home/rosuser/ros2_ws/install/mocap4r2_control_msgs/share/mocap4r2_control_msgs/package.dsv
[11.602s] -- Up-to-date symlink: /home/rosuser/ros2_ws/install/mocap4r2_control_msgs/share/ament_index/resource_index/packages/mocap4r2_control_msgs
[11.602s] -- Up-to-date symlink: /home/rosuser/ros2_ws/install/mocap4r2_control_msgs/share/mocap4r2_control_msgs/cmake/rosidl_cmake-extras.cmake
[11.602s] -- Up-to-date symlink: /home/rosuser/ros2_ws/install/mocap4r2_control_msgs/share/mocap4r2_control_msgs/cmake/ament_cmake_export_dependencies-extras.cmake
[11.603s] -- Up-to-date symlink: /home/rosuser/ros2_ws/install/mocap4r2_control_msgs/share/mocap4r2_control_msgs/cmake/ament_cmake_export_include_directories-extras.cmake
[11.603s] -- Up-to-date symlink: /home/rosuser/ros2_ws/install/mocap4r2_control_msgs/share/mocap4r2_control_msgs/cmake/ament_cmake_export_libraries-extras.cmake
[11.604s] -- Up-to-date symlink: /home/rosuser/ros2_ws/install/mocap4r2_control_msgs/share/mocap4r2_control_msgs/cmake/ament_cmake_export_targets-extras.cmake
[11.604s] -- Up-to-date symlink: /home/rosuser/ros2_ws/install/mocap4r2_control_msgs/share/mocap4r2_control_msgs/cmake/rosidl_cmake_export_typesupport_targets-extras.cmake
[11.604s] -- Up-to-date symlink: /home/rosuser/ros2_ws/install/mocap4r2_control_msgs/share/mocap4r2_control_msgs/cmake/rosidl_cmake_export_typesupport_libraries-extras.cmake
[11.605s] -- Up-to-date symlink: /home/rosuser/ros2_ws/install/mocap4r2_control_msgs/share/mocap4r2_control_msgs/cmake/mocap4r2_control_msgsConfig.cmake
[11.605s] -- Up-to-date symlink: /home/rosuser/ros2_ws/install/mocap4r2_control_msgs/share/mocap4r2_control_msgs/cmake/mocap4r2_control_msgsConfig-version.cmake
[11.605s] -- Up-to-date symlink: /home/rosuser/ros2_ws/install/mocap4r2_control_msgs/share/mocap4r2_control_msgs/package.xml
[11.760s] -- Up-to-date: /home/rosuser/ros2_ws/install/mocap4r2_control_msgs/lib/libmocap4r2_control_msgs__rosidl_generator_c.so
[12.035s] -- Up-to-date: /home/rosuser/ros2_ws/install/mocap4r2_control_msgs/lib/libmocap4r2_control_msgs__rosidl_typesupport_fastrtps_c.so
[12.177s] -- Up-to-date: /home/rosuser/ros2_ws/install/mocap4r2_control_msgs/lib/libmocap4r2_control_msgs__rosidl_typesupport_introspection_c.so
[12.212s] -- Up-to-date: /home/rosuser/ros2_ws/install/mocap4r2_control_msgs/lib/libmocap4r2_control_msgs__rosidl_typesupport_c.so
[12.212s] -- Up-to-date: /home/rosuser/ros2_ws/install/mocap4r2_control_msgs/lib/libmocap4r2_control_msgs__rosidl_typesupport_fastrtps_cpp.so
[12.213s] -- Up-to-date: /home/rosuser/ros2_ws/install/mocap4r2_control_msgs/lib/libmocap4r2_control_msgs__rosidl_typesupport_introspection_cpp.so
[12.214s] -- Up-to-date: /home/rosuser/ros2_ws/install/mocap4r2_control_msgs/lib/libmocap4r2_control_msgs__rosidl_typesupport_cpp.so
[12.596s] Listing '/home/rosuser/ros2_ws/install/mocap4r2_control_msgs/local/lib/python3.10/dist-packages/mocap4r2_control_msgs'...
[12.596s] Compiling '/home/rosuser/ros2_ws/install/mocap4r2_control_msgs/local/lib/python3.10/dist-packages/mocap4r2_control_msgs/__init__.py'...
[12.596s] Listing '/home/rosuser/ros2_ws/install/mocap4r2_control_msgs/local/lib/python3.10/dist-packages/mocap4r2_control_msgs/msg'...
[12.678s] -- Up-to-date: /home/rosuser/ros2_ws/install/mocap4r2_control_msgs/lib/libmocap4r2_control_msgs__rosidl_generator_py.so
[12.736s] -- Up-to-date: /home/rosuser/ros2_ws/install/mocap4r2_control_msgs/share/mocap4r2_control_msgs/cmake/export_mocap4r2_control_msgs__rosidl_generator_cExport.cmake
[12.737s] -- Up-to-date: /home/rosuser/ros2_ws/install/mocap4r2_control_msgs/share/mocap4r2_control_msgs/cmake/export_mocap4r2_control_msgs__rosidl_generator_cExport-noconfig.cmake
[12.904s] -- Up-to-date: /home/rosuser/ros2_ws/install/mocap4r2_control_msgs/share/mocap4r2_control_msgs/cmake/export_mocap4r2_control_msgs__rosidl_typesupport_fastrtps_cExport.cmake
[12.904s] -- Up-to-date: /home/rosuser/ros2_ws/install/mocap4r2_control_msgs/share/mocap4r2_control_msgs/cmake/export_mocap4r2_control_msgs__rosidl_typesupport_fastrtps_cExport-noconfig.cmake
[12.945s] -- Up-to-date: /home/rosuser/ros2_ws/install/mocap4r2_control_msgs/share/mocap4r2_control_msgs/cmake/mocap4r2_control_msgs__rosidl_typesupport_introspection_cExport.cmake
[12.945s] -- Up-to-date: /home/rosuser/ros2_ws/install/mocap4r2_control_msgs/share/mocap4r2_control_msgs/cmake/mocap4r2_control_msgs__rosidl_typesupport_introspection_cExport-noconfig.cmake
[12.970s] -- Up-to-date: /home/rosuser/ros2_ws/install/mocap4r2_control_msgs/share/mocap4r2_control_msgs/cmake/mocap4r2_control_msgs__rosidl_typesupport_cExport.cmake
[12.970s] -- Up-to-date: /home/rosuser/ros2_ws/install/mocap4r2_control_msgs/share/mocap4r2_control_msgs/cmake/mocap4r2_control_msgs__rosidl_typesupport_cExport-noconfig.cmake
[12.995s] -- Up-to-date: /home/rosuser/ros2_ws/install/mocap4r2_control_msgs/share/mocap4r2_control_msgs/cmake/export_mocap4r2_control_msgs__rosidl_generator_cppExport.cmake
[12.996s] -- Up-to-date: /home/rosuser/ros2_ws/install/mocap4r2_control_msgs/share/mocap4r2_control_msgs/cmake/export_mocap4r2_control_msgs__rosidl_typesupport_fastrtps_cppExport.cmake
[12.996s] -- Up-to-date: /home/rosuser/ros2_ws/install/mocap4r2_control_msgs/share/mocap4r2_control_msgs/cmake/export_mocap4r2_control_msgs__rosidl_typesupport_fastrtps_cppExport-noconfig.cmake
[12.996s] -- Up-to-date: /home/rosuser/ros2_ws/install/mocap4r2_control_msgs/share/mocap4r2_control_msgs/cmake/mocap4r2_control_msgs__rosidl_typesupport_introspection_cppExport.cmake
[12.996s] -- Up-to-date: /home/rosuser/ros2_ws/install/mocap4r2_control_msgs/share/mocap4r2_control_msgs/cmake/mocap4r2_control_msgs__rosidl_typesupport_introspection_cppExport-noconfig.cmake
[12.997s] -- Up-to-date: /home/rosuser/ros2_ws/install/mocap4r2_control_msgs/share/mocap4r2_control_msgs/cmake/mocap4r2_control_msgs__rosidl_typesupport_cppExport.cmake
[12.997s] -- Up-to-date: /home/rosuser/ros2_ws/install/mocap4r2_control_msgs/share/mocap4r2_control_msgs/cmake/mocap4r2_control_msgs__rosidl_typesupport_cppExport-noconfig.cmake
[12.998s] -- Up-to-date: /home/rosuser/ros2_ws/install/mocap4r2_control_msgs/share/mocap4r2_control_msgs/cmake/export_mocap4r2_control_msgs__rosidl_generator_pyExport.cmake
[12.998s] -- Up-to-date: /home/rosuser/ros2_ws/install/mocap4r2_control_msgs/share/mocap4r2_control_msgs/cmake/export_mocap4r2_control_msgs__rosidl_generator_pyExport-noconfig.cmake
[13.002s] Invoked command in '/home/rosuser/ros2_ws/build/mocap4r2_control_msgs' returned '0': CMAKE_PREFIX_PATH=${CMAKE_PREFIX_PATH}:/home/rosuser/ros2_ws/install/my_launch_pkg:/home/rosuser/ros2_ws/install/mocap4r2cli:/home/rosuser/ros2_ws/install/marker_pose_follow:/home/rosuser/ros2_ws/install/marker_pose_bridge:/home/rosuser/ros2_ws/install/lbr_demos_py:/home/rosuser/ros2_ws/install/lbr_moveit:/home/rosuser/ros2_ws/install/lbr_demos_advanced_py:/home/rosuser/test_ws/install/my_launch_pkg:/home/rosuser/test_ws/install/mocap4r2cli:/home/rosuser/test_ws/install/marker_pose_follow:/home/rosuser/test_ws/install/marker_pose_bridge:/home/rosuser/test_ws/install/lbr_demos_py:/home/rosuser/test_ws/install/lbr_moveit:/home/rosuser/test_ws/install/lbr_demos_advanced_py:/home/rosuser/mocap4r2_ws/install/mocap4r2cli:/opt/ros/humble /usr/bin/cmake --install /home/rosuser/ros2_ws/build/mocap4r2_control_msgs
