-- Found ament_cmake: 1.3.11 (/opt/ros/humble/share/ament_cmake/cmake)
-- Override CMake install command with custom implementation using symlinks instead of copying resources
-- Found rclcpp: 16.0.12 (/opt/ros/humble/share/rclcpp/cmake)
-- Found rosidl_generator_c: 3.1.6 (/opt/ros/humble/share/rosidl_generator_c/cmake)
-- Found rosidl_adapter: 3.1.6 (/opt/ros/humble/share/rosidl_adapter/cmake)
-- Found rosidl_generator_cpp: 3.1.6 (/opt/ros/humble/share/rosidl_generator_cpp/cmake)
-- Using all available rosidl_typesupport_c: rosidl_typesupport_fastrtps_c;rosidl_typesupport_introspection_c
-- Using all available rosidl_typesupport_cpp: rosidl_typesupport_fastrtps_cpp;rosidl_typesupport_introspection_cpp
-- Found rmw_implementation_cmake: 6.1.2 (/opt/ros/humble/share/rmw_implementation_cmake/cmake)
-- Found rmw_fastrtps_cpp: 6.2.7 (/opt/ros/humble/share/rmw_fastrtps_cpp/cmake)
-- Using RMW implementation 'rmw_fastrtps_cpp' as default
-- Found rclcpp_lifecycle: 16.0.12 (/opt/ros/humble/share/rclcpp_lifecycle/cmake)
-- Found mocap4r2_control_msgs: 0.0.7 (/home/rosuser/ros2_ws/install/mocap4r2_control_msgs/share/mocap4r2_control_msgs/cmake)
-- Found ament_lint_auto: 0.12.12 (/opt/ros/humble/share/ament_lint_auto/cmake)
-- Found gtest sources under '/opt/ros/humble/src/gtest_vendor': C++ tests using 'Google Test' will be built
-- Added test 'copyright' to check source files copyright and LICENSE
-- Added test 'cppcheck' to perform static code analysis on C / C++ code
-- Configured cppcheck include dirs: /home/rosuser/ros2_ws/src/mocap4r2/mocap4r2_control/mocap4r2_control/include
-- Configured cppcheck exclude dirs and/or files: 
-- Added test 'cpplint' to check C / C++ code against the Google style
-- Configured cpplint exclude dirs and/or files: 
-- Added test 'flake8' to check Python code syntax and style conventions
-- Added test 'lint_cmake' to check CMake code style
-- Added test 'pep257' to check Python code against some of the docstring style conventions in PEP 257
-- Added test 'uncrustify' to check C / C++ code style
-- Configured uncrustify additional arguments: 
-- Added test 'xmllint' to check XML markup files
-- Configuring done
-- Generating done
-- Build files have been written to: /home/rosuser/ros2_ws/build/mocap4r2_control
[35m[1mConsolidate compiler generated dependencies of target gtest[0m
[35m[1mConsolidate compiler generated dependencies of target gtest_main[0m
[ 14%] Built target gtest
[ 28%] Built target gtest_main
[35m[1mConsolidate compiler generated dependencies of target mocap4r2_control[0m
[ 57%] Built target mocap4r2_control
[35m[1mConsolidate compiler generated dependencies of target auxiliar_main[0m
[35m[1mConsolidate compiler generated dependencies of target test_auxiliar[0m
[35m[1mConsolidate compiler generated dependencies of target test_control[0m
[ 85%] Built target test_auxiliar
[ 85%] Built target test_control
[100%] Built target auxiliar_main
-- Install configuration: ""
-- Execute custom install script
-- Up-to-date symlink: /home/rosuser/ros2_ws/install/mocap4r2_control/include//mocap4r2_control/AuxiliarNode.hpp
-- Up-to-date symlink: /home/rosuser/ros2_ws/install/mocap4r2_control/include//mocap4r2_control/ControlledLifecycleNode.hpp
-- Up-to-date symlink: /home/rosuser/ros2_ws/install/mocap4r2_control/include//mocap4r2_control/ControllerNode.hpp
-- Up-to-date symlink: /home/rosuser/ros2_ws/install/mocap4r2_control/share/mocap4r2_control/config/config_example.yaml
-- Up-to-date symlink: /home/rosuser/ros2_ws/install/mocap4r2_control/share/mocap4r2_control/launch/auxiliar.launch.py
-- Up-to-date symlink: /home/rosuser/ros2_ws/install/mocap4r2_control/lib/libmocap4r2_control.so
-- Up-to-date symlink: /home/rosuser/ros2_ws/install/mocap4r2_control/lib/mocap4r2_control/auxiliar_main
-- Up-to-date symlink: /home/rosuser/ros2_ws/install/mocap4r2_control/share/mocap4r2_control/environment/library_path.sh
-- Up-to-date symlink: /home/rosuser/ros2_ws/install/mocap4r2_control/share/mocap4r2_control/environment/library_path.dsv
-- Up-to-date symlink: /home/rosuser/ros2_ws/install/mocap4r2_control/share/ament_index/resource_index/package_run_dependencies/mocap4r2_control
-- Up-to-date symlink: /home/rosuser/ros2_ws/install/mocap4r2_control/share/ament_index/resource_index/parent_prefix_path/mocap4r2_control
-- Up-to-date symlink: /home/rosuser/ros2_ws/install/mocap4r2_control/share/mocap4r2_control/environment/ament_prefix_path.sh
-- Up-to-date symlink: /home/rosuser/ros2_ws/install/mocap4r2_control/share/mocap4r2_control/environment/ament_prefix_path.dsv
-- Up-to-date symlink: /home/rosuser/ros2_ws/install/mocap4r2_control/share/mocap4r2_control/environment/path.sh
-- Up-to-date symlink: /home/rosuser/ros2_ws/install/mocap4r2_control/share/mocap4r2_control/environment/path.dsv
-- Up-to-date symlink: /home/rosuser/ros2_ws/install/mocap4r2_control/share/mocap4r2_control/local_setup.bash
-- Up-to-date symlink: /home/rosuser/ros2_ws/install/mocap4r2_control/share/mocap4r2_control/local_setup.sh
-- Up-to-date symlink: /home/rosuser/ros2_ws/install/mocap4r2_control/share/mocap4r2_control/local_setup.zsh
-- Up-to-date symlink: /home/rosuser/ros2_ws/install/mocap4r2_control/share/mocap4r2_control/local_setup.dsv
-- Symlinking: /home/rosuser/ros2_ws/install/mocap4r2_control/share/mocap4r2_control/package.dsv
-- Up-to-date symlink: /home/rosuser/ros2_ws/install/mocap4r2_control/share/ament_index/resource_index/packages/mocap4r2_control
-- Up-to-date symlink: /home/rosuser/ros2_ws/install/mocap4r2_control/share/mocap4r2_control/cmake/ament_cmake_export_include_directories-extras.cmake
-- Up-to-date symlink: /home/rosuser/ros2_ws/install/mocap4r2_control/share/mocap4r2_control/cmake/ament_cmake_export_libraries-extras.cmake
-- Up-to-date symlink: /home/rosuser/ros2_ws/install/mocap4r2_control/share/mocap4r2_control/cmake/ament_cmake_export_dependencies-extras.cmake
-- Up-to-date symlink: /home/rosuser/ros2_ws/install/mocap4r2_control/share/mocap4r2_control/cmake/mocap4r2_controlConfig.cmake
-- Up-to-date symlink: /home/rosuser/ros2_ws/install/mocap4r2_control/share/mocap4r2_control/cmake/mocap4r2_controlConfig-version.cmake
-- Up-to-date symlink: /home/rosuser/ros2_ws/install/mocap4r2_control/share/mocap4r2_control/package.xml
