[0.127s] Invoking command in '/home/rosuser/ros2_ws/build/iiwa_moveit2': CMAKE_PREFIX_PATH=${CMAKE_PREFIX_PATH}:/home/rosuser/ros2_ws/install/lbr_demos_py:/home/rosuser/ros2_ws/install/lbr_moveit:/home/rosuser/ros2_ws/install/lbr_demos_advanced_py:/opt/ros/humble /usr/bin/cmake --build /home/rosuser/ros2_ws/build/iiwa_moveit2 -- -j4 -l4
[1.902s] [35m[1mConsolidate compiler generated dependencies of target servo_controller_input[0m
[3.139s] [ 33%] Built target servo_controller_input
[3.258s] [35m[1mConsolidate compiler generated dependencies of target servo_node[0m
[8.005s] [ 66%] Built target servo_node
[8.186s] [35m[1mConsolidate compiler generated dependencies of target pose_tracking_servo_node[0m
[8.525s] [100%] Built target pose_tracking_servo_node
[8.541s] Invoked command in '/home/rosuser/ros2_ws/build/iiwa_moveit2' returned '0': CMAKE_PREFIX_PATH=${CMAKE_PREFIX_PATH}:/home/rosuser/ros2_ws/install/lbr_demos_py:/home/rosuser/ros2_ws/install/lbr_moveit:/home/rosuser/ros2_ws/install/lbr_demos_advanced_py:/opt/ros/humble /usr/bin/cmake --build /home/rosuser/ros2_ws/build/iiwa_moveit2 -- -j4 -l4
[8.627s] Invoking command in '/home/rosuser/ros2_ws/build/iiwa_moveit2': CMAKE_PREFIX_PATH=${CMAKE_PREFIX_PATH}:/home/rosuser/ros2_ws/install/lbr_demos_py:/home/rosuser/ros2_ws/install/lbr_moveit:/home/rosuser/ros2_ws/install/lbr_demos_advanced_py:/opt/ros/humble /usr/bin/cmake --install /home/rosuser/ros2_ws/build/iiwa_moveit2
[8.689s] -- Install configuration: "Release"
[8.701s] -- Execute custom install script
[8.752s] -- Up-to-date symlink: /home/rosuser/ros2_ws/install/iiwa_moveit2/lib/iiwa_moveit2/pose_tracking_servo_node
[8.752s] -- Up-to-date symlink: /home/rosuser/ros2_ws/install/iiwa_moveit2/lib/iiwa_moveit2/servo_node
[8.753s] -- Up-to-date symlink: /home/rosuser/ros2_ws/install/iiwa_moveit2/share/iiwa_moveit2/environment/library_path.sh
[8.754s] -- Up-to-date symlink: /home/rosuser/ros2_ws/install/iiwa_moveit2/share/iiwa_moveit2/environment/library_path.dsv
[8.754s] -- Up-to-date symlink: /home/rosuser/ros2_ws/install/iiwa_moveit2/share/ament_index/resource_index/package_run_dependencies/iiwa_moveit2
[8.756s] -- Up-to-date symlink: /home/rosuser/ros2_ws/install/iiwa_moveit2/share/ament_index/resource_index/parent_prefix_path/iiwa_moveit2
[8.756s] -- Up-to-date symlink: /home/rosuser/ros2_ws/install/iiwa_moveit2/share/iiwa_moveit2/environment/ament_prefix_path.sh
[8.757s] -- Up-to-date symlink: /home/rosuser/ros2_ws/install/iiwa_moveit2/share/iiwa_moveit2/environment/ament_prefix_path.dsv
[8.758s] -- Up-to-date symlink: /home/rosuser/ros2_ws/install/iiwa_moveit2/share/iiwa_moveit2/environment/path.sh
[8.759s] -- Up-to-date symlink: /home/rosuser/ros2_ws/install/iiwa_moveit2/share/iiwa_moveit2/environment/path.dsv
[8.759s] -- Up-to-date symlink: /home/rosuser/ros2_ws/install/iiwa_moveit2/share/iiwa_moveit2/local_setup.bash
[8.760s] -- Up-to-date symlink: /home/rosuser/ros2_ws/install/iiwa_moveit2/share/iiwa_moveit2/local_setup.sh
[8.773s] -- Up-to-date symlink: /home/rosuser/ros2_ws/install/iiwa_moveit2/share/iiwa_moveit2/local_setup.zsh
[8.774s] -- Up-to-date symlink: /home/rosuser/ros2_ws/install/iiwa_moveit2/share/iiwa_moveit2/local_setup.dsv
[8.774s] -- Symlinking: /home/rosuser/ros2_ws/install/iiwa_moveit2/share/iiwa_moveit2/package.dsv
[9.130s] -- Up-to-date symlink: /home/rosuser/ros2_ws/install/iiwa_moveit2/share/ament_index/resource_index/packages/iiwa_moveit2
[9.140s] -- Up-to-date symlink: /home/rosuser/ros2_ws/install/iiwa_moveit2/share/ament_index/resource_index/rclcpp_components/iiwa_moveit2
[9.248s] -- Up-to-date symlink: /home/rosuser/ros2_ws/install/iiwa_moveit2/share/iiwa_moveit2/cmake/ament_cmake_export_targets-extras.cmake
[9.249s] -- Up-to-date symlink: /home/rosuser/ros2_ws/install/iiwa_moveit2/share/iiwa_moveit2/cmake/ament_cmake_export_dependencies-extras.cmake
[9.249s] -- Up-to-date symlink: /home/rosuser/ros2_ws/install/iiwa_moveit2/share/iiwa_moveit2/cmake/iiwa_moveit2Config.cmake
[9.250s] -- Up-to-date symlink: /home/rosuser/ros2_ws/install/iiwa_moveit2/share/iiwa_moveit2/cmake/iiwa_moveit2Config-version.cmake
[9.251s] -- Up-to-date symlink: /home/rosuser/ros2_ws/install/iiwa_moveit2/share/iiwa_moveit2/package.xml
[9.273s] -- Up-to-date: /home/rosuser/ros2_ws/install/iiwa_moveit2/lib/libservo_controller_input.so
[9.372s] -- Up-to-date: /home/rosuser/ros2_ws/install/iiwa_moveit2/share/iiwa_moveit2/cmake/export_iiwa_moveit2Export.cmake
[9.373s] -- Up-to-date: /home/rosuser/ros2_ws/install/iiwa_moveit2/share/iiwa_moveit2/cmake/export_iiwa_moveit2Export-release.cmake
[9.376s] Invoked command in '/home/rosuser/ros2_ws/build/iiwa_moveit2' returned '0': CMAKE_PREFIX_PATH=${CMAKE_PREFIX_PATH}:/home/rosuser/ros2_ws/install/lbr_demos_py:/home/rosuser/ros2_ws/install/lbr_moveit:/home/rosuser/ros2_ws/install/lbr_demos_advanced_py:/opt/ros/humble /usr/bin/cmake --install /home/rosuser/ros2_ws/build/iiwa_moveit2
