[ 25%] Built target pose_planning_component
[ 50%] Built target pose_planning
[100%] Built target pose_control
[100%] Built target pose_control_component
-- Install configuration: "Release"
-- Execute custom install script
-- Up-to-date symlink: /home/rosuser/ros2_ws/install/lbr_demos_advanced_cpp/lib/lbr_demos_advanced_cpp/pose_planning
-- Up-to-date symlink: /home/rosuser/ros2_ws/install/lbr_demos_advanced_cpp/lib/lbr_demos_advanced_cpp/pose_control
-- Up-to-date symlink: /home/rosuser/ros2_ws/install/lbr_demos_advanced_cpp/lib/libpose_planning_component.so
-- Up-to-date symlink: /home/rosuser/ros2_ws/install/lbr_demos_advanced_cpp/lib/libpose_control_component.so
-- Up-to-date symlink: /home/rosuser/ros2_ws/install/lbr_demos_advanced_cpp/share/lbr_demos_advanced_cpp/config/lbr_system_config.yaml
-- Up-to-date symlink: /home/rosuser/ros2_ws/install/lbr_demos_advanced_cpp/share/ament_index/resource_index/package_run_dependencies/lbr_demos_advanced_cpp
-- Up-to-date symlink: /home/rosuser/ros2_ws/install/lbr_demos_advanced_cpp/share/ament_index/resource_index/parent_prefix_path/lbr_demos_advanced_cpp
-- Up-to-date symlink: /home/rosuser/ros2_ws/install/lbr_demos_advanced_cpp/share/lbr_demos_advanced_cpp/environment/ament_prefix_path.sh
-- Up-to-date symlink: /home/rosuser/ros2_ws/install/lbr_demos_advanced_cpp/share/lbr_demos_advanced_cpp/environment/ament_prefix_path.dsv
-- Up-to-date symlink: /home/rosuser/ros2_ws/install/lbr_demos_advanced_cpp/share/lbr_demos_advanced_cpp/environment/path.sh
-- Up-to-date symlink: /home/rosuser/ros2_ws/install/lbr_demos_advanced_cpp/share/lbr_demos_advanced_cpp/environment/path.dsv
-- Up-to-date symlink: /home/rosuser/ros2_ws/install/lbr_demos_advanced_cpp/share/lbr_demos_advanced_cpp/local_setup.bash
-- Up-to-date symlink: /home/rosuser/ros2_ws/install/lbr_demos_advanced_cpp/share/lbr_demos_advanced_cpp/local_setup.sh
-- Up-to-date symlink: /home/rosuser/ros2_ws/install/lbr_demos_advanced_cpp/share/lbr_demos_advanced_cpp/local_setup.zsh
-- Up-to-date symlink: /home/rosuser/ros2_ws/install/lbr_demos_advanced_cpp/share/lbr_demos_advanced_cpp/local_setup.dsv
-- Symlinking: /home/rosuser/ros2_ws/install/lbr_demos_advanced_cpp/share/lbr_demos_advanced_cpp/package.dsv
-- Up-to-date symlink: /home/rosuser/ros2_ws/install/lbr_demos_advanced_cpp/share/ament_index/resource_index/packages/lbr_demos_advanced_cpp
-- Up-to-date symlink: /home/rosuser/ros2_ws/install/lbr_demos_advanced_cpp/share/ament_index/resource_index/rclcpp_components/lbr_demos_advanced_cpp
-- Up-to-date symlink: /home/rosuser/ros2_ws/install/lbr_demos_advanced_cpp/share/lbr_demos_advanced_cpp/cmake/lbr_demos_advanced_cppConfig.cmake
-- Up-to-date symlink: /home/rosuser/ros2_ws/install/lbr_demos_advanced_cpp/share/lbr_demos_advanced_cpp/cmake/lbr_demos_advanced_cppConfig-version.cmake
-- Up-to-date symlink: /home/rosuser/ros2_ws/install/lbr_demos_advanced_cpp/share/lbr_demos_advanced_cpp/package.xml
