[0.420s] Invoking command in '/home/rosuser/ros2_ws/build/lbr_bringup': CMAKE_PREFIX_PATH=/home/rosuser/ros2_ws/install/lbr_ros2_control:/home/rosuser/ros2_ws/install/lbr_fri_ros2:/home/rosuser/ros2_ws/install/lbr_fri_idl:/home/rosuser/ros2_ws/install/lbr_description:/home/rosuser/ros2_ws/install/fri_client_sdk:/home/rosuser/ros2_ws/install/med7_moveit_config:/home/rosuser/ros2_ws/install/med14_moveit_config:/home/rosuser/ros2_ws/install/lbr_fri_ros2_stack:/home/rosuser/ros2_ws/install/lbr_demos_cpp:/home/rosuser/ros2_ws/install/lbr_bringup:/home/rosuser/ros2_ws/install/lbr_moveit_cpp:/home/rosuser/ros2_ws/install/lbr_demos_advanced_cpp:/home/rosuser/ros2_ws/install/iiwa7_moveit_config:/home/rosuser/ros2_ws/install/iiwa14_moveit_config:/home/rosuser/ros2_ws/install/impedance_controller:/home/rosuser/ros2_ws/install/iiwa_moveit2:/home/rosuser/ros2_ws/install/iiwa_hardware:/home/rosuser/ros2_ws/install/iiwa_bringup:/home/rosuser/ros2_ws/install/iiwa_description:/home/rosuser/ros2_ws/install/external_torque_sensor_broadcaster:/home/rosuser/ros2_ws/install/lbr_demos_py:/home/rosuser/ros2_ws/install/lbr_moveit:/home/rosuser/ros2_ws/install/lbr_demos_advanced_py:/opt/ros/humble LD_LIBRARY_PATH=/home/rosuser/ros2_ws/install/lbr_fri_ros2/lib:/home/rosuser/ros2_ws/install/lbr_fri_idl/lib:/home/rosuser/ros2_ws/install/fri_client_sdk/lib:/home/rosuser/ros2_ws/install/lbr_ros2_control/lib:/home/rosuser/ros2_ws/install/lbr_demos_advanced_cpp/lib:/home/rosuser/ros2_ws/install/impedance_controller/lib:/home/rosuser/ros2_ws/install/iiwa_moveit2/lib:/home/rosuser/ros2_ws/install/iiwa_hardware/lib:/home/rosuser/ros2_ws/install/external_torque_sensor_broadcaster/lib:/opt/ros/humble/opt/rviz_ogre_vendor/lib:/opt/ros/humble/lib/x86_64-linux-gnu:/opt/ros/humble/lib /usr/bin/cmake --build /home/rosuser/ros2_ws/build/lbr_bringup -- -j4 -l4
[0.502s] Built target ament_cmake_python_symlink_lbr_bringup
[0.887s] running egg_info
[0.888s] writing lbr_bringup.egg-info/PKG-INFO
[0.888s] writing dependency_links to lbr_bringup.egg-info/dependency_links.txt
[0.888s] writing top-level names to lbr_bringup.egg-info/top_level.txt
[0.891s] reading manifest file 'lbr_bringup.egg-info/SOURCES.txt'
[0.892s] writing manifest file 'lbr_bringup.egg-info/SOURCES.txt'
[0.933s] Built target ament_cmake_python_build_lbr_bringup_egg
[0.952s] Invoked command in '/home/rosuser/ros2_ws/build/lbr_bringup' returned '0': CMAKE_PREFIX_PATH=/home/rosuser/ros2_ws/install/lbr_ros2_control:/home/rosuser/ros2_ws/install/lbr_fri_ros2:/home/rosuser/ros2_ws/install/lbr_fri_idl:/home/rosuser/ros2_ws/install/lbr_description:/home/rosuser/ros2_ws/install/fri_client_sdk:/home/rosuser/ros2_ws/install/med7_moveit_config:/home/rosuser/ros2_ws/install/med14_moveit_config:/home/rosuser/ros2_ws/install/lbr_fri_ros2_stack:/home/rosuser/ros2_ws/install/lbr_demos_cpp:/home/rosuser/ros2_ws/install/lbr_bringup:/home/rosuser/ros2_ws/install/lbr_moveit_cpp:/home/rosuser/ros2_ws/install/lbr_demos_advanced_cpp:/home/rosuser/ros2_ws/install/iiwa7_moveit_config:/home/rosuser/ros2_ws/install/iiwa14_moveit_config:/home/rosuser/ros2_ws/install/impedance_controller:/home/rosuser/ros2_ws/install/iiwa_moveit2:/home/rosuser/ros2_ws/install/iiwa_hardware:/home/rosuser/ros2_ws/install/iiwa_bringup:/home/rosuser/ros2_ws/install/iiwa_description:/home/rosuser/ros2_ws/install/external_torque_sensor_broadcaster:/home/rosuser/ros2_ws/install/lbr_demos_py:/home/rosuser/ros2_ws/install/lbr_moveit:/home/rosuser/ros2_ws/install/lbr_demos_advanced_py:/opt/ros/humble LD_LIBRARY_PATH=/home/rosuser/ros2_ws/install/lbr_fri_ros2/lib:/home/rosuser/ros2_ws/install/lbr_fri_idl/lib:/home/rosuser/ros2_ws/install/fri_client_sdk/lib:/home/rosuser/ros2_ws/install/lbr_ros2_control/lib:/home/rosuser/ros2_ws/install/lbr_demos_advanced_cpp/lib:/home/rosuser/ros2_ws/install/impedance_controller/lib:/home/rosuser/ros2_ws/install/iiwa_moveit2/lib:/home/rosuser/ros2_ws/install/iiwa_hardware/lib:/home/rosuser/ros2_ws/install/external_torque_sensor_broadcaster/lib:/opt/ros/humble/opt/rviz_ogre_vendor/lib:/opt/ros/humble/lib/x86_64-linux-gnu:/opt/ros/humble/lib /usr/bin/cmake --build /home/rosuser/ros2_ws/build/lbr_bringup -- -j4 -l4
[0.957s] Invoking command in '/home/rosuser/ros2_ws/build/lbr_bringup': CMAKE_PREFIX_PATH=/home/rosuser/ros2_ws/install/lbr_ros2_control:/home/rosuser/ros2_ws/install/lbr_fri_ros2:/home/rosuser/ros2_ws/install/lbr_fri_idl:/home/rosuser/ros2_ws/install/lbr_description:/home/rosuser/ros2_ws/install/fri_client_sdk:/home/rosuser/ros2_ws/install/med7_moveit_config:/home/rosuser/ros2_ws/install/med14_moveit_config:/home/rosuser/ros2_ws/install/lbr_fri_ros2_stack:/home/rosuser/ros2_ws/install/lbr_demos_cpp:/home/rosuser/ros2_ws/install/lbr_bringup:/home/rosuser/ros2_ws/install/lbr_moveit_cpp:/home/rosuser/ros2_ws/install/lbr_demos_advanced_cpp:/home/rosuser/ros2_ws/install/iiwa7_moveit_config:/home/rosuser/ros2_ws/install/iiwa14_moveit_config:/home/rosuser/ros2_ws/install/impedance_controller:/home/rosuser/ros2_ws/install/iiwa_moveit2:/home/rosuser/ros2_ws/install/iiwa_hardware:/home/rosuser/ros2_ws/install/iiwa_bringup:/home/rosuser/ros2_ws/install/iiwa_description:/home/rosuser/ros2_ws/install/external_torque_sensor_broadcaster:/home/rosuser/ros2_ws/install/lbr_demos_py:/home/rosuser/ros2_ws/install/lbr_moveit:/home/rosuser/ros2_ws/install/lbr_demos_advanced_py:/opt/ros/humble LD_LIBRARY_PATH=/home/rosuser/ros2_ws/install/lbr_fri_ros2/lib:/home/rosuser/ros2_ws/install/lbr_fri_idl/lib:/home/rosuser/ros2_ws/install/fri_client_sdk/lib:/home/rosuser/ros2_ws/install/lbr_ros2_control/lib:/home/rosuser/ros2_ws/install/lbr_demos_advanced_cpp/lib:/home/rosuser/ros2_ws/install/impedance_controller/lib:/home/rosuser/ros2_ws/install/iiwa_moveit2/lib:/home/rosuser/ros2_ws/install/iiwa_hardware/lib:/home/rosuser/ros2_ws/install/external_torque_sensor_broadcaster/lib:/opt/ros/humble/opt/rviz_ogre_vendor/lib:/opt/ros/humble/lib/x86_64-linux-gnu:/opt/ros/humble/lib /usr/bin/cmake --install /home/rosuser/ros2_ws/build/lbr_bringup
[0.970s] -- Install configuration: ""
[0.970s] -- Execute custom install script
[0.971s] -- Up-to-date symlink: /home/rosuser/ros2_ws/install/lbr_bringup/share/lbr_bringup/config/gazebo.rviz
[0.972s] -- Up-to-date symlink: /home/rosuser/ros2_ws/install/lbr_bringup/share/lbr_bringup/config/hardware.rviz
[0.972s] -- Up-to-date symlink: /home/rosuser/ros2_ws/install/lbr_bringup/share/lbr_bringup/config/mock.rviz
[0.972s] -- Up-to-date symlink: /home/rosuser/ros2_ws/install/lbr_bringup/share/lbr_bringup/config/moveit_servo.yaml
[0.974s] -- Up-to-date symlink: /home/rosuser/ros2_ws/install/lbr_bringup/share/lbr_bringup/launch/gazebo.launch.py
[0.974s] -- Up-to-date symlink: /home/rosuser/ros2_ws/install/lbr_bringup/share/lbr_bringup/launch/hardware.launch.py
[0.975s] -- Up-to-date symlink: /home/rosuser/ros2_ws/install/lbr_bringup/share/lbr_bringup/launch/mock.launch.py
[0.975s] -- Up-to-date symlink: /home/rosuser/ros2_ws/install/lbr_bringup/share/lbr_bringup/launch/move_group.launch.py
[0.975s] -- Up-to-date symlink: /home/rosuser/ros2_ws/install/lbr_bringup/share/lbr_bringup/launch/moveit_servo.launch.py
[0.976s] -- Up-to-date symlink: /home/rosuser/ros2_ws/install/lbr_bringup/share/lbr_bringup/launch/rviz.launch.py
[0.976s] -- Up-to-date symlink: /home/rosuser/ros2_ws/install/lbr_bringup/share/lbr_bringup/environment/pythonpath.sh
[0.977s] -- Up-to-date symlink: /home/rosuser/ros2_ws/install/lbr_bringup/share/lbr_bringup/environment/pythonpath.dsv
[0.978s] -- Up-to-date symlink: /home/rosuser/ros2_ws/install/lbr_bringup/local/lib/python3.10/dist-packages/lbr_bringup-2.2.1-py3.10.egg-info/PKG-INFO
[0.978s] -- Up-to-date symlink: /home/rosuser/ros2_ws/install/lbr_bringup/local/lib/python3.10/dist-packages/lbr_bringup-2.2.1-py3.10.egg-info/SOURCES.txt
[0.978s] -- Up-to-date symlink: /home/rosuser/ros2_ws/install/lbr_bringup/local/lib/python3.10/dist-packages/lbr_bringup-2.2.1-py3.10.egg-info/dependency_links.txt
[0.979s] -- Up-to-date symlink: /home/rosuser/ros2_ws/install/lbr_bringup/local/lib/python3.10/dist-packages/lbr_bringup-2.2.1-py3.10.egg-info/top_level.txt
[0.980s] -- Up-to-date symlink: /home/rosuser/ros2_ws/install/lbr_bringup/local/lib/python3.10/dist-packages/lbr_bringup/__init__.py
[0.981s] -- Up-to-date symlink: /home/rosuser/ros2_ws/install/lbr_bringup/local/lib/python3.10/dist-packages/lbr_bringup/description.py
[0.981s] -- Up-to-date symlink: /home/rosuser/ros2_ws/install/lbr_bringup/local/lib/python3.10/dist-packages/lbr_bringup/gazebo.py
[0.982s] -- Up-to-date symlink: /home/rosuser/ros2_ws/install/lbr_bringup/local/lib/python3.10/dist-packages/lbr_bringup/moveit.py
[0.982s] -- Up-to-date symlink: /home/rosuser/ros2_ws/install/lbr_bringup/local/lib/python3.10/dist-packages/lbr_bringup/ros2_control.py
[0.982s] -- Up-to-date symlink: /home/rosuser/ros2_ws/install/lbr_bringup/local/lib/python3.10/dist-packages/lbr_bringup/rviz.py
[0.983s] -- Up-to-date symlink: /home/rosuser/ros2_ws/install/lbr_bringup/share/ament_index/resource_index/package_run_dependencies/lbr_bringup
[0.983s] -- Up-to-date symlink: /home/rosuser/ros2_ws/install/lbr_bringup/share/ament_index/resource_index/parent_prefix_path/lbr_bringup
[0.984s] -- Up-to-date symlink: /home/rosuser/ros2_ws/install/lbr_bringup/share/lbr_bringup/environment/ament_prefix_path.sh
[0.984s] -- Up-to-date symlink: /home/rosuser/ros2_ws/install/lbr_bringup/share/lbr_bringup/environment/ament_prefix_path.dsv
[0.985s] -- Up-to-date symlink: /home/rosuser/ros2_ws/install/lbr_bringup/share/lbr_bringup/environment/path.sh
[0.986s] -- Up-to-date symlink: /home/rosuser/ros2_ws/install/lbr_bringup/share/lbr_bringup/environment/path.dsv
[0.986s] -- Up-to-date symlink: /home/rosuser/ros2_ws/install/lbr_bringup/share/lbr_bringup/local_setup.bash
[0.987s] -- Up-to-date symlink: /home/rosuser/ros2_ws/install/lbr_bringup/share/lbr_bringup/local_setup.sh
[0.987s] -- Up-to-date symlink: /home/rosuser/ros2_ws/install/lbr_bringup/share/lbr_bringup/local_setup.zsh
[0.987s] -- Up-to-date symlink: /home/rosuser/ros2_ws/install/lbr_bringup/share/lbr_bringup/local_setup.dsv
[0.989s] -- Symlinking: /home/rosuser/ros2_ws/install/lbr_bringup/share/lbr_bringup/package.dsv
[1.005s] -- Up-to-date symlink: /home/rosuser/ros2_ws/install/lbr_bringup/share/ament_index/resource_index/packages/lbr_bringup
[1.005s] -- Up-to-date symlink: /home/rosuser/ros2_ws/install/lbr_bringup/share/lbr_bringup/cmake/lbr_bringupConfig.cmake
[1.005s] -- Up-to-date symlink: /home/rosuser/ros2_ws/install/lbr_bringup/share/lbr_bringup/cmake/lbr_bringupConfig-version.cmake
[1.005s] -- Up-to-date symlink: /home/rosuser/ros2_ws/install/lbr_bringup/share/lbr_bringup/package.xml
[1.052s] Listing '/home/rosuser/ros2_ws/install/lbr_bringup/local/lib/python3.10/dist-packages/lbr_bringup'...
[1.061s] Invoked command in '/home/rosuser/ros2_ws/build/lbr_bringup' returned '0': CMAKE_PREFIX_PATH=/home/rosuser/ros2_ws/install/lbr_ros2_control:/home/rosuser/ros2_ws/install/lbr_fri_ros2:/home/rosuser/ros2_ws/install/lbr_fri_idl:/home/rosuser/ros2_ws/install/lbr_description:/home/rosuser/ros2_ws/install/fri_client_sdk:/home/rosuser/ros2_ws/install/med7_moveit_config:/home/rosuser/ros2_ws/install/med14_moveit_config:/home/rosuser/ros2_ws/install/lbr_fri_ros2_stack:/home/rosuser/ros2_ws/install/lbr_demos_cpp:/home/rosuser/ros2_ws/install/lbr_bringup:/home/rosuser/ros2_ws/install/lbr_moveit_cpp:/home/rosuser/ros2_ws/install/lbr_demos_advanced_cpp:/home/rosuser/ros2_ws/install/iiwa7_moveit_config:/home/rosuser/ros2_ws/install/iiwa14_moveit_config:/home/rosuser/ros2_ws/install/impedance_controller:/home/rosuser/ros2_ws/install/iiwa_moveit2:/home/rosuser/ros2_ws/install/iiwa_hardware:/home/rosuser/ros2_ws/install/iiwa_bringup:/home/rosuser/ros2_ws/install/iiwa_description:/home/rosuser/ros2_ws/install/external_torque_sensor_broadcaster:/home/rosuser/ros2_ws/install/lbr_demos_py:/home/rosuser/ros2_ws/install/lbr_moveit:/home/rosuser/ros2_ws/install/lbr_demos_advanced_py:/opt/ros/humble LD_LIBRARY_PATH=/home/rosuser/ros2_ws/install/lbr_fri_ros2/lib:/home/rosuser/ros2_ws/install/lbr_fri_idl/lib:/home/rosuser/ros2_ws/install/fri_client_sdk/lib:/home/rosuser/ros2_ws/install/lbr_ros2_control/lib:/home/rosuser/ros2_ws/install/lbr_demos_advanced_cpp/lib:/home/rosuser/ros2_ws/install/impedance_controller/lib:/home/rosuser/ros2_ws/install/iiwa_moveit2/lib:/home/rosuser/ros2_ws/install/iiwa_hardware/lib:/home/rosuser/ros2_ws/install/external_torque_sensor_broadcaster/lib:/opt/ros/humble/opt/rviz_ogre_vendor/lib:/opt/ros/humble/lib/x86_64-linux-gnu:/opt/ros/humble/lib /usr/bin/cmake --install /home/rosuser/ros2_ws/build/lbr_bringup
