[0.015s] Invoking command in '/home/rosuser/ros2_ws/build/lbr_moveit_cpp': CMAKE_PREFIX_PATH=/opt/ros/humble /usr/bin/cmake /home/rosuser/ros2_ws/src/lbr_fri_ros2_stack/lbr_demos/lbr_moveit_cpp -DAMENT_CMAKE_SYMLINK_INSTALL=1 -DCMAKE_INSTALL_PREFIX=/home/rosuser/ros2_ws/install/lbr_moveit_cpp
[0.087s] -- The C compiler identification is GNU 11.4.0
[0.161s] -- The CXX compiler identification is GNU 11.4.0
[0.170s] -- Detecting C compiler ABI info
[0.271s] -- Detecting C compiler ABI info - done
[0.285s] -- Check for working C compiler: /usr/bin/cc - skipped
[0.286s] -- Detecting C compile features
[0.287s] -- Detecting C compile features - done
[0.291s] -- Detecting CXX compiler ABI info
[0.424s] -- Detecting CXX compiler ABI info - done
[0.431s] -- Check for working CXX compiler: /usr/bin/c++ - skipped
[0.432s] -- Detecting CXX compile features
[0.433s] -- Detecting CXX compile features - done
[0.437s] -- Found ament_cmake: 1.3.11 (/opt/ros/humble/share/ament_cmake/cmake)
[0.670s] -- Found Python3: /usr/bin/python3 (found version "3.10.12") found components: Interpreter 
[0.907s] -- Override CMake install command with custom implementation using symlinks instead of copying resources
[0.959s] -- Found geometry_msgs: 4.8.0 (/opt/ros/humble/share/geometry_msgs/cmake)
[1.006s] -- Found rosidl_generator_c: 3.1.6 (/opt/ros/humble/share/rosidl_generator_c/cmake)
[1.019s] -- Found rosidl_adapter: 3.1.6 (/opt/ros/humble/share/rosidl_adapter/cmake)
[1.032s] -- Found rosidl_generator_cpp: 3.1.6 (/opt/ros/humble/share/rosidl_generator_cpp/cmake)
[1.051s] -- Using all available rosidl_typesupport_c: rosidl_typesupport_fastrtps_c;rosidl_typesupport_introspection_c
[1.076s] -- Using all available rosidl_typesupport_cpp: rosidl_typesupport_fastrtps_cpp;rosidl_typesupport_introspection_cpp
[1.246s] -- Found moveit_ros_planning_interface: 2.5.8 (/opt/ros/humble/share/moveit_ros_planning_interface/cmake)
[1.471s] -- Found Boost: /usr/lib/x86_64-linux-gnu/cmake/Boost-1.74.0/BoostConfig.cmake (found version "1.74.0") found components: date_time filesystem program_options system thread 
[2.019s] -- Found Boost: /usr/lib/x86_64-linux-gnu/cmake/Boost-1.74.0/BoostConfig.cmake (found version "1.74.0") found components: chrono date_time filesystem iostreams program_options regex serialization system thread 
[2.344s] -- Found parameter_traits: 0.4.0 (/opt/ros/humble/share/parameter_traits/cmake)
[2.463s] -- Found rmw_implementation_cmake: 6.1.2 (/opt/ros/humble/share/rmw_implementation_cmake/cmake)
[2.470s] -- Found rmw_fastrtps_cpp: 6.2.7 (/opt/ros/humble/share/rmw_fastrtps_cpp/cmake)
[2.703s] -- Found OpenSSL: /usr/lib/x86_64-linux-gnu/libcrypto.so (found version "3.0.2")  
[2.773s] -- Found FastRTPS: /opt/ros/humble/include  
[2.891s] -- Using RMW implementation 'rmw_fastrtps_cpp' as default
[2.916s] -- Found Threads: TRUE  
[3.042s] -- Found Eigen3: TRUE (found version "3.4.0") 
[3.053s] -- Found rclcpp_lifecycle: 16.0.12 (/opt/ros/humble/share/rclcpp_lifecycle/cmake)
[3.178s] -- Found Boost: /usr/lib/x86_64-linux-gnu/cmake/Boost-1.74.0/BoostConfig.cmake (found version "1.74.0") found components: filesystem 
[3.498s] -- library: /usr/lib/x86_64-linux-gnu/libcurl.so
[3.619s] -- Ensuring Eigen3 include directory is part of orocos-kdl CMake target
[4.337s] -- Found Boost: /usr/lib/x86_64-linux-gnu/cmake/Boost-1.74.0/BoostConfig.cmake (found version "1.74.0") found components: system filesystem date_time program_options thread chrono 
[4.493s] -- Found Boost: /usr/lib/x86_64-linux-gnu/cmake/Boost-1.74.0/BoostConfig.cmake (found version "1.74.0") found components: thread system filesystem regex date_time program_options 
[4.771s] -- Found Boost: /usr/lib/x86_64-linux-gnu/cmake/Boost-1.74.0/BoostConfig.cmake (found version "1.74.0") found components: system filesystem date_time program_options thread 
[5.210s] -- Configuring done
[5.412s] -- Generating done
[5.445s] -- Build files have been written to: /home/rosuser/ros2_ws/build/lbr_moveit_cpp
[5.505s] Invoked command in '/home/rosuser/ros2_ws/build/lbr_moveit_cpp' returned '0': CMAKE_PREFIX_PATH=/opt/ros/humble /usr/bin/cmake /home/rosuser/ros2_ws/src/lbr_fri_ros2_stack/lbr_demos/lbr_moveit_cpp -DAMENT_CMAKE_SYMLINK_INSTALL=1 -DCMAKE_INSTALL_PREFIX=/home/rosuser/ros2_ws/install/lbr_moveit_cpp
[5.505s] Invoking command in '/home/rosuser/ros2_ws/build/lbr_moveit_cpp': CMAKE_PREFIX_PATH=/opt/ros/humble /usr/bin/cmake --build /home/rosuser/ros2_ws/build/lbr_moveit_cpp -- -j4 -l4
[5.661s] [ 50%] [32mBuilding CXX object CMakeFiles/hello_moveit.dir/src/hello_moveit.cpp.o[0m
[24.552s] [100%] [32m[1mLinking CXX executable hello_moveit[0m
[25.423s] [100%] Built target hello_moveit
[25.459s] Invoked command in '/home/rosuser/ros2_ws/build/lbr_moveit_cpp' returned '0': CMAKE_PREFIX_PATH=/opt/ros/humble /usr/bin/cmake --build /home/rosuser/ros2_ws/build/lbr_moveit_cpp -- -j4 -l4
[25.460s] Invoking command in '/home/rosuser/ros2_ws/build/lbr_moveit_cpp': CMAKE_PREFIX_PATH=/opt/ros/humble /usr/bin/cmake --install /home/rosuser/ros2_ws/build/lbr_moveit_cpp
[25.474s] -- Install configuration: "Release"
[25.475s] -- Execute custom install script
[25.475s] -- Symlinking: /home/rosuser/ros2_ws/install/lbr_moveit_cpp/share/lbr_moveit_cpp/launch/hello_moveit.launch.py
[25.494s] -- Symlinking: /home/rosuser/ros2_ws/install/lbr_moveit_cpp/lib/lbr_moveit_cpp/hello_moveit
[25.536s] -- Symlinking: /home/rosuser/ros2_ws/install/lbr_moveit_cpp/share/ament_index/resource_index/package_run_dependencies/lbr_moveit_cpp
[25.563s] -- Symlinking: /home/rosuser/ros2_ws/install/lbr_moveit_cpp/share/ament_index/resource_index/parent_prefix_path/lbr_moveit_cpp
[25.590s] -- Symlinking: /home/rosuser/ros2_ws/install/lbr_moveit_cpp/share/lbr_moveit_cpp/environment/ament_prefix_path.sh
[25.617s] -- Symlinking: /home/rosuser/ros2_ws/install/lbr_moveit_cpp/share/lbr_moveit_cpp/environment/ament_prefix_path.dsv
[25.640s] -- Symlinking: /home/rosuser/ros2_ws/install/lbr_moveit_cpp/share/lbr_moveit_cpp/environment/path.sh
[25.662s] -- Symlinking: /home/rosuser/ros2_ws/install/lbr_moveit_cpp/share/lbr_moveit_cpp/environment/path.dsv
[25.686s] -- Symlinking: /home/rosuser/ros2_ws/install/lbr_moveit_cpp/share/lbr_moveit_cpp/local_setup.bash
[25.707s] -- Symlinking: /home/rosuser/ros2_ws/install/lbr_moveit_cpp/share/lbr_moveit_cpp/local_setup.sh
[25.733s] -- Symlinking: /home/rosuser/ros2_ws/install/lbr_moveit_cpp/share/lbr_moveit_cpp/local_setup.zsh
[25.752s] -- Symlinking: /home/rosuser/ros2_ws/install/lbr_moveit_cpp/share/lbr_moveit_cpp/local_setup.dsv
[25.764s] -- Symlinking: /home/rosuser/ros2_ws/install/lbr_moveit_cpp/share/lbr_moveit_cpp/package.dsv
[25.775s] -- Symlinking: /home/rosuser/ros2_ws/install/lbr_moveit_cpp/share/ament_index/resource_index/packages/lbr_moveit_cpp
[25.785s] -- Symlinking: /home/rosuser/ros2_ws/install/lbr_moveit_cpp/share/lbr_moveit_cpp/cmake/lbr_moveit_cppConfig.cmake
[25.796s] -- Symlinking: /home/rosuser/ros2_ws/install/lbr_moveit_cpp/share/lbr_moveit_cpp/cmake/lbr_moveit_cppConfig-version.cmake
[25.809s] -- Symlinking: /home/rosuser/ros2_ws/install/lbr_moveit_cpp/share/lbr_moveit_cpp/package.xml
[25.829s] Invoked command in '/home/rosuser/ros2_ws/build/lbr_moveit_cpp' returned '0': CMAKE_PREFIX_PATH=/opt/ros/humble /usr/bin/cmake --install /home/rosuser/ros2_ws/build/lbr_moveit_cpp
