-- Found ament_cmake: 1.3.11 (/opt/ros/humble/share/ament_cmake/cmake)
-- Override CMake install command with custom implementation using symlinks instead of copying resources
-- Found rclcpp: 16.0.12 (/opt/ros/humble/share/rclcpp/cmake)
-- Found rosidl_generator_c: 3.1.6 (/opt/ros/humble/share/rosidl_generator_c/cmake)
-- Found rosidl_adapter: 3.1.6 (/opt/ros/humble/share/rosidl_adapter/cmake)
-- Found rosidl_generator_cpp: 3.1.6 (/opt/ros/humble/share/rosidl_generator_cpp/cmake)
-- Using all available rosidl_typesupport_c: rosidl_typesupport_fastrtps_c;rosidl_typesupport_introspection_c
-- Using all available rosidl_typesupport_cpp: rosidl_typesupport_fastrtps_cpp;rosidl_typesupport_introspection_cpp
-- Found rmw_implementation_cmake: 6.1.2 (/opt/ros/humble/share/rmw_implementation_cmake/cmake)
-- Found rmw_fastrtps_cpp: 6.2.7 (/opt/ros/humble/share/rmw_fastrtps_cpp/cmake)
-- Using RMW implementation 'rmw_fastrtps_cpp' as default
-- Found rclcpp_lifecycle: 16.0.12 (/opt/ros/humble/share/rclcpp_lifecycle/cmake)
-- Found tf2: 0.25.12 (/opt/ros/humble/share/tf2/cmake)
-- Found tf2_ros: 0.25.12 (/opt/ros/humble/share/tf2_ros/cmake)
-- Found mocap4r2_msgs: 0.0.3 (/home/rosuser/ros2_ws/install/mocap4r2_msgs/share/mocap4r2_msgs/cmake)
-- Found mocap4r2_control_msgs: 0.0.7 (/home/rosuser/ros2_ws/install/mocap4r2_control_msgs/share/mocap4r2_control_msgs/cmake)
-- Found mocap4r2_control: 0.0.7 (/home/rosuser/ros2_ws/install/mocap4r2_control/share/mocap4r2_control/cmake)
-- Found ament_cmake_copyright: 0.12.12 (/opt/ros/humble/share/ament_cmake_copyright/cmake)
-- Found ament_cmake_cppcheck: 0.12.12 (/opt/ros/humble/share/ament_cmake_cppcheck/cmake)
-- Found ament_cmake_cpplint: 0.12.12 (/opt/ros/humble/share/ament_cmake_cpplint/cmake)
-- Found ament_cmake_lint_cmake: 0.12.12 (/opt/ros/humble/share/ament_cmake_lint_cmake/cmake)
-- Found ament_cmake_xmllint: 0.12.12 (/opt/ros/humble/share/ament_cmake_xmllint/cmake)
-- Found ament_cmake_uncrustify: 0.12.12 (/opt/ros/humble/share/ament_cmake_uncrustify/cmake)
-- Found ament_cmake_gtest: 1.3.11 (/opt/ros/humble/share/ament_cmake_gtest/cmake)
-- Configuring done
-- Generating done
-- Build files have been written to: /home/rosuser/ros2_ws/build/mocap4r2_optitrack_driver
[35m[1mConsolidate compiler generated dependencies of target mocap4r2_optitrack_driver[0m
[ 50%] Built target mocap4r2_optitrack_driver
[35m[1mConsolidate compiler generated dependencies of target mocap4r2_optitrack_driver_main[0m
[100%] Built target mocap4r2_optitrack_driver_main
-- Install configuration: ""
-- Execute custom install script
-- Up-to-date symlink: /home/rosuser/ros2_ws/install/mocap4r2_optitrack_driver/include//mocap4r2_optitrack_driver/mocap4r2_optitrack_driver.hpp
-- Up-to-date symlink: /home/rosuser/ros2_ws/install/mocap4r2_optitrack_driver/share/mocap4r2_optitrack_driver/launch/optitrack2.launch.py
-- Up-to-date symlink: /home/rosuser/ros2_ws/install/mocap4r2_optitrack_driver/share/mocap4r2_optitrack_driver/config/mocap4r2_optitrack_driver_params.yaml
-- Up-to-date symlink: /home/rosuser/ros2_ws/install/mocap4r2_optitrack_driver/lib/mocap4r2_optitrack_driver/mocap4r2_optitrack_driver_main
-- Up-to-date symlink: /home/rosuser/ros2_ws/install/mocap4r2_optitrack_driver/lib/libmocap4r2_optitrack_driver.a
-- Up-to-date symlink: /home/rosuser/ros2_ws/install/mocap4r2_optitrack_driver/share/mocap4r2_optitrack_driver/environment/library_path.sh
-- Up-to-date symlink: /home/rosuser/ros2_ws/install/mocap4r2_optitrack_driver/share/mocap4r2_optitrack_driver/environment/library_path.dsv
-- Up-to-date symlink: /home/rosuser/ros2_ws/install/mocap4r2_optitrack_driver/share/ament_index/resource_index/package_run_dependencies/mocap4r2_optitrack_driver
-- Up-to-date symlink: /home/rosuser/ros2_ws/install/mocap4r2_optitrack_driver/share/ament_index/resource_index/parent_prefix_path/mocap4r2_optitrack_driver
-- Up-to-date symlink: /home/rosuser/ros2_ws/install/mocap4r2_optitrack_driver/share/mocap4r2_optitrack_driver/environment/ament_prefix_path.sh
-- Up-to-date symlink: /home/rosuser/ros2_ws/install/mocap4r2_optitrack_driver/share/mocap4r2_optitrack_driver/environment/ament_prefix_path.dsv
-- Up-to-date symlink: /home/rosuser/ros2_ws/install/mocap4r2_optitrack_driver/share/mocap4r2_optitrack_driver/environment/path.sh
-- Up-to-date symlink: /home/rosuser/ros2_ws/install/mocap4r2_optitrack_driver/share/mocap4r2_optitrack_driver/environment/path.dsv
-- Up-to-date symlink: /home/rosuser/ros2_ws/install/mocap4r2_optitrack_driver/share/mocap4r2_optitrack_driver/local_setup.bash
-- Up-to-date symlink: /home/rosuser/ros2_ws/install/mocap4r2_optitrack_driver/share/mocap4r2_optitrack_driver/local_setup.sh
-- Up-to-date symlink: /home/rosuser/ros2_ws/install/mocap4r2_optitrack_driver/share/mocap4r2_optitrack_driver/local_setup.zsh
-- Up-to-date symlink: /home/rosuser/ros2_ws/install/mocap4r2_optitrack_driver/share/mocap4r2_optitrack_driver/local_setup.dsv
-- Symlinking: /home/rosuser/ros2_ws/install/mocap4r2_optitrack_driver/share/mocap4r2_optitrack_driver/package.dsv
-- Up-to-date symlink: /home/rosuser/ros2_ws/install/mocap4r2_optitrack_driver/share/ament_index/resource_index/packages/mocap4r2_optitrack_driver
-- Up-to-date symlink: /home/rosuser/ros2_ws/install/mocap4r2_optitrack_driver/share/mocap4r2_optitrack_driver/cmake/ament_cmake_export_include_directories-extras.cmake
-- Up-to-date symlink: /home/rosuser/ros2_ws/install/mocap4r2_optitrack_driver/share/mocap4r2_optitrack_driver/cmake/ament_cmake_export_libraries-extras.cmake
-- Up-to-date symlink: /home/rosuser/ros2_ws/install/mocap4r2_optitrack_driver/share/mocap4r2_optitrack_driver/cmake/ament_cmake_export_dependencies-extras.cmake
-- Up-to-date symlink: /home/rosuser/ros2_ws/install/mocap4r2_optitrack_driver/share/mocap4r2_optitrack_driver/cmake/mocap4r2_optitrack_driverConfig.cmake
-- Up-to-date symlink: /home/rosuser/ros2_ws/install/mocap4r2_optitrack_driver/share/mocap4r2_optitrack_driver/cmake/mocap4r2_optitrack_driverConfig-version.cmake
-- Up-to-date symlink: /home/rosuser/ros2_ws/install/mocap4r2_optitrack_driver/share/mocap4r2_optitrack_driver/package.xml
