[1.126s] Invoking command in '/home/rosuser/ros2_ws/src/my_launch_pkg': PYTHONPATH=/home/rosuser/ros2_ws/build/my_launch_pkg/prefix_override:/usr/lib/python3/dist-packages/colcon_core/task/python/colcon_distutils_commands:/home/rosuser/ros2_ws/install/my_launch_pkg/lib/python3.10/site-packages:${PYTHONPATH} /usr/bin/python3 -W ignore:setup.py install is deprecated -W ignore:easy_install command is deprecated setup.py egg_info --egg-base ../../build/my_launch_pkg build --build-base /home/rosuser/ros2_ws/build/my_launch_pkg/build install --record /home/rosuser/ros2_ws/build/my_launch_pkg/install.log --single-version-externally-managed install_data
[1.561s] running egg_info
[1.562s] writing ../../build/my_launch_pkg/my_launch_pkg.egg-info/PKG-INFO
[1.562s] writing dependency_links to ../../build/my_launch_pkg/my_launch_pkg.egg-info/dependency_links.txt
[1.562s] writing entry points to ../../build/my_launch_pkg/my_launch_pkg.egg-info/entry_points.txt
[1.562s] writing requirements to ../../build/my_launch_pkg/my_launch_pkg.egg-info/requires.txt
[1.562s] writing top-level names to ../../build/my_launch_pkg/my_launch_pkg.egg-info/top_level.txt
[1.564s] reading manifest file '../../build/my_launch_pkg/my_launch_pkg.egg-info/SOURCES.txt'
[1.565s] writing manifest file '../../build/my_launch_pkg/my_launch_pkg.egg-info/SOURCES.txt'
[1.566s] running build
[1.566s] running build_py
[1.566s] running install
[1.566s] running install_lib
[1.568s] running install_data
[1.568s] copying launch/all_nodes_launch.py -> /home/rosuser/ros2_ws/install/my_launch_pkg/share/my_launch_pkg/launch
[1.568s] running install_egg_info
[1.571s] removing '/home/rosuser/ros2_ws/install/my_launch_pkg/lib/python3.10/site-packages/my_launch_pkg-0.0.0-py3.10.egg-info' (and everything under it)
[1.571s] Copying ../../build/my_launch_pkg/my_launch_pkg.egg-info to /home/rosuser/ros2_ws/install/my_launch_pkg/lib/python3.10/site-packages/my_launch_pkg-0.0.0-py3.10.egg-info
[1.572s] running install_scripts
[1.604s] writing list of installed files to '/home/rosuser/ros2_ws/build/my_launch_pkg/install.log'
[1.633s] Invoked command in '/home/rosuser/ros2_ws/src/my_launch_pkg' returned '0': PYTHONPATH=/home/rosuser/ros2_ws/build/my_launch_pkg/prefix_override:/usr/lib/python3/dist-packages/colcon_core/task/python/colcon_distutils_commands:/home/rosuser/ros2_ws/install/my_launch_pkg/lib/python3.10/site-packages:${PYTHONPATH} /usr/bin/python3 -W ignore:setup.py install is deprecated -W ignore:easy_install command is deprecated setup.py egg_info --egg-base ../../build/my_launch_pkg build --build-base /home/rosuser/ros2_ws/build/my_launch_pkg/build install --record /home/rosuser/ros2_ws/build/my_launch_pkg/install.log --single-version-externally-managed install_data
