[1.078s] Invoking command in '/home/rosuser/ros2_ws/src/combined_launch': PYTHONPATH=/home/rosuser/ros2_ws/build/combined_launch/prefix_override:/usr/lib/python3/dist-packages/colcon_core/task/python/colcon_distutils_commands:/home/rosuser/ros2_ws/install/combined_launch/lib/python3.10/site-packages:${PYTHONPATH} /usr/bin/python3 -W ignore:setup.py install is deprecated -W ignore:easy_install command is deprecated setup.py egg_info --egg-base ../../build/combined_launch build --build-base /home/rosuser/ros2_ws/build/combined_launch/build install --record /home/rosuser/ros2_ws/build/combined_launch/install.log --single-version-externally-managed install_data
[1.496s] running egg_info
[1.497s] writing ../../build/combined_launch/combined_launch.egg-info/PKG-INFO
[1.498s] writing dependency_links to ../../build/combined_launch/combined_launch.egg-info/dependency_links.txt
[1.498s] writing entry points to ../../build/combined_launch/combined_launch.egg-info/entry_points.txt
[1.498s] writing requirements to ../../build/combined_launch/combined_launch.egg-info/requires.txt
[1.498s] writing top-level names to ../../build/combined_launch/combined_launch.egg-info/top_level.txt
[1.500s] reading manifest file '../../build/combined_launch/combined_launch.egg-info/SOURCES.txt'
[1.501s] writing manifest file '../../build/combined_launch/combined_launch.egg-info/SOURCES.txt'
[1.501s] running build
[1.502s] running build_py
[1.502s] running install
[1.502s] running install_lib
[1.504s] running install_data
[1.504s] copying launch/optitrack_bringup.launch.py -> /home/rosuser/ros2_ws/install/combined_launch/share/combined_launch/launch
[1.504s] running install_egg_info
[1.507s] removing '/home/rosuser/ros2_ws/install/combined_launch/lib/python3.10/site-packages/combined_launch-0.0.0-py3.10.egg-info' (and everything under it)
[1.507s] Copying ../../build/combined_launch/combined_launch.egg-info to /home/rosuser/ros2_ws/install/combined_launch/lib/python3.10/site-packages/combined_launch-0.0.0-py3.10.egg-info
[1.508s] running install_scripts
[1.538s] writing list of installed files to '/home/rosuser/ros2_ws/build/combined_launch/install.log'
[1.567s] Invoked command in '/home/rosuser/ros2_ws/src/combined_launch' returned '0': PYTHONPATH=/home/rosuser/ros2_ws/build/combined_launch/prefix_override:/usr/lib/python3/dist-packages/colcon_core/task/python/colcon_distutils_commands:/home/rosuser/ros2_ws/install/combined_launch/lib/python3.10/site-packages:${PYTHONPATH} /usr/bin/python3 -W ignore:setup.py install is deprecated -W ignore:easy_install command is deprecated setup.py egg_info --egg-base ../../build/combined_launch build --build-base /home/rosuser/ros2_ws/build/combined_launch/build install --record /home/rosuser/ros2_ws/build/combined_launch/install.log --single-version-externally-managed install_data
