running egg_info
creating ../../build/marker_pose_publisher_pkg/marker_pose_publisher_pkg.egg-info
writing ../../build/marker_pose_publisher_pkg/marker_pose_publisher_pkg.egg-info/PKG-INFO
writing dependency_links to ../../build/marker_pose_publisher_pkg/marker_pose_publisher_pkg.egg-info/dependency_links.txt
writing entry points to ../../build/marker_pose_publisher_pkg/marker_pose_publisher_pkg.egg-info/entry_points.txt
writing requirements to ../../build/marker_pose_publisher_pkg/marker_pose_publisher_pkg.egg-info/requires.txt
writing top-level names to ../../build/marker_pose_publisher_pkg/marker_pose_publisher_pkg.egg-info/top_level.txt
writing manifest file '../../build/marker_pose_publisher_pkg/marker_pose_publisher_pkg.egg-info/SOURCES.txt'
reading manifest file '../../build/marker_pose_publisher_pkg/marker_pose_publisher_pkg.egg-info/SOURCES.txt'
writing manifest file '../../build/marker_pose_publisher_pkg/marker_pose_publisher_pkg.egg-info/SOURCES.txt'
running build
running build_py
creating /home/rosuser/ros2_ws/build/marker_pose_publisher_pkg/build
creating /home/rosuser/ros2_ws/build/marker_pose_publisher_pkg/build/lib
creating /home/rosuser/ros2_ws/build/marker_pose_publisher_pkg/build/lib/marker_pose_publisher_pkg
copying marker_pose_publisher_pkg/__init__.py -> /home/rosuser/ros2_ws/build/marker_pose_publisher_pkg/build/lib/marker_pose_publisher_pkg
copying marker_pose_publisher_pkg/marker_pose_publisher.py -> /home/rosuser/ros2_ws/build/marker_pose_publisher_pkg/build/lib/marker_pose_publisher_pkg
running install
running install_lib
creating /home/rosuser/ros2_ws/install/marker_pose_publisher_pkg/lib/python3.10/site-packages/marker_pose_publisher_pkg
copying /home/rosuser/ros2_ws/build/marker_pose_publisher_pkg/build/lib/marker_pose_publisher_pkg/__init__.py -> /home/rosuser/ros2_ws/install/marker_pose_publisher_pkg/lib/python3.10/site-packages/marker_pose_publisher_pkg
copying /home/rosuser/ros2_ws/build/marker_pose_publisher_pkg/build/lib/marker_pose_publisher_pkg/marker_pose_publisher.py -> /home/rosuser/ros2_ws/install/marker_pose_publisher_pkg/lib/python3.10/site-packages/marker_pose_publisher_pkg
byte-compiling /home/rosuser/ros2_ws/install/marker_pose_publisher_pkg/lib/python3.10/site-packages/marker_pose_publisher_pkg/__init__.py to __init__.cpython-310.pyc
byte-compiling /home/rosuser/ros2_ws/install/marker_pose_publisher_pkg/lib/python3.10/site-packages/marker_pose_publisher_pkg/marker_pose_publisher.py to marker_pose_publisher.cpython-310.pyc
running install_data
creating /home/rosuser/ros2_ws/install/marker_pose_publisher_pkg/share/ament_index
creating /home/rosuser/ros2_ws/install/marker_pose_publisher_pkg/share/ament_index/resource_index
creating /home/rosuser/ros2_ws/install/marker_pose_publisher_pkg/share/ament_index/resource_index/packages
copying resource/marker_pose_publisher_pkg -> /home/rosuser/ros2_ws/install/marker_pose_publisher_pkg/share/ament_index/resource_index/packages
copying package.xml -> /home/rosuser/ros2_ws/install/marker_pose_publisher_pkg/share/marker_pose_publisher_pkg
running install_egg_info
Copying ../../build/marker_pose_publisher_pkg/marker_pose_publisher_pkg.egg-info to /home/rosuser/ros2_ws/install/marker_pose_publisher_pkg/lib/python3.10/site-packages/marker_pose_publisher_pkg-0.0.0-py3.10.egg-info
running install_scripts
Installing marker_pose_publisher script to /home/rosuser/ros2_ws/install/marker_pose_publisher_pkg/lib/marker_pose_publisher_pkg
writing list of installed files to '/home/rosuser/ros2_ws/build/marker_pose_publisher_pkg/install.log'
