[0.133s] Invoking command in '/home/rosuser/ros2_ws/build/iiwa_bringup': CMAKE_PREFIX_PATH=/home/rosuser/ros2_ws/install/iiwa_description:/home/rosuser/mocap4r2_ws/install/rqt_mocap4r2_control:/home/rosuser/mocap4r2_ws/install/mocap4r2_robot_gt:/home/rosuser/mocap4r2_ws/install/mocap4r2_robot_gt_msgs:/home/rosuser/mocap4r2_ws/install/mocap4r2_optitrack_driver:/home/rosuser/mocap4r2_ws/install/mocap4r2_marker_viz:/home/rosuser/mocap4r2_ws/install/mocap4r2_marker_publisher:/home/rosuser/mocap4r2_ws/install/mocap4r2_dummy_driver:/home/rosuser/mocap4r2_ws/install/mocap4r2_msgs:/home/rosuser/mocap4r2_ws/install/mocap4r2_marker_viz_srvs:/home/rosuser/mocap4r2_ws/install/mocap4r2_control:/home/rosuser/mocap4r2_ws/install/mocap4r2_control_msgs:/home/rosuser/opti_track/install/optitrack_wrapper_ros2:/home/rosuser/opti_track/install/optitrack_multiplexer_ros2:/home/rosuser/opti_track/install/optitrack_multiplexer_ros2_msgs:/home/rosuser/opti_track/install/optitrack_wrapper_ros2_msgs:/home/rosuser/ros2_ws/install/med7_moveit_config:/home/rosuser/ros2_ws/install/med14_moveit_config:/home/rosuser/ros2_ws/install/lbr_fri_ros2_stack:/home/rosuser/ros2_ws/install/lbr_demos_cpp:/home/rosuser/ros2_ws/install/lbr_bringup:/home/rosuser/ros2_ws/install/lbr_ros2_control:/home/rosuser/ros2_ws/install/lbr_moveit_cpp:/home/rosuser/ros2_ws/install/lbr_demos_advanced_cpp:/home/rosuser/ros2_ws/install/lbr_fri_ros2:/home/rosuser/ros2_ws/install/iiwa7_moveit_config:/home/rosuser/ros2_ws/install/iiwa14_moveit_config:/home/rosuser/ros2_ws/install/lbr_description:/home/rosuser/ros2_ws/install/impedance_controller:/home/rosuser/ros2_ws/install/iiwa_moveit2:/home/rosuser/ros2_ws/install/iiwa_hardware:/home/rosuser/ros2_ws/install/iiwa_bringup:/home/rosuser/ros2_ws/install/fri_client_sdk:/home/rosuser/ros2_ws/install/external_torque_sensor_broadcaster:/home/rosuser/mocap4r2_ws/install/mocap4r2cli:/home/rosuser/ros2_ws/install/lbr_demos_py:/home/rosuser/ros2_ws/install/lbr_moveit:/home/rosuser/ros2_ws/install/lbr_demos_advanced_py:/home/rosuser/ros2_ws/install/lbr_fri_idl:/opt/ros/humble /usr/bin/cmake --build /home/rosuser/ros2_ws/build/iiwa_bringup -- -j4 -l4
[0.513s] -- Found ament_cmake: 1.3.11 (/opt/ros/humble/share/ament_cmake/cmake)
[0.718s] -- Override CMake install command with custom implementation using symlinks instead of copying resources
[0.732s] -- Found rclcpp: 16.0.12 (/opt/ros/humble/share/rclcpp/cmake)
[0.804s] -- Found rosidl_generator_c: 3.1.6 (/opt/ros/humble/share/rosidl_generator_c/cmake)
[0.807s] -- Found rosidl_adapter: 3.1.6 (/opt/ros/humble/share/rosidl_adapter/cmake)
[0.816s] -- Found rosidl_generator_cpp: 3.1.6 (/opt/ros/humble/share/rosidl_generator_cpp/cmake)
[0.832s] -- Using all available rosidl_typesupport_c: rosidl_typesupport_fastrtps_c;rosidl_typesupport_introspection_c
[0.852s] -- Using all available rosidl_typesupport_cpp: rosidl_typesupport_fastrtps_cpp;rosidl_typesupport_introspection_cpp
[1.091s] -- Found rmw_implementation_cmake: 6.1.2 (/opt/ros/humble/share/rmw_implementation_cmake/cmake)
[1.097s] -- Found rmw_fastrtps_cpp: 6.2.7 (/opt/ros/humble/share/rmw_fastrtps_cpp/cmake)
[2.699s] -- Using RMW implementation 'rmw_fastrtps_cpp' as default
[2.910s] -- Found rclpy: 3.3.16 (/opt/ros/humble/share/rclpy/cmake)
[2.911s] -- Found sensor_msgs: 4.8.0 (/opt/ros/humble/share/sensor_msgs/cmake)
[2.952s] -- Found visualization_msgs: 4.8.0 (/opt/ros/humble/share/visualization_msgs/cmake)
[3.023s] -- Found ament_cmake_gtest: 1.3.11 (/opt/ros/humble/share/ament_cmake_gtest/cmake)
[3.024s] -- Found ament_lint_auto: 0.12.12 (/opt/ros/humble/share/ament_lint_auto/cmake)
[3.271s] -- Added test 'copyright' to check source files copyright and LICENSE
[3.662s] -- Added test 'flake8' to check Python code syntax and style conventions
[3.663s] -- Added test 'lint_cmake' to check CMake code style
[3.663s] -- Added test 'pep257' to check Python code against some of the docstring style conventions in PEP 257
[3.664s] -- Added test 'xmllint' to check XML markup files
[3.780s] -- Configuring done
[3.815s] -- Generating done
[3.818s] -- Build files have been written to: /home/rosuser/ros2_ws/build/iiwa_bringup
[3.854s] Invoked command in '/home/rosuser/ros2_ws/build/iiwa_bringup' returned '0': CMAKE_PREFIX_PATH=/home/rosuser/ros2_ws/install/iiwa_description:/home/rosuser/mocap4r2_ws/install/rqt_mocap4r2_control:/home/rosuser/mocap4r2_ws/install/mocap4r2_robot_gt:/home/rosuser/mocap4r2_ws/install/mocap4r2_robot_gt_msgs:/home/rosuser/mocap4r2_ws/install/mocap4r2_optitrack_driver:/home/rosuser/mocap4r2_ws/install/mocap4r2_marker_viz:/home/rosuser/mocap4r2_ws/install/mocap4r2_marker_publisher:/home/rosuser/mocap4r2_ws/install/mocap4r2_dummy_driver:/home/rosuser/mocap4r2_ws/install/mocap4r2_msgs:/home/rosuser/mocap4r2_ws/install/mocap4r2_marker_viz_srvs:/home/rosuser/mocap4r2_ws/install/mocap4r2_control:/home/rosuser/mocap4r2_ws/install/mocap4r2_control_msgs:/home/rosuser/opti_track/install/optitrack_wrapper_ros2:/home/rosuser/opti_track/install/optitrack_multiplexer_ros2:/home/rosuser/opti_track/install/optitrack_multiplexer_ros2_msgs:/home/rosuser/opti_track/install/optitrack_wrapper_ros2_msgs:/home/rosuser/ros2_ws/install/med7_moveit_config:/home/rosuser/ros2_ws/install/med14_moveit_config:/home/rosuser/ros2_ws/install/lbr_fri_ros2_stack:/home/rosuser/ros2_ws/install/lbr_demos_cpp:/home/rosuser/ros2_ws/install/lbr_bringup:/home/rosuser/ros2_ws/install/lbr_ros2_control:/home/rosuser/ros2_ws/install/lbr_moveit_cpp:/home/rosuser/ros2_ws/install/lbr_demos_advanced_cpp:/home/rosuser/ros2_ws/install/lbr_fri_ros2:/home/rosuser/ros2_ws/install/iiwa7_moveit_config:/home/rosuser/ros2_ws/install/iiwa14_moveit_config:/home/rosuser/ros2_ws/install/lbr_description:/home/rosuser/ros2_ws/install/impedance_controller:/home/rosuser/ros2_ws/install/iiwa_moveit2:/home/rosuser/ros2_ws/install/iiwa_hardware:/home/rosuser/ros2_ws/install/iiwa_bringup:/home/rosuser/ros2_ws/install/fri_client_sdk:/home/rosuser/ros2_ws/install/external_torque_sensor_broadcaster:/home/rosuser/mocap4r2_ws/install/mocap4r2cli:/home/rosuser/ros2_ws/install/lbr_demos_py:/home/rosuser/ros2_ws/install/lbr_moveit:/home/rosuser/ros2_ws/install/lbr_demos_advanced_py:/home/rosuser/ros2_ws/install/lbr_fri_idl:/opt/ros/humble /usr/bin/cmake --build /home/rosuser/ros2_ws/build/iiwa_bringup -- -j4 -l4
[3.855s] Invoking command in '/home/rosuser/ros2_ws/build/iiwa_bringup': CMAKE_PREFIX_PATH=/home/rosuser/ros2_ws/install/iiwa_description:/home/rosuser/mocap4r2_ws/install/rqt_mocap4r2_control:/home/rosuser/mocap4r2_ws/install/mocap4r2_robot_gt:/home/rosuser/mocap4r2_ws/install/mocap4r2_robot_gt_msgs:/home/rosuser/mocap4r2_ws/install/mocap4r2_optitrack_driver:/home/rosuser/mocap4r2_ws/install/mocap4r2_marker_viz:/home/rosuser/mocap4r2_ws/install/mocap4r2_marker_publisher:/home/rosuser/mocap4r2_ws/install/mocap4r2_dummy_driver:/home/rosuser/mocap4r2_ws/install/mocap4r2_msgs:/home/rosuser/mocap4r2_ws/install/mocap4r2_marker_viz_srvs:/home/rosuser/mocap4r2_ws/install/mocap4r2_control:/home/rosuser/mocap4r2_ws/install/mocap4r2_control_msgs:/home/rosuser/opti_track/install/optitrack_wrapper_ros2:/home/rosuser/opti_track/install/optitrack_multiplexer_ros2:/home/rosuser/opti_track/install/optitrack_multiplexer_ros2_msgs:/home/rosuser/opti_track/install/optitrack_wrapper_ros2_msgs:/home/rosuser/ros2_ws/install/med7_moveit_config:/home/rosuser/ros2_ws/install/med14_moveit_config:/home/rosuser/ros2_ws/install/lbr_fri_ros2_stack:/home/rosuser/ros2_ws/install/lbr_demos_cpp:/home/rosuser/ros2_ws/install/lbr_bringup:/home/rosuser/ros2_ws/install/lbr_ros2_control:/home/rosuser/ros2_ws/install/lbr_moveit_cpp:/home/rosuser/ros2_ws/install/lbr_demos_advanced_cpp:/home/rosuser/ros2_ws/install/lbr_fri_ros2:/home/rosuser/ros2_ws/install/iiwa7_moveit_config:/home/rosuser/ros2_ws/install/iiwa14_moveit_config:/home/rosuser/ros2_ws/install/lbr_description:/home/rosuser/ros2_ws/install/impedance_controller:/home/rosuser/ros2_ws/install/iiwa_moveit2:/home/rosuser/ros2_ws/install/iiwa_hardware:/home/rosuser/ros2_ws/install/iiwa_bringup:/home/rosuser/ros2_ws/install/fri_client_sdk:/home/rosuser/ros2_ws/install/external_torque_sensor_broadcaster:/home/rosuser/mocap4r2_ws/install/mocap4r2cli:/home/rosuser/ros2_ws/install/lbr_demos_py:/home/rosuser/ros2_ws/install/lbr_moveit:/home/rosuser/ros2_ws/install/lbr_demos_advanced_py:/home/rosuser/ros2_ws/install/lbr_fri_idl:/opt/ros/humble /usr/bin/cmake --install /home/rosuser/ros2_ws/build/iiwa_bringup
[3.866s] -- Install configuration: ""
[3.867s] -- Execute custom install script
[3.868s] -- Up-to-date symlink: /home/rosuser/ros2_ws/install/iiwa_bringup/share/iiwa_bringup/launch/iiwa.launch.py
[3.868s] -- Up-to-date symlink: /home/rosuser/ros2_ws/install/iiwa_bringup/share/iiwa_bringup/launch/iiwa_planning.launch.py
[3.869s] -- Up-to-date symlink: /home/rosuser/ros2_ws/install/iiwa_bringup/share/iiwa_bringup/launch/iiwa_pose_tracking.launch.py
[3.869s] -- Up-to-date symlink: /home/rosuser/ros2_ws/install/iiwa_bringup/share/iiwa_bringup/launch/iiwa_servoing.launch.py
[3.869s] -- Up-to-date symlink: /home/rosuser/ros2_ws/install/iiwa_bringup/share/iiwa_bringup/launch/iiwa_test_joint_trajectory_controller.launch.py
[3.870s] -- Up-to-date symlink: /home/rosuser/ros2_ws/install/iiwa_bringup/share/iiwa_bringup/launch/joy_servo_teleop.launch.py
[3.870s] -- Up-to-date symlink: /home/rosuser/ros2_ws/install/iiwa_bringup/share/iiwa_bringup/config/test_trajectory_config.yaml
[3.871s] -- Up-to-date symlink: /home/rosuser/ros2_ws/install/iiwa_bringup/share/ament_index/resource_index/package_run_dependencies/iiwa_bringup
[3.871s] -- Up-to-date symlink: /home/rosuser/ros2_ws/install/iiwa_bringup/share/ament_index/resource_index/parent_prefix_path/iiwa_bringup
[3.872s] -- Up-to-date symlink: /home/rosuser/ros2_ws/install/iiwa_bringup/share/iiwa_bringup/environment/ament_prefix_path.sh
[3.872s] -- Up-to-date symlink: /home/rosuser/ros2_ws/install/iiwa_bringup/share/iiwa_bringup/environment/ament_prefix_path.dsv
[3.908s] -- Up-to-date symlink: /home/rosuser/ros2_ws/install/iiwa_bringup/share/iiwa_bringup/environment/path.sh
[3.908s] -- Up-to-date symlink: /home/rosuser/ros2_ws/install/iiwa_bringup/share/iiwa_bringup/environment/path.dsv
[3.958s] -- Up-to-date symlink: /home/rosuser/ros2_ws/install/iiwa_bringup/share/iiwa_bringup/local_setup.bash
[4.016s] -- Up-to-date symlink: /home/rosuser/ros2_ws/install/iiwa_bringup/share/iiwa_bringup/local_setup.sh
[4.041s] -- Up-to-date symlink: /home/rosuser/ros2_ws/install/iiwa_bringup/share/iiwa_bringup/local_setup.zsh
[4.041s] -- Up-to-date symlink: /home/rosuser/ros2_ws/install/iiwa_bringup/share/iiwa_bringup/local_setup.dsv
[4.041s] -- Symlinking: /home/rosuser/ros2_ws/install/iiwa_bringup/share/iiwa_bringup/package.dsv
[4.091s] -- Up-to-date symlink: /home/rosuser/ros2_ws/install/iiwa_bringup/share/ament_index/resource_index/packages/iiwa_bringup
[4.124s] -- Up-to-date symlink: /home/rosuser/ros2_ws/install/iiwa_bringup/share/iiwa_bringup/cmake/iiwa_bringupConfig.cmake
[4.125s] -- Up-to-date symlink: /home/rosuser/ros2_ws/install/iiwa_bringup/share/iiwa_bringup/cmake/iiwa_bringupConfig-version.cmake
[4.166s] -- Up-to-date symlink: /home/rosuser/ros2_ws/install/iiwa_bringup/share/iiwa_bringup/package.xml
[4.170s] Invoked command in '/home/rosuser/ros2_ws/build/iiwa_bringup' returned '0': CMAKE_PREFIX_PATH=/home/rosuser/ros2_ws/install/iiwa_description:/home/rosuser/mocap4r2_ws/install/rqt_mocap4r2_control:/home/rosuser/mocap4r2_ws/install/mocap4r2_robot_gt:/home/rosuser/mocap4r2_ws/install/mocap4r2_robot_gt_msgs:/home/rosuser/mocap4r2_ws/install/mocap4r2_optitrack_driver:/home/rosuser/mocap4r2_ws/install/mocap4r2_marker_viz:/home/rosuser/mocap4r2_ws/install/mocap4r2_marker_publisher:/home/rosuser/mocap4r2_ws/install/mocap4r2_dummy_driver:/home/rosuser/mocap4r2_ws/install/mocap4r2_msgs:/home/rosuser/mocap4r2_ws/install/mocap4r2_marker_viz_srvs:/home/rosuser/mocap4r2_ws/install/mocap4r2_control:/home/rosuser/mocap4r2_ws/install/mocap4r2_control_msgs:/home/rosuser/opti_track/install/optitrack_wrapper_ros2:/home/rosuser/opti_track/install/optitrack_multiplexer_ros2:/home/rosuser/opti_track/install/optitrack_multiplexer_ros2_msgs:/home/rosuser/opti_track/install/optitrack_wrapper_ros2_msgs:/home/rosuser/ros2_ws/install/med7_moveit_config:/home/rosuser/ros2_ws/install/med14_moveit_config:/home/rosuser/ros2_ws/install/lbr_fri_ros2_stack:/home/rosuser/ros2_ws/install/lbr_demos_cpp:/home/rosuser/ros2_ws/install/lbr_bringup:/home/rosuser/ros2_ws/install/lbr_ros2_control:/home/rosuser/ros2_ws/install/lbr_moveit_cpp:/home/rosuser/ros2_ws/install/lbr_demos_advanced_cpp:/home/rosuser/ros2_ws/install/lbr_fri_ros2:/home/rosuser/ros2_ws/install/iiwa7_moveit_config:/home/rosuser/ros2_ws/install/iiwa14_moveit_config:/home/rosuser/ros2_ws/install/lbr_description:/home/rosuser/ros2_ws/install/impedance_controller:/home/rosuser/ros2_ws/install/iiwa_moveit2:/home/rosuser/ros2_ws/install/iiwa_hardware:/home/rosuser/ros2_ws/install/iiwa_bringup:/home/rosuser/ros2_ws/install/fri_client_sdk:/home/rosuser/ros2_ws/install/external_torque_sensor_broadcaster:/home/rosuser/mocap4r2_ws/install/mocap4r2cli:/home/rosuser/ros2_ws/install/lbr_demos_py:/home/rosuser/ros2_ws/install/lbr_moveit:/home/rosuser/ros2_ws/install/lbr_demos_advanced_py:/home/rosuser/ros2_ws/install/lbr_fri_idl:/opt/ros/humble /usr/bin/cmake --install /home/rosuser/ros2_ws/build/iiwa_bringup
