[0.290s] Invoking command in '/home/rosuser/ros2_ws/build/external_torque_sensor_broadcaster': CMAKE_PREFIX_PATH=/opt/ros/humble /usr/bin/cmake --build /home/rosuser/ros2_ws/build/external_torque_sensor_broadcaster -- -j4 -l4
[5.186s] [100%] Built target external_torque_sensor_broadcaster
[5.202s] Invoked command in '/home/rosuser/ros2_ws/build/external_torque_sensor_broadcaster' returned '0': CMAKE_PREFIX_PATH=/opt/ros/humble /usr/bin/cmake --build /home/rosuser/ros2_ws/build/external_torque_sensor_broadcaster -- -j4 -l4
[5.204s] Invoking command in '/home/rosuser/ros2_ws/build/external_torque_sensor_broadcaster': CMAKE_PREFIX_PATH=/opt/ros/humble /usr/bin/cmake --install /home/rosuser/ros2_ws/build/external_torque_sensor_broadcaster
[5.237s] -- Install configuration: ""
[5.342s] -- Execute custom install script
[5.354s] -- Up-to-date symlink: /home/rosuser/ros2_ws/install/external_torque_sensor_broadcaster/share/external_torque_sensor_broadcaster//external_torque_sensor_broadcaster.xml
[5.412s] -- Up-to-date symlink: /home/rosuser/ros2_ws/install/external_torque_sensor_broadcaster/lib/libexternal_torque_sensor_broadcaster.so
[5.413s] -- Up-to-date symlink: /home/rosuser/ros2_ws/install/external_torque_sensor_broadcaster/include/external_torque_sensor_broadcaster/external_torque_sensor.hpp
[5.414s] -- Up-to-date symlink: /home/rosuser/ros2_ws/install/external_torque_sensor_broadcaster/include/external_torque_sensor_broadcaster/external_torque_sensor_broadcaster.hpp
[5.414s] -- Up-to-date symlink: /home/rosuser/ros2_ws/install/external_torque_sensor_broadcaster/include/external_torque_sensor_broadcaster/visibility_control.h
[5.415s] -- Up-to-date symlink: /home/rosuser/ros2_ws/install/external_torque_sensor_broadcaster/share/external_torque_sensor_broadcaster/environment/library_path.sh
[5.415s] -- Up-to-date symlink: /home/rosuser/ros2_ws/install/external_torque_sensor_broadcaster/share/external_torque_sensor_broadcaster/environment/library_path.dsv
[5.416s] -- Up-to-date symlink: /home/rosuser/ros2_ws/install/external_torque_sensor_broadcaster/share/ament_index/resource_index/package_run_dependencies/external_torque_sensor_broadcaster
[5.417s] -- Up-to-date symlink: /home/rosuser/ros2_ws/install/external_torque_sensor_broadcaster/share/ament_index/resource_index/parent_prefix_path/external_torque_sensor_broadcaster
[5.418s] -- Up-to-date symlink: /home/rosuser/ros2_ws/install/external_torque_sensor_broadcaster/share/external_torque_sensor_broadcaster/environment/ament_prefix_path.sh
[5.418s] -- Up-to-date symlink: /home/rosuser/ros2_ws/install/external_torque_sensor_broadcaster/share/external_torque_sensor_broadcaster/environment/ament_prefix_path.dsv
[5.419s] -- Up-to-date symlink: /home/rosuser/ros2_ws/install/external_torque_sensor_broadcaster/share/external_torque_sensor_broadcaster/environment/path.sh
[5.419s] -- Up-to-date symlink: /home/rosuser/ros2_ws/install/external_torque_sensor_broadcaster/share/external_torque_sensor_broadcaster/environment/path.dsv
[5.420s] -- Up-to-date symlink: /home/rosuser/ros2_ws/install/external_torque_sensor_broadcaster/share/external_torque_sensor_broadcaster/local_setup.bash
[5.420s] -- Up-to-date symlink: /home/rosuser/ros2_ws/install/external_torque_sensor_broadcaster/share/external_torque_sensor_broadcaster/local_setup.sh
[5.421s] -- Up-to-date symlink: /home/rosuser/ros2_ws/install/external_torque_sensor_broadcaster/share/external_torque_sensor_broadcaster/local_setup.zsh
[5.421s] -- Up-to-date symlink: /home/rosuser/ros2_ws/install/external_torque_sensor_broadcaster/share/external_torque_sensor_broadcaster/local_setup.dsv
[5.421s] -- Symlinking: /home/rosuser/ros2_ws/install/external_torque_sensor_broadcaster/share/external_torque_sensor_broadcaster/package.dsv
[5.433s] -- Up-to-date symlink: /home/rosuser/ros2_ws/install/external_torque_sensor_broadcaster/share/ament_index/resource_index/packages/external_torque_sensor_broadcaster
[5.433s] -- Up-to-date symlink: /home/rosuser/ros2_ws/install/external_torque_sensor_broadcaster/share/ament_index/resource_index/controller_interface__pluginlib__plugin/external_torque_sensor_broadcaster
[5.434s] -- Up-to-date symlink: /home/rosuser/ros2_ws/install/external_torque_sensor_broadcaster/share/external_torque_sensor_broadcaster/cmake/ament_cmake_export_include_directories-extras.cmake
[5.434s] -- Up-to-date symlink: /home/rosuser/ros2_ws/install/external_torque_sensor_broadcaster/share/external_torque_sensor_broadcaster/cmake/ament_cmake_export_libraries-extras.cmake
[5.435s] -- Up-to-date symlink: /home/rosuser/ros2_ws/install/external_torque_sensor_broadcaster/share/external_torque_sensor_broadcaster/cmake/ament_cmake_export_dependencies-extras.cmake
[5.435s] -- Up-to-date symlink: /home/rosuser/ros2_ws/install/external_torque_sensor_broadcaster/share/external_torque_sensor_broadcaster/cmake/external_torque_sensor_broadcasterConfig.cmake
[5.435s] -- Up-to-date symlink: /home/rosuser/ros2_ws/install/external_torque_sensor_broadcaster/share/external_torque_sensor_broadcaster/cmake/external_torque_sensor_broadcasterConfig-version.cmake
[5.436s] -- Up-to-date symlink: /home/rosuser/ros2_ws/install/external_torque_sensor_broadcaster/share/external_torque_sensor_broadcaster/package.xml
[5.439s] Invoked command in '/home/rosuser/ros2_ws/build/external_torque_sensor_broadcaster' returned '0': CMAKE_PREFIX_PATH=/opt/ros/humble /usr/bin/cmake --install /home/rosuser/ros2_ws/build/external_torque_sensor_broadcaster
