[0.168s] Invoking command in '/home/rosuser/ros2_ws/build/iiwa_moveit2': CMAKE_PREFIX_PATH=${CMAKE_PREFIX_PATH}:/home/rosuser/mocap4r2_ws/install/mocap4r2cli:/home/rosuser/ros2_ws/install/lbr_demos_py:/home/rosuser/ros2_ws/install/lbr_moveit:/home/rosuser/ros2_ws/install/lbr_demos_advanced_py:/home/rosuser/ros2_ws/install/lbr_fri_idl:/opt/ros/humble /usr/bin/cmake --build /home/rosuser/ros2_ws/build/iiwa_moveit2 -- -j4 -l4
[2.234s] -- Found moveit_common: 2.5.9 (/opt/ros/humble/share/moveit_common/cmake)
[2.284s] -- Found ament_cmake: 1.3.11 (/opt/ros/humble/share/ament_cmake/cmake)
[2.488s] -- Override CMake install command with custom implementation using symlinks instead of copying resources
[2.767s] [0miiwa_moveit2: You did not request a specific build type: Choosing 'Release' for maximum performance[0m
[2.768s] -- Found control_msgs: 4.8.0 (/opt/ros/humble/share/control_msgs/cmake)
[2.831s] -- Found rosidl_generator_c: 3.1.6 (/opt/ros/humble/share/rosidl_generator_c/cmake)
[2.836s] -- Found rosidl_adapter: 3.1.6 (/opt/ros/humble/share/rosidl_adapter/cmake)
[2.847s] -- Found rosidl_generator_cpp: 3.1.6 (/opt/ros/humble/share/rosidl_generator_cpp/cmake)
[2.865s] -- Using all available rosidl_typesupport_c: rosidl_typesupport_fastrtps_c;rosidl_typesupport_introspection_c
[2.884s] -- Using all available rosidl_typesupport_cpp: rosidl_typesupport_fastrtps_cpp;rosidl_typesupport_introspection_cpp
[3.237s] -- Found moveit_core: 2.5.9 (/opt/ros/humble/share/moveit_core/cmake)
[5.219s] -- Found Boost: /usr/lib/x86_64-linux-gnu/cmake/Boost-1.74.0/BoostConfig.cmake (found version "1.74.0") found components: chrono date_time filesystem iostreams program_options regex serialization system thread 
[6.019s] -- Found parameter_traits: 0.4.0 (/opt/ros/humble/share/parameter_traits/cmake)
[6.132s] -- Found rmw_implementation_cmake: 6.1.2 (/opt/ros/humble/share/rmw_implementation_cmake/cmake)
[6.136s] -- Found rmw_fastrtps_cpp: 6.2.7 (/opt/ros/humble/share/rmw_fastrtps_cpp/cmake)
[6.286s] -- Using RMW implementation 'rmw_fastrtps_cpp' as default
[6.801s] -- Found rclcpp_lifecycle: 16.0.12 (/opt/ros/humble/share/rclcpp_lifecycle/cmake)
[6.832s] -- Found Boost: /usr/lib/x86_64-linux-gnu/cmake/Boost-1.74.0/BoostConfig.cmake (found version "1.74.0") found components: filesystem 
[7.644s] -- library: /usr/lib/x86_64-linux-gnu/libcurl.so
[7.751s] -- Ensuring Eigen3 include directory is part of orocos-kdl CMake target
[9.074s] -- Found moveit_servo: 2.5.9 (/opt/ros/humble/share/moveit_servo/cmake)
[9.185s] -- Found Boost: /usr/lib/x86_64-linux-gnu/cmake/Boost-1.74.0/BoostConfig.cmake (found version "1.74.0") found components: system filesystem date_time program_options thread chrono 
[9.480s] -- Found ament_cmake_gtest: 1.3.11 (/opt/ros/humble/share/ament_cmake_gtest/cmake)
[9.483s] -- Found ament_lint_auto: 0.12.12 (/opt/ros/humble/share/ament_lint_auto/cmake)
[9.516s] -- Added test 'copyright' to check source files copyright and LICENSE
[9.529s] -- Added test 'cppcheck' to perform static code analysis on C / C++ code
[9.529s] -- Configured cppcheck include dirs: 
[9.529s] -- Configured cppcheck exclude dirs and/or files: 
[9.535s] -- Added test 'cpplint' to check C / C++ code against the Google style
[9.536s] -- Configured cpplint exclude dirs and/or files: 
[9.536s] -- Added test 'lint_cmake' to check CMake code style
[9.537s] -- Added test 'uncrustify' to check C / C++ code style
[9.537s] -- Configured uncrustify additional arguments: 
[9.537s] -- Added test 'xmllint' to check XML markup files
[9.545s] -- Configuring done
[10.134s] -- Generating done
[10.190s] -- Build files have been written to: /home/rosuser/ros2_ws/build/iiwa_moveit2
[10.346s] [35m[1mConsolidate compiler generated dependencies of target servo_controller_input[0m
[10.361s] [35m[1mConsolidate compiler generated dependencies of target servo_node[0m
[10.395s] [35m[1mConsolidate compiler generated dependencies of target pose_tracking_servo_node[0m
[10.902s] [  0%] [32mBuilding CXX object CMakeFiles/servo_controller_input.dir/src/joystick_servo.cpp.o[0m
[11.980s] [  0%] [32mBuilding CXX object CMakeFiles/servo_node.dir/src/servo_node.cpp.o[0m
[11.997s] [  0%] [32mBuilding CXX object CMakeFiles/pose_tracking_servo_node.dir/src/pose_tracking_servo.cpp.o[0m
[50.447s] [  0%] [32m[1mLinking CXX executable servo_node[0m
[52.874s] [  0%] Built target servo_node
[59.956s] [  0%] [32m[1mLinking CXX shared library libservo_controller_input.so[0m
[60.862s] [  0%] Built target servo_controller_input
[66.386s] [  0%] [32m[1mLinking CXX executable pose_tracking_servo_node[0m
[66.880s] [  0%] Built target pose_tracking_servo_node
[66.895s] Invoked command in '/home/rosuser/ros2_ws/build/iiwa_moveit2' returned '0': CMAKE_PREFIX_PATH=${CMAKE_PREFIX_PATH}:/home/rosuser/mocap4r2_ws/install/mocap4r2cli:/home/rosuser/ros2_ws/install/lbr_demos_py:/home/rosuser/ros2_ws/install/lbr_moveit:/home/rosuser/ros2_ws/install/lbr_demos_advanced_py:/home/rosuser/ros2_ws/install/lbr_fri_idl:/opt/ros/humble /usr/bin/cmake --build /home/rosuser/ros2_ws/build/iiwa_moveit2 -- -j4 -l4
[66.896s] Invoking command in '/home/rosuser/ros2_ws/build/iiwa_moveit2': CMAKE_PREFIX_PATH=${CMAKE_PREFIX_PATH}:/home/rosuser/mocap4r2_ws/install/mocap4r2cli:/home/rosuser/ros2_ws/install/lbr_demos_py:/home/rosuser/ros2_ws/install/lbr_moveit:/home/rosuser/ros2_ws/install/lbr_demos_advanced_py:/home/rosuser/ros2_ws/install/lbr_fri_idl:/opt/ros/humble /usr/bin/cmake --install /home/rosuser/ros2_ws/build/iiwa_moveit2
[66.907s] -- Install configuration: "Release"
[66.908s] -- Execute custom install script
[66.951s] -- Up-to-date symlink: /home/rosuser/ros2_ws/install/iiwa_moveit2/lib/iiwa_moveit2/pose_tracking_servo_node
[66.953s] -- Up-to-date symlink: /home/rosuser/ros2_ws/install/iiwa_moveit2/lib/iiwa_moveit2/servo_node
[67.034s] -- Up-to-date symlink: /home/rosuser/ros2_ws/install/iiwa_moveit2/share/iiwa_moveit2/environment/library_path.sh
[67.034s] -- Up-to-date symlink: /home/rosuser/ros2_ws/install/iiwa_moveit2/share/iiwa_moveit2/environment/library_path.dsv
[67.034s] -- Up-to-date symlink: /home/rosuser/ros2_ws/install/iiwa_moveit2/share/ament_index/resource_index/package_run_dependencies/iiwa_moveit2
[67.076s] -- Up-to-date symlink: /home/rosuser/ros2_ws/install/iiwa_moveit2/share/ament_index/resource_index/parent_prefix_path/iiwa_moveit2
[67.117s] -- Up-to-date symlink: /home/rosuser/ros2_ws/install/iiwa_moveit2/share/iiwa_moveit2/environment/ament_prefix_path.sh
[67.117s] -- Up-to-date symlink: /home/rosuser/ros2_ws/install/iiwa_moveit2/share/iiwa_moveit2/environment/ament_prefix_path.dsv
[67.159s] -- Up-to-date symlink: /home/rosuser/ros2_ws/install/iiwa_moveit2/share/iiwa_moveit2/environment/path.sh
[67.159s] -- Up-to-date symlink: /home/rosuser/ros2_ws/install/iiwa_moveit2/share/iiwa_moveit2/environment/path.dsv
[67.243s] -- Up-to-date symlink: /home/rosuser/ros2_ws/install/iiwa_moveit2/share/iiwa_moveit2/local_setup.bash
[67.244s] -- Up-to-date symlink: /home/rosuser/ros2_ws/install/iiwa_moveit2/share/iiwa_moveit2/local_setup.sh
[67.279s] -- Up-to-date symlink: /home/rosuser/ros2_ws/install/iiwa_moveit2/share/iiwa_moveit2/local_setup.zsh
[67.280s] -- Up-to-date symlink: /home/rosuser/ros2_ws/install/iiwa_moveit2/share/iiwa_moveit2/local_setup.dsv
[67.280s] -- Symlinking: /home/rosuser/ros2_ws/install/iiwa_moveit2/share/iiwa_moveit2/package.dsv
[67.371s] -- Up-to-date symlink: /home/rosuser/ros2_ws/install/iiwa_moveit2/share/ament_index/resource_index/packages/iiwa_moveit2
[67.421s] -- Up-to-date symlink: /home/rosuser/ros2_ws/install/iiwa_moveit2/share/ament_index/resource_index/rclcpp_components/iiwa_moveit2
[67.422s] -- Up-to-date symlink: /home/rosuser/ros2_ws/install/iiwa_moveit2/share/iiwa_moveit2/cmake/ament_cmake_export_targets-extras.cmake
[67.422s] -- Up-to-date symlink: /home/rosuser/ros2_ws/install/iiwa_moveit2/share/iiwa_moveit2/cmake/ament_cmake_export_dependencies-extras.cmake
[67.423s] -- Up-to-date symlink: /home/rosuser/ros2_ws/install/iiwa_moveit2/share/iiwa_moveit2/cmake/iiwa_moveit2Config.cmake
[67.423s] -- Up-to-date symlink: /home/rosuser/ros2_ws/install/iiwa_moveit2/share/iiwa_moveit2/cmake/iiwa_moveit2Config-version.cmake
[67.424s] -- Up-to-date symlink: /home/rosuser/ros2_ws/install/iiwa_moveit2/share/iiwa_moveit2/package.xml
[67.535s] -- Installing: /home/rosuser/ros2_ws/install/iiwa_moveit2/lib/libservo_controller_input.so
[67.537s] -- Set runtime path of "/home/rosuser/ros2_ws/install/iiwa_moveit2/lib/libservo_controller_input.so" to ""
[67.586s] -- Up-to-date: /home/rosuser/ros2_ws/install/iiwa_moveit2/share/iiwa_moveit2/cmake/export_iiwa_moveit2Export.cmake
[67.586s] -- Up-to-date: /home/rosuser/ros2_ws/install/iiwa_moveit2/share/iiwa_moveit2/cmake/export_iiwa_moveit2Export-release.cmake
[67.591s] Invoked command in '/home/rosuser/ros2_ws/build/iiwa_moveit2' returned '0': CMAKE_PREFIX_PATH=${CMAKE_PREFIX_PATH}:/home/rosuser/mocap4r2_ws/install/mocap4r2cli:/home/rosuser/ros2_ws/install/lbr_demos_py:/home/rosuser/ros2_ws/install/lbr_moveit:/home/rosuser/ros2_ws/install/lbr_demos_advanced_py:/home/rosuser/ros2_ws/install/lbr_fri_idl:/opt/ros/humble /usr/bin/cmake --install /home/rosuser/ros2_ws/build/iiwa_moveit2
