[0.112s] Invoking command in '/home/rosuser/ros2_ws/build/lbr_fri_idl': CMAKE_PREFIX_PATH=/home/rosuser/ros2_ws/install/fri_client_sdk:/home/rosuser/test_ws/install/rqt_mocap4r2_control:/home/rosuser/test_ws/install/mocap4r2_robot_gt:/home/rosuser/test_ws/install/mocap4r2_robot_gt_msgs:/home/rosuser/test_ws/install/mocap4r2_optitrack_driver:/home/rosuser/test_ws/install/mocap4r2_marker_viz:/home/rosuser/test_ws/install/mocap4r2_marker_publisher:/home/rosuser/test_ws/install/mocap4r2_dummy_driver:/home/rosuser/test_ws/install/mocap4r2_msgs:/home/rosuser/test_ws/install/mocap4r2_marker_viz_srvs:/home/rosuser/test_ws/install/mocap4r2_control:/home/rosuser/test_ws/install/mocap4r2_control_msgs:/home/rosuser/test_ws/install/med7_moveit_config:/home/rosuser/test_ws/install/med14_moveit_config:/home/rosuser/test_ws/install/lbr_fri_ros2_stack:/home/rosuser/test_ws/install/lbr_demos_cpp:/home/rosuser/test_ws/install/lbr_bringup:/home/rosuser/test_ws/install/lbr_ros2_control:/home/rosuser/test_ws/install/lbr_moveit_cpp:/home/rosuser/test_ws/install/lbr_demos_advanced_cpp:/home/rosuser/test_ws/install/lbr_fri_ros2:/home/rosuser/test_ws/install/lbr_fri_idl:/home/rosuser/test_ws/install/iiwa7_moveit_config:/home/rosuser/test_ws/install/iiwa14_moveit_config:/home/rosuser/test_ws/install/lbr_description:/home/rosuser/test_ws/install/impedance_controller:/home/rosuser/test_ws/install/iiwa_moveit2:/home/rosuser/test_ws/install/iiwa_hardware:/home/rosuser/test_ws/install/iiwa_bringup:/home/rosuser/test_ws/install/iiwa_description:/home/rosuser/test_ws/install/fri_client_sdk:/home/rosuser/test_ws/install/external_torque_sensor_broadcaster:/home/rosuser/ros2_ws/install/med7_moveit_config:/home/rosuser/ros2_ws/install/med14_moveit_config:/home/rosuser/ros2_ws/install/lbr_fri_ros2_stack:/home/rosuser/ros2_ws/install/lbr_demos_cpp:/home/rosuser/ros2_ws/install/lbr_bringup:/home/rosuser/ros2_ws/install/lbr_ros2_control:/home/rosuser/ros2_ws/install/lbr_moveit_cpp:/home/rosuser/ros2_ws/install/lbr_demos_advanced_cpp:/home/rosuser/ros2_ws/install/lbr_fri_ros2:/home/rosuser/ros2_ws/install/lbr_fri_idl:/home/rosuser/ros2_ws/install/iiwa7_moveit_config:/home/rosuser/ros2_ws/install/iiwa14_moveit_config:/home/rosuser/ros2_ws/install/lbr_description:/home/rosuser/ros2_ws/install/impedance_controller:/home/rosuser/ros2_ws/install/iiwa_moveit2:/home/rosuser/ros2_ws/install/iiwa_hardware:/home/rosuser/ros2_ws/install/iiwa_bringup:/home/rosuser/ros2_ws/install/iiwa_description:/home/rosuser/ros2_ws/install/external_torque_sensor_broadcaster:/home/rosuser/mocap4r2_ws/install/rqt_mocap4r2_control:/home/rosuser/mocap4r2_ws/install/mocap4r2_robot_gt:/home/rosuser/mocap4r2_ws/install/mocap4r2_robot_gt_msgs:/home/rosuser/mocap4r2_ws/install/mocap4r2_optitrack_driver:/home/rosuser/mocap4r2_ws/install/mocap4r2_marker_viz:/home/rosuser/mocap4r2_ws/install/mocap4r2_marker_publisher:/home/rosuser/mocap4r2_ws/install/mocap4r2_dummy_driver:/home/rosuser/mocap4r2_ws/install/mocap4r2_msgs:/home/rosuser/mocap4r2_ws/install/mocap4r2_marker_viz_srvs:/home/rosuser/mocap4r2_ws/install/mocap4r2_control:/home/rosuser/mocap4r2_ws/install/mocap4r2_control_msgs:/home/rosuser/opti_track/install/optitrack_wrapper_ros2:/home/rosuser/opti_track/install/optitrack_multiplexer_ros2:/home/rosuser/opti_track/install/optitrack_multiplexer_ros2_msgs:/home/rosuser/opti_track/install/optitrack_wrapper_ros2_msgs:/home/rosuser/test_ws/install/my_launch_pkg:/home/rosuser/test_ws/install/mocap4r2cli:/home/rosuser/test_ws/install/marker_pose_follow:/home/rosuser/test_ws/install/marker_pose_bridge:/home/rosuser/test_ws/install/lbr_demos_py:/home/rosuser/test_ws/install/lbr_moveit:/home/rosuser/test_ws/install/lbr_demos_advanced_py:/home/rosuser/ros2_ws/install/lbr_demos_py:/home/rosuser/ros2_ws/install/lbr_moveit:/home/rosuser/ros2_ws/install/lbr_demos_advanced_py:/home/rosuser/mocap4r2_ws/install/mocap4r2cli:/opt/ros/humble LD_LIBRARY_PATH=/home/rosuser/ros2_ws/install/fri_client_sdk/lib:/home/rosuser/test_ws/install/rqt_mocap4r2_control/lib:/home/rosuser/test_ws/install/mocap4r2_robot_gt/lib:/home/rosuser/test_ws/install/mocap4r2_robot_gt_msgs/lib:/home/rosuser/test_ws/install/mocap4r2_optitrack_driver/lib:/home/rosuser/test_ws/install/mocap4r2_msgs/lib:/home/rosuser/test_ws/install/mocap4r2_marker_viz_srvs/lib:/home/rosuser/test_ws/install/mocap4r2_control/lib:/home/rosuser/test_ws/install/mocap4r2_control_msgs/lib:/home/rosuser/test_ws/install/lbr_ros2_control/lib:/home/rosuser/test_ws/install/lbr_demos_advanced_cpp/lib:/home/rosuser/test_ws/install/lbr_fri_ros2/lib:/home/rosuser/test_ws/install/lbr_fri_idl/lib:/home/rosuser/test_ws/install/impedance_controller/lib:/home/rosuser/test_ws/install/iiwa_moveit2/lib:/home/rosuser/test_ws/install/iiwa_hardware/lib:/home/rosuser/test_ws/install/fri_client_sdk/lib:/home/rosuser/test_ws/install/external_torque_sensor_broadcaster/lib:/home/rosuser/ros2_ws/install/lbr_ros2_control/lib:/home/rosuser/ros2_ws/install/lbr_demos_advanced_cpp/lib:/home/rosuser/ros2_ws/install/lbr_fri_ros2/lib:/home/rosuser/ros2_ws/install/lbr_fri_idl/lib:/home/rosuser/ros2_ws/install/impedance_controller/lib:/home/rosuser/ros2_ws/install/iiwa_moveit2/lib:/home/rosuser/ros2_ws/install/iiwa_hardware/lib:/home/rosuser/ros2_ws/install/external_torque_sensor_broadcaster/lib:/home/rosuser/mocap4r2_ws/install/rqt_mocap4r2_control/lib:/home/rosuser/mocap4r2_ws/install/mocap4r2_robot_gt/lib:/home/rosuser/mocap4r2_ws/install/mocap4r2_robot_gt_msgs/lib:/home/rosuser/mocap4r2_ws/install/mocap4r2_optitrack_driver/lib:/home/rosuser/mocap4r2_ws/install/mocap4r2_msgs/lib:/home/rosuser/mocap4r2_ws/install/mocap4r2_marker_viz_srvs/lib:/home/rosuser/mocap4r2_ws/install/mocap4r2_control/lib:/home/rosuser/mocap4r2_ws/install/mocap4r2_control_msgs/lib:/home/rosuser/opti_track/install/optitrack_wrapper_ros2/lib:/home/rosuser/opti_track/install/optitrack_multiplexer_ros2_msgs/lib:/home/rosuser/opti_track/install/optitrack_wrapper_ros2_msgs/lib:/opt/ros/humble/opt/rviz_ogre_vendor/lib:/opt/ros/humble/lib/x86_64-linux-gnu:/opt/ros/humble/lib PKG_CONFIG_PATH=/home/rosuser/ros2_ws/install/fri_client_sdk/lib/x86_64-linux-gnu/pkgconfig:/home/rosuser/ros2_ws/install/fri_client_sdk/lib/pkgconfig:/home/rosuser/test_ws/install/fri_client_sdk/lib/x86_64-linux-gnu/pkgconfig:/home/rosuser/test_ws/install/fri_client_sdk/lib/pkgconfig /usr/bin/cmake --build /home/rosuser/ros2_ws/build/lbr_fri_idl -- -j4 -l4
[0.978s] [  1%] Built target lbr_fri_idl__cpp
[0.984s] [  4%] Built target gtest_main
[0.993s] [  4%] Built target ament_cmake_python_symlink_lbr_fri_idl
[1.051s] [ 11%] Built target gtest
[1.051s] [ 17%] Built target lbr_fri_idl__rosidl_generator_c
[1.067s] [ 27%] Built target lbr_fri_idl__rosidl_typesupport_cpp
[1.119s] [ 37%] Built target lbr_fri_idl__rosidl_typesupport_fastrtps_cpp
[1.143s] [ 47%] Built target lbr_fri_idl__rosidl_typesupport_introspection_cpp
[1.144s] [ 57%] Built target lbr_fri_idl__rosidl_typesupport_fastrtps_c
[1.181s] [ 68%] Built target lbr_fri_idl__rosidl_typesupport_c
[1.205s] [ 78%] Built target lbr_fri_idl__rosidl_typesupport_introspection_c
[1.222s] [ 81%] Built target lbr_fri_idl_test_command_interfaces
[1.240s] [ 81%] Built target lbr_fri_idl
[1.348s] [ 82%] Built target lbr_fri_idl__py
[1.482s] running egg_info
[1.483s] writing lbr_fri_idl.egg-info/PKG-INFO
[1.484s] writing dependency_links to lbr_fri_idl.egg-info/dependency_links.txt
[1.484s] writing top-level names to lbr_fri_idl.egg-info/top_level.txt
[1.487s] reading manifest file 'lbr_fri_idl.egg-info/SOURCES.txt'
[1.499s] [ 91%] Built target lbr_fri_idl__rosidl_generator_py
[1.507s] writing manifest file 'lbr_fri_idl.egg-info/SOURCES.txt'
[1.546s] [ 91%] Built target ament_cmake_python_build_lbr_fri_idl_egg
[1.738s] [ 97%] Built target lbr_fri_idl__rosidl_typesupport_fastrtps_c__pyext
[1.738s] [ 97%] Built target lbr_fri_idl__rosidl_typesupport_introspection_c__pyext
[1.774s] [100%] Built target lbr_fri_idl__rosidl_typesupport_c__pyext
[1.798s] Invoked command in '/home/rosuser/ros2_ws/build/lbr_fri_idl' returned '0': CMAKE_PREFIX_PATH=/home/rosuser/ros2_ws/install/fri_client_sdk:/home/rosuser/test_ws/install/rqt_mocap4r2_control:/home/rosuser/test_ws/install/mocap4r2_robot_gt:/home/rosuser/test_ws/install/mocap4r2_robot_gt_msgs:/home/rosuser/test_ws/install/mocap4r2_optitrack_driver:/home/rosuser/test_ws/install/mocap4r2_marker_viz:/home/rosuser/test_ws/install/mocap4r2_marker_publisher:/home/rosuser/test_ws/install/mocap4r2_dummy_driver:/home/rosuser/test_ws/install/mocap4r2_msgs:/home/rosuser/test_ws/install/mocap4r2_marker_viz_srvs:/home/rosuser/test_ws/install/mocap4r2_control:/home/rosuser/test_ws/install/mocap4r2_control_msgs:/home/rosuser/test_ws/install/med7_moveit_config:/home/rosuser/test_ws/install/med14_moveit_config:/home/rosuser/test_ws/install/lbr_fri_ros2_stack:/home/rosuser/test_ws/install/lbr_demos_cpp:/home/rosuser/test_ws/install/lbr_bringup:/home/rosuser/test_ws/install/lbr_ros2_control:/home/rosuser/test_ws/install/lbr_moveit_cpp:/home/rosuser/test_ws/install/lbr_demos_advanced_cpp:/home/rosuser/test_ws/install/lbr_fri_ros2:/home/rosuser/test_ws/install/lbr_fri_idl:/home/rosuser/test_ws/install/iiwa7_moveit_config:/home/rosuser/test_ws/install/iiwa14_moveit_config:/home/rosuser/test_ws/install/lbr_description:/home/rosuser/test_ws/install/impedance_controller:/home/rosuser/test_ws/install/iiwa_moveit2:/home/rosuser/test_ws/install/iiwa_hardware:/home/rosuser/test_ws/install/iiwa_bringup:/home/rosuser/test_ws/install/iiwa_description:/home/rosuser/test_ws/install/fri_client_sdk:/home/rosuser/test_ws/install/external_torque_sensor_broadcaster:/home/rosuser/ros2_ws/install/med7_moveit_config:/home/rosuser/ros2_ws/install/med14_moveit_config:/home/rosuser/ros2_ws/install/lbr_fri_ros2_stack:/home/rosuser/ros2_ws/install/lbr_demos_cpp:/home/rosuser/ros2_ws/install/lbr_bringup:/home/rosuser/ros2_ws/install/lbr_ros2_control:/home/rosuser/ros2_ws/install/lbr_moveit_cpp:/home/rosuser/ros2_ws/install/lbr_demos_advanced_cpp:/home/rosuser/ros2_ws/install/lbr_fri_ros2:/home/rosuser/ros2_ws/install/lbr_fri_idl:/home/rosuser/ros2_ws/install/iiwa7_moveit_config:/home/rosuser/ros2_ws/install/iiwa14_moveit_config:/home/rosuser/ros2_ws/install/lbr_description:/home/rosuser/ros2_ws/install/impedance_controller:/home/rosuser/ros2_ws/install/iiwa_moveit2:/home/rosuser/ros2_ws/install/iiwa_hardware:/home/rosuser/ros2_ws/install/iiwa_bringup:/home/rosuser/ros2_ws/install/iiwa_description:/home/rosuser/ros2_ws/install/external_torque_sensor_broadcaster:/home/rosuser/mocap4r2_ws/install/rqt_mocap4r2_control:/home/rosuser/mocap4r2_ws/install/mocap4r2_robot_gt:/home/rosuser/mocap4r2_ws/install/mocap4r2_robot_gt_msgs:/home/rosuser/mocap4r2_ws/install/mocap4r2_optitrack_driver:/home/rosuser/mocap4r2_ws/install/mocap4r2_marker_viz:/home/rosuser/mocap4r2_ws/install/mocap4r2_marker_publisher:/home/rosuser/mocap4r2_ws/install/mocap4r2_dummy_driver:/home/rosuser/mocap4r2_ws/install/mocap4r2_msgs:/home/rosuser/mocap4r2_ws/install/mocap4r2_marker_viz_srvs:/home/rosuser/mocap4r2_ws/install/mocap4r2_control:/home/rosuser/mocap4r2_ws/install/mocap4r2_control_msgs:/home/rosuser/opti_track/install/optitrack_wrapper_ros2:/home/rosuser/opti_track/install/optitrack_multiplexer_ros2:/home/rosuser/opti_track/install/optitrack_multiplexer_ros2_msgs:/home/rosuser/opti_track/install/optitrack_wrapper_ros2_msgs:/home/rosuser/test_ws/install/my_launch_pkg:/home/rosuser/test_ws/install/mocap4r2cli:/home/rosuser/test_ws/install/marker_pose_follow:/home/rosuser/test_ws/install/marker_pose_bridge:/home/rosuser/test_ws/install/lbr_demos_py:/home/rosuser/test_ws/install/lbr_moveit:/home/rosuser/test_ws/install/lbr_demos_advanced_py:/home/rosuser/ros2_ws/install/lbr_demos_py:/home/rosuser/ros2_ws/install/lbr_moveit:/home/rosuser/ros2_ws/install/lbr_demos_advanced_py:/home/rosuser/mocap4r2_ws/install/mocap4r2cli:/opt/ros/humble LD_LIBRARY_PATH=/home/rosuser/ros2_ws/install/fri_client_sdk/lib:/home/rosuser/test_ws/install/rqt_mocap4r2_control/lib:/home/rosuser/test_ws/install/mocap4r2_robot_gt/lib:/home/rosuser/test_ws/install/mocap4r2_robot_gt_msgs/lib:/home/rosuser/test_ws/install/mocap4r2_optitrack_driver/lib:/home/rosuser/test_ws/install/mocap4r2_msgs/lib:/home/rosuser/test_ws/install/mocap4r2_marker_viz_srvs/lib:/home/rosuser/test_ws/install/mocap4r2_control/lib:/home/rosuser/test_ws/install/mocap4r2_control_msgs/lib:/home/rosuser/test_ws/install/lbr_ros2_control/lib:/home/rosuser/test_ws/install/lbr_demos_advanced_cpp/lib:/home/rosuser/test_ws/install/lbr_fri_ros2/lib:/home/rosuser/test_ws/install/lbr_fri_idl/lib:/home/rosuser/test_ws/install/impedance_controller/lib:/home/rosuser/test_ws/install/iiwa_moveit2/lib:/home/rosuser/test_ws/install/iiwa_hardware/lib:/home/rosuser/test_ws/install/fri_client_sdk/lib:/home/rosuser/test_ws/install/external_torque_sensor_broadcaster/lib:/home/rosuser/ros2_ws/install/lbr_ros2_control/lib:/home/rosuser/ros2_ws/install/lbr_demos_advanced_cpp/lib:/home/rosuser/ros2_ws/install/lbr_fri_ros2/lib:/home/rosuser/ros2_ws/install/lbr_fri_idl/lib:/home/rosuser/ros2_ws/install/impedance_controller/lib:/home/rosuser/ros2_ws/install/iiwa_moveit2/lib:/home/rosuser/ros2_ws/install/iiwa_hardware/lib:/home/rosuser/ros2_ws/install/external_torque_sensor_broadcaster/lib:/home/rosuser/mocap4r2_ws/install/rqt_mocap4r2_control/lib:/home/rosuser/mocap4r2_ws/install/mocap4r2_robot_gt/lib:/home/rosuser/mocap4r2_ws/install/mocap4r2_robot_gt_msgs/lib:/home/rosuser/mocap4r2_ws/install/mocap4r2_optitrack_driver/lib:/home/rosuser/mocap4r2_ws/install/mocap4r2_msgs/lib:/home/rosuser/mocap4r2_ws/install/mocap4r2_marker_viz_srvs/lib:/home/rosuser/mocap4r2_ws/install/mocap4r2_control/lib:/home/rosuser/mocap4r2_ws/install/mocap4r2_control_msgs/lib:/home/rosuser/opti_track/install/optitrack_wrapper_ros2/lib:/home/rosuser/opti_track/install/optitrack_multiplexer_ros2_msgs/lib:/home/rosuser/opti_track/install/optitrack_wrapper_ros2_msgs/lib:/opt/ros/humble/opt/rviz_ogre_vendor/lib:/opt/ros/humble/lib/x86_64-linux-gnu:/opt/ros/humble/lib PKG_CONFIG_PATH=/home/rosuser/ros2_ws/install/fri_client_sdk/lib/x86_64-linux-gnu/pkgconfig:/home/rosuser/ros2_ws/install/fri_client_sdk/lib/pkgconfig:/home/rosuser/test_ws/install/fri_client_sdk/lib/x86_64-linux-gnu/pkgconfig:/home/rosuser/test_ws/install/fri_client_sdk/lib/pkgconfig /usr/bin/cmake --build /home/rosuser/ros2_ws/build/lbr_fri_idl -- -j4 -l4
[1.887s] Invoking command in '/home/rosuser/ros2_ws/build/lbr_fri_idl': CMAKE_PREFIX_PATH=/home/rosuser/ros2_ws/install/fri_client_sdk:/home/rosuser/test_ws/install/rqt_mocap4r2_control:/home/rosuser/test_ws/install/mocap4r2_robot_gt:/home/rosuser/test_ws/install/mocap4r2_robot_gt_msgs:/home/rosuser/test_ws/install/mocap4r2_optitrack_driver:/home/rosuser/test_ws/install/mocap4r2_marker_viz:/home/rosuser/test_ws/install/mocap4r2_marker_publisher:/home/rosuser/test_ws/install/mocap4r2_dummy_driver:/home/rosuser/test_ws/install/mocap4r2_msgs:/home/rosuser/test_ws/install/mocap4r2_marker_viz_srvs:/home/rosuser/test_ws/install/mocap4r2_control:/home/rosuser/test_ws/install/mocap4r2_control_msgs:/home/rosuser/test_ws/install/med7_moveit_config:/home/rosuser/test_ws/install/med14_moveit_config:/home/rosuser/test_ws/install/lbr_fri_ros2_stack:/home/rosuser/test_ws/install/lbr_demos_cpp:/home/rosuser/test_ws/install/lbr_bringup:/home/rosuser/test_ws/install/lbr_ros2_control:/home/rosuser/test_ws/install/lbr_moveit_cpp:/home/rosuser/test_ws/install/lbr_demos_advanced_cpp:/home/rosuser/test_ws/install/lbr_fri_ros2:/home/rosuser/test_ws/install/lbr_fri_idl:/home/rosuser/test_ws/install/iiwa7_moveit_config:/home/rosuser/test_ws/install/iiwa14_moveit_config:/home/rosuser/test_ws/install/lbr_description:/home/rosuser/test_ws/install/impedance_controller:/home/rosuser/test_ws/install/iiwa_moveit2:/home/rosuser/test_ws/install/iiwa_hardware:/home/rosuser/test_ws/install/iiwa_bringup:/home/rosuser/test_ws/install/iiwa_description:/home/rosuser/test_ws/install/fri_client_sdk:/home/rosuser/test_ws/install/external_torque_sensor_broadcaster:/home/rosuser/ros2_ws/install/med7_moveit_config:/home/rosuser/ros2_ws/install/med14_moveit_config:/home/rosuser/ros2_ws/install/lbr_fri_ros2_stack:/home/rosuser/ros2_ws/install/lbr_demos_cpp:/home/rosuser/ros2_ws/install/lbr_bringup:/home/rosuser/ros2_ws/install/lbr_ros2_control:/home/rosuser/ros2_ws/install/lbr_moveit_cpp:/home/rosuser/ros2_ws/install/lbr_demos_advanced_cpp:/home/rosuser/ros2_ws/install/lbr_fri_ros2:/home/rosuser/ros2_ws/install/lbr_fri_idl:/home/rosuser/ros2_ws/install/iiwa7_moveit_config:/home/rosuser/ros2_ws/install/iiwa14_moveit_config:/home/rosuser/ros2_ws/install/lbr_description:/home/rosuser/ros2_ws/install/impedance_controller:/home/rosuser/ros2_ws/install/iiwa_moveit2:/home/rosuser/ros2_ws/install/iiwa_hardware:/home/rosuser/ros2_ws/install/iiwa_bringup:/home/rosuser/ros2_ws/install/iiwa_description:/home/rosuser/ros2_ws/install/external_torque_sensor_broadcaster:/home/rosuser/mocap4r2_ws/install/rqt_mocap4r2_control:/home/rosuser/mocap4r2_ws/install/mocap4r2_robot_gt:/home/rosuser/mocap4r2_ws/install/mocap4r2_robot_gt_msgs:/home/rosuser/mocap4r2_ws/install/mocap4r2_optitrack_driver:/home/rosuser/mocap4r2_ws/install/mocap4r2_marker_viz:/home/rosuser/mocap4r2_ws/install/mocap4r2_marker_publisher:/home/rosuser/mocap4r2_ws/install/mocap4r2_dummy_driver:/home/rosuser/mocap4r2_ws/install/mocap4r2_msgs:/home/rosuser/mocap4r2_ws/install/mocap4r2_marker_viz_srvs:/home/rosuser/mocap4r2_ws/install/mocap4r2_control:/home/rosuser/mocap4r2_ws/install/mocap4r2_control_msgs:/home/rosuser/opti_track/install/optitrack_wrapper_ros2:/home/rosuser/opti_track/install/optitrack_multiplexer_ros2:/home/rosuser/opti_track/install/optitrack_multiplexer_ros2_msgs:/home/rosuser/opti_track/install/optitrack_wrapper_ros2_msgs:/home/rosuser/test_ws/install/my_launch_pkg:/home/rosuser/test_ws/install/mocap4r2cli:/home/rosuser/test_ws/install/marker_pose_follow:/home/rosuser/test_ws/install/marker_pose_bridge:/home/rosuser/test_ws/install/lbr_demos_py:/home/rosuser/test_ws/install/lbr_moveit:/home/rosuser/test_ws/install/lbr_demos_advanced_py:/home/rosuser/ros2_ws/install/lbr_demos_py:/home/rosuser/ros2_ws/install/lbr_moveit:/home/rosuser/ros2_ws/install/lbr_demos_advanced_py:/home/rosuser/mocap4r2_ws/install/mocap4r2cli:/opt/ros/humble LD_LIBRARY_PATH=/home/rosuser/ros2_ws/install/fri_client_sdk/lib:/home/rosuser/test_ws/install/rqt_mocap4r2_control/lib:/home/rosuser/test_ws/install/mocap4r2_robot_gt/lib:/home/rosuser/test_ws/install/mocap4r2_robot_gt_msgs/lib:/home/rosuser/test_ws/install/mocap4r2_optitrack_driver/lib:/home/rosuser/test_ws/install/mocap4r2_msgs/lib:/home/rosuser/test_ws/install/mocap4r2_marker_viz_srvs/lib:/home/rosuser/test_ws/install/mocap4r2_control/lib:/home/rosuser/test_ws/install/mocap4r2_control_msgs/lib:/home/rosuser/test_ws/install/lbr_ros2_control/lib:/home/rosuser/test_ws/install/lbr_demos_advanced_cpp/lib:/home/rosuser/test_ws/install/lbr_fri_ros2/lib:/home/rosuser/test_ws/install/lbr_fri_idl/lib:/home/rosuser/test_ws/install/impedance_controller/lib:/home/rosuser/test_ws/install/iiwa_moveit2/lib:/home/rosuser/test_ws/install/iiwa_hardware/lib:/home/rosuser/test_ws/install/fri_client_sdk/lib:/home/rosuser/test_ws/install/external_torque_sensor_broadcaster/lib:/home/rosuser/ros2_ws/install/lbr_ros2_control/lib:/home/rosuser/ros2_ws/install/lbr_demos_advanced_cpp/lib:/home/rosuser/ros2_ws/install/lbr_fri_ros2/lib:/home/rosuser/ros2_ws/install/lbr_fri_idl/lib:/home/rosuser/ros2_ws/install/impedance_controller/lib:/home/rosuser/ros2_ws/install/iiwa_moveit2/lib:/home/rosuser/ros2_ws/install/iiwa_hardware/lib:/home/rosuser/ros2_ws/install/external_torque_sensor_broadcaster/lib:/home/rosuser/mocap4r2_ws/install/rqt_mocap4r2_control/lib:/home/rosuser/mocap4r2_ws/install/mocap4r2_robot_gt/lib:/home/rosuser/mocap4r2_ws/install/mocap4r2_robot_gt_msgs/lib:/home/rosuser/mocap4r2_ws/install/mocap4r2_optitrack_driver/lib:/home/rosuser/mocap4r2_ws/install/mocap4r2_msgs/lib:/home/rosuser/mocap4r2_ws/install/mocap4r2_marker_viz_srvs/lib:/home/rosuser/mocap4r2_ws/install/mocap4r2_control/lib:/home/rosuser/mocap4r2_ws/install/mocap4r2_control_msgs/lib:/home/rosuser/opti_track/install/optitrack_wrapper_ros2/lib:/home/rosuser/opti_track/install/optitrack_multiplexer_ros2_msgs/lib:/home/rosuser/opti_track/install/optitrack_wrapper_ros2_msgs/lib:/opt/ros/humble/opt/rviz_ogre_vendor/lib:/opt/ros/humble/lib/x86_64-linux-gnu:/opt/ros/humble/lib PKG_CONFIG_PATH=/home/rosuser/ros2_ws/install/fri_client_sdk/lib/x86_64-linux-gnu/pkgconfig:/home/rosuser/ros2_ws/install/fri_client_sdk/lib/pkgconfig:/home/rosuser/test_ws/install/fri_client_sdk/lib/x86_64-linux-gnu/pkgconfig:/home/rosuser/test_ws/install/fri_client_sdk/lib/pkgconfig /usr/bin/cmake --install /home/rosuser/ros2_ws/build/lbr_fri_idl
[1.902s] -- Install configuration: "Release"
[1.943s] -- Execute custom install script
[1.994s] -- Up-to-date symlink: /home/rosuser/ros2_ws/install/lbr_fri_idl/share/ament_index/resource_index/rosidl_interfaces/lbr_fri_idl
[2.069s] -- Up-to-date symlink: /home/rosuser/ros2_ws/install/lbr_fri_idl/include/lbr_fri_idl/lbr_fri_idl/msg/detail/lbr_command__functions.h
[2.094s] -- Up-to-date symlink: /home/rosuser/ros2_ws/install/lbr_fri_idl/include/lbr_fri_idl/lbr_fri_idl/msg/detail/lbr_command__struct.h
[2.119s] -- Up-to-date symlink: /home/rosuser/ros2_ws/install/lbr_fri_idl/include/lbr_fri_idl/lbr_fri_idl/msg/detail/lbr_command__type_support.h
[2.144s] -- Up-to-date symlink: /home/rosuser/ros2_ws/install/lbr_fri_idl/include/lbr_fri_idl/lbr_fri_idl/msg/detail/lbr_joint_position_command__functions.h
[2.145s] -- Up-to-date symlink: /home/rosuser/ros2_ws/install/lbr_fri_idl/include/lbr_fri_idl/lbr_fri_idl/msg/detail/lbr_joint_position_command__struct.h
[2.171s] -- Up-to-date symlink: /home/rosuser/ros2_ws/install/lbr_fri_idl/include/lbr_fri_idl/lbr_fri_idl/msg/detail/lbr_joint_position_command__type_support.h
[2.171s] -- Up-to-date symlink: /home/rosuser/ros2_ws/install/lbr_fri_idl/include/lbr_fri_idl/lbr_fri_idl/msg/detail/lbr_state__functions.h
[2.204s] -- Up-to-date symlink: /home/rosuser/ros2_ws/install/lbr_fri_idl/include/lbr_fri_idl/lbr_fri_idl/msg/detail/lbr_state__struct.h
[2.205s] -- Up-to-date symlink: /home/rosuser/ros2_ws/install/lbr_fri_idl/include/lbr_fri_idl/lbr_fri_idl/msg/detail/lbr_state__type_support.h
[2.238s] -- Up-to-date symlink: /home/rosuser/ros2_ws/install/lbr_fri_idl/include/lbr_fri_idl/lbr_fri_idl/msg/detail/lbr_torque_command__functions.h
[2.238s] -- Up-to-date symlink: /home/rosuser/ros2_ws/install/lbr_fri_idl/include/lbr_fri_idl/lbr_fri_idl/msg/detail/lbr_torque_command__struct.h
[2.271s] -- Up-to-date symlink: /home/rosuser/ros2_ws/install/lbr_fri_idl/include/lbr_fri_idl/lbr_fri_idl/msg/detail/lbr_torque_command__type_support.h
[2.313s] -- Up-to-date symlink: /home/rosuser/ros2_ws/install/lbr_fri_idl/include/lbr_fri_idl/lbr_fri_idl/msg/detail/lbr_wrench_command__functions.h
[2.346s] -- Up-to-date symlink: /home/rosuser/ros2_ws/install/lbr_fri_idl/include/lbr_fri_idl/lbr_fri_idl/msg/detail/lbr_wrench_command__struct.h
[2.379s] -- Up-to-date symlink: /home/rosuser/ros2_ws/install/lbr_fri_idl/include/lbr_fri_idl/lbr_fri_idl/msg/detail/lbr_wrench_command__type_support.h
[2.429s] -- Up-to-date symlink: /home/rosuser/ros2_ws/install/lbr_fri_idl/include/lbr_fri_idl/lbr_fri_idl/msg/lbr_command.h
[2.463s] -- Up-to-date symlink: /home/rosuser/ros2_ws/install/lbr_fri_idl/include/lbr_fri_idl/lbr_fri_idl/msg/lbr_joint_position_command.h
[2.504s] -- Up-to-date symlink: /home/rosuser/ros2_ws/install/lbr_fri_idl/include/lbr_fri_idl/lbr_fri_idl/msg/lbr_state.h
[2.538s] -- Up-to-date symlink: /home/rosuser/ros2_ws/install/lbr_fri_idl/include/lbr_fri_idl/lbr_fri_idl/msg/lbr_torque_command.h
[2.571s] -- Up-to-date symlink: /home/rosuser/ros2_ws/install/lbr_fri_idl/include/lbr_fri_idl/lbr_fri_idl/msg/lbr_wrench_command.h
[2.605s] -- Up-to-date symlink: /home/rosuser/ros2_ws/install/lbr_fri_idl/include/lbr_fri_idl/lbr_fri_idl/msg/rosidl_generator_c__visibility_control.h
[2.638s] -- Up-to-date symlink: /home/rosuser/ros2_ws/install/lbr_fri_idl/share/lbr_fri_idl/environment/library_path.sh
[2.638s] -- Up-to-date symlink: /home/rosuser/ros2_ws/install/lbr_fri_idl/share/lbr_fri_idl/environment/library_path.dsv
[2.671s] -- Up-to-date symlink: /home/rosuser/ros2_ws/install/lbr_fri_idl/include/lbr_fri_idl/lbr_fri_idl/msg/detail/lbr_command__rosidl_typesupport_fastrtps_c.h
[2.705s] -- Up-to-date symlink: /home/rosuser/ros2_ws/install/lbr_fri_idl/include/lbr_fri_idl/lbr_fri_idl/msg/detail/lbr_joint_position_command__rosidl_typesupport_fastrtps_c.h
[2.738s] -- Up-to-date symlink: /home/rosuser/ros2_ws/install/lbr_fri_idl/include/lbr_fri_idl/lbr_fri_idl/msg/detail/lbr_state__rosidl_typesupport_fastrtps_c.h
[2.739s] -- Up-to-date symlink: /home/rosuser/ros2_ws/install/lbr_fri_idl/include/lbr_fri_idl/lbr_fri_idl/msg/detail/lbr_torque_command__rosidl_typesupport_fastrtps_c.h
[2.771s] -- Up-to-date symlink: /home/rosuser/ros2_ws/install/lbr_fri_idl/include/lbr_fri_idl/lbr_fri_idl/msg/detail/lbr_wrench_command__rosidl_typesupport_fastrtps_c.h
[2.800s] -- Up-to-date symlink: /home/rosuser/ros2_ws/install/lbr_fri_idl/include/lbr_fri_idl/lbr_fri_idl/msg/rosidl_typesupport_fastrtps_c__visibility_control.h
[2.833s] -- Up-to-date symlink: /home/rosuser/ros2_ws/install/lbr_fri_idl/include/lbr_fri_idl/lbr_fri_idl/msg/detail/lbr_command__builder.hpp
[2.867s] -- Up-to-date symlink: /home/rosuser/ros2_ws/install/lbr_fri_idl/include/lbr_fri_idl/lbr_fri_idl/msg/detail/lbr_command__struct.hpp
[2.900s] -- Up-to-date symlink: /home/rosuser/ros2_ws/install/lbr_fri_idl/include/lbr_fri_idl/lbr_fri_idl/msg/detail/lbr_command__traits.hpp
[2.933s] -- Up-to-date symlink: /home/rosuser/ros2_ws/install/lbr_fri_idl/include/lbr_fri_idl/lbr_fri_idl/msg/detail/lbr_command__type_support.hpp
[2.975s] -- Up-to-date symlink: /home/rosuser/ros2_ws/install/lbr_fri_idl/include/lbr_fri_idl/lbr_fri_idl/msg/detail/lbr_joint_position_command__builder.hpp
[3.009s] -- Up-to-date symlink: /home/rosuser/ros2_ws/install/lbr_fri_idl/include/lbr_fri_idl/lbr_fri_idl/msg/detail/lbr_joint_position_command__struct.hpp
[3.009s] -- Up-to-date symlink: /home/rosuser/ros2_ws/install/lbr_fri_idl/include/lbr_fri_idl/lbr_fri_idl/msg/detail/lbr_joint_position_command__traits.hpp
[3.042s] -- Up-to-date symlink: /home/rosuser/ros2_ws/install/lbr_fri_idl/include/lbr_fri_idl/lbr_fri_idl/msg/detail/lbr_joint_position_command__type_support.hpp
[3.043s] -- Up-to-date symlink: /home/rosuser/ros2_ws/install/lbr_fri_idl/include/lbr_fri_idl/lbr_fri_idl/msg/detail/lbr_state__builder.hpp
[3.075s] -- Up-to-date symlink: /home/rosuser/ros2_ws/install/lbr_fri_idl/include/lbr_fri_idl/lbr_fri_idl/msg/detail/lbr_state__struct.hpp
[3.076s] -- Up-to-date symlink: /home/rosuser/ros2_ws/install/lbr_fri_idl/include/lbr_fri_idl/lbr_fri_idl/msg/detail/lbr_state__traits.hpp
[3.109s] -- Up-to-date symlink: /home/rosuser/ros2_ws/install/lbr_fri_idl/include/lbr_fri_idl/lbr_fri_idl/msg/detail/lbr_state__type_support.hpp
[3.142s] -- Up-to-date symlink: /home/rosuser/ros2_ws/install/lbr_fri_idl/include/lbr_fri_idl/lbr_fri_idl/msg/detail/lbr_torque_command__builder.hpp
[3.176s] -- Up-to-date symlink: /home/rosuser/ros2_ws/install/lbr_fri_idl/include/lbr_fri_idl/lbr_fri_idl/msg/detail/lbr_torque_command__struct.hpp
[3.209s] -- Up-to-date symlink: /home/rosuser/ros2_ws/install/lbr_fri_idl/include/lbr_fri_idl/lbr_fri_idl/msg/detail/lbr_torque_command__traits.hpp
[3.276s] -- Up-to-date symlink: /home/rosuser/ros2_ws/install/lbr_fri_idl/include/lbr_fri_idl/lbr_fri_idl/msg/detail/lbr_torque_command__type_support.hpp
[3.309s] -- Up-to-date symlink: /home/rosuser/ros2_ws/install/lbr_fri_idl/include/lbr_fri_idl/lbr_fri_idl/msg/detail/lbr_wrench_command__builder.hpp
[3.343s] -- Up-to-date symlink: /home/rosuser/ros2_ws/install/lbr_fri_idl/include/lbr_fri_idl/lbr_fri_idl/msg/detail/lbr_wrench_command__struct.hpp
[3.376s] -- Up-to-date symlink: /home/rosuser/ros2_ws/install/lbr_fri_idl/include/lbr_fri_idl/lbr_fri_idl/msg/detail/lbr_wrench_command__traits.hpp
[3.481s] -- Up-to-date symlink: /home/rosuser/ros2_ws/install/lbr_fri_idl/include/lbr_fri_idl/lbr_fri_idl/msg/detail/lbr_wrench_command__type_support.hpp
[3.514s] -- Up-to-date symlink: /home/rosuser/ros2_ws/install/lbr_fri_idl/include/lbr_fri_idl/lbr_fri_idl/msg/lbr_command.hpp
[3.516s] -- Up-to-date symlink: /home/rosuser/ros2_ws/install/lbr_fri_idl/include/lbr_fri_idl/lbr_fri_idl/msg/lbr_joint_position_command.hpp
[3.560s] -- Up-to-date symlink: /home/rosuser/ros2_ws/install/lbr_fri_idl/include/lbr_fri_idl/lbr_fri_idl/msg/lbr_state.hpp
[3.590s] -- Up-to-date symlink: /home/rosuser/ros2_ws/install/lbr_fri_idl/include/lbr_fri_idl/lbr_fri_idl/msg/lbr_torque_command.hpp
[3.591s] -- Up-to-date symlink: /home/rosuser/ros2_ws/install/lbr_fri_idl/include/lbr_fri_idl/lbr_fri_idl/msg/lbr_wrench_command.hpp
[3.592s] -- Up-to-date symlink: /home/rosuser/ros2_ws/install/lbr_fri_idl/include/lbr_fri_idl/lbr_fri_idl/msg/rosidl_generator_cpp__visibility_control.hpp
[3.594s] -- Up-to-date symlink: /home/rosuser/ros2_ws/install/lbr_fri_idl/include/lbr_fri_idl/lbr_fri_idl/msg/detail/lbr_command__rosidl_typesupport_fastrtps_cpp.hpp
[3.594s] -- Up-to-date symlink: /home/rosuser/ros2_ws/install/lbr_fri_idl/include/lbr_fri_idl/lbr_fri_idl/msg/detail/lbr_joint_position_command__rosidl_typesupport_fastrtps_cpp.hpp
[3.595s] -- Up-to-date symlink: /home/rosuser/ros2_ws/install/lbr_fri_idl/include/lbr_fri_idl/lbr_fri_idl/msg/detail/lbr_state__rosidl_typesupport_fastrtps_cpp.hpp
[3.595s] -- Up-to-date symlink: /home/rosuser/ros2_ws/install/lbr_fri_idl/include/lbr_fri_idl/lbr_fri_idl/msg/detail/lbr_torque_command__rosidl_typesupport_fastrtps_cpp.hpp
[3.596s] -- Up-to-date symlink: /home/rosuser/ros2_ws/install/lbr_fri_idl/include/lbr_fri_idl/lbr_fri_idl/msg/detail/lbr_wrench_command__rosidl_typesupport_fastrtps_cpp.hpp
[3.597s] -- Up-to-date symlink: /home/rosuser/ros2_ws/install/lbr_fri_idl/include/lbr_fri_idl/lbr_fri_idl/msg/rosidl_typesupport_fastrtps_cpp__visibility_control.h
[3.606s] -- Up-to-date symlink: /home/rosuser/ros2_ws/install/lbr_fri_idl/include/lbr_fri_idl/lbr_fri_idl/msg/detail/lbr_command__rosidl_typesupport_introspection_c.h
[3.607s] -- Up-to-date symlink: /home/rosuser/ros2_ws/install/lbr_fri_idl/include/lbr_fri_idl/lbr_fri_idl/msg/detail/lbr_joint_position_command__rosidl_typesupport_introspection_c.h
[3.608s] -- Up-to-date symlink: /home/rosuser/ros2_ws/install/lbr_fri_idl/include/lbr_fri_idl/lbr_fri_idl/msg/detail/lbr_state__rosidl_typesupport_introspection_c.h
[3.609s] -- Up-to-date symlink: /home/rosuser/ros2_ws/install/lbr_fri_idl/include/lbr_fri_idl/lbr_fri_idl/msg/detail/lbr_torque_command__rosidl_typesupport_introspection_c.h
[3.609s] -- Up-to-date symlink: /home/rosuser/ros2_ws/install/lbr_fri_idl/include/lbr_fri_idl/lbr_fri_idl/msg/detail/lbr_wrench_command__rosidl_typesupport_introspection_c.h
[3.610s] -- Up-to-date symlink: /home/rosuser/ros2_ws/install/lbr_fri_idl/include/lbr_fri_idl/lbr_fri_idl/msg/rosidl_typesupport_introspection_c__visibility_control.h
[3.612s] -- Up-to-date symlink: /home/rosuser/ros2_ws/install/lbr_fri_idl/include/lbr_fri_idl/lbr_fri_idl/msg/detail/lbr_command__rosidl_typesupport_introspection_cpp.hpp
[3.612s] -- Up-to-date symlink: /home/rosuser/ros2_ws/install/lbr_fri_idl/include/lbr_fri_idl/lbr_fri_idl/msg/detail/lbr_joint_position_command__rosidl_typesupport_introspection_cpp.hpp
[3.613s] -- Up-to-date symlink: /home/rosuser/ros2_ws/install/lbr_fri_idl/include/lbr_fri_idl/lbr_fri_idl/msg/detail/lbr_state__rosidl_typesupport_introspection_cpp.hpp
[3.614s] -- Up-to-date symlink: /home/rosuser/ros2_ws/install/lbr_fri_idl/include/lbr_fri_idl/lbr_fri_idl/msg/detail/lbr_torque_command__rosidl_typesupport_introspection_cpp.hpp
[3.614s] -- Up-to-date symlink: /home/rosuser/ros2_ws/install/lbr_fri_idl/include/lbr_fri_idl/lbr_fri_idl/msg/detail/lbr_wrench_command__rosidl_typesupport_introspection_cpp.hpp
[3.615s] -- Up-to-date symlink: /home/rosuser/ros2_ws/install/lbr_fri_idl/share/lbr_fri_idl/environment/pythonpath.sh
[3.615s] -- Up-to-date symlink: /home/rosuser/ros2_ws/install/lbr_fri_idl/share/lbr_fri_idl/environment/pythonpath.dsv
[3.616s] -- Up-to-date symlink: /home/rosuser/ros2_ws/install/lbr_fri_idl/local/lib/python3.10/dist-packages/lbr_fri_idl-1.5.0-py3.10.egg-info/PKG-INFO
[3.617s] -- Up-to-date symlink: /home/rosuser/ros2_ws/install/lbr_fri_idl/local/lib/python3.10/dist-packages/lbr_fri_idl-1.5.0-py3.10.egg-info/SOURCES.txt
[3.618s] -- Up-to-date symlink: /home/rosuser/ros2_ws/install/lbr_fri_idl/local/lib/python3.10/dist-packages/lbr_fri_idl-1.5.0-py3.10.egg-info/dependency_links.txt
[3.619s] -- Up-to-date symlink: /home/rosuser/ros2_ws/install/lbr_fri_idl/local/lib/python3.10/dist-packages/lbr_fri_idl-1.5.0-py3.10.egg-info/top_level.txt
[3.621s] -- Up-to-date symlink: /home/rosuser/ros2_ws/install/lbr_fri_idl/local/lib/python3.10/dist-packages/lbr_fri_idl/__init__.py
[3.622s] -- Up-to-date symlink: /home/rosuser/ros2_ws/install/lbr_fri_idl/local/lib/python3.10/dist-packages/lbr_fri_idl/_lbr_fri_idl_s.ep.rosidl_typesupport_c.c
[3.622s] -- Up-to-date symlink: /home/rosuser/ros2_ws/install/lbr_fri_idl/local/lib/python3.10/dist-packages/lbr_fri_idl/_lbr_fri_idl_s.ep.rosidl_typesupport_fastrtps_c.c
[3.623s] -- Up-to-date symlink: /home/rosuser/ros2_ws/install/lbr_fri_idl/local/lib/python3.10/dist-packages/lbr_fri_idl/_lbr_fri_idl_s.ep.rosidl_typesupport_introspection_c.c
[3.623s] -- Up-to-date symlink: /home/rosuser/ros2_ws/install/lbr_fri_idl/local/lib/python3.10/dist-packages/lbr_fri_idl/lbr_fri_idl_s__rosidl_typesupport_c.cpython-310-x86_64-linux-gnu.so
[3.624s] -- Up-to-date symlink: /home/rosuser/ros2_ws/install/lbr_fri_idl/local/lib/python3.10/dist-packages/lbr_fri_idl/lbr_fri_idl_s__rosidl_typesupport_fastrtps_c.cpython-310-x86_64-linux-gnu.so
[3.625s] -- Up-to-date symlink: /home/rosuser/ros2_ws/install/lbr_fri_idl/local/lib/python3.10/dist-packages/lbr_fri_idl/lbr_fri_idl_s__rosidl_typesupport_introspection_c.cpython-310-x86_64-linux-gnu.so
[3.625s] -- Up-to-date symlink: /home/rosuser/ros2_ws/install/lbr_fri_idl/local/lib/python3.10/dist-packages/lbr_fri_idl/liblbr_fri_idl__rosidl_generator_py.so
[3.626s] -- Up-to-date symlink: /home/rosuser/ros2_ws/install/lbr_fri_idl/local/lib/python3.10/dist-packages/lbr_fri_idl/msg/__init__.py
[3.627s] -- Up-to-date symlink: /home/rosuser/ros2_ws/install/lbr_fri_idl/local/lib/python3.10/dist-packages/lbr_fri_idl/msg/_lbr_command.py
[3.627s] -- Up-to-date symlink: /home/rosuser/ros2_ws/install/lbr_fri_idl/local/lib/python3.10/dist-packages/lbr_fri_idl/msg/_lbr_command_s.c
[3.628s] -- Up-to-date symlink: /home/rosuser/ros2_ws/install/lbr_fri_idl/local/lib/python3.10/dist-packages/lbr_fri_idl/msg/_lbr_joint_position_command.py
[3.628s] -- Up-to-date symlink: /home/rosuser/ros2_ws/install/lbr_fri_idl/local/lib/python3.10/dist-packages/lbr_fri_idl/msg/_lbr_joint_position_command_s.c
[3.628s] -- Up-to-date symlink: /home/rosuser/ros2_ws/install/lbr_fri_idl/local/lib/python3.10/dist-packages/lbr_fri_idl/msg/_lbr_state.py
[3.629s] -- Up-to-date symlink: /home/rosuser/ros2_ws/install/lbr_fri_idl/local/lib/python3.10/dist-packages/lbr_fri_idl/msg/_lbr_state_s.c
[3.649s] -- Up-to-date symlink: /home/rosuser/ros2_ws/install/lbr_fri_idl/local/lib/python3.10/dist-packages/lbr_fri_idl/msg/_lbr_torque_command.py
[3.682s] -- Up-to-date symlink: /home/rosuser/ros2_ws/install/lbr_fri_idl/local/lib/python3.10/dist-packages/lbr_fri_idl/msg/_lbr_torque_command_s.c
[3.715s] -- Up-to-date symlink: /home/rosuser/ros2_ws/install/lbr_fri_idl/local/lib/python3.10/dist-packages/lbr_fri_idl/msg/_lbr_wrench_command.py
[3.749s] -- Up-to-date symlink: /home/rosuser/ros2_ws/install/lbr_fri_idl/local/lib/python3.10/dist-packages/lbr_fri_idl/msg/_lbr_wrench_command_s.c
[3.781s] -- Up-to-date symlink: /home/rosuser/ros2_ws/install/lbr_fri_idl/local/lib/python3.10/dist-packages/lbr_fri_idl/lbr_fri_idl_s__rosidl_typesupport_fastrtps_c.cpython-310-x86_64-linux-gnu.so
[3.839s] -- Up-to-date symlink: /home/rosuser/ros2_ws/install/lbr_fri_idl/local/lib/python3.10/dist-packages/lbr_fri_idl/lbr_fri_idl_s__rosidl_typesupport_introspection_c.cpython-310-x86_64-linux-gnu.so
[3.873s] -- Up-to-date symlink: /home/rosuser/ros2_ws/install/lbr_fri_idl/local/lib/python3.10/dist-packages/lbr_fri_idl/lbr_fri_idl_s__rosidl_typesupport_c.cpython-310-x86_64-linux-gnu.so
[3.940s] -- Up-to-date symlink: /home/rosuser/ros2_ws/install/lbr_fri_idl/share/lbr_fri_idl/msg/LBRCommand.idl
[3.941s] -- Up-to-date symlink: /home/rosuser/ros2_ws/install/lbr_fri_idl/share/lbr_fri_idl/msg/LBRJointPositionCommand.idl
[3.982s] -- Up-to-date symlink: /home/rosuser/ros2_ws/install/lbr_fri_idl/share/lbr_fri_idl/msg/LBRState.idl
[3.983s] -- Up-to-date symlink: /home/rosuser/ros2_ws/install/lbr_fri_idl/share/lbr_fri_idl/msg/LBRTorqueCommand.idl
[4.015s] -- Up-to-date symlink: /home/rosuser/ros2_ws/install/lbr_fri_idl/share/lbr_fri_idl/msg/LBRWrenchCommand.idl
[4.016s] -- Up-to-date symlink: /home/rosuser/ros2_ws/install/lbr_fri_idl/share/lbr_fri_idl/msg/LBRCommand.msg
[4.049s] -- Up-to-date symlink: /home/rosuser/ros2_ws/install/lbr_fri_idl/share/lbr_fri_idl/msg/LBRJointPositionCommand.msg
[4.049s] -- Up-to-date symlink: /home/rosuser/ros2_ws/install/lbr_fri_idl/share/lbr_fri_idl/msg/LBRState.msg
[4.082s] -- Up-to-date symlink: /home/rosuser/ros2_ws/install/lbr_fri_idl/share/lbr_fri_idl/msg/LBRTorqueCommand.msg
[4.124s] -- Up-to-date symlink: /home/rosuser/ros2_ws/install/lbr_fri_idl/share/lbr_fri_idl/msg/LBRWrenchCommand.msg
[4.124s] -- Up-to-date symlink: /home/rosuser/ros2_ws/install/lbr_fri_idl/share/ament_index/resource_index/package_run_dependencies/lbr_fri_idl
[4.193s] -- Up-to-date symlink: /home/rosuser/ros2_ws/install/lbr_fri_idl/share/ament_index/resource_index/parent_prefix_path/lbr_fri_idl
[4.227s] -- Up-to-date symlink: /home/rosuser/ros2_ws/install/lbr_fri_idl/share/lbr_fri_idl/environment/ament_prefix_path.sh
[4.227s] -- Up-to-date symlink: /home/rosuser/ros2_ws/install/lbr_fri_idl/share/lbr_fri_idl/environment/ament_prefix_path.dsv
[4.260s] -- Up-to-date symlink: /home/rosuser/ros2_ws/install/lbr_fri_idl/share/lbr_fri_idl/environment/path.sh
[4.261s] -- Up-to-date symlink: /home/rosuser/ros2_ws/install/lbr_fri_idl/share/lbr_fri_idl/environment/path.dsv
[4.293s] -- Up-to-date symlink: /home/rosuser/ros2_ws/install/lbr_fri_idl/share/lbr_fri_idl/local_setup.bash
[4.294s] -- Up-to-date symlink: /home/rosuser/ros2_ws/install/lbr_fri_idl/share/lbr_fri_idl/local_setup.sh
[4.327s] -- Up-to-date symlink: /home/rosuser/ros2_ws/install/lbr_fri_idl/share/lbr_fri_idl/local_setup.zsh
[4.327s] -- Up-to-date symlink: /home/rosuser/ros2_ws/install/lbr_fri_idl/share/lbr_fri_idl/local_setup.dsv
[4.328s] -- Symlinking: /home/rosuser/ros2_ws/install/lbr_fri_idl/share/lbr_fri_idl/package.dsv
[4.347s] -- Up-to-date symlink: /home/rosuser/ros2_ws/install/lbr_fri_idl/share/ament_index/resource_index/packages/lbr_fri_idl
[4.402s] -- Up-to-date symlink: /home/rosuser/ros2_ws/install/lbr_fri_idl/share/lbr_fri_idl/cmake/rosidl_cmake-extras.cmake
[4.435s] -- Up-to-date symlink: /home/rosuser/ros2_ws/install/lbr_fri_idl/share/lbr_fri_idl/cmake/ament_cmake_export_dependencies-extras.cmake
[4.469s] -- Up-to-date symlink: /home/rosuser/ros2_ws/install/lbr_fri_idl/share/lbr_fri_idl/cmake/ament_cmake_export_include_directories-extras.cmake
[4.502s] -- Up-to-date symlink: /home/rosuser/ros2_ws/install/lbr_fri_idl/share/lbr_fri_idl/cmake/ament_cmake_export_libraries-extras.cmake
[4.536s] -- Up-to-date symlink: /home/rosuser/ros2_ws/install/lbr_fri_idl/share/lbr_fri_idl/cmake/ament_cmake_export_targets-extras.cmake
[4.571s] -- Up-to-date symlink: /home/rosuser/ros2_ws/install/lbr_fri_idl/share/lbr_fri_idl/cmake/rosidl_cmake_export_typesupport_targets-extras.cmake
[4.604s] -- Up-to-date symlink: /home/rosuser/ros2_ws/install/lbr_fri_idl/share/lbr_fri_idl/cmake/rosidl_cmake_export_typesupport_libraries-extras.cmake
[4.639s] -- Up-to-date symlink: /home/rosuser/ros2_ws/install/lbr_fri_idl/share/lbr_fri_idl/cmake/lbr_fri_idlConfig.cmake
[4.673s] -- Up-to-date symlink: /home/rosuser/ros2_ws/install/lbr_fri_idl/share/lbr_fri_idl/cmake/lbr_fri_idlConfig-version.cmake
[4.673s] -- Up-to-date symlink: /home/rosuser/ros2_ws/install/lbr_fri_idl/share/lbr_fri_idl/package.xml
[4.774s] -- Up-to-date: /home/rosuser/ros2_ws/install/lbr_fri_idl/lib/liblbr_fri_idl__rosidl_generator_c.so
[4.874s] -- Up-to-date: /home/rosuser/ros2_ws/install/lbr_fri_idl/lib/liblbr_fri_idl__rosidl_typesupport_fastrtps_c.so
[4.983s] -- Up-to-date: /home/rosuser/ros2_ws/install/lbr_fri_idl/lib/liblbr_fri_idl__rosidl_typesupport_fastrtps_cpp.so
[5.083s] -- Up-to-date: /home/rosuser/ros2_ws/install/lbr_fri_idl/lib/liblbr_fri_idl__rosidl_typesupport_introspection_c.so
[5.150s] -- Up-to-date: /home/rosuser/ros2_ws/install/lbr_fri_idl/lib/liblbr_fri_idl__rosidl_typesupport_c.so
[5.251s] -- Up-to-date: /home/rosuser/ros2_ws/install/lbr_fri_idl/lib/liblbr_fri_idl__rosidl_typesupport_introspection_cpp.so
[5.351s] -- Up-to-date: /home/rosuser/ros2_ws/install/lbr_fri_idl/lib/liblbr_fri_idl__rosidl_typesupport_cpp.so
[5.685s] Listing '/home/rosuser/ros2_ws/install/lbr_fri_idl/local/lib/python3.10/dist-packages/lbr_fri_idl'...
[5.685s] Listing '/home/rosuser/ros2_ws/install/lbr_fri_idl/local/lib/python3.10/dist-packages/lbr_fri_idl/msg'...
[5.746s] -- Up-to-date: /home/rosuser/ros2_ws/install/lbr_fri_idl/lib/liblbr_fri_idl__rosidl_generator_py.so
[5.772s] -- Up-to-date: /home/rosuser/ros2_ws/install/lbr_fri_idl/share/lbr_fri_idl/cmake/export_lbr_fri_idl__rosidl_generator_cExport.cmake
[5.772s] -- Up-to-date: /home/rosuser/ros2_ws/install/lbr_fri_idl/share/lbr_fri_idl/cmake/export_lbr_fri_idl__rosidl_generator_cExport-release.cmake
[5.788s] -- Up-to-date: /home/rosuser/ros2_ws/install/lbr_fri_idl/share/lbr_fri_idl/cmake/export_lbr_fri_idl__rosidl_typesupport_fastrtps_cExport.cmake
[5.788s] -- Up-to-date: /home/rosuser/ros2_ws/install/lbr_fri_idl/share/lbr_fri_idl/cmake/export_lbr_fri_idl__rosidl_typesupport_fastrtps_cExport-release.cmake
[5.838s] -- Up-to-date: /home/rosuser/ros2_ws/install/lbr_fri_idl/share/lbr_fri_idl/cmake/export_lbr_fri_idl__rosidl_generator_cppExport.cmake
[5.872s] -- Up-to-date: /home/rosuser/ros2_ws/install/lbr_fri_idl/share/lbr_fri_idl/cmake/export_lbr_fri_idl__rosidl_typesupport_fastrtps_cppExport.cmake
[5.872s] -- Up-to-date: /home/rosuser/ros2_ws/install/lbr_fri_idl/share/lbr_fri_idl/cmake/export_lbr_fri_idl__rosidl_typesupport_fastrtps_cppExport-release.cmake
[5.897s] -- Up-to-date: /home/rosuser/ros2_ws/install/lbr_fri_idl/share/lbr_fri_idl/cmake/lbr_fri_idl__rosidl_typesupport_introspection_cExport.cmake
[5.897s] -- Up-to-date: /home/rosuser/ros2_ws/install/lbr_fri_idl/share/lbr_fri_idl/cmake/lbr_fri_idl__rosidl_typesupport_introspection_cExport-release.cmake
[5.922s] -- Up-to-date: /home/rosuser/ros2_ws/install/lbr_fri_idl/share/lbr_fri_idl/cmake/lbr_fri_idl__rosidl_typesupport_cExport.cmake
[5.923s] -- Up-to-date: /home/rosuser/ros2_ws/install/lbr_fri_idl/share/lbr_fri_idl/cmake/lbr_fri_idl__rosidl_typesupport_cExport-release.cmake
[5.923s] -- Up-to-date: /home/rosuser/ros2_ws/install/lbr_fri_idl/share/lbr_fri_idl/cmake/lbr_fri_idl__rosidl_typesupport_introspection_cppExport.cmake
[5.924s] -- Up-to-date: /home/rosuser/ros2_ws/install/lbr_fri_idl/share/lbr_fri_idl/cmake/lbr_fri_idl__rosidl_typesupport_introspection_cppExport-release.cmake
[5.924s] -- Up-to-date: /home/rosuser/ros2_ws/install/lbr_fri_idl/share/lbr_fri_idl/cmake/lbr_fri_idl__rosidl_typesupport_cppExport.cmake
[5.924s] -- Up-to-date: /home/rosuser/ros2_ws/install/lbr_fri_idl/share/lbr_fri_idl/cmake/lbr_fri_idl__rosidl_typesupport_cppExport-release.cmake
[5.926s] -- Up-to-date: /home/rosuser/ros2_ws/install/lbr_fri_idl/share/lbr_fri_idl/cmake/export_lbr_fri_idl__rosidl_generator_pyExport.cmake
[5.927s] -- Up-to-date: /home/rosuser/ros2_ws/install/lbr_fri_idl/share/lbr_fri_idl/cmake/export_lbr_fri_idl__rosidl_generator_pyExport-release.cmake
[5.929s] Invoked command in '/home/rosuser/ros2_ws/build/lbr_fri_idl' returned '0': CMAKE_PREFIX_PATH=/home/rosuser/ros2_ws/install/fri_client_sdk:/home/rosuser/test_ws/install/rqt_mocap4r2_control:/home/rosuser/test_ws/install/mocap4r2_robot_gt:/home/rosuser/test_ws/install/mocap4r2_robot_gt_msgs:/home/rosuser/test_ws/install/mocap4r2_optitrack_driver:/home/rosuser/test_ws/install/mocap4r2_marker_viz:/home/rosuser/test_ws/install/mocap4r2_marker_publisher:/home/rosuser/test_ws/install/mocap4r2_dummy_driver:/home/rosuser/test_ws/install/mocap4r2_msgs:/home/rosuser/test_ws/install/mocap4r2_marker_viz_srvs:/home/rosuser/test_ws/install/mocap4r2_control:/home/rosuser/test_ws/install/mocap4r2_control_msgs:/home/rosuser/test_ws/install/med7_moveit_config:/home/rosuser/test_ws/install/med14_moveit_config:/home/rosuser/test_ws/install/lbr_fri_ros2_stack:/home/rosuser/test_ws/install/lbr_demos_cpp:/home/rosuser/test_ws/install/lbr_bringup:/home/rosuser/test_ws/install/lbr_ros2_control:/home/rosuser/test_ws/install/lbr_moveit_cpp:/home/rosuser/test_ws/install/lbr_demos_advanced_cpp:/home/rosuser/test_ws/install/lbr_fri_ros2:/home/rosuser/test_ws/install/lbr_fri_idl:/home/rosuser/test_ws/install/iiwa7_moveit_config:/home/rosuser/test_ws/install/iiwa14_moveit_config:/home/rosuser/test_ws/install/lbr_description:/home/rosuser/test_ws/install/impedance_controller:/home/rosuser/test_ws/install/iiwa_moveit2:/home/rosuser/test_ws/install/iiwa_hardware:/home/rosuser/test_ws/install/iiwa_bringup:/home/rosuser/test_ws/install/iiwa_description:/home/rosuser/test_ws/install/fri_client_sdk:/home/rosuser/test_ws/install/external_torque_sensor_broadcaster:/home/rosuser/ros2_ws/install/med7_moveit_config:/home/rosuser/ros2_ws/install/med14_moveit_config:/home/rosuser/ros2_ws/install/lbr_fri_ros2_stack:/home/rosuser/ros2_ws/install/lbr_demos_cpp:/home/rosuser/ros2_ws/install/lbr_bringup:/home/rosuser/ros2_ws/install/lbr_ros2_control:/home/rosuser/ros2_ws/install/lbr_moveit_cpp:/home/rosuser/ros2_ws/install/lbr_demos_advanced_cpp:/home/rosuser/ros2_ws/install/lbr_fri_ros2:/home/rosuser/ros2_ws/install/lbr_fri_idl:/home/rosuser/ros2_ws/install/iiwa7_moveit_config:/home/rosuser/ros2_ws/install/iiwa14_moveit_config:/home/rosuser/ros2_ws/install/lbr_description:/home/rosuser/ros2_ws/install/impedance_controller:/home/rosuser/ros2_ws/install/iiwa_moveit2:/home/rosuser/ros2_ws/install/iiwa_hardware:/home/rosuser/ros2_ws/install/iiwa_bringup:/home/rosuser/ros2_ws/install/iiwa_description:/home/rosuser/ros2_ws/install/external_torque_sensor_broadcaster:/home/rosuser/mocap4r2_ws/install/rqt_mocap4r2_control:/home/rosuser/mocap4r2_ws/install/mocap4r2_robot_gt:/home/rosuser/mocap4r2_ws/install/mocap4r2_robot_gt_msgs:/home/rosuser/mocap4r2_ws/install/mocap4r2_optitrack_driver:/home/rosuser/mocap4r2_ws/install/mocap4r2_marker_viz:/home/rosuser/mocap4r2_ws/install/mocap4r2_marker_publisher:/home/rosuser/mocap4r2_ws/install/mocap4r2_dummy_driver:/home/rosuser/mocap4r2_ws/install/mocap4r2_msgs:/home/rosuser/mocap4r2_ws/install/mocap4r2_marker_viz_srvs:/home/rosuser/mocap4r2_ws/install/mocap4r2_control:/home/rosuser/mocap4r2_ws/install/mocap4r2_control_msgs:/home/rosuser/opti_track/install/optitrack_wrapper_ros2:/home/rosuser/opti_track/install/optitrack_multiplexer_ros2:/home/rosuser/opti_track/install/optitrack_multiplexer_ros2_msgs:/home/rosuser/opti_track/install/optitrack_wrapper_ros2_msgs:/home/rosuser/test_ws/install/my_launch_pkg:/home/rosuser/test_ws/install/mocap4r2cli:/home/rosuser/test_ws/install/marker_pose_follow:/home/rosuser/test_ws/install/marker_pose_bridge:/home/rosuser/test_ws/install/lbr_demos_py:/home/rosuser/test_ws/install/lbr_moveit:/home/rosuser/test_ws/install/lbr_demos_advanced_py:/home/rosuser/ros2_ws/install/lbr_demos_py:/home/rosuser/ros2_ws/install/lbr_moveit:/home/rosuser/ros2_ws/install/lbr_demos_advanced_py:/home/rosuser/mocap4r2_ws/install/mocap4r2cli:/opt/ros/humble LD_LIBRARY_PATH=/home/rosuser/ros2_ws/install/fri_client_sdk/lib:/home/rosuser/test_ws/install/rqt_mocap4r2_control/lib:/home/rosuser/test_ws/install/mocap4r2_robot_gt/lib:/home/rosuser/test_ws/install/mocap4r2_robot_gt_msgs/lib:/home/rosuser/test_ws/install/mocap4r2_optitrack_driver/lib:/home/rosuser/test_ws/install/mocap4r2_msgs/lib:/home/rosuser/test_ws/install/mocap4r2_marker_viz_srvs/lib:/home/rosuser/test_ws/install/mocap4r2_control/lib:/home/rosuser/test_ws/install/mocap4r2_control_msgs/lib:/home/rosuser/test_ws/install/lbr_ros2_control/lib:/home/rosuser/test_ws/install/lbr_demos_advanced_cpp/lib:/home/rosuser/test_ws/install/lbr_fri_ros2/lib:/home/rosuser/test_ws/install/lbr_fri_idl/lib:/home/rosuser/test_ws/install/impedance_controller/lib:/home/rosuser/test_ws/install/iiwa_moveit2/lib:/home/rosuser/test_ws/install/iiwa_hardware/lib:/home/rosuser/test_ws/install/fri_client_sdk/lib:/home/rosuser/test_ws/install/external_torque_sensor_broadcaster/lib:/home/rosuser/ros2_ws/install/lbr_ros2_control/lib:/home/rosuser/ros2_ws/install/lbr_demos_advanced_cpp/lib:/home/rosuser/ros2_ws/install/lbr_fri_ros2/lib:/home/rosuser/ros2_ws/install/lbr_fri_idl/lib:/home/rosuser/ros2_ws/install/impedance_controller/lib:/home/rosuser/ros2_ws/install/iiwa_moveit2/lib:/home/rosuser/ros2_ws/install/iiwa_hardware/lib:/home/rosuser/ros2_ws/install/external_torque_sensor_broadcaster/lib:/home/rosuser/mocap4r2_ws/install/rqt_mocap4r2_control/lib:/home/rosuser/mocap4r2_ws/install/mocap4r2_robot_gt/lib:/home/rosuser/mocap4r2_ws/install/mocap4r2_robot_gt_msgs/lib:/home/rosuser/mocap4r2_ws/install/mocap4r2_optitrack_driver/lib:/home/rosuser/mocap4r2_ws/install/mocap4r2_msgs/lib:/home/rosuser/mocap4r2_ws/install/mocap4r2_marker_viz_srvs/lib:/home/rosuser/mocap4r2_ws/install/mocap4r2_control/lib:/home/rosuser/mocap4r2_ws/install/mocap4r2_control_msgs/lib:/home/rosuser/opti_track/install/optitrack_wrapper_ros2/lib:/home/rosuser/opti_track/install/optitrack_multiplexer_ros2_msgs/lib:/home/rosuser/opti_track/install/optitrack_wrapper_ros2_msgs/lib:/opt/ros/humble/opt/rviz_ogre_vendor/lib:/opt/ros/humble/lib/x86_64-linux-gnu:/opt/ros/humble/lib PKG_CONFIG_PATH=/home/rosuser/ros2_ws/install/fri_client_sdk/lib/x86_64-linux-gnu/pkgconfig:/home/rosuser/ros2_ws/install/fri_client_sdk/lib/pkgconfig:/home/rosuser/test_ws/install/fri_client_sdk/lib/x86_64-linux-gnu/pkgconfig:/home/rosuser/test_ws/install/fri_client_sdk/lib/pkgconfig /usr/bin/cmake --install /home/rosuser/ros2_ws/build/lbr_fri_idl
