[1.098s] Invoking command in '/home/rosuser/ros2_ws/build/my_launch_pkg': PYTHONPATH=/home/rosuser/ros2_ws/build/my_launch_pkg/prefix_override:/usr/lib/python3/dist-packages/colcon_core/task/python/colcon_distutils_commands:/home/rosuser/ros2_ws/install/my_launch_pkg/lib/python3.10/site-packages:${PYTHONPATH} /usr/bin/python3 -W ignore:setup.py install is deprecated -W ignore:easy_install command is deprecated setup.py develop --uninstall --editable --build-directory /home/rosuser/ros2_ws/build/my_launch_pkg/build
[1.555s] running develop
[1.844s] Removing /home/rosuser/ros2_ws/install/my_launch_pkg/lib/python3.10/site-packages/my-launch-pkg.egg-link (link to .)
[1.877s] Invoked command in '/home/rosuser/ros2_ws/build/my_launch_pkg' returned '0': PYTHONPATH=/home/rosuser/ros2_ws/build/my_launch_pkg/prefix_override:/usr/lib/python3/dist-packages/colcon_core/task/python/colcon_distutils_commands:/home/rosuser/ros2_ws/install/my_launch_pkg/lib/python3.10/site-packages:${PYTHONPATH} /usr/bin/python3 -W ignore:setup.py install is deprecated -W ignore:easy_install command is deprecated setup.py develop --uninstall --editable --build-directory /home/rosuser/ros2_ws/build/my_launch_pkg/build
[1.880s] Invoking command in '/home/rosuser/ros2_ws/src/my_launch_pkg': PYTHONPATH=/home/rosuser/ros2_ws/build/my_launch_pkg/prefix_override:/usr/lib/python3/dist-packages/colcon_core/task/python/colcon_distutils_commands:/home/rosuser/ros2_ws/install/my_launch_pkg/lib/python3.10/site-packages:${PYTHONPATH} /usr/bin/python3 -W ignore:setup.py install is deprecated -W ignore:easy_install command is deprecated setup.py egg_info --egg-base ../../build/my_launch_pkg build --build-base /home/rosuser/ros2_ws/build/my_launch_pkg/build install --record /home/rosuser/ros2_ws/build/my_launch_pkg/install.log --single-version-externally-managed install_data --force
[2.294s] running egg_info
[2.295s] writing ../../build/my_launch_pkg/my_launch_pkg.egg-info/PKG-INFO
[2.295s] writing dependency_links to ../../build/my_launch_pkg/my_launch_pkg.egg-info/dependency_links.txt
[2.295s] writing entry points to ../../build/my_launch_pkg/my_launch_pkg.egg-info/entry_points.txt
[2.295s] writing requirements to ../../build/my_launch_pkg/my_launch_pkg.egg-info/requires.txt
[2.295s] writing top-level names to ../../build/my_launch_pkg/my_launch_pkg.egg-info/top_level.txt
[2.297s] reading manifest file '../../build/my_launch_pkg/my_launch_pkg.egg-info/SOURCES.txt'
[2.298s] writing manifest file '../../build/my_launch_pkg/my_launch_pkg.egg-info/SOURCES.txt'
[2.298s] running build
[2.299s] running build_py
[2.299s] creating /home/rosuser/ros2_ws/build/my_launch_pkg/build
[2.299s] creating /home/rosuser/ros2_ws/build/my_launch_pkg/build/lib
[2.299s] creating /home/rosuser/ros2_ws/build/my_launch_pkg/build/lib/my_launch_pkg
[2.299s] copying my_launch_pkg/__init__.py -> /home/rosuser/ros2_ws/build/my_launch_pkg/build/lib/my_launch_pkg
[2.299s] running install
[2.299s] running install_lib
[2.300s] creating /home/rosuser/ros2_ws/install/my_launch_pkg/lib/python3.10/site-packages/my_launch_pkg
[2.300s] copying /home/rosuser/ros2_ws/build/my_launch_pkg/build/lib/my_launch_pkg/__init__.py -> /home/rosuser/ros2_ws/install/my_launch_pkg/lib/python3.10/site-packages/my_launch_pkg
[2.301s] byte-compiling /home/rosuser/ros2_ws/install/my_launch_pkg/lib/python3.10/site-packages/my_launch_pkg/__init__.py to __init__.cpython-310.pyc
[2.302s] running install_data
[2.302s] copying resource/my_launch_pkg -> /home/rosuser/ros2_ws/install/my_launch_pkg/share/ament_index/resource_index/packages
[2.302s] copying package.xml -> /home/rosuser/ros2_ws/install/my_launch_pkg/share/my_launch_pkg
[2.302s] copying launch/all_nodes_launch.py -> /home/rosuser/ros2_ws/install/my_launch_pkg/share/my_launch_pkg/launch
[2.302s] running install_egg_info
[2.305s] Copying ../../build/my_launch_pkg/my_launch_pkg.egg-info to /home/rosuser/ros2_ws/install/my_launch_pkg/lib/python3.10/site-packages/my_launch_pkg-0.0.0-py3.10.egg-info
[2.306s] running install_scripts
[2.337s] writing list of installed files to '/home/rosuser/ros2_ws/build/my_launch_pkg/install.log'
[2.365s] Invoked command in '/home/rosuser/ros2_ws/src/my_launch_pkg' returned '0': PYTHONPATH=/home/rosuser/ros2_ws/build/my_launch_pkg/prefix_override:/usr/lib/python3/dist-packages/colcon_core/task/python/colcon_distutils_commands:/home/rosuser/ros2_ws/install/my_launch_pkg/lib/python3.10/site-packages:${PYTHONPATH} /usr/bin/python3 -W ignore:setup.py install is deprecated -W ignore:easy_install command is deprecated setup.py egg_info --egg-base ../../build/my_launch_pkg build --build-base /home/rosuser/ros2_ws/build/my_launch_pkg/build install --record /home/rosuser/ros2_ws/build/my_launch_pkg/install.log --single-version-externally-managed install_data --force
