[0.969s] Invoking command in '/home/rosuser/ros2_ws/build/lbr_demos_py': AMENT_PREFIX_PATH=/home/rosuser/ros2_ws/install/lbr_bringup:/home/rosuser/ros2_ws/install/lbr_ros2_control:/home/rosuser/ros2_ws/install/lbr_fri_ros2:/home/rosuser/ros2_ws/install/lbr_fri_idl:/home/rosuser/ros2_ws/install/lbr_description:${AMENT_PREFIX_PATH} CMAKE_PREFIX_PATH=/home/rosuser/ros2_ws/install/lbr_bringup:/home/rosuser/ros2_ws/install/lbr_ros2_control:/home/rosuser/ros2_ws/install/lbr_fri_ros2:/home/rosuser/ros2_ws/install/lbr_fri_idl:/home/rosuser/ros2_ws/install/lbr_description:/home/rosuser/ros2_ws/install/fri_client_sdk LD_LIBRARY_PATH=/home/rosuser/ros2_ws/install/lbr_ros2_control/lib:/home/rosuser/ros2_ws/install/lbr_fri_ros2/lib:/home/rosuser/ros2_ws/install/lbr_fri_idl/lib:/home/rosuser/ros2_ws/install/fri_client_sdk/lib:${LD_LIBRARY_PATH} PKG_CONFIG_PATH=/home/rosuser/ros2_ws/install/fri_client_sdk/lib/x86_64-linux-gnu/pkgconfig:/home/rosuser/ros2_ws/install/fri_client_sdk/lib/pkgconfig PYTHONPATH=/home/rosuser/ros2_ws/build/lbr_demos_py/prefix_override:/usr/lib/python3/dist-packages/colcon_core/task/python/colcon_distutils_commands:/home/rosuser/ros2_ws/install/lbr_demos_py/lib/python3.10/site-packages:/home/rosuser/ros2_ws/install/lbr_bringup/local/lib/python3.10/dist-packages:/home/rosuser/ros2_ws/install/lbr_fri_idl/local/lib/python3.10/dist-packages:${PYTHONPATH} /usr/bin/python3 -W ignore:setup.py install is deprecated -W ignore:easy_install command is deprecated setup.py develop --editable --build-directory /home/rosuser/ros2_ws/build/lbr_demos_py/build --no-deps symlink_data
[1.360s] running develop
[1.623s] running egg_info
[1.623s] creating lbr_demos_py.egg-info
[1.624s] writing lbr_demos_py.egg-info/PKG-INFO
[1.624s] writing dependency_links to lbr_demos_py.egg-info/dependency_links.txt
[1.624s] writing entry points to lbr_demos_py.egg-info/entry_points.txt
[1.624s] writing requirements to lbr_demos_py.egg-info/requires.txt
[1.624s] writing top-level names to lbr_demos_py.egg-info/top_level.txt
[1.625s] writing manifest file 'lbr_demos_py.egg-info/SOURCES.txt'
[1.627s] reading manifest file 'lbr_demos_py.egg-info/SOURCES.txt'
[1.628s] writing manifest file 'lbr_demos_py.egg-info/SOURCES.txt'
[1.629s] running build_ext
[1.629s] Creating /home/rosuser/ros2_ws/install/lbr_demos_py/lib/python3.10/site-packages/lbr-demos-py.egg-link (link to .)
[1.630s] Installing joint_sine_overlay script to /home/rosuser/ros2_ws/install/lbr_demos_py/lib/lbr_demos_py
[1.631s] Installing joint_trajectory_client script to /home/rosuser/ros2_ws/install/lbr_demos_py/lib/lbr_demos_py
[1.631s] Installing torque_sine_overlay script to /home/rosuser/ros2_ws/install/lbr_demos_py/lib/lbr_demos_py
[1.631s] Installing wrench_sine_overlay script to /home/rosuser/ros2_ws/install/lbr_demos_py/lib/lbr_demos_py
[1.631s] 
[1.631s] Installed /home/rosuser/ros2_ws/build/lbr_demos_py
[1.631s] running symlink_data
[1.632s] creating /home/rosuser/ros2_ws/install/lbr_demos_py/share/ament_index
[1.632s] creating /home/rosuser/ros2_ws/install/lbr_demos_py/share/ament_index/resource_index
[1.632s] creating /home/rosuser/ros2_ws/install/lbr_demos_py/share/ament_index/resource_index/packages
[1.632s] symbolically linking /home/rosuser/ros2_ws/build/lbr_demos_py/resource/lbr_demos_py -> /home/rosuser/ros2_ws/install/lbr_demos_py/share/ament_index/resource_index/packages
[1.632s] symbolically linking /home/rosuser/ros2_ws/build/lbr_demos_py/package.xml -> /home/rosuser/ros2_ws/install/lbr_demos_py/share/lbr_demos_py
[1.670s] Invoked command in '/home/rosuser/ros2_ws/build/lbr_demos_py' returned '0': AMENT_PREFIX_PATH=/home/rosuser/ros2_ws/install/lbr_bringup:/home/rosuser/ros2_ws/install/lbr_ros2_control:/home/rosuser/ros2_ws/install/lbr_fri_ros2:/home/rosuser/ros2_ws/install/lbr_fri_idl:/home/rosuser/ros2_ws/install/lbr_description:${AMENT_PREFIX_PATH} CMAKE_PREFIX_PATH=/home/rosuser/ros2_ws/install/lbr_bringup:/home/rosuser/ros2_ws/install/lbr_ros2_control:/home/rosuser/ros2_ws/install/lbr_fri_ros2:/home/rosuser/ros2_ws/install/lbr_fri_idl:/home/rosuser/ros2_ws/install/lbr_description:/home/rosuser/ros2_ws/install/fri_client_sdk LD_LIBRARY_PATH=/home/rosuser/ros2_ws/install/lbr_ros2_control/lib:/home/rosuser/ros2_ws/install/lbr_fri_ros2/lib:/home/rosuser/ros2_ws/install/lbr_fri_idl/lib:/home/rosuser/ros2_ws/install/fri_client_sdk/lib:${LD_LIBRARY_PATH} PKG_CONFIG_PATH=/home/rosuser/ros2_ws/install/fri_client_sdk/lib/x86_64-linux-gnu/pkgconfig:/home/rosuser/ros2_ws/install/fri_client_sdk/lib/pkgconfig PYTHONPATH=/home/rosuser/ros2_ws/build/lbr_demos_py/prefix_override:/usr/lib/python3/dist-packages/colcon_core/task/python/colcon_distutils_commands:/home/rosuser/ros2_ws/install/lbr_demos_py/lib/python3.10/site-packages:/home/rosuser/ros2_ws/install/lbr_bringup/local/lib/python3.10/dist-packages:/home/rosuser/ros2_ws/install/lbr_fri_idl/local/lib/python3.10/dist-packages:${PYTHONPATH} /usr/bin/python3 -W ignore:setup.py install is deprecated -W ignore:easy_install command is deprecated setup.py develop --editable --build-directory /home/rosuser/ros2_ws/build/lbr_demos_py/build --no-deps symlink_data
