running develop
running egg_info
creating marker_pose_bridge.egg-info
writing marker_pose_bridge.egg-info/PKG-INFO
writing dependency_links to marker_pose_bridge.egg-info/dependency_links.txt
writing entry points to marker_pose_bridge.egg-info/entry_points.txt
writing requirements to marker_pose_bridge.egg-info/requires.txt
writing top-level names to marker_pose_bridge.egg-info/top_level.txt
writing manifest file 'marker_pose_bridge.egg-info/SOURCES.txt'
reading manifest file 'marker_pose_bridge.egg-info/SOURCES.txt'
writing manifest file 'marker_pose_bridge.egg-info/SOURCES.txt'
running build_ext
Creating /home/rosuser/ros2_ws/install/marker_pose_bridge/lib/python3.10/site-packages/marker-pose-bridge.egg-link (link to .)
Installing marker_pose_publisher script to /home/rosuser/ros2_ws/install/marker_pose_bridge/lib/marker_pose_bridge

Installed /home/rosuser/ros2_ws/build/marker_pose_bridge
running symlink_data
creating /home/rosuser/ros2_ws/install/marker_pose_bridge/share/ament_index
creating /home/rosuser/ros2_ws/install/marker_pose_bridge/share/ament_index/resource_index
creating /home/rosuser/ros2_ws/install/marker_pose_bridge/share/ament_index/resource_index/packages
symbolically linking /home/rosuser/ros2_ws/build/marker_pose_bridge/resource/marker_pose_bridge -> /home/rosuser/ros2_ws/install/marker_pose_bridge/share/ament_index/resource_index/packages
symbolically linking /home/rosuser/ros2_ws/build/marker_pose_bridge/package.xml -> /home/rosuser/ros2_ws/install/marker_pose_bridge/share/marker_pose_bridge
