[1.207s] Invoking command in '/home/rosuser/ros2_ws/build/marker_pose_bridge': PYTHONPATH=/home/rosuser/ros2_ws/build/marker_pose_bridge/prefix_override:/usr/lib/python3/dist-packages/colcon_core/task/python/colcon_distutils_commands:/home/rosuser/ros2_ws/install/marker_pose_bridge/lib/python3.10/site-packages:${PYTHONPATH} /usr/bin/python3 -W ignore:setup.py install is deprecated -W ignore:easy_install command is deprecated setup.py develop --editable --build-directory /home/rosuser/ros2_ws/build/marker_pose_bridge/build --no-deps symlink_data
[1.679s] running develop
[1.971s] running egg_info
[1.972s] creating marker_pose_bridge.egg-info
[1.972s] writing marker_pose_bridge.egg-info/PKG-INFO
[1.972s] writing dependency_links to marker_pose_bridge.egg-info/dependency_links.txt
[1.973s] writing entry points to marker_pose_bridge.egg-info/entry_points.txt
[1.973s] writing requirements to marker_pose_bridge.egg-info/requires.txt
[1.973s] writing top-level names to marker_pose_bridge.egg-info/top_level.txt
[1.973s] writing manifest file 'marker_pose_bridge.egg-info/SOURCES.txt'
[1.975s] reading manifest file 'marker_pose_bridge.egg-info/SOURCES.txt'
[1.975s] writing manifest file 'marker_pose_bridge.egg-info/SOURCES.txt'
[1.978s] running build_ext
[1.978s] Creating /home/rosuser/ros2_ws/install/marker_pose_bridge/lib/python3.10/site-packages/marker-pose-bridge.egg-link (link to .)
[1.979s] Installing marker_pose_publisher script to /home/rosuser/ros2_ws/install/marker_pose_bridge/lib/marker_pose_bridge
[1.979s] 
[1.979s] Installed /home/rosuser/ros2_ws/build/marker_pose_bridge
[1.979s] running symlink_data
[1.980s] creating /home/rosuser/ros2_ws/install/marker_pose_bridge/share/ament_index
[1.980s] creating /home/rosuser/ros2_ws/install/marker_pose_bridge/share/ament_index/resource_index
[1.980s] creating /home/rosuser/ros2_ws/install/marker_pose_bridge/share/ament_index/resource_index/packages
[1.980s] symbolically linking /home/rosuser/ros2_ws/build/marker_pose_bridge/resource/marker_pose_bridge -> /home/rosuser/ros2_ws/install/marker_pose_bridge/share/ament_index/resource_index/packages
[1.980s] symbolically linking /home/rosuser/ros2_ws/build/marker_pose_bridge/package.xml -> /home/rosuser/ros2_ws/install/marker_pose_bridge/share/marker_pose_bridge
[2.384s] Invoked command in '/home/rosuser/ros2_ws/build/marker_pose_bridge' returned '0': PYTHONPATH=/home/rosuser/ros2_ws/build/marker_pose_bridge/prefix_override:/usr/lib/python3/dist-packages/colcon_core/task/python/colcon_distutils_commands:/home/rosuser/ros2_ws/install/marker_pose_bridge/lib/python3.10/site-packages:${PYTHONPATH} /usr/bin/python3 -W ignore:setup.py install is deprecated -W ignore:easy_install command is deprecated setup.py develop --editable --build-directory /home/rosuser/ros2_ws/build/marker_pose_bridge/build --no-deps symlink_data
