running egg_info
creating ../../build/combined_launch/combined_launch.egg-info
writing ../../build/combined_launch/combined_launch.egg-info/PKG-INFO
writing dependency_links to ../../build/combined_launch/combined_launch.egg-info/dependency_links.txt
writing entry points to ../../build/combined_launch/combined_launch.egg-info/entry_points.txt
writing requirements to ../../build/combined_launch/combined_launch.egg-info/requires.txt
writing top-level names to ../../build/combined_launch/combined_launch.egg-info/top_level.txt
writing manifest file '../../build/combined_launch/combined_launch.egg-info/SOURCES.txt'
reading manifest file '../../build/combined_launch/combined_launch.egg-info/SOURCES.txt'
writing manifest file '../../build/combined_launch/combined_launch.egg-info/SOURCES.txt'
running build
running build_py
creating /home/rosuser/ros2_ws/build/combined_launch/build
creating /home/rosuser/ros2_ws/build/combined_launch/build/lib
creating /home/rosuser/ros2_ws/build/combined_launch/build/lib/combined_launch
copying combined_launch/__init__.py -> /home/rosuser/ros2_ws/build/combined_launch/build/lib/combined_launch
running install
running install_lib
creating /home/rosuser/ros2_ws/install/combined_launch/lib/python3.10/site-packages/combined_launch
copying /home/rosuser/ros2_ws/build/combined_launch/build/lib/combined_launch/__init__.py -> /home/rosuser/ros2_ws/install/combined_launch/lib/python3.10/site-packages/combined_launch
byte-compiling /home/rosuser/ros2_ws/install/combined_launch/lib/python3.10/site-packages/combined_launch/__init__.py to __init__.cpython-310.pyc
running install_data
creating /home/rosuser/ros2_ws/install/combined_launch/share/ament_index
creating /home/rosuser/ros2_ws/install/combined_launch/share/ament_index/resource_index
creating /home/rosuser/ros2_ws/install/combined_launch/share/ament_index/resource_index/packages
copying resource/combined_launch -> /home/rosuser/ros2_ws/install/combined_launch/share/ament_index/resource_index/packages
copying package.xml -> /home/rosuser/ros2_ws/install/combined_launch/share/combined_launch
creating /home/rosuser/ros2_ws/install/combined_launch/share/combined_launch/launch
copying launch/optitrack_bringup.launch.py -> /home/rosuser/ros2_ws/install/combined_launch/share/combined_launch/launch
running install_egg_info
Copying ../../build/combined_launch/combined_launch.egg-info to /home/rosuser/ros2_ws/install/combined_launch/lib/python3.10/site-packages/combined_launch-0.0.0-py3.10.egg-info
running install_scripts
writing list of installed files to '/home/rosuser/ros2_ws/build/combined_launch/install.log'
