[0.042s] Invoking command in '/home/rosuser/ros2_ws/build/iiwa_bringup': CMAKE_PREFIX_PATH=/home/rosuser/ros2_ws/install/iiwa_description:/home/rosuser/ros2_ws/install/med7_moveit_config:/home/rosuser/ros2_ws/install/med14_moveit_config:/home/rosuser/ros2_ws/install/lbr_fri_ros2_stack:/home/rosuser/ros2_ws/install/lbr_demos_cpp:/home/rosuser/ros2_ws/install/lbr_bringup:/home/rosuser/ros2_ws/install/lbr_ros2_control:/home/rosuser/ros2_ws/install/lbr_moveit_cpp:/home/rosuser/ros2_ws/install/lbr_demos_advanced_cpp:/home/rosuser/ros2_ws/install/lbr_fri_ros2:/home/rosuser/ros2_ws/install/lbr_fri_idl:/home/rosuser/ros2_ws/install/iiwa7_moveit_config:/home/rosuser/ros2_ws/install/iiwa14_moveit_config:/home/rosuser/ros2_ws/install/lbr_description:/home/rosuser/ros2_ws/install/impedance_controller:/home/rosuser/ros2_ws/install/iiwa_moveit2:/home/rosuser/ros2_ws/install/iiwa_hardware:/home/rosuser/ros2_ws/install/iiwa_bringup:/home/rosuser/ros2_ws/install/fri_client_sdk:/home/rosuser/ros2_ws/install/external_torque_sensor_broadcaster:/home/rosuser/ros2_ws/install/lbr_demos_py:/home/rosuser/ros2_ws/install/lbr_moveit:/home/rosuser/ros2_ws/install/lbr_demos_advanced_py:/opt/ros/humble /usr/bin/cmake --build /home/rosuser/ros2_ws/build/iiwa_bringup -- -j4 -l4
[0.156s] Invoked command in '/home/rosuser/ros2_ws/build/iiwa_bringup' returned '0': CMAKE_PREFIX_PATH=/home/rosuser/ros2_ws/install/iiwa_description:/home/rosuser/ros2_ws/install/med7_moveit_config:/home/rosuser/ros2_ws/install/med14_moveit_config:/home/rosuser/ros2_ws/install/lbr_fri_ros2_stack:/home/rosuser/ros2_ws/install/lbr_demos_cpp:/home/rosuser/ros2_ws/install/lbr_bringup:/home/rosuser/ros2_ws/install/lbr_ros2_control:/home/rosuser/ros2_ws/install/lbr_moveit_cpp:/home/rosuser/ros2_ws/install/lbr_demos_advanced_cpp:/home/rosuser/ros2_ws/install/lbr_fri_ros2:/home/rosuser/ros2_ws/install/lbr_fri_idl:/home/rosuser/ros2_ws/install/iiwa7_moveit_config:/home/rosuser/ros2_ws/install/iiwa14_moveit_config:/home/rosuser/ros2_ws/install/lbr_description:/home/rosuser/ros2_ws/install/impedance_controller:/home/rosuser/ros2_ws/install/iiwa_moveit2:/home/rosuser/ros2_ws/install/iiwa_hardware:/home/rosuser/ros2_ws/install/iiwa_bringup:/home/rosuser/ros2_ws/install/fri_client_sdk:/home/rosuser/ros2_ws/install/external_torque_sensor_broadcaster:/home/rosuser/ros2_ws/install/lbr_demos_py:/home/rosuser/ros2_ws/install/lbr_moveit:/home/rosuser/ros2_ws/install/lbr_demos_advanced_py:/opt/ros/humble /usr/bin/cmake --build /home/rosuser/ros2_ws/build/iiwa_bringup -- -j4 -l4
[0.157s] Invoking command in '/home/rosuser/ros2_ws/build/iiwa_bringup': CMAKE_PREFIX_PATH=/home/rosuser/ros2_ws/install/iiwa_description:/home/rosuser/ros2_ws/install/med7_moveit_config:/home/rosuser/ros2_ws/install/med14_moveit_config:/home/rosuser/ros2_ws/install/lbr_fri_ros2_stack:/home/rosuser/ros2_ws/install/lbr_demos_cpp:/home/rosuser/ros2_ws/install/lbr_bringup:/home/rosuser/ros2_ws/install/lbr_ros2_control:/home/rosuser/ros2_ws/install/lbr_moveit_cpp:/home/rosuser/ros2_ws/install/lbr_demos_advanced_cpp:/home/rosuser/ros2_ws/install/lbr_fri_ros2:/home/rosuser/ros2_ws/install/lbr_fri_idl:/home/rosuser/ros2_ws/install/iiwa7_moveit_config:/home/rosuser/ros2_ws/install/iiwa14_moveit_config:/home/rosuser/ros2_ws/install/lbr_description:/home/rosuser/ros2_ws/install/impedance_controller:/home/rosuser/ros2_ws/install/iiwa_moveit2:/home/rosuser/ros2_ws/install/iiwa_hardware:/home/rosuser/ros2_ws/install/iiwa_bringup:/home/rosuser/ros2_ws/install/fri_client_sdk:/home/rosuser/ros2_ws/install/external_torque_sensor_broadcaster:/home/rosuser/ros2_ws/install/lbr_demos_py:/home/rosuser/ros2_ws/install/lbr_moveit:/home/rosuser/ros2_ws/install/lbr_demos_advanced_py:/opt/ros/humble /usr/bin/cmake --install /home/rosuser/ros2_ws/build/iiwa_bringup
[0.183s] -- Install configuration: ""
[0.184s] -- Execute custom install script
[0.186s] -- Up-to-date symlink: /home/rosuser/ros2_ws/install/iiwa_bringup/share/iiwa_bringup/launch/iiwa.launch.py
[0.186s] -- Up-to-date symlink: /home/rosuser/ros2_ws/install/iiwa_bringup/share/iiwa_bringup/launch/iiwa_planning.launch.py
[0.186s] -- Up-to-date symlink: /home/rosuser/ros2_ws/install/iiwa_bringup/share/iiwa_bringup/launch/iiwa_pose_tracking.launch.py
[0.187s] -- Up-to-date symlink: /home/rosuser/ros2_ws/install/iiwa_bringup/share/iiwa_bringup/launch/iiwa_servoing.launch.py
[0.187s] -- Up-to-date symlink: /home/rosuser/ros2_ws/install/iiwa_bringup/share/iiwa_bringup/launch/iiwa_test_joint_trajectory_controller.launch.py
[0.187s] -- Up-to-date symlink: /home/rosuser/ros2_ws/install/iiwa_bringup/share/iiwa_bringup/launch/joy_servo_teleop.launch.py
[0.187s] -- Up-to-date symlink: /home/rosuser/ros2_ws/install/iiwa_bringup/share/iiwa_bringup/config/test_trajectory_config.yaml
[0.187s] -- Up-to-date symlink: /home/rosuser/ros2_ws/install/iiwa_bringup/share/ament_index/resource_index/package_run_dependencies/iiwa_bringup
[0.191s] -- Up-to-date symlink: /home/rosuser/ros2_ws/install/iiwa_bringup/share/ament_index/resource_index/parent_prefix_path/iiwa_bringup
[0.192s] -- Up-to-date symlink: /home/rosuser/ros2_ws/install/iiwa_bringup/share/iiwa_bringup/environment/ament_prefix_path.sh
[0.192s] -- Up-to-date symlink: /home/rosuser/ros2_ws/install/iiwa_bringup/share/iiwa_bringup/environment/ament_prefix_path.dsv
[0.192s] -- Up-to-date symlink: /home/rosuser/ros2_ws/install/iiwa_bringup/share/iiwa_bringup/environment/path.sh
[0.192s] -- Up-to-date symlink: /home/rosuser/ros2_ws/install/iiwa_bringup/share/iiwa_bringup/environment/path.dsv
[0.192s] -- Up-to-date symlink: /home/rosuser/ros2_ws/install/iiwa_bringup/share/iiwa_bringup/local_setup.bash
[0.192s] -- Up-to-date symlink: /home/rosuser/ros2_ws/install/iiwa_bringup/share/iiwa_bringup/local_setup.sh
[0.192s] -- Up-to-date symlink: /home/rosuser/ros2_ws/install/iiwa_bringup/share/iiwa_bringup/local_setup.zsh
[0.197s] -- Up-to-date symlink: /home/rosuser/ros2_ws/install/iiwa_bringup/share/iiwa_bringup/local_setup.dsv
[0.197s] -- Symlinking: /home/rosuser/ros2_ws/install/iiwa_bringup/share/iiwa_bringup/package.dsv
[0.222s] -- Up-to-date symlink: /home/rosuser/ros2_ws/install/iiwa_bringup/share/ament_index/resource_index/packages/iiwa_bringup
[0.222s] -- Up-to-date symlink: /home/rosuser/ros2_ws/install/iiwa_bringup/share/iiwa_bringup/cmake/iiwa_bringupConfig.cmake
[0.222s] -- Up-to-date symlink: /home/rosuser/ros2_ws/install/iiwa_bringup/share/iiwa_bringup/cmake/iiwa_bringupConfig-version.cmake
[0.223s] -- Up-to-date symlink: /home/rosuser/ros2_ws/install/iiwa_bringup/share/iiwa_bringup/package.xml
[0.226s] Invoked command in '/home/rosuser/ros2_ws/build/iiwa_bringup' returned '0': CMAKE_PREFIX_PATH=/home/rosuser/ros2_ws/install/iiwa_description:/home/rosuser/ros2_ws/install/med7_moveit_config:/home/rosuser/ros2_ws/install/med14_moveit_config:/home/rosuser/ros2_ws/install/lbr_fri_ros2_stack:/home/rosuser/ros2_ws/install/lbr_demos_cpp:/home/rosuser/ros2_ws/install/lbr_bringup:/home/rosuser/ros2_ws/install/lbr_ros2_control:/home/rosuser/ros2_ws/install/lbr_moveit_cpp:/home/rosuser/ros2_ws/install/lbr_demos_advanced_cpp:/home/rosuser/ros2_ws/install/lbr_fri_ros2:/home/rosuser/ros2_ws/install/lbr_fri_idl:/home/rosuser/ros2_ws/install/iiwa7_moveit_config:/home/rosuser/ros2_ws/install/iiwa14_moveit_config:/home/rosuser/ros2_ws/install/lbr_description:/home/rosuser/ros2_ws/install/impedance_controller:/home/rosuser/ros2_ws/install/iiwa_moveit2:/home/rosuser/ros2_ws/install/iiwa_hardware:/home/rosuser/ros2_ws/install/iiwa_bringup:/home/rosuser/ros2_ws/install/fri_client_sdk:/home/rosuser/ros2_ws/install/external_torque_sensor_broadcaster:/home/rosuser/ros2_ws/install/lbr_demos_py:/home/rosuser/ros2_ws/install/lbr_moveit:/home/rosuser/ros2_ws/install/lbr_demos_advanced_py:/opt/ros/humble /usr/bin/cmake --install /home/rosuser/ros2_ws/build/iiwa_bringup
