-- Found ament_cmake: 1.3.11 (/opt/ros/humble/share/ament_cmake/cmake)
-- Override CMake install command with custom implementation using symlinks instead of copying resources
-- Found control_msgs: 4.8.0 (/opt/ros/humble/share/control_msgs/cmake)
-- Found rosidl_generator_c: 3.1.6 (/opt/ros/humble/share/rosidl_generator_c/cmake)
-- Found rosidl_adapter: 3.1.6 (/opt/ros/humble/share/rosidl_adapter/cmake)
-- Found rosidl_generator_cpp: 3.1.6 (/opt/ros/humble/share/rosidl_generator_cpp/cmake)
-- Using all available rosidl_typesupport_c: rosidl_typesupport_fastrtps_c;rosidl_typesupport_introspection_c
-- Using all available rosidl_typesupport_cpp: rosidl_typesupport_fastrtps_cpp;rosidl_typesupport_introspection_cpp
-- Found lbr_fri_idl: 1.5.0 (/home/rosuser/ros2_ws/install/lbr_fri_idl/share/lbr_fri_idl/cmake)
-- Found lbr_fri_ros2: 2.2.1 (/home/rosuser/ros2_ws/install/lbr_fri_ros2/share/lbr_fri_ros2/cmake)
-- Ensuring Eigen3 include directory is part of orocos-kdl CMake target
-- Found rmw_implementation_cmake: 6.1.2 (/opt/ros/humble/share/rmw_implementation_cmake/cmake)
-- Found rmw_fastrtps_cpp: 6.2.7 (/opt/ros/humble/share/rmw_fastrtps_cpp/cmake)
-- Using RMW implementation 'rmw_fastrtps_cpp' as default
-- Configuring done
-- Generating done
-- Build files have been written to: /home/rosuser/ros2_ws/build/lbr_demos_cpp
[35m[1mConsolidate compiler generated dependencies of target joint_trajectory_client[0m
[35m[1mConsolidate compiler generated dependencies of target torque_sine_overlay[0m
[35m[1mConsolidate compiler generated dependencies of target wrench_sine_overlay[0m
[35m[1mConsolidate compiler generated dependencies of target joint_sine_overlay[0m
[ 12%] [32mBuilding CXX object CMakeFiles/torque_sine_overlay.dir/src/torque_sine_overlay.cpp.o[0m
[ 25%] [32mBuilding CXX object CMakeFiles/joint_sine_overlay.dir/src/joint_sine_overlay.cpp.o[0m
[ 37%] [32mBuilding CXX object CMakeFiles/joint_trajectory_client.dir/src/joint_trajectory_client.cpp.o[0m
[ 50%] [32mBuilding CXX object CMakeFiles/wrench_sine_overlay.dir/src/wrench_sine_overlay.cpp.o[0m
[ 62%] [32m[1mLinking CXX executable joint_trajectory_client[0m
[ 62%] Built target joint_trajectory_client
[ 75%] [32m[1mLinking CXX executable joint_sine_overlay[0m
[ 87%] [32m[1mLinking CXX executable wrench_sine_overlay[0m
[ 87%] Built target joint_sine_overlay
[100%] [32m[1mLinking CXX executable torque_sine_overlay[0m
[100%] Built target wrench_sine_overlay
[100%] Built target torque_sine_overlay
-- Install configuration: "Release"
-- Execute custom install script
-- Up-to-date symlink: /home/rosuser/ros2_ws/install/lbr_demos_cpp/lib/lbr_demos_cpp/joint_sine_overlay
-- Up-to-date symlink: /home/rosuser/ros2_ws/install/lbr_demos_cpp/lib/lbr_demos_cpp/joint_trajectory_client
-- Up-to-date symlink: /home/rosuser/ros2_ws/install/lbr_demos_cpp/lib/lbr_demos_cpp/torque_sine_overlay
-- Up-to-date symlink: /home/rosuser/ros2_ws/install/lbr_demos_cpp/lib/lbr_demos_cpp/wrench_sine_overlay
-- Up-to-date symlink: /home/rosuser/ros2_ws/install/lbr_demos_cpp/share/ament_index/resource_index/package_run_dependencies/lbr_demos_cpp
-- Up-to-date symlink: /home/rosuser/ros2_ws/install/lbr_demos_cpp/share/ament_index/resource_index/parent_prefix_path/lbr_demos_cpp
-- Up-to-date symlink: /home/rosuser/ros2_ws/install/lbr_demos_cpp/share/lbr_demos_cpp/environment/ament_prefix_path.sh
-- Up-to-date symlink: /home/rosuser/ros2_ws/install/lbr_demos_cpp/share/lbr_demos_cpp/environment/ament_prefix_path.dsv
-- Up-to-date symlink: /home/rosuser/ros2_ws/install/lbr_demos_cpp/share/lbr_demos_cpp/environment/path.sh
-- Up-to-date symlink: /home/rosuser/ros2_ws/install/lbr_demos_cpp/share/lbr_demos_cpp/environment/path.dsv
-- Up-to-date symlink: /home/rosuser/ros2_ws/install/lbr_demos_cpp/share/lbr_demos_cpp/local_setup.bash
-- Up-to-date symlink: /home/rosuser/ros2_ws/install/lbr_demos_cpp/share/lbr_demos_cpp/local_setup.sh
-- Up-to-date symlink: /home/rosuser/ros2_ws/install/lbr_demos_cpp/share/lbr_demos_cpp/local_setup.zsh
-- Up-to-date symlink: /home/rosuser/ros2_ws/install/lbr_demos_cpp/share/lbr_demos_cpp/local_setup.dsv
-- Symlinking: /home/rosuser/ros2_ws/install/lbr_demos_cpp/share/lbr_demos_cpp/package.dsv
-- Up-to-date symlink: /home/rosuser/ros2_ws/install/lbr_demos_cpp/share/ament_index/resource_index/packages/lbr_demos_cpp
-- Up-to-date symlink: /home/rosuser/ros2_ws/install/lbr_demos_cpp/share/lbr_demos_cpp/cmake/lbr_demos_cppConfig.cmake
-- Up-to-date symlink: /home/rosuser/ros2_ws/install/lbr_demos_cpp/share/lbr_demos_cpp/cmake/lbr_demos_cppConfig-version.cmake
-- Up-to-date symlink: /home/rosuser/ros2_ws/install/lbr_demos_cpp/share/lbr_demos_cpp/package.xml
