[0.086s] Invoking command in '/home/rosuser/ros2_ws/build/impedance_controller': CMAKE_PREFIX_PATH=/opt/ros/humble /usr/bin/cmake --build /home/rosuser/ros2_ws/build/impedance_controller -- -j4 -l4
[0.816s] [100%] Built target impedance_controller
[1.305s] Invoked command in '/home/rosuser/ros2_ws/build/impedance_controller' returned '0': CMAKE_PREFIX_PATH=/opt/ros/humble /usr/bin/cmake --build /home/rosuser/ros2_ws/build/impedance_controller -- -j4 -l4
[1.338s] Invoking command in '/home/rosuser/ros2_ws/build/impedance_controller': CMAKE_PREFIX_PATH=/opt/ros/humble /usr/bin/cmake --install /home/rosuser/ros2_ws/build/impedance_controller
[1.369s] -- Install configuration: ""
[1.398s] -- Execute custom install script
[1.412s] -- Up-to-date symlink: /home/rosuser/ros2_ws/install/impedance_controller/share/impedance_controller//impedance_plugin.xml
[1.414s] -- Up-to-date symlink: /home/rosuser/ros2_ws/install/impedance_controller/include/impedance_controller/impedance_controller.hpp
[1.415s] -- Up-to-date symlink: /home/rosuser/ros2_ws/install/impedance_controller/include/impedance_controller/visibility_control.h
[1.527s] -- Up-to-date symlink: /home/rosuser/ros2_ws/install/impedance_controller/lib/libimpedance_controller.so
[1.527s] -- Up-to-date symlink: /home/rosuser/ros2_ws/install/impedance_controller/share/impedance_controller/environment/library_path.sh
[1.528s] -- Up-to-date symlink: /home/rosuser/ros2_ws/install/impedance_controller/share/impedance_controller/environment/library_path.dsv
[1.530s] -- Up-to-date symlink: /home/rosuser/ros2_ws/install/impedance_controller/share/ament_index/resource_index/package_run_dependencies/impedance_controller
[1.535s] -- Up-to-date symlink: /home/rosuser/ros2_ws/install/impedance_controller/share/ament_index/resource_index/parent_prefix_path/impedance_controller
[1.536s] -- Up-to-date symlink: /home/rosuser/ros2_ws/install/impedance_controller/share/impedance_controller/environment/ament_prefix_path.sh
[1.536s] -- Up-to-date symlink: /home/rosuser/ros2_ws/install/impedance_controller/share/impedance_controller/environment/ament_prefix_path.dsv
[1.536s] -- Up-to-date symlink: /home/rosuser/ros2_ws/install/impedance_controller/share/impedance_controller/environment/path.sh
[1.537s] -- Up-to-date symlink: /home/rosuser/ros2_ws/install/impedance_controller/share/impedance_controller/environment/path.dsv
[1.537s] -- Up-to-date symlink: /home/rosuser/ros2_ws/install/impedance_controller/share/impedance_controller/local_setup.bash
[1.538s] -- Up-to-date symlink: /home/rosuser/ros2_ws/install/impedance_controller/share/impedance_controller/local_setup.sh
[1.538s] -- Up-to-date symlink: /home/rosuser/ros2_ws/install/impedance_controller/share/impedance_controller/local_setup.zsh
[1.539s] -- Up-to-date symlink: /home/rosuser/ros2_ws/install/impedance_controller/share/impedance_controller/local_setup.dsv
[1.539s] -- Symlinking: /home/rosuser/ros2_ws/install/impedance_controller/share/impedance_controller/package.dsv
[1.552s] -- Up-to-date symlink: /home/rosuser/ros2_ws/install/impedance_controller/share/ament_index/resource_index/packages/impedance_controller
[1.552s] -- Up-to-date symlink: /home/rosuser/ros2_ws/install/impedance_controller/share/ament_index/resource_index/controller_interface__pluginlib__plugin/impedance_controller
[1.552s] -- Up-to-date symlink: /home/rosuser/ros2_ws/install/impedance_controller/share/impedance_controller/cmake/ament_cmake_export_dependencies-extras.cmake
[1.553s] -- Up-to-date symlink: /home/rosuser/ros2_ws/install/impedance_controller/share/impedance_controller/cmake/ament_cmake_export_include_directories-extras.cmake
[1.553s] -- Up-to-date symlink: /home/rosuser/ros2_ws/install/impedance_controller/share/impedance_controller/cmake/ament_cmake_export_libraries-extras.cmake
[1.554s] -- Up-to-date symlink: /home/rosuser/ros2_ws/install/impedance_controller/share/impedance_controller/cmake/impedance_controllerConfig.cmake
[1.554s] -- Up-to-date symlink: /home/rosuser/ros2_ws/install/impedance_controller/share/impedance_controller/cmake/impedance_controllerConfig-version.cmake
[1.554s] -- Up-to-date symlink: /home/rosuser/ros2_ws/install/impedance_controller/share/impedance_controller/package.xml
[1.557s] Invoked command in '/home/rosuser/ros2_ws/build/impedance_controller' returned '0': CMAKE_PREFIX_PATH=/opt/ros/humble /usr/bin/cmake --install /home/rosuser/ros2_ws/build/impedance_controller
