running develop
running egg_info
creating lbr_demos_advanced_py.egg-info
writing lbr_demos_advanced_py.egg-info/PKG-INFO
writing dependency_links to lbr_demos_advanced_py.egg-info/dependency_links.txt
writing entry points to lbr_demos_advanced_py.egg-info/entry_points.txt
writing requirements to lbr_demos_advanced_py.egg-info/requires.txt
writing top-level names to lbr_demos_advanced_py.egg-info/top_level.txt
writing manifest file 'lbr_demos_advanced_py.egg-info/SOURCES.txt'
reading manifest file 'lbr_demos_advanced_py.egg-info/SOURCES.txt'
writing manifest file 'lbr_demos_advanced_py.egg-info/SOURCES.txt'
running build_ext
Creating /home/rosuser/ros2_ws/install/lbr_demos_advanced_py/lib/python3.10/site-packages/lbr-demos-advanced-py.egg-link (link to .)
Installing admittance_control script to /home/rosuser/ros2_ws/install/lbr_demos_advanced_py/lib/lbr_demos_advanced_py
Installing admittance_rcm_control script to /home/rosuser/ros2_ws/install/lbr_demos_advanced_py/lib/lbr_demos_advanced_py

Installed /home/rosuser/ros2_ws/build/lbr_demos_advanced_py
running symlink_data
creating /home/rosuser/ros2_ws/install/lbr_demos_advanced_py/share/ament_index
creating /home/rosuser/ros2_ws/install/lbr_demos_advanced_py/share/ament_index/resource_index
creating /home/rosuser/ros2_ws/install/lbr_demos_advanced_py/share/ament_index/resource_index/packages
symbolically linking /home/rosuser/ros2_ws/build/lbr_demos_advanced_py/resource/lbr_demos_advanced_py -> /home/rosuser/ros2_ws/install/lbr_demos_advanced_py/share/ament_index/resource_index/packages
symbolically linking /home/rosuser/ros2_ws/build/lbr_demos_advanced_py/package.xml -> /home/rosuser/ros2_ws/install/lbr_demos_advanced_py/share/lbr_demos_advanced_py
creating /home/rosuser/ros2_ws/install/lbr_demos_advanced_py/share/lbr_demos_advanced_py/config
symbolically linking /home/rosuser/ros2_ws/build/lbr_demos_advanced_py/config/admittance_control.yaml -> /home/rosuser/ros2_ws/install/lbr_demos_advanced_py/share/lbr_demos_advanced_py/config
symbolically linking /home/rosuser/ros2_ws/build/lbr_demos_advanced_py/config/admittance_rcm_control.yaml -> /home/rosuser/ros2_ws/install/lbr_demos_advanced_py/share/lbr_demos_advanced_py/config
