[0.999s] Invoking command in '/home/rosuser/ros2_ws/build/lbr_demos_advanced_py': AMENT_PREFIX_PATH=/home/rosuser/ros2_ws/install/lbr_fri_ros2:/home/rosuser/ros2_ws/install/lbr_fri_idl:/home/rosuser/ros2_ws/install/lbr_description:${AMENT_PREFIX_PATH} CMAKE_PREFIX_PATH=/home/rosuser/ros2_ws/install/lbr_fri_ros2:/home/rosuser/ros2_ws/install/lbr_fri_idl:/home/rosuser/ros2_ws/install/lbr_description:/home/rosuser/ros2_ws/install/fri_client_sdk LD_LIBRARY_PATH=/home/rosuser/ros2_ws/install/lbr_fri_ros2/lib:/home/rosuser/ros2_ws/install/lbr_fri_idl/lib:/home/rosuser/ros2_ws/install/fri_client_sdk/lib:${LD_LIBRARY_PATH} PKG_CONFIG_PATH=/home/rosuser/ros2_ws/install/fri_client_sdk/lib/x86_64-linux-gnu/pkgconfig:/home/rosuser/ros2_ws/install/fri_client_sdk/lib/pkgconfig PYTHONPATH=/home/rosuser/ros2_ws/build/lbr_demos_advanced_py/prefix_override:/usr/lib/python3/dist-packages/colcon_core/task/python/colcon_distutils_commands:/home/rosuser/ros2_ws/install/lbr_demos_advanced_py/lib/python3.10/site-packages:/home/rosuser/ros2_ws/install/lbr_fri_idl/local/lib/python3.10/dist-packages:${PYTHONPATH} /usr/bin/python3 -W ignore:setup.py install is deprecated -W ignore:easy_install command is deprecated setup.py develop --editable --build-directory /home/rosuser/ros2_ws/build/lbr_demos_advanced_py/build --no-deps symlink_data
[1.390s] running develop
[1.658s] running egg_info
[1.658s] creating lbr_demos_advanced_py.egg-info
[1.658s] writing lbr_demos_advanced_py.egg-info/PKG-INFO
[1.658s] writing dependency_links to lbr_demos_advanced_py.egg-info/dependency_links.txt
[1.659s] writing entry points to lbr_demos_advanced_py.egg-info/entry_points.txt
[1.659s] writing requirements to lbr_demos_advanced_py.egg-info/requires.txt
[1.659s] writing top-level names to lbr_demos_advanced_py.egg-info/top_level.txt
[1.659s] writing manifest file 'lbr_demos_advanced_py.egg-info/SOURCES.txt'
[1.662s] reading manifest file 'lbr_demos_advanced_py.egg-info/SOURCES.txt'
[1.663s] writing manifest file 'lbr_demos_advanced_py.egg-info/SOURCES.txt'
[1.664s] running build_ext
[1.664s] Creating /home/rosuser/ros2_ws/install/lbr_demos_advanced_py/lib/python3.10/site-packages/lbr-demos-advanced-py.egg-link (link to .)
[1.665s] Installing admittance_control script to /home/rosuser/ros2_ws/install/lbr_demos_advanced_py/lib/lbr_demos_advanced_py
[1.666s] Installing admittance_rcm_control script to /home/rosuser/ros2_ws/install/lbr_demos_advanced_py/lib/lbr_demos_advanced_py
[1.666s] 
[1.666s] Installed /home/rosuser/ros2_ws/build/lbr_demos_advanced_py
[1.666s] running symlink_data
[1.666s] creating /home/rosuser/ros2_ws/install/lbr_demos_advanced_py/share/ament_index
[1.666s] creating /home/rosuser/ros2_ws/install/lbr_demos_advanced_py/share/ament_index/resource_index
[1.667s] creating /home/rosuser/ros2_ws/install/lbr_demos_advanced_py/share/ament_index/resource_index/packages
[1.667s] symbolically linking /home/rosuser/ros2_ws/build/lbr_demos_advanced_py/resource/lbr_demos_advanced_py -> /home/rosuser/ros2_ws/install/lbr_demos_advanced_py/share/ament_index/resource_index/packages
[1.667s] symbolically linking /home/rosuser/ros2_ws/build/lbr_demos_advanced_py/package.xml -> /home/rosuser/ros2_ws/install/lbr_demos_advanced_py/share/lbr_demos_advanced_py
[1.667s] creating /home/rosuser/ros2_ws/install/lbr_demos_advanced_py/share/lbr_demos_advanced_py/config
[1.667s] symbolically linking /home/rosuser/ros2_ws/build/lbr_demos_advanced_py/config/admittance_control.yaml -> /home/rosuser/ros2_ws/install/lbr_demos_advanced_py/share/lbr_demos_advanced_py/config
[1.667s] symbolically linking /home/rosuser/ros2_ws/build/lbr_demos_advanced_py/config/admittance_rcm_control.yaml -> /home/rosuser/ros2_ws/install/lbr_demos_advanced_py/share/lbr_demos_advanced_py/config
[1.709s] Invoked command in '/home/rosuser/ros2_ws/build/lbr_demos_advanced_py' returned '0': AMENT_PREFIX_PATH=/home/rosuser/ros2_ws/install/lbr_fri_ros2:/home/rosuser/ros2_ws/install/lbr_fri_idl:/home/rosuser/ros2_ws/install/lbr_description:${AMENT_PREFIX_PATH} CMAKE_PREFIX_PATH=/home/rosuser/ros2_ws/install/lbr_fri_ros2:/home/rosuser/ros2_ws/install/lbr_fri_idl:/home/rosuser/ros2_ws/install/lbr_description:/home/rosuser/ros2_ws/install/fri_client_sdk LD_LIBRARY_PATH=/home/rosuser/ros2_ws/install/lbr_fri_ros2/lib:/home/rosuser/ros2_ws/install/lbr_fri_idl/lib:/home/rosuser/ros2_ws/install/fri_client_sdk/lib:${LD_LIBRARY_PATH} PKG_CONFIG_PATH=/home/rosuser/ros2_ws/install/fri_client_sdk/lib/x86_64-linux-gnu/pkgconfig:/home/rosuser/ros2_ws/install/fri_client_sdk/lib/pkgconfig PYTHONPATH=/home/rosuser/ros2_ws/build/lbr_demos_advanced_py/prefix_override:/usr/lib/python3/dist-packages/colcon_core/task/python/colcon_distutils_commands:/home/rosuser/ros2_ws/install/lbr_demos_advanced_py/lib/python3.10/site-packages:/home/rosuser/ros2_ws/install/lbr_fri_idl/local/lib/python3.10/dist-packages:${PYTHONPATH} /usr/bin/python3 -W ignore:setup.py install is deprecated -W ignore:easy_install command is deprecated setup.py develop --editable --build-directory /home/rosuser/ros2_ws/build/lbr_demos_advanced_py/build --no-deps symlink_data
