[ 10%] Built target gtest_main
[ 20%] Built target gtest
[ 90%] Built target lbr_fri_ros2
[100%] Built target test_command_interfaces
-- Install configuration: "Release"
-- Execute custom install script
-- Up-to-date symlink: /home/rosuser/ros2_ws/install/lbr_fri_ros2/share/lbr_fri_ros2/environment/library_path.sh
-- Up-to-date symlink: /home/rosuser/ros2_ws/install/lbr_fri_ros2/share/lbr_fri_ros2/environment/library_path.dsv
-- Up-to-date symlink: /home/rosuser/ros2_ws/install/lbr_fri_ros2/include/lbr_fri_ros2/app.hpp
-- Up-to-date symlink: /home/rosuser/ros2_ws/install/lbr_fri_ros2/include/lbr_fri_ros2/async_client.hpp
-- Up-to-date symlink: /home/rosuser/ros2_ws/install/lbr_fri_ros2/include/lbr_fri_ros2/command_guard.hpp
-- Up-to-date symlink: /home/rosuser/ros2_ws/install/lbr_fri_ros2/include/lbr_fri_ros2/control.hpp
-- Up-to-date symlink: /home/rosuser/ros2_ws/install/lbr_fri_ros2/include/lbr_fri_ros2/filters.hpp
-- Up-to-date symlink: /home/rosuser/ros2_ws/install/lbr_fri_ros2/include/lbr_fri_ros2/formatting.hpp
-- Up-to-date symlink: /home/rosuser/ros2_ws/install/lbr_fri_ros2/include/lbr_fri_ros2/ft_estimator.hpp
-- Up-to-date symlink: /home/rosuser/ros2_ws/install/lbr_fri_ros2/include/lbr_fri_ros2/interfaces/base_command.hpp
-- Up-to-date symlink: /home/rosuser/ros2_ws/install/lbr_fri_ros2/include/lbr_fri_ros2/interfaces/position_command.hpp
-- Up-to-date symlink: /home/rosuser/ros2_ws/install/lbr_fri_ros2/include/lbr_fri_ros2/interfaces/state.hpp
-- Up-to-date symlink: /home/rosuser/ros2_ws/install/lbr_fri_ros2/include/lbr_fri_ros2/interfaces/torque_command.hpp
-- Up-to-date symlink: /home/rosuser/ros2_ws/install/lbr_fri_ros2/include/lbr_fri_ros2/interfaces/wrench_command.hpp
-- Up-to-date symlink: /home/rosuser/ros2_ws/install/lbr_fri_ros2/include/lbr_fri_ros2/kinematics.hpp
-- Up-to-date symlink: /home/rosuser/ros2_ws/install/lbr_fri_ros2/include/lbr_fri_ros2/pinv.hpp
-- Up-to-date symlink: /home/rosuser/ros2_ws/install/lbr_fri_ros2/include/lbr_fri_ros2/types.hpp
-- Up-to-date symlink: /home/rosuser/ros2_ws/install/lbr_fri_ros2/include/lbr_fri_ros2/utils.hpp
-- Up-to-date symlink: /home/rosuser/ros2_ws/install/lbr_fri_ros2/include/lbr_fri_ros2/worker.hpp
-- Up-to-date symlink: /home/rosuser/ros2_ws/install/lbr_fri_ros2/share/ament_index/resource_index/package_run_dependencies/lbr_fri_ros2
-- Up-to-date symlink: /home/rosuser/ros2_ws/install/lbr_fri_ros2/share/ament_index/resource_index/parent_prefix_path/lbr_fri_ros2
-- Up-to-date symlink: /home/rosuser/ros2_ws/install/lbr_fri_ros2/share/lbr_fri_ros2/environment/ament_prefix_path.sh
-- Up-to-date symlink: /home/rosuser/ros2_ws/install/lbr_fri_ros2/share/lbr_fri_ros2/environment/ament_prefix_path.dsv
-- Up-to-date symlink: /home/rosuser/ros2_ws/install/lbr_fri_ros2/share/lbr_fri_ros2/environment/path.sh
-- Up-to-date symlink: /home/rosuser/ros2_ws/install/lbr_fri_ros2/share/lbr_fri_ros2/environment/path.dsv
-- Up-to-date symlink: /home/rosuser/ros2_ws/install/lbr_fri_ros2/share/lbr_fri_ros2/local_setup.bash
-- Up-to-date symlink: /home/rosuser/ros2_ws/install/lbr_fri_ros2/share/lbr_fri_ros2/local_setup.sh
-- Up-to-date symlink: /home/rosuser/ros2_ws/install/lbr_fri_ros2/share/lbr_fri_ros2/local_setup.zsh
-- Up-to-date symlink: /home/rosuser/ros2_ws/install/lbr_fri_ros2/share/lbr_fri_ros2/local_setup.dsv
-- Symlinking: /home/rosuser/ros2_ws/install/lbr_fri_ros2/share/lbr_fri_ros2/package.dsv
-- Up-to-date symlink: /home/rosuser/ros2_ws/install/lbr_fri_ros2/share/ament_index/resource_index/packages/lbr_fri_ros2
-- Up-to-date symlink: /home/rosuser/ros2_ws/install/lbr_fri_ros2/share/lbr_fri_ros2/cmake/ament_cmake_export_targets-extras.cmake
-- Up-to-date symlink: /home/rosuser/ros2_ws/install/lbr_fri_ros2/share/lbr_fri_ros2/cmake/ament_cmake_export_dependencies-extras.cmake
-- Up-to-date symlink: /home/rosuser/ros2_ws/install/lbr_fri_ros2/share/lbr_fri_ros2/cmake/lbr_fri_ros2Config.cmake
-- Up-to-date symlink: /home/rosuser/ros2_ws/install/lbr_fri_ros2/share/lbr_fri_ros2/cmake/lbr_fri_ros2Config-version.cmake
-- Up-to-date symlink: /home/rosuser/ros2_ws/install/lbr_fri_ros2/share/lbr_fri_ros2/package.xml
-- Up-to-date: /home/rosuser/ros2_ws/install/lbr_fri_ros2/lib/liblbr_fri_ros2.so
-- Up-to-date: /home/rosuser/ros2_ws/install/lbr_fri_ros2/share/lbr_fri_ros2/cmake/lbr_fri_ros2_exportExport.cmake
-- Up-to-date: /home/rosuser/ros2_ws/install/lbr_fri_ros2/share/lbr_fri_ros2/cmake/lbr_fri_ros2_exportExport-release.cmake
