[0.036s] Invoking command in '/home/rosuser/ros2_ws/build/external_torque_sensor_broadcaster': CMAKE_PREFIX_PATH=${CMAKE_PREFIX_PATH}:/home/rosuser/ros2_ws/install/lbr_demos_py:/home/rosuser/ros2_ws/install/lbr_moveit:/home/rosuser/ros2_ws/install/lbr_demos_advanced_py:/home/rosuser/ros2_ws/install/lbr_fri_idl:/home/rosuser/mocap4r2_ws/install/mocap4r2cli:/opt/ros/humble /usr/bin/cmake --build /home/rosuser/ros2_ws/build/external_torque_sensor_broadcaster -- -j4 -l4
[0.156s] [100%] Built target external_torque_sensor_broadcaster
[0.183s] Invoked command in '/home/rosuser/ros2_ws/build/external_torque_sensor_broadcaster' returned '0': CMAKE_PREFIX_PATH=${CMAKE_PREFIX_PATH}:/home/rosuser/ros2_ws/install/lbr_demos_py:/home/rosuser/ros2_ws/install/lbr_moveit:/home/rosuser/ros2_ws/install/lbr_demos_advanced_py:/home/rosuser/ros2_ws/install/lbr_fri_idl:/home/rosuser/mocap4r2_ws/install/mocap4r2cli:/opt/ros/humble /usr/bin/cmake --build /home/rosuser/ros2_ws/build/external_torque_sensor_broadcaster -- -j4 -l4
[0.185s] Invoking command in '/home/rosuser/ros2_ws/build/external_torque_sensor_broadcaster': CMAKE_PREFIX_PATH=${CMAKE_PREFIX_PATH}:/home/rosuser/ros2_ws/install/lbr_demos_py:/home/rosuser/ros2_ws/install/lbr_moveit:/home/rosuser/ros2_ws/install/lbr_demos_advanced_py:/home/rosuser/ros2_ws/install/lbr_fri_idl:/home/rosuser/mocap4r2_ws/install/mocap4r2cli:/opt/ros/humble /usr/bin/cmake --install /home/rosuser/ros2_ws/build/external_torque_sensor_broadcaster
[0.187s] -- Install configuration: ""
[0.187s] -- Execute custom install script
[0.188s] -- Up-to-date symlink: /home/rosuser/ros2_ws/install/external_torque_sensor_broadcaster/share/external_torque_sensor_broadcaster//external_torque_sensor_broadcaster.xml
[0.188s] -- Up-to-date symlink: /home/rosuser/ros2_ws/install/external_torque_sensor_broadcaster/lib/libexternal_torque_sensor_broadcaster.so
[0.188s] -- Up-to-date symlink: /home/rosuser/ros2_ws/install/external_torque_sensor_broadcaster/include/external_torque_sensor_broadcaster/external_torque_sensor.hpp
[0.188s] -- Up-to-date symlink: /home/rosuser/ros2_ws/install/external_torque_sensor_broadcaster/include/external_torque_sensor_broadcaster/external_torque_sensor_broadcaster.hpp
[0.191s] -- Up-to-date symlink: /home/rosuser/ros2_ws/install/external_torque_sensor_broadcaster/include/external_torque_sensor_broadcaster/visibility_control.h
[0.193s] -- Up-to-date symlink: /home/rosuser/ros2_ws/install/external_torque_sensor_broadcaster/share/external_torque_sensor_broadcaster/environment/library_path.sh
[0.193s] -- Up-to-date symlink: /home/rosuser/ros2_ws/install/external_torque_sensor_broadcaster/share/external_torque_sensor_broadcaster/environment/library_path.dsv
[0.193s] -- Up-to-date symlink: /home/rosuser/ros2_ws/install/external_torque_sensor_broadcaster/share/ament_index/resource_index/package_run_dependencies/external_torque_sensor_broadcaster
[0.193s] -- Up-to-date symlink: /home/rosuser/ros2_ws/install/external_torque_sensor_broadcaster/share/ament_index/resource_index/parent_prefix_path/external_torque_sensor_broadcaster
[0.193s] -- Up-to-date symlink: /home/rosuser/ros2_ws/install/external_torque_sensor_broadcaster/share/external_torque_sensor_broadcaster/environment/ament_prefix_path.sh
[0.193s] -- Up-to-date symlink: /home/rosuser/ros2_ws/install/external_torque_sensor_broadcaster/share/external_torque_sensor_broadcaster/environment/ament_prefix_path.dsv
[0.193s] -- Up-to-date symlink: /home/rosuser/ros2_ws/install/external_torque_sensor_broadcaster/share/external_torque_sensor_broadcaster/environment/path.sh
[0.193s] -- Up-to-date symlink: /home/rosuser/ros2_ws/install/external_torque_sensor_broadcaster/share/external_torque_sensor_broadcaster/environment/path.dsv
[0.193s] -- Up-to-date symlink: /home/rosuser/ros2_ws/install/external_torque_sensor_broadcaster/share/external_torque_sensor_broadcaster/local_setup.bash
[0.194s] -- Up-to-date symlink: /home/rosuser/ros2_ws/install/external_torque_sensor_broadcaster/share/external_torque_sensor_broadcaster/local_setup.sh
[0.194s] -- Up-to-date symlink: /home/rosuser/ros2_ws/install/external_torque_sensor_broadcaster/share/external_torque_sensor_broadcaster/local_setup.zsh
[0.194s] -- Up-to-date symlink: /home/rosuser/ros2_ws/install/external_torque_sensor_broadcaster/share/external_torque_sensor_broadcaster/local_setup.dsv
[0.194s] -- Symlinking: /home/rosuser/ros2_ws/install/external_torque_sensor_broadcaster/share/external_torque_sensor_broadcaster/package.dsv
[0.206s] -- Up-to-date symlink: /home/rosuser/ros2_ws/install/external_torque_sensor_broadcaster/share/ament_index/resource_index/packages/external_torque_sensor_broadcaster
[0.206s] -- Up-to-date symlink: /home/rosuser/ros2_ws/install/external_torque_sensor_broadcaster/share/ament_index/resource_index/controller_interface__pluginlib__plugin/external_torque_sensor_broadcaster
[0.206s] -- Up-to-date symlink: /home/rosuser/ros2_ws/install/external_torque_sensor_broadcaster/share/external_torque_sensor_broadcaster/cmake/ament_cmake_export_include_directories-extras.cmake
[0.206s] -- Up-to-date symlink: /home/rosuser/ros2_ws/install/external_torque_sensor_broadcaster/share/external_torque_sensor_broadcaster/cmake/ament_cmake_export_libraries-extras.cmake
[0.206s] -- Up-to-date symlink: /home/rosuser/ros2_ws/install/external_torque_sensor_broadcaster/share/external_torque_sensor_broadcaster/cmake/ament_cmake_export_dependencies-extras.cmake
[0.206s] -- Up-to-date symlink: /home/rosuser/ros2_ws/install/external_torque_sensor_broadcaster/share/external_torque_sensor_broadcaster/cmake/external_torque_sensor_broadcasterConfig.cmake
[0.206s] -- Up-to-date symlink: /home/rosuser/ros2_ws/install/external_torque_sensor_broadcaster/share/external_torque_sensor_broadcaster/cmake/external_torque_sensor_broadcasterConfig-version.cmake
[0.206s] -- Up-to-date symlink: /home/rosuser/ros2_ws/install/external_torque_sensor_broadcaster/share/external_torque_sensor_broadcaster/package.xml
[0.272s] Invoked command in '/home/rosuser/ros2_ws/build/external_torque_sensor_broadcaster' returned '0': CMAKE_PREFIX_PATH=${CMAKE_PREFIX_PATH}:/home/rosuser/ros2_ws/install/lbr_demos_py:/home/rosuser/ros2_ws/install/lbr_moveit:/home/rosuser/ros2_ws/install/lbr_demos_advanced_py:/home/rosuser/ros2_ws/install/lbr_fri_idl:/home/rosuser/mocap4r2_ws/install/mocap4r2cli:/opt/ros/humble /usr/bin/cmake --install /home/rosuser/ros2_ws/build/external_torque_sensor_broadcaster
