[0.028s] Invoking command in '/home/rosuser/ros2_ws/build/pymoveit2': CMAKE_PREFIX_PATH=${CMAKE_PREFIX_PATH}:/home/rosuser/ros2_ws/install/my_launch_pkg:/home/rosuser/ros2_ws/install/mocap4r2cli:/home/rosuser/ros2_ws/install/marker_pose_publisher_pkg:/home/rosuser/ros2_ws/install/marker_robot_follower:/home/rosuser/ros2_ws/install/marker_pose_follow:/home/rosuser/ros2_ws/install/marker_pose_bridge:/home/rosuser/ros2_ws/install/lbr_demos_py:/home/rosuser/ros2_ws/install/lbr_moveit:/home/rosuser/ros2_ws/install/lbr_demos_advanced_py:/home/rosuser/ros2_ws/install/combined_launch:/home/rosuser/test_ws/install/my_launch_pkg:/home/rosuser/test_ws/install/mocap4r2cli:/home/rosuser/test_ws/install/marker_pose_follow:/home/rosuser/test_ws/install/marker_pose_bridge:/home/rosuser/test_ws/install/lbr_demos_py:/home/rosuser/test_ws/install/lbr_moveit:/home/rosuser/test_ws/install/lbr_demos_advanced_py:/home/rosuser/mocap4r2_ws/install/mocap4r2cli:/opt/ros/humble /usr/bin/cmake --build /home/rosuser/ros2_ws/build/pymoveit2 -- -j4 -l4
[0.135s] Built target ament_cmake_python_symlink_pymoveit2
[0.591s] running egg_info
[0.592s] writing pymoveit2.egg-info/PKG-INFO
[0.592s] writing dependency_links to pymoveit2.egg-info/dependency_links.txt
[0.592s] writing top-level names to pymoveit2.egg-info/top_level.txt
[0.595s] reading manifest file 'pymoveit2.egg-info/SOURCES.txt'
[0.596s] writing manifest file 'pymoveit2.egg-info/SOURCES.txt'
[0.637s] Built target ament_cmake_python_build_pymoveit2_egg
[0.655s] Invoked command in '/home/rosuser/ros2_ws/build/pymoveit2' returned '0': CMAKE_PREFIX_PATH=${CMAKE_PREFIX_PATH}:/home/rosuser/ros2_ws/install/my_launch_pkg:/home/rosuser/ros2_ws/install/mocap4r2cli:/home/rosuser/ros2_ws/install/marker_pose_publisher_pkg:/home/rosuser/ros2_ws/install/marker_robot_follower:/home/rosuser/ros2_ws/install/marker_pose_follow:/home/rosuser/ros2_ws/install/marker_pose_bridge:/home/rosuser/ros2_ws/install/lbr_demos_py:/home/rosuser/ros2_ws/install/lbr_moveit:/home/rosuser/ros2_ws/install/lbr_demos_advanced_py:/home/rosuser/ros2_ws/install/combined_launch:/home/rosuser/test_ws/install/my_launch_pkg:/home/rosuser/test_ws/install/mocap4r2cli:/home/rosuser/test_ws/install/marker_pose_follow:/home/rosuser/test_ws/install/marker_pose_bridge:/home/rosuser/test_ws/install/lbr_demos_py:/home/rosuser/test_ws/install/lbr_moveit:/home/rosuser/test_ws/install/lbr_demos_advanced_py:/home/rosuser/mocap4r2_ws/install/mocap4r2cli:/opt/ros/humble /usr/bin/cmake --build /home/rosuser/ros2_ws/build/pymoveit2 -- -j4 -l4
[0.671s] Invoking command in '/home/rosuser/ros2_ws/build/pymoveit2': CMAKE_PREFIX_PATH=${CMAKE_PREFIX_PATH}:/home/rosuser/ros2_ws/install/my_launch_pkg:/home/rosuser/ros2_ws/install/mocap4r2cli:/home/rosuser/ros2_ws/install/marker_pose_publisher_pkg:/home/rosuser/ros2_ws/install/marker_robot_follower:/home/rosuser/ros2_ws/install/marker_pose_follow:/home/rosuser/ros2_ws/install/marker_pose_bridge:/home/rosuser/ros2_ws/install/lbr_demos_py:/home/rosuser/ros2_ws/install/lbr_moveit:/home/rosuser/ros2_ws/install/lbr_demos_advanced_py:/home/rosuser/ros2_ws/install/combined_launch:/home/rosuser/test_ws/install/my_launch_pkg:/home/rosuser/test_ws/install/mocap4r2cli:/home/rosuser/test_ws/install/marker_pose_follow:/home/rosuser/test_ws/install/marker_pose_bridge:/home/rosuser/test_ws/install/lbr_demos_py:/home/rosuser/test_ws/install/lbr_moveit:/home/rosuser/test_ws/install/lbr_demos_advanced_py:/home/rosuser/mocap4r2_ws/install/mocap4r2cli:/opt/ros/humble /usr/bin/cmake --install /home/rosuser/ros2_ws/build/pymoveit2
[0.685s] -- Install configuration: ""
[0.686s] -- Execute custom install script
[0.686s] -- Up-to-date symlink: /home/rosuser/ros2_ws/install/pymoveit2/share/pymoveit2/environment/pythonpath.sh
[0.686s] -- Up-to-date symlink: /home/rosuser/ros2_ws/install/pymoveit2/share/pymoveit2/environment/pythonpath.dsv
[0.686s] -- Up-to-date symlink: /home/rosuser/ros2_ws/install/pymoveit2/local/lib/python3.10/dist-packages/pymoveit2-4.0.0-py3.10.egg-info/PKG-INFO
[0.686s] -- Up-to-date symlink: /home/rosuser/ros2_ws/install/pymoveit2/local/lib/python3.10/dist-packages/pymoveit2-4.0.0-py3.10.egg-info/SOURCES.txt
[0.687s] -- Up-to-date symlink: /home/rosuser/ros2_ws/install/pymoveit2/local/lib/python3.10/dist-packages/pymoveit2-4.0.0-py3.10.egg-info/dependency_links.txt
[0.687s] -- Up-to-date symlink: /home/rosuser/ros2_ws/install/pymoveit2/local/lib/python3.10/dist-packages/pymoveit2-4.0.0-py3.10.egg-info/top_level.txt
[0.688s] -- Up-to-date symlink: /home/rosuser/ros2_ws/install/pymoveit2/local/lib/python3.10/dist-packages/pymoveit2/__init__.py
[0.688s] -- Up-to-date symlink: /home/rosuser/ros2_ws/install/pymoveit2/local/lib/python3.10/dist-packages/pymoveit2/gripper_command.py
[0.688s] -- Up-to-date symlink: /home/rosuser/ros2_ws/install/pymoveit2/local/lib/python3.10/dist-packages/pymoveit2/gripper_interface.py
[0.688s] -- Up-to-date symlink: /home/rosuser/ros2_ws/install/pymoveit2/local/lib/python3.10/dist-packages/pymoveit2/move_to_pose.py
[0.688s] -- Up-to-date symlink: /home/rosuser/ros2_ws/install/pymoveit2/local/lib/python3.10/dist-packages/pymoveit2/moveit2.py
[0.688s] -- Up-to-date symlink: /home/rosuser/ros2_ws/install/pymoveit2/local/lib/python3.10/dist-packages/pymoveit2/moveit2_gripper.py
[0.689s] -- Up-to-date symlink: /home/rosuser/ros2_ws/install/pymoveit2/local/lib/python3.10/dist-packages/pymoveit2/moveit2_servo.py
[0.689s] -- Up-to-date symlink: /home/rosuser/ros2_ws/install/pymoveit2/local/lib/python3.10/dist-packages/pymoveit2/robots/__init__.py
[0.689s] -- Up-to-date symlink: /home/rosuser/ros2_ws/install/pymoveit2/local/lib/python3.10/dist-packages/pymoveit2/robots/crane_x7.py
[0.689s] -- Up-to-date symlink: /home/rosuser/ros2_ws/install/pymoveit2/local/lib/python3.10/dist-packages/pymoveit2/robots/kinova.py
[0.689s] -- Up-to-date symlink: /home/rosuser/ros2_ws/install/pymoveit2/local/lib/python3.10/dist-packages/pymoveit2/robots/lbr.py
[0.689s] -- Up-to-date symlink: /home/rosuser/ros2_ws/install/pymoveit2/local/lib/python3.10/dist-packages/pymoveit2/robots/panda.py
[0.690s] -- Up-to-date symlink: /home/rosuser/ros2_ws/install/pymoveit2/local/lib/python3.10/dist-packages/pymoveit2/robots/phantomx_pincher.py
[0.690s] -- Up-to-date symlink: /home/rosuser/ros2_ws/install/pymoveit2/local/lib/python3.10/dist-packages/pymoveit2/robots/ur.py
[0.690s] -- Up-to-date symlink: /home/rosuser/ros2_ws/install/pymoveit2/local/lib/python3.10/dist-packages/pymoveit2/utils.py
[0.690s] -- Up-to-date symlink: /home/rosuser/ros2_ws/install/pymoveit2/lib/pymoveit2/ex_allow_collisions.py
[0.690s] -- Up-to-date symlink: /home/rosuser/ros2_ws/install/pymoveit2/lib/pymoveit2/ex_clear_planning_scene.py
[0.690s] -- Up-to-date symlink: /home/rosuser/ros2_ws/install/pymoveit2/lib/pymoveit2/ex_collision_mesh.py
[0.690s] -- Up-to-date symlink: /home/rosuser/ros2_ws/install/pymoveit2/lib/pymoveit2/ex_collision_primitive.py
[0.691s] -- Up-to-date symlink: /home/rosuser/ros2_ws/install/pymoveit2/lib/pymoveit2/ex_fk.py
[0.691s] -- Up-to-date symlink: /home/rosuser/ros2_ws/install/pymoveit2/lib/pymoveit2/ex_gripper.py
[0.691s] -- Up-to-date symlink: /home/rosuser/ros2_ws/install/pymoveit2/lib/pymoveit2/ex_ik.py
[0.691s] -- Up-to-date symlink: /home/rosuser/ros2_ws/install/pymoveit2/lib/pymoveit2/ex_joint_goal.py
[0.691s] -- Up-to-date symlink: /home/rosuser/ros2_ws/install/pymoveit2/lib/pymoveit2/ex_orientation_path_constraint.py
[0.691s] -- Up-to-date symlink: /home/rosuser/ros2_ws/install/pymoveit2/lib/pymoveit2/ex_pose_goal.py
[0.691s] -- Up-to-date symlink: /home/rosuser/ros2_ws/install/pymoveit2/lib/pymoveit2/ex_servo.py
[0.692s] -- Up-to-date symlink: /home/rosuser/ros2_ws/install/pymoveit2/share/ament_index/resource_index/package_run_dependencies/pymoveit2
[0.692s] -- Up-to-date symlink: /home/rosuser/ros2_ws/install/pymoveit2/share/ament_index/resource_index/parent_prefix_path/pymoveit2
[0.692s] -- Up-to-date symlink: /home/rosuser/ros2_ws/install/pymoveit2/share/pymoveit2/environment/ament_prefix_path.sh
[0.692s] -- Up-to-date symlink: /home/rosuser/ros2_ws/install/pymoveit2/share/pymoveit2/environment/ament_prefix_path.dsv
[0.693s] -- Up-to-date symlink: /home/rosuser/ros2_ws/install/pymoveit2/share/pymoveit2/environment/path.sh
[0.693s] -- Up-to-date symlink: /home/rosuser/ros2_ws/install/pymoveit2/share/pymoveit2/environment/path.dsv
[0.693s] -- Up-to-date symlink: /home/rosuser/ros2_ws/install/pymoveit2/share/pymoveit2/local_setup.bash
[0.693s] -- Up-to-date symlink: /home/rosuser/ros2_ws/install/pymoveit2/share/pymoveit2/local_setup.sh
[0.693s] -- Up-to-date symlink: /home/rosuser/ros2_ws/install/pymoveit2/share/pymoveit2/local_setup.zsh
[0.693s] -- Up-to-date symlink: /home/rosuser/ros2_ws/install/pymoveit2/share/pymoveit2/local_setup.dsv
[0.694s] -- Symlinking: /home/rosuser/ros2_ws/install/pymoveit2/share/pymoveit2/package.dsv
[0.709s] -- Up-to-date symlink: /home/rosuser/ros2_ws/install/pymoveit2/share/ament_index/resource_index/packages/pymoveit2
[0.709s] -- Up-to-date symlink: /home/rosuser/ros2_ws/install/pymoveit2/share/pymoveit2/cmake/pymoveit2Config.cmake
[0.710s] -- Up-to-date symlink: /home/rosuser/ros2_ws/install/pymoveit2/share/pymoveit2/cmake/pymoveit2Config-version.cmake
[0.710s] -- Up-to-date symlink: /home/rosuser/ros2_ws/install/pymoveit2/share/pymoveit2/package.xml
[0.785s] Listing '/home/rosuser/ros2_ws/install/pymoveit2/local/lib/python3.10/dist-packages/pymoveit2'...
[0.785s] Compiling '/home/rosuser/ros2_ws/install/pymoveit2/local/lib/python3.10/dist-packages/pymoveit2/move_to_pose.py'...
[0.785s] Listing '/home/rosuser/ros2_ws/install/pymoveit2/local/lib/python3.10/dist-packages/pymoveit2/robots'...
[0.792s] Invoked command in '/home/rosuser/ros2_ws/build/pymoveit2' returned '0': CMAKE_PREFIX_PATH=${CMAKE_PREFIX_PATH}:/home/rosuser/ros2_ws/install/my_launch_pkg:/home/rosuser/ros2_ws/install/mocap4r2cli:/home/rosuser/ros2_ws/install/marker_pose_publisher_pkg:/home/rosuser/ros2_ws/install/marker_robot_follower:/home/rosuser/ros2_ws/install/marker_pose_follow:/home/rosuser/ros2_ws/install/marker_pose_bridge:/home/rosuser/ros2_ws/install/lbr_demos_py:/home/rosuser/ros2_ws/install/lbr_moveit:/home/rosuser/ros2_ws/install/lbr_demos_advanced_py:/home/rosuser/ros2_ws/install/combined_launch:/home/rosuser/test_ws/install/my_launch_pkg:/home/rosuser/test_ws/install/mocap4r2cli:/home/rosuser/test_ws/install/marker_pose_follow:/home/rosuser/test_ws/install/marker_pose_bridge:/home/rosuser/test_ws/install/lbr_demos_py:/home/rosuser/test_ws/install/lbr_moveit:/home/rosuser/test_ws/install/lbr_demos_advanced_py:/home/rosuser/mocap4r2_ws/install/mocap4r2cli:/opt/ros/humble /usr/bin/cmake --install /home/rosuser/ros2_ws/build/pymoveit2
