[0.158s] Invoking command in '/home/rosuser/ros2_ws/build/lbr_description': CMAKE_PREFIX_PATH=${CMAKE_PREFIX_PATH}:/home/rosuser/ros2_ws/install/lbr_demos_py:/home/rosuser/ros2_ws/install/lbr_moveit:/home/rosuser/ros2_ws/install/lbr_demos_advanced_py:/opt/ros/humble /usr/bin/cmake --build /home/rosuser/ros2_ws/build/lbr_description -- -j4 -l4
[0.914s] Invoked command in '/home/rosuser/ros2_ws/build/lbr_description' returned '0': CMAKE_PREFIX_PATH=${CMAKE_PREFIX_PATH}:/home/rosuser/ros2_ws/install/lbr_demos_py:/home/rosuser/ros2_ws/install/lbr_moveit:/home/rosuser/ros2_ws/install/lbr_demos_advanced_py:/opt/ros/humble /usr/bin/cmake --build /home/rosuser/ros2_ws/build/lbr_description -- -j4 -l4
[0.948s] Invoking command in '/home/rosuser/ros2_ws/build/lbr_description': CMAKE_PREFIX_PATH=${CMAKE_PREFIX_PATH}:/home/rosuser/ros2_ws/install/lbr_demos_py:/home/rosuser/ros2_ws/install/lbr_moveit:/home/rosuser/ros2_ws/install/lbr_demos_advanced_py:/opt/ros/humble /usr/bin/cmake --install /home/rosuser/ros2_ws/build/lbr_description
[0.983s] -- Install configuration: ""
[0.985s] -- Execute custom install script
[0.987s] -- Up-to-date symlink: /home/rosuser/ros2_ws/install/lbr_description/share/lbr_description/gazebo/lbr_gazebo.xacro
[1.089s] -- Up-to-date symlink: /home/rosuser/ros2_ws/install/lbr_description/share/lbr_description/meshes/iiwa14/collision/link_0.stl
[1.089s] -- Up-to-date symlink: /home/rosuser/ros2_ws/install/lbr_description/share/lbr_description/meshes/iiwa14/collision/link_1.stl
[1.090s] -- Up-to-date symlink: /home/rosuser/ros2_ws/install/lbr_description/share/lbr_description/meshes/iiwa14/collision/link_2.stl
[1.090s] -- Up-to-date symlink: /home/rosuser/ros2_ws/install/lbr_description/share/lbr_description/meshes/iiwa14/collision/link_3.stl
[1.090s] -- Up-to-date symlink: /home/rosuser/ros2_ws/install/lbr_description/share/lbr_description/meshes/iiwa14/collision/link_4.stl
[1.091s] -- Up-to-date symlink: /home/rosuser/ros2_ws/install/lbr_description/share/lbr_description/meshes/iiwa14/collision/link_5.stl
[1.091s] -- Up-to-date symlink: /home/rosuser/ros2_ws/install/lbr_description/share/lbr_description/meshes/iiwa14/collision/link_6.stl
[1.091s] -- Up-to-date symlink: /home/rosuser/ros2_ws/install/lbr_description/share/lbr_description/meshes/iiwa14/collision/link_7.stl
[1.092s] -- Up-to-date symlink: /home/rosuser/ros2_ws/install/lbr_description/share/lbr_description/meshes/iiwa14/visual/link_0.dae
[1.092s] -- Up-to-date symlink: /home/rosuser/ros2_ws/install/lbr_description/share/lbr_description/meshes/iiwa14/visual/link_1.dae
[1.092s] -- Up-to-date symlink: /home/rosuser/ros2_ws/install/lbr_description/share/lbr_description/meshes/iiwa14/visual/link_2.dae
[1.092s] -- Up-to-date symlink: /home/rosuser/ros2_ws/install/lbr_description/share/lbr_description/meshes/iiwa14/visual/link_3.dae
[1.093s] -- Up-to-date symlink: /home/rosuser/ros2_ws/install/lbr_description/share/lbr_description/meshes/iiwa14/visual/link_4.dae
[1.093s] -- Up-to-date symlink: /home/rosuser/ros2_ws/install/lbr_description/share/lbr_description/meshes/iiwa14/visual/link_5.dae
[1.093s] -- Up-to-date symlink: /home/rosuser/ros2_ws/install/lbr_description/share/lbr_description/meshes/iiwa14/visual/link_6.dae
[1.094s] -- Up-to-date symlink: /home/rosuser/ros2_ws/install/lbr_description/share/lbr_description/meshes/iiwa14/visual/link_7.dae
[1.185s] -- Up-to-date symlink: /home/rosuser/ros2_ws/install/lbr_description/share/lbr_description/ros2_control/lbr_controllers.yaml
[1.277s] -- Up-to-date symlink: /home/rosuser/ros2_ws/install/lbr_description/share/lbr_description/ros2_control/lbr_system_config.yaml
[1.277s] -- Up-to-date symlink: /home/rosuser/ros2_ws/install/lbr_description/share/lbr_description/ros2_control/lbr_system_interface.xacro
[1.443s] -- Up-to-date symlink: /home/rosuser/ros2_ws/install/lbr_description/share/lbr_description/urdf/iiwa14/iiwa14.xacro
[1.444s] -- Up-to-date symlink: /home/rosuser/ros2_ws/install/lbr_description/share/lbr_description/urdf/iiwa14/iiwa14_description.xacro
[1.444s] -- Up-to-date symlink: /home/rosuser/ros2_ws/install/lbr_description/share/lbr_description/urdf/iiwa14/joint_limits.yaml
[1.445s] -- Up-to-date symlink: /home/rosuser/ros2_ws/install/lbr_description/share/lbr_description/environment/lbr_description.dsv
[1.445s] -- Up-to-date symlink: /home/rosuser/ros2_ws/install/lbr_description/share/ament_index/resource_index/package_run_dependencies/lbr_description
[1.764s] -- Up-to-date symlink: /home/rosuser/ros2_ws/install/lbr_description/share/ament_index/resource_index/parent_prefix_path/lbr_description
[1.806s] -- Up-to-date symlink: /home/rosuser/ros2_ws/install/lbr_description/share/lbr_description/environment/ament_prefix_path.sh
[1.806s] -- Up-to-date symlink: /home/rosuser/ros2_ws/install/lbr_description/share/lbr_description/environment/ament_prefix_path.dsv
[1.906s] -- Up-to-date symlink: /home/rosuser/ros2_ws/install/lbr_description/share/lbr_description/environment/path.sh
[1.907s] -- Up-to-date symlink: /home/rosuser/ros2_ws/install/lbr_description/share/lbr_description/environment/path.dsv
[1.948s] -- Up-to-date symlink: /home/rosuser/ros2_ws/install/lbr_description/share/lbr_description/local_setup.bash
[1.948s] -- Up-to-date symlink: /home/rosuser/ros2_ws/install/lbr_description/share/lbr_description/local_setup.sh
[2.006s] -- Up-to-date symlink: /home/rosuser/ros2_ws/install/lbr_description/share/lbr_description/local_setup.zsh
[2.007s] -- Up-to-date symlink: /home/rosuser/ros2_ws/install/lbr_description/share/lbr_description/local_setup.dsv
[2.007s] -- Symlinking: /home/rosuser/ros2_ws/install/lbr_description/share/lbr_description/package.dsv
[2.106s] -- Up-to-date symlink: /home/rosuser/ros2_ws/install/lbr_description/share/ament_index/resource_index/packages/lbr_description
[2.303s] -- Up-to-date symlink: /home/rosuser/ros2_ws/install/lbr_description/share/lbr_description/cmake/lbr_descriptionConfig.cmake
[2.304s] -- Up-to-date symlink: /home/rosuser/ros2_ws/install/lbr_description/share/lbr_description/cmake/lbr_descriptionConfig-version.cmake
[2.304s] -- Up-to-date symlink: /home/rosuser/ros2_ws/install/lbr_description/share/lbr_description/package.xml
[2.395s] Invoked command in '/home/rosuser/ros2_ws/build/lbr_description' returned '0': CMAKE_PREFIX_PATH=${CMAKE_PREFIX_PATH}:/home/rosuser/ros2_ws/install/lbr_demos_py:/home/rosuser/ros2_ws/install/lbr_moveit:/home/rosuser/ros2_ws/install/lbr_demos_advanced_py:/opt/ros/humble /usr/bin/cmake --install /home/rosuser/ros2_ws/build/lbr_description
