[11.061s] Invoking command in '/home/rosuser/ros2_ws/build/lbr_moveit': PYTHONPATH=/home/rosuser/ros2_ws/build/lbr_moveit/prefix_override:/usr/lib/python3/dist-packages/colcon_core/task/python/colcon_distutils_commands:/home/rosuser/ros2_ws/install/lbr_moveit/lib/python3.10/site-packages:${PYTHONPATH} /usr/bin/python3 -W ignore:setup.py install is deprecated -W ignore:easy_install command is deprecated setup.py develop --editable --build-directory /home/rosuser/ros2_ws/build/lbr_moveit/build --no-deps symlink_data
[13.940s] running develop
[14.626s] running egg_info
[14.626s] creating lbr_moveit.egg-info
[14.626s] writing lbr_moveit.egg-info/PKG-INFO
[14.630s] writing dependency_links to lbr_moveit.egg-info/dependency_links.txt
[14.630s] writing entry points to lbr_moveit.egg-info/entry_points.txt
[14.630s] writing requirements to lbr_moveit.egg-info/requires.txt
[14.630s] writing top-level names to lbr_moveit.egg-info/top_level.txt
[14.630s] writing manifest file 'lbr_moveit.egg-info/SOURCES.txt'
[14.634s] reading manifest file 'lbr_moveit.egg-info/SOURCES.txt'
[14.635s] writing manifest file 'lbr_moveit.egg-info/SOURCES.txt'
[14.645s] running build_ext
[14.645s] Creating /home/rosuser/ros2_ws/install/lbr_moveit/lib/python3.10/site-packages/lbr-moveit.egg-link (link to .)
[14.645s] Installing forward_keyboard script to /home/rosuser/ros2_ws/install/lbr_moveit/lib/lbr_moveit
[14.645s] 
[14.645s] Installed /home/rosuser/ros2_ws/build/lbr_moveit
[14.648s] running symlink_data
[14.648s] creating /home/rosuser/ros2_ws/install/lbr_moveit/share/ament_index
[14.648s] creating /home/rosuser/ros2_ws/install/lbr_moveit/share/ament_index/resource_index
[14.648s] creating /home/rosuser/ros2_ws/install/lbr_moveit/share/ament_index/resource_index/packages
[14.648s] symbolically linking /home/rosuser/ros2_ws/build/lbr_moveit/resource/lbr_moveit -> /home/rosuser/ros2_ws/install/lbr_moveit/share/ament_index/resource_index/packages
[14.649s] symbolically linking /home/rosuser/ros2_ws/build/lbr_moveit/package.xml -> /home/rosuser/ros2_ws/install/lbr_moveit/share/lbr_moveit
[14.649s] creating /home/rosuser/ros2_ws/install/lbr_moveit/share/lbr_moveit/config
[14.649s] symbolically linking /home/rosuser/ros2_ws/build/lbr_moveit/config/forward_keyboard.yaml -> /home/rosuser/ros2_ws/install/lbr_moveit/share/lbr_moveit/config
[14.649s] creating /home/rosuser/ros2_ws/install/lbr_moveit/share/lbr_moveit/launch
[14.656s] symbolically linking /home/rosuser/ros2_ws/build/lbr_moveit/launch/keyboard_driver.launch.py -> /home/rosuser/ros2_ws/install/lbr_moveit/share/lbr_moveit/launch
[14.758s] Invoked command in '/home/rosuser/ros2_ws/build/lbr_moveit' returned '0': PYTHONPATH=/home/rosuser/ros2_ws/build/lbr_moveit/prefix_override:/usr/lib/python3/dist-packages/colcon_core/task/python/colcon_distutils_commands:/home/rosuser/ros2_ws/install/lbr_moveit/lib/python3.10/site-packages:${PYTHONPATH} /usr/bin/python3 -W ignore:setup.py install is deprecated -W ignore:easy_install command is deprecated setup.py develop --editable --build-directory /home/rosuser/ros2_ws/build/lbr_moveit/build --no-deps symlink_data
