[0.197s] Invoking command in '/home/rosuser/ros2_ws/build/lbr_fri_ros2': CMAKE_PREFIX_PATH=/home/rosuser/ros2_ws/install/lbr_fri_idl:/home/rosuser/ros2_ws/install/lbr_description:/home/rosuser/ros2_ws/install/fri_client_sdk:/home/rosuser/ros2_ws/install/med7_moveit_config:/home/rosuser/ros2_ws/install/med14_moveit_config:/home/rosuser/ros2_ws/install/lbr_fri_ros2_stack:/home/rosuser/ros2_ws/install/lbr_demos_cpp:/home/rosuser/ros2_ws/install/lbr_bringup:/home/rosuser/ros2_ws/install/lbr_ros2_control:/home/rosuser/ros2_ws/install/lbr_moveit_cpp:/home/rosuser/ros2_ws/install/lbr_demos_advanced_cpp:/home/rosuser/ros2_ws/install/lbr_fri_ros2:/home/rosuser/ros2_ws/install/iiwa7_moveit_config:/home/rosuser/ros2_ws/install/iiwa14_moveit_config:/home/rosuser/ros2_ws/install/impedance_controller:/home/rosuser/ros2_ws/install/iiwa_moveit2:/home/rosuser/ros2_ws/install/iiwa_hardware:/home/rosuser/ros2_ws/install/iiwa_bringup:/home/rosuser/ros2_ws/install/iiwa_description:/home/rosuser/ros2_ws/install/external_torque_sensor_broadcaster:/home/rosuser/ros2_ws/install/lbr_demos_py:/home/rosuser/ros2_ws/install/lbr_moveit:/home/rosuser/ros2_ws/install/lbr_demos_advanced_py:/opt/ros/humble LD_LIBRARY_PATH=/home/rosuser/ros2_ws/install/lbr_fri_idl/lib:/home/rosuser/ros2_ws/install/fri_client_sdk/lib:/home/rosuser/ros2_ws/install/lbr_ros2_control/lib:/home/rosuser/ros2_ws/install/lbr_demos_advanced_cpp/lib:/home/rosuser/ros2_ws/install/lbr_fri_ros2/lib:/home/rosuser/ros2_ws/install/impedance_controller/lib:/home/rosuser/ros2_ws/install/iiwa_moveit2/lib:/home/rosuser/ros2_ws/install/iiwa_hardware/lib:/home/rosuser/ros2_ws/install/external_torque_sensor_broadcaster/lib:/opt/ros/humble/opt/rviz_ogre_vendor/lib:/opt/ros/humble/lib/x86_64-linux-gnu:/opt/ros/humble/lib /usr/bin/cmake --build /home/rosuser/ros2_ws/build/lbr_fri_ros2 -- -j4 -l4
[1.020s] [35m[1mConsolidate compiler generated dependencies of target lbr_fri_ros2[0m
[1.585s] [ 70%] Built target lbr_fri_ros2
[1.990s] [35m[1mConsolidate compiler generated dependencies of target gtest[0m
[2.014s] [ 80%] Built target gtest
[2.218s] [35m[1mConsolidate compiler generated dependencies of target gtest_main[0m
[2.241s] [ 90%] Built target gtest_main
[2.653s] [35m[1mConsolidate compiler generated dependencies of target test_command_interfaces[0m
[2.718s] [100%] Built target test_command_interfaces
[2.735s] Invoked command in '/home/rosuser/ros2_ws/build/lbr_fri_ros2' returned '0': CMAKE_PREFIX_PATH=/home/rosuser/ros2_ws/install/lbr_fri_idl:/home/rosuser/ros2_ws/install/lbr_description:/home/rosuser/ros2_ws/install/fri_client_sdk:/home/rosuser/ros2_ws/install/med7_moveit_config:/home/rosuser/ros2_ws/install/med14_moveit_config:/home/rosuser/ros2_ws/install/lbr_fri_ros2_stack:/home/rosuser/ros2_ws/install/lbr_demos_cpp:/home/rosuser/ros2_ws/install/lbr_bringup:/home/rosuser/ros2_ws/install/lbr_ros2_control:/home/rosuser/ros2_ws/install/lbr_moveit_cpp:/home/rosuser/ros2_ws/install/lbr_demos_advanced_cpp:/home/rosuser/ros2_ws/install/lbr_fri_ros2:/home/rosuser/ros2_ws/install/iiwa7_moveit_config:/home/rosuser/ros2_ws/install/iiwa14_moveit_config:/home/rosuser/ros2_ws/install/impedance_controller:/home/rosuser/ros2_ws/install/iiwa_moveit2:/home/rosuser/ros2_ws/install/iiwa_hardware:/home/rosuser/ros2_ws/install/iiwa_bringup:/home/rosuser/ros2_ws/install/iiwa_description:/home/rosuser/ros2_ws/install/external_torque_sensor_broadcaster:/home/rosuser/ros2_ws/install/lbr_demos_py:/home/rosuser/ros2_ws/install/lbr_moveit:/home/rosuser/ros2_ws/install/lbr_demos_advanced_py:/opt/ros/humble LD_LIBRARY_PATH=/home/rosuser/ros2_ws/install/lbr_fri_idl/lib:/home/rosuser/ros2_ws/install/fri_client_sdk/lib:/home/rosuser/ros2_ws/install/lbr_ros2_control/lib:/home/rosuser/ros2_ws/install/lbr_demos_advanced_cpp/lib:/home/rosuser/ros2_ws/install/lbr_fri_ros2/lib:/home/rosuser/ros2_ws/install/impedance_controller/lib:/home/rosuser/ros2_ws/install/iiwa_moveit2/lib:/home/rosuser/ros2_ws/install/iiwa_hardware/lib:/home/rosuser/ros2_ws/install/external_torque_sensor_broadcaster/lib:/opt/ros/humble/opt/rviz_ogre_vendor/lib:/opt/ros/humble/lib/x86_64-linux-gnu:/opt/ros/humble/lib /usr/bin/cmake --build /home/rosuser/ros2_ws/build/lbr_fri_ros2 -- -j4 -l4
[2.840s] Invoking command in '/home/rosuser/ros2_ws/build/lbr_fri_ros2': CMAKE_PREFIX_PATH=/home/rosuser/ros2_ws/install/lbr_fri_idl:/home/rosuser/ros2_ws/install/lbr_description:/home/rosuser/ros2_ws/install/fri_client_sdk:/home/rosuser/ros2_ws/install/med7_moveit_config:/home/rosuser/ros2_ws/install/med14_moveit_config:/home/rosuser/ros2_ws/install/lbr_fri_ros2_stack:/home/rosuser/ros2_ws/install/lbr_demos_cpp:/home/rosuser/ros2_ws/install/lbr_bringup:/home/rosuser/ros2_ws/install/lbr_ros2_control:/home/rosuser/ros2_ws/install/lbr_moveit_cpp:/home/rosuser/ros2_ws/install/lbr_demos_advanced_cpp:/home/rosuser/ros2_ws/install/lbr_fri_ros2:/home/rosuser/ros2_ws/install/iiwa7_moveit_config:/home/rosuser/ros2_ws/install/iiwa14_moveit_config:/home/rosuser/ros2_ws/install/impedance_controller:/home/rosuser/ros2_ws/install/iiwa_moveit2:/home/rosuser/ros2_ws/install/iiwa_hardware:/home/rosuser/ros2_ws/install/iiwa_bringup:/home/rosuser/ros2_ws/install/iiwa_description:/home/rosuser/ros2_ws/install/external_torque_sensor_broadcaster:/home/rosuser/ros2_ws/install/lbr_demos_py:/home/rosuser/ros2_ws/install/lbr_moveit:/home/rosuser/ros2_ws/install/lbr_demos_advanced_py:/opt/ros/humble LD_LIBRARY_PATH=/home/rosuser/ros2_ws/install/lbr_fri_idl/lib:/home/rosuser/ros2_ws/install/fri_client_sdk/lib:/home/rosuser/ros2_ws/install/lbr_ros2_control/lib:/home/rosuser/ros2_ws/install/lbr_demos_advanced_cpp/lib:/home/rosuser/ros2_ws/install/lbr_fri_ros2/lib:/home/rosuser/ros2_ws/install/impedance_controller/lib:/home/rosuser/ros2_ws/install/iiwa_moveit2/lib:/home/rosuser/ros2_ws/install/iiwa_hardware/lib:/home/rosuser/ros2_ws/install/external_torque_sensor_broadcaster/lib:/opt/ros/humble/opt/rviz_ogre_vendor/lib:/opt/ros/humble/lib/x86_64-linux-gnu:/opt/ros/humble/lib /usr/bin/cmake --install /home/rosuser/ros2_ws/build/lbr_fri_ros2
[2.852s] -- Install configuration: "Release"
[2.951s] -- Execute custom install script
[2.987s] -- Up-to-date symlink: /home/rosuser/ros2_ws/install/lbr_fri_ros2/share/lbr_fri_ros2/environment/library_path.sh
[2.987s] -- Up-to-date symlink: /home/rosuser/ros2_ws/install/lbr_fri_ros2/share/lbr_fri_ros2/environment/library_path.dsv
[3.014s] -- Up-to-date symlink: /home/rosuser/ros2_ws/install/lbr_fri_ros2/include/lbr_fri_ros2/app.hpp
[3.015s] -- Up-to-date symlink: /home/rosuser/ros2_ws/install/lbr_fri_ros2/include/lbr_fri_ros2/async_client.hpp
[3.040s] -- Up-to-date symlink: /home/rosuser/ros2_ws/install/lbr_fri_ros2/include/lbr_fri_ros2/command_guard.hpp
[3.056s] -- Up-to-date symlink: /home/rosuser/ros2_ws/install/lbr_fri_ros2/include/lbr_fri_ros2/control.hpp
[3.056s] -- Up-to-date symlink: /home/rosuser/ros2_ws/install/lbr_fri_ros2/include/lbr_fri_ros2/filters.hpp
[3.087s] -- Up-to-date symlink: /home/rosuser/ros2_ws/install/lbr_fri_ros2/include/lbr_fri_ros2/formatting.hpp
[3.140s] -- Up-to-date symlink: /home/rosuser/ros2_ws/install/lbr_fri_ros2/include/lbr_fri_ros2/ft_estimator.hpp
[3.174s] -- Up-to-date symlink: /home/rosuser/ros2_ws/install/lbr_fri_ros2/include/lbr_fri_ros2/interfaces/base_command.hpp
[3.174s] -- Up-to-date symlink: /home/rosuser/ros2_ws/install/lbr_fri_ros2/include/lbr_fri_ros2/interfaces/position_command.hpp
[3.207s] -- Up-to-date symlink: /home/rosuser/ros2_ws/install/lbr_fri_ros2/include/lbr_fri_ros2/interfaces/state.hpp
[3.215s] -- Up-to-date symlink: /home/rosuser/ros2_ws/install/lbr_fri_ros2/include/lbr_fri_ros2/interfaces/torque_command.hpp
[3.217s] -- Up-to-date symlink: /home/rosuser/ros2_ws/install/lbr_fri_ros2/include/lbr_fri_ros2/interfaces/wrench_command.hpp
[3.273s] -- Up-to-date symlink: /home/rosuser/ros2_ws/install/lbr_fri_ros2/include/lbr_fri_ros2/kinematics.hpp
[3.282s] -- Up-to-date symlink: /home/rosuser/ros2_ws/install/lbr_fri_ros2/include/lbr_fri_ros2/pinv.hpp
[3.282s] -- Up-to-date symlink: /home/rosuser/ros2_ws/install/lbr_fri_ros2/include/lbr_fri_ros2/types.hpp
[3.283s] -- Up-to-date symlink: /home/rosuser/ros2_ws/install/lbr_fri_ros2/include/lbr_fri_ros2/utils.hpp
[3.284s] -- Up-to-date symlink: /home/rosuser/ros2_ws/install/lbr_fri_ros2/include/lbr_fri_ros2/worker.hpp
[3.284s] -- Up-to-date symlink: /home/rosuser/ros2_ws/install/lbr_fri_ros2/share/ament_index/resource_index/package_run_dependencies/lbr_fri_ros2
[3.285s] -- Up-to-date symlink: /home/rosuser/ros2_ws/install/lbr_fri_ros2/share/ament_index/resource_index/parent_prefix_path/lbr_fri_ros2
[3.286s] -- Up-to-date symlink: /home/rosuser/ros2_ws/install/lbr_fri_ros2/share/lbr_fri_ros2/environment/ament_prefix_path.sh
[3.287s] -- Up-to-date symlink: /home/rosuser/ros2_ws/install/lbr_fri_ros2/share/lbr_fri_ros2/environment/ament_prefix_path.dsv
[3.288s] -- Up-to-date symlink: /home/rosuser/ros2_ws/install/lbr_fri_ros2/share/lbr_fri_ros2/environment/path.sh
[3.288s] -- Up-to-date symlink: /home/rosuser/ros2_ws/install/lbr_fri_ros2/share/lbr_fri_ros2/environment/path.dsv
[3.289s] -- Up-to-date symlink: /home/rosuser/ros2_ws/install/lbr_fri_ros2/share/lbr_fri_ros2/local_setup.bash
[3.289s] -- Up-to-date symlink: /home/rosuser/ros2_ws/install/lbr_fri_ros2/share/lbr_fri_ros2/local_setup.sh
[3.290s] -- Up-to-date symlink: /home/rosuser/ros2_ws/install/lbr_fri_ros2/share/lbr_fri_ros2/local_setup.zsh
[3.290s] -- Up-to-date symlink: /home/rosuser/ros2_ws/install/lbr_fri_ros2/share/lbr_fri_ros2/local_setup.dsv
[3.291s] -- Symlinking: /home/rosuser/ros2_ws/install/lbr_fri_ros2/share/lbr_fri_ros2/package.dsv
[3.305s] -- Up-to-date symlink: /home/rosuser/ros2_ws/install/lbr_fri_ros2/share/ament_index/resource_index/packages/lbr_fri_ros2
[3.306s] -- Up-to-date symlink: /home/rosuser/ros2_ws/install/lbr_fri_ros2/share/lbr_fri_ros2/cmake/ament_cmake_export_targets-extras.cmake
[3.307s] -- Up-to-date symlink: /home/rosuser/ros2_ws/install/lbr_fri_ros2/share/lbr_fri_ros2/cmake/ament_cmake_export_dependencies-extras.cmake
[3.307s] -- Up-to-date symlink: /home/rosuser/ros2_ws/install/lbr_fri_ros2/share/lbr_fri_ros2/cmake/lbr_fri_ros2Config.cmake
[3.307s] -- Up-to-date symlink: /home/rosuser/ros2_ws/install/lbr_fri_ros2/share/lbr_fri_ros2/cmake/lbr_fri_ros2Config-version.cmake
[3.308s] -- Up-to-date symlink: /home/rosuser/ros2_ws/install/lbr_fri_ros2/share/lbr_fri_ros2/package.xml
[3.414s] -- Up-to-date: /home/rosuser/ros2_ws/install/lbr_fri_ros2/lib/liblbr_fri_ros2.so
[3.621s] -- Up-to-date: /home/rosuser/ros2_ws/install/lbr_fri_ros2/share/lbr_fri_ros2/cmake/lbr_fri_ros2_exportExport.cmake
[3.621s] -- Up-to-date: /home/rosuser/ros2_ws/install/lbr_fri_ros2/share/lbr_fri_ros2/cmake/lbr_fri_ros2_exportExport-release.cmake
[3.626s] Invoked command in '/home/rosuser/ros2_ws/build/lbr_fri_ros2' returned '0': CMAKE_PREFIX_PATH=/home/rosuser/ros2_ws/install/lbr_fri_idl:/home/rosuser/ros2_ws/install/lbr_description:/home/rosuser/ros2_ws/install/fri_client_sdk:/home/rosuser/ros2_ws/install/med7_moveit_config:/home/rosuser/ros2_ws/install/med14_moveit_config:/home/rosuser/ros2_ws/install/lbr_fri_ros2_stack:/home/rosuser/ros2_ws/install/lbr_demos_cpp:/home/rosuser/ros2_ws/install/lbr_bringup:/home/rosuser/ros2_ws/install/lbr_ros2_control:/home/rosuser/ros2_ws/install/lbr_moveit_cpp:/home/rosuser/ros2_ws/install/lbr_demos_advanced_cpp:/home/rosuser/ros2_ws/install/lbr_fri_ros2:/home/rosuser/ros2_ws/install/iiwa7_moveit_config:/home/rosuser/ros2_ws/install/iiwa14_moveit_config:/home/rosuser/ros2_ws/install/impedance_controller:/home/rosuser/ros2_ws/install/iiwa_moveit2:/home/rosuser/ros2_ws/install/iiwa_hardware:/home/rosuser/ros2_ws/install/iiwa_bringup:/home/rosuser/ros2_ws/install/iiwa_description:/home/rosuser/ros2_ws/install/external_torque_sensor_broadcaster:/home/rosuser/ros2_ws/install/lbr_demos_py:/home/rosuser/ros2_ws/install/lbr_moveit:/home/rosuser/ros2_ws/install/lbr_demos_advanced_py:/opt/ros/humble LD_LIBRARY_PATH=/home/rosuser/ros2_ws/install/lbr_fri_idl/lib:/home/rosuser/ros2_ws/install/fri_client_sdk/lib:/home/rosuser/ros2_ws/install/lbr_ros2_control/lib:/home/rosuser/ros2_ws/install/lbr_demos_advanced_cpp/lib:/home/rosuser/ros2_ws/install/lbr_fri_ros2/lib:/home/rosuser/ros2_ws/install/impedance_controller/lib:/home/rosuser/ros2_ws/install/iiwa_moveit2/lib:/home/rosuser/ros2_ws/install/iiwa_hardware/lib:/home/rosuser/ros2_ws/install/external_torque_sensor_broadcaster/lib:/opt/ros/humble/opt/rviz_ogre_vendor/lib:/opt/ros/humble/lib/x86_64-linux-gnu:/opt/ros/humble/lib /usr/bin/cmake --install /home/rosuser/ros2_ws/build/lbr_fri_ros2
