[0.117s] Invoking command in '/home/rosuser/ros2_ws/build/iiwa_hardware': CMAKE_PREFIX_PATH=/home/rosuser/ros2_ws/install/iiwa_bringup:/home/rosuser/ros2_ws/install/iiwa_description:/home/rosuser/ros2_ws/install/med7_moveit_config:/home/rosuser/ros2_ws/install/med14_moveit_config:/home/rosuser/ros2_ws/install/lbr_fri_ros2_stack:/home/rosuser/ros2_ws/install/lbr_demos_cpp:/home/rosuser/ros2_ws/install/lbr_bringup:/home/rosuser/ros2_ws/install/lbr_ros2_control:/home/rosuser/ros2_ws/install/lbr_moveit_cpp:/home/rosuser/ros2_ws/install/lbr_demos_advanced_cpp:/home/rosuser/ros2_ws/install/lbr_fri_ros2:/home/rosuser/ros2_ws/install/lbr_fri_idl:/home/rosuser/ros2_ws/install/iiwa7_moveit_config:/home/rosuser/ros2_ws/install/iiwa14_moveit_config:/home/rosuser/ros2_ws/install/lbr_description:/home/rosuser/ros2_ws/install/impedance_controller:/home/rosuser/ros2_ws/install/iiwa_moveit2:/home/rosuser/ros2_ws/install/iiwa_hardware:/home/rosuser/ros2_ws/install/fri_client_sdk:/home/rosuser/ros2_ws/install/external_torque_sensor_broadcaster:/home/rosuser/ros2_ws/install/lbr_demos_py:/home/rosuser/ros2_ws/install/lbr_moveit:/home/rosuser/ros2_ws/install/lbr_demos_advanced_py:/opt/ros/humble /usr/bin/cmake --build /home/rosuser/ros2_ws/build/iiwa_hardware -- -j4 -l4
[1.049s] [35m[1mConsolidate compiler generated dependencies of target iiwa_hardware[0m
[1.181s] [100%] Built target iiwa_hardware
[1.197s] Invoked command in '/home/rosuser/ros2_ws/build/iiwa_hardware' returned '0': CMAKE_PREFIX_PATH=/home/rosuser/ros2_ws/install/iiwa_bringup:/home/rosuser/ros2_ws/install/iiwa_description:/home/rosuser/ros2_ws/install/med7_moveit_config:/home/rosuser/ros2_ws/install/med14_moveit_config:/home/rosuser/ros2_ws/install/lbr_fri_ros2_stack:/home/rosuser/ros2_ws/install/lbr_demos_cpp:/home/rosuser/ros2_ws/install/lbr_bringup:/home/rosuser/ros2_ws/install/lbr_ros2_control:/home/rosuser/ros2_ws/install/lbr_moveit_cpp:/home/rosuser/ros2_ws/install/lbr_demos_advanced_cpp:/home/rosuser/ros2_ws/install/lbr_fri_ros2:/home/rosuser/ros2_ws/install/lbr_fri_idl:/home/rosuser/ros2_ws/install/iiwa7_moveit_config:/home/rosuser/ros2_ws/install/iiwa14_moveit_config:/home/rosuser/ros2_ws/install/lbr_description:/home/rosuser/ros2_ws/install/impedance_controller:/home/rosuser/ros2_ws/install/iiwa_moveit2:/home/rosuser/ros2_ws/install/iiwa_hardware:/home/rosuser/ros2_ws/install/fri_client_sdk:/home/rosuser/ros2_ws/install/external_torque_sensor_broadcaster:/home/rosuser/ros2_ws/install/lbr_demos_py:/home/rosuser/ros2_ws/install/lbr_moveit:/home/rosuser/ros2_ws/install/lbr_demos_advanced_py:/opt/ros/humble /usr/bin/cmake --build /home/rosuser/ros2_ws/build/iiwa_hardware -- -j4 -l4
[1.251s] Invoking command in '/home/rosuser/ros2_ws/build/iiwa_hardware': CMAKE_PREFIX_PATH=/home/rosuser/ros2_ws/install/iiwa_bringup:/home/rosuser/ros2_ws/install/iiwa_description:/home/rosuser/ros2_ws/install/med7_moveit_config:/home/rosuser/ros2_ws/install/med14_moveit_config:/home/rosuser/ros2_ws/install/lbr_fri_ros2_stack:/home/rosuser/ros2_ws/install/lbr_demos_cpp:/home/rosuser/ros2_ws/install/lbr_bringup:/home/rosuser/ros2_ws/install/lbr_ros2_control:/home/rosuser/ros2_ws/install/lbr_moveit_cpp:/home/rosuser/ros2_ws/install/lbr_demos_advanced_cpp:/home/rosuser/ros2_ws/install/lbr_fri_ros2:/home/rosuser/ros2_ws/install/lbr_fri_idl:/home/rosuser/ros2_ws/install/iiwa7_moveit_config:/home/rosuser/ros2_ws/install/iiwa14_moveit_config:/home/rosuser/ros2_ws/install/lbr_description:/home/rosuser/ros2_ws/install/impedance_controller:/home/rosuser/ros2_ws/install/iiwa_moveit2:/home/rosuser/ros2_ws/install/iiwa_hardware:/home/rosuser/ros2_ws/install/fri_client_sdk:/home/rosuser/ros2_ws/install/external_torque_sensor_broadcaster:/home/rosuser/ros2_ws/install/lbr_demos_py:/home/rosuser/ros2_ws/install/lbr_moveit:/home/rosuser/ros2_ws/install/lbr_demos_advanced_py:/opt/ros/humble /usr/bin/cmake --install /home/rosuser/ros2_ws/build/iiwa_hardware
[1.298s] -- Install configuration: ""
[1.338s] -- Execute custom install script
[1.379s] -- Up-to-date symlink: /home/rosuser/ros2_ws/install/iiwa_hardware/share/iiwa_hardware//iiwa_hardware_interface_plugin.xml
[1.389s] -- Up-to-date symlink: /home/rosuser/ros2_ws/install/iiwa_hardware/lib/libiiwa_hardware.so
[1.438s] -- Up-to-date symlink: /home/rosuser/ros2_ws/install/iiwa_hardware/include/iiwa_hardware/IRDFClient.h
[1.439s] -- Up-to-date symlink: /home/rosuser/ros2_ws/install/iiwa_hardware/include/iiwa_hardware/IiwaFRIHardwareInterface.hpp
[1.440s] -- Up-to-date symlink: /home/rosuser/ros2_ws/install/iiwa_hardware/include/iiwa_hardware/low_pass_filter.h
[1.440s] -- Up-to-date symlink: /home/rosuser/ros2_ws/install/iiwa_hardware/include/iiwa_hardware/visibility_control.h
[1.441s] -- Up-to-date symlink: /home/rosuser/ros2_ws/install/iiwa_hardware/share/iiwa_hardware/environment/library_path.sh
[1.442s] -- Up-to-date symlink: /home/rosuser/ros2_ws/install/iiwa_hardware/share/iiwa_hardware/environment/library_path.dsv
[1.442s] -- Up-to-date symlink: /home/rosuser/ros2_ws/install/iiwa_hardware/share/ament_index/resource_index/package_run_dependencies/iiwa_hardware
[1.443s] -- Up-to-date symlink: /home/rosuser/ros2_ws/install/iiwa_hardware/share/ament_index/resource_index/parent_prefix_path/iiwa_hardware
[1.488s] -- Up-to-date symlink: /home/rosuser/ros2_ws/install/iiwa_hardware/share/iiwa_hardware/environment/ament_prefix_path.sh
[1.488s] -- Up-to-date symlink: /home/rosuser/ros2_ws/install/iiwa_hardware/share/iiwa_hardware/environment/ament_prefix_path.dsv
[1.489s] -- Up-to-date symlink: /home/rosuser/ros2_ws/install/iiwa_hardware/share/iiwa_hardware/environment/path.sh
[1.489s] -- Up-to-date symlink: /home/rosuser/ros2_ws/install/iiwa_hardware/share/iiwa_hardware/environment/path.dsv
[1.490s] -- Up-to-date symlink: /home/rosuser/ros2_ws/install/iiwa_hardware/share/iiwa_hardware/local_setup.bash
[1.491s] -- Up-to-date symlink: /home/rosuser/ros2_ws/install/iiwa_hardware/share/iiwa_hardware/local_setup.sh
[1.492s] -- Up-to-date symlink: /home/rosuser/ros2_ws/install/iiwa_hardware/share/iiwa_hardware/local_setup.zsh
[1.492s] -- Up-to-date symlink: /home/rosuser/ros2_ws/install/iiwa_hardware/share/iiwa_hardware/local_setup.dsv
[1.492s] -- Symlinking: /home/rosuser/ros2_ws/install/iiwa_hardware/share/iiwa_hardware/package.dsv
[1.508s] -- Up-to-date symlink: /home/rosuser/ros2_ws/install/iiwa_hardware/share/ament_index/resource_index/packages/iiwa_hardware
[1.509s] -- Up-to-date symlink: /home/rosuser/ros2_ws/install/iiwa_hardware/share/ament_index/resource_index/hardware_interface__pluginlib__plugin/iiwa_hardware
[1.510s] -- Up-to-date symlink: /home/rosuser/ros2_ws/install/iiwa_hardware/share/iiwa_hardware/cmake/ament_cmake_export_include_directories-extras.cmake
[1.510s] -- Up-to-date symlink: /home/rosuser/ros2_ws/install/iiwa_hardware/share/iiwa_hardware/cmake/ament_cmake_export_libraries-extras.cmake
[1.510s] -- Up-to-date symlink: /home/rosuser/ros2_ws/install/iiwa_hardware/share/iiwa_hardware/cmake/ament_cmake_export_dependencies-extras.cmake
[1.511s] -- Up-to-date symlink: /home/rosuser/ros2_ws/install/iiwa_hardware/share/iiwa_hardware/cmake/iiwa_hardwareConfig.cmake
[1.511s] -- Up-to-date symlink: /home/rosuser/ros2_ws/install/iiwa_hardware/share/iiwa_hardware/cmake/iiwa_hardwareConfig-version.cmake
[1.511s] -- Up-to-date symlink: /home/rosuser/ros2_ws/install/iiwa_hardware/share/iiwa_hardware/package.xml
[1.514s] Invoked command in '/home/rosuser/ros2_ws/build/iiwa_hardware' returned '0': CMAKE_PREFIX_PATH=/home/rosuser/ros2_ws/install/iiwa_bringup:/home/rosuser/ros2_ws/install/iiwa_description:/home/rosuser/ros2_ws/install/med7_moveit_config:/home/rosuser/ros2_ws/install/med14_moveit_config:/home/rosuser/ros2_ws/install/lbr_fri_ros2_stack:/home/rosuser/ros2_ws/install/lbr_demos_cpp:/home/rosuser/ros2_ws/install/lbr_bringup:/home/rosuser/ros2_ws/install/lbr_ros2_control:/home/rosuser/ros2_ws/install/lbr_moveit_cpp:/home/rosuser/ros2_ws/install/lbr_demos_advanced_cpp:/home/rosuser/ros2_ws/install/lbr_fri_ros2:/home/rosuser/ros2_ws/install/lbr_fri_idl:/home/rosuser/ros2_ws/install/iiwa7_moveit_config:/home/rosuser/ros2_ws/install/iiwa14_moveit_config:/home/rosuser/ros2_ws/install/lbr_description:/home/rosuser/ros2_ws/install/impedance_controller:/home/rosuser/ros2_ws/install/iiwa_moveit2:/home/rosuser/ros2_ws/install/iiwa_hardware:/home/rosuser/ros2_ws/install/fri_client_sdk:/home/rosuser/ros2_ws/install/external_torque_sensor_broadcaster:/home/rosuser/ros2_ws/install/lbr_demos_py:/home/rosuser/ros2_ws/install/lbr_moveit:/home/rosuser/ros2_ws/install/lbr_demos_advanced_py:/opt/ros/humble /usr/bin/cmake --install /home/rosuser/ros2_ws/build/iiwa_hardware
