[0.090s] Invoking command in '/home/rosuser/ros2_ws/build/med14_moveit_config': CMAKE_PREFIX_PATH=/home/rosuser/ros2_ws/install/lbr_description:/home/rosuser/ros2_ws/install/med7_moveit_config:/home/rosuser/ros2_ws/install/med14_moveit_config:/home/rosuser/ros2_ws/install/lbr_fri_ros2_stack:/home/rosuser/ros2_ws/install/lbr_demos_cpp:/home/rosuser/ros2_ws/install/lbr_bringup:/home/rosuser/ros2_ws/install/lbr_ros2_control:/home/rosuser/ros2_ws/install/lbr_moveit_cpp:/home/rosuser/ros2_ws/install/lbr_demos_advanced_cpp:/home/rosuser/ros2_ws/install/lbr_fri_ros2:/home/rosuser/ros2_ws/install/lbr_fri_idl:/home/rosuser/ros2_ws/install/iiwa7_moveit_config:/home/rosuser/ros2_ws/install/iiwa14_moveit_config:/home/rosuser/ros2_ws/install/impedance_controller:/home/rosuser/ros2_ws/install/iiwa_moveit2:/home/rosuser/ros2_ws/install/iiwa_hardware:/home/rosuser/ros2_ws/install/iiwa_bringup:/home/rosuser/ros2_ws/install/iiwa_description:/home/rosuser/ros2_ws/install/fri_client_sdk:/home/rosuser/ros2_ws/install/external_torque_sensor_broadcaster:/home/rosuser/ros2_ws/install/lbr_demos_py:/home/rosuser/ros2_ws/install/lbr_moveit:/home/rosuser/ros2_ws/install/lbr_demos_advanced_py:/opt/ros/humble /usr/bin/cmake --build /home/rosuser/ros2_ws/build/med14_moveit_config -- -j4 -l4
[0.275s] Invoked command in '/home/rosuser/ros2_ws/build/med14_moveit_config' returned '0': CMAKE_PREFIX_PATH=/home/rosuser/ros2_ws/install/lbr_description:/home/rosuser/ros2_ws/install/med7_moveit_config:/home/rosuser/ros2_ws/install/med14_moveit_config:/home/rosuser/ros2_ws/install/lbr_fri_ros2_stack:/home/rosuser/ros2_ws/install/lbr_demos_cpp:/home/rosuser/ros2_ws/install/lbr_bringup:/home/rosuser/ros2_ws/install/lbr_ros2_control:/home/rosuser/ros2_ws/install/lbr_moveit_cpp:/home/rosuser/ros2_ws/install/lbr_demos_advanced_cpp:/home/rosuser/ros2_ws/install/lbr_fri_ros2:/home/rosuser/ros2_ws/install/lbr_fri_idl:/home/rosuser/ros2_ws/install/iiwa7_moveit_config:/home/rosuser/ros2_ws/install/iiwa14_moveit_config:/home/rosuser/ros2_ws/install/impedance_controller:/home/rosuser/ros2_ws/install/iiwa_moveit2:/home/rosuser/ros2_ws/install/iiwa_hardware:/home/rosuser/ros2_ws/install/iiwa_bringup:/home/rosuser/ros2_ws/install/iiwa_description:/home/rosuser/ros2_ws/install/fri_client_sdk:/home/rosuser/ros2_ws/install/external_torque_sensor_broadcaster:/home/rosuser/ros2_ws/install/lbr_demos_py:/home/rosuser/ros2_ws/install/lbr_moveit:/home/rosuser/ros2_ws/install/lbr_demos_advanced_py:/opt/ros/humble /usr/bin/cmake --build /home/rosuser/ros2_ws/build/med14_moveit_config -- -j4 -l4
[0.277s] Invoking command in '/home/rosuser/ros2_ws/build/med14_moveit_config': CMAKE_PREFIX_PATH=/home/rosuser/ros2_ws/install/lbr_description:/home/rosuser/ros2_ws/install/med7_moveit_config:/home/rosuser/ros2_ws/install/med14_moveit_config:/home/rosuser/ros2_ws/install/lbr_fri_ros2_stack:/home/rosuser/ros2_ws/install/lbr_demos_cpp:/home/rosuser/ros2_ws/install/lbr_bringup:/home/rosuser/ros2_ws/install/lbr_ros2_control:/home/rosuser/ros2_ws/install/lbr_moveit_cpp:/home/rosuser/ros2_ws/install/lbr_demos_advanced_cpp:/home/rosuser/ros2_ws/install/lbr_fri_ros2:/home/rosuser/ros2_ws/install/lbr_fri_idl:/home/rosuser/ros2_ws/install/iiwa7_moveit_config:/home/rosuser/ros2_ws/install/iiwa14_moveit_config:/home/rosuser/ros2_ws/install/impedance_controller:/home/rosuser/ros2_ws/install/iiwa_moveit2:/home/rosuser/ros2_ws/install/iiwa_hardware:/home/rosuser/ros2_ws/install/iiwa_bringup:/home/rosuser/ros2_ws/install/iiwa_description:/home/rosuser/ros2_ws/install/fri_client_sdk:/home/rosuser/ros2_ws/install/external_torque_sensor_broadcaster:/home/rosuser/ros2_ws/install/lbr_demos_py:/home/rosuser/ros2_ws/install/lbr_moveit:/home/rosuser/ros2_ws/install/lbr_demos_advanced_py:/opt/ros/humble /usr/bin/cmake --install /home/rosuser/ros2_ws/build/med14_moveit_config
[0.287s] -- Install configuration: ""
[0.343s] -- Execute custom install script
[0.344s] -- Up-to-date symlink: /home/rosuser/ros2_ws/install/med14_moveit_config/share/ament_index/resource_index/package_run_dependencies/med14_moveit_config
[0.344s] -- Up-to-date symlink: /home/rosuser/ros2_ws/install/med14_moveit_config/share/ament_index/resource_index/parent_prefix_path/med14_moveit_config
[0.345s] -- Up-to-date symlink: /home/rosuser/ros2_ws/install/med14_moveit_config/share/med14_moveit_config/environment/ament_prefix_path.sh
[0.345s] -- Up-to-date symlink: /home/rosuser/ros2_ws/install/med14_moveit_config/share/med14_moveit_config/environment/ament_prefix_path.dsv
[0.345s] -- Up-to-date symlink: /home/rosuser/ros2_ws/install/med14_moveit_config/share/med14_moveit_config/environment/path.sh
[0.346s] -- Up-to-date symlink: /home/rosuser/ros2_ws/install/med14_moveit_config/share/med14_moveit_config/environment/path.dsv
[0.346s] -- Up-to-date symlink: /home/rosuser/ros2_ws/install/med14_moveit_config/share/med14_moveit_config/local_setup.bash
[0.347s] -- Up-to-date symlink: /home/rosuser/ros2_ws/install/med14_moveit_config/share/med14_moveit_config/local_setup.sh
[0.347s] -- Up-to-date symlink: /home/rosuser/ros2_ws/install/med14_moveit_config/share/med14_moveit_config/local_setup.zsh
[0.347s] -- Up-to-date symlink: /home/rosuser/ros2_ws/install/med14_moveit_config/share/med14_moveit_config/local_setup.dsv
[0.348s] -- Symlinking: /home/rosuser/ros2_ws/install/med14_moveit_config/share/med14_moveit_config/package.dsv
[0.363s] -- Up-to-date symlink: /home/rosuser/ros2_ws/install/med14_moveit_config/share/ament_index/resource_index/packages/med14_moveit_config
[0.364s] -- Up-to-date symlink: /home/rosuser/ros2_ws/install/med14_moveit_config/share/med14_moveit_config/cmake/med14_moveit_configConfig.cmake
[0.364s] -- Up-to-date symlink: /home/rosuser/ros2_ws/install/med14_moveit_config/share/med14_moveit_config/cmake/med14_moveit_configConfig-version.cmake
[0.365s] -- Up-to-date symlink: /home/rosuser/ros2_ws/install/med14_moveit_config/share/med14_moveit_config/package.xml
[0.401s] -- Up-to-date symlink: /home/rosuser/ros2_ws/install/med14_moveit_config/share/med14_moveit_config/launch/move_group.launch.py
[0.401s] -- Up-to-date symlink: /home/rosuser/ros2_ws/install/med14_moveit_config/share/med14_moveit_config/launch/moveit_rviz.launch.py
[0.402s] -- Up-to-date symlink: /home/rosuser/ros2_ws/install/med14_moveit_config/share/med14_moveit_config/launch/setup_assistant.launch.py
[0.409s] -- Up-to-date symlink: /home/rosuser/ros2_ws/install/med14_moveit_config/share/med14_moveit_config/config/joint_limits.yaml
[0.409s] -- Up-to-date symlink: /home/rosuser/ros2_ws/install/med14_moveit_config/share/med14_moveit_config/config/kinematics.yaml
[0.410s] -- Up-to-date symlink: /home/rosuser/ros2_ws/install/med14_moveit_config/share/med14_moveit_config/config/med14.srdf
[0.410s] -- Up-to-date symlink: /home/rosuser/ros2_ws/install/med14_moveit_config/share/med14_moveit_config/config/moveit.rviz
[0.410s] -- Up-to-date symlink: /home/rosuser/ros2_ws/install/med14_moveit_config/share/med14_moveit_config/config/moveit_controllers.yaml
[0.411s] -- Up-to-date symlink: /home/rosuser/ros2_ws/install/med14_moveit_config/share/med14_moveit_config/config/pilz_cartesian_limits.yaml
[0.411s] -- Up-to-date symlink: /home/rosuser/ros2_ws/install/med14_moveit_config/share/med14_moveit_config/.setup_assistant
[0.414s] Invoked command in '/home/rosuser/ros2_ws/build/med14_moveit_config' returned '0': CMAKE_PREFIX_PATH=/home/rosuser/ros2_ws/install/lbr_description:/home/rosuser/ros2_ws/install/med7_moveit_config:/home/rosuser/ros2_ws/install/med14_moveit_config:/home/rosuser/ros2_ws/install/lbr_fri_ros2_stack:/home/rosuser/ros2_ws/install/lbr_demos_cpp:/home/rosuser/ros2_ws/install/lbr_bringup:/home/rosuser/ros2_ws/install/lbr_ros2_control:/home/rosuser/ros2_ws/install/lbr_moveit_cpp:/home/rosuser/ros2_ws/install/lbr_demos_advanced_cpp:/home/rosuser/ros2_ws/install/lbr_fri_ros2:/home/rosuser/ros2_ws/install/lbr_fri_idl:/home/rosuser/ros2_ws/install/iiwa7_moveit_config:/home/rosuser/ros2_ws/install/iiwa14_moveit_config:/home/rosuser/ros2_ws/install/impedance_controller:/home/rosuser/ros2_ws/install/iiwa_moveit2:/home/rosuser/ros2_ws/install/iiwa_hardware:/home/rosuser/ros2_ws/install/iiwa_bringup:/home/rosuser/ros2_ws/install/iiwa_description:/home/rosuser/ros2_ws/install/fri_client_sdk:/home/rosuser/ros2_ws/install/external_torque_sensor_broadcaster:/home/rosuser/ros2_ws/install/lbr_demos_py:/home/rosuser/ros2_ws/install/lbr_moveit:/home/rosuser/ros2_ws/install/lbr_demos_advanced_py:/opt/ros/humble /usr/bin/cmake --install /home/rosuser/ros2_ws/build/med14_moveit_config
