[0.043s] Invoking command in '/home/rosuser/ros2_ws/build/impedance_controller': CMAKE_PREFIX_PATH=${CMAKE_PREFIX_PATH}:/home/rosuser/ros2_ws/install/lbr_demos_py:/home/rosuser/ros2_ws/install/lbr_moveit:/home/rosuser/ros2_ws/install/lbr_demos_advanced_py:/opt/ros/humble /usr/bin/cmake --build /home/rosuser/ros2_ws/build/impedance_controller -- -j4 -l4
[0.195s] [100%] Built target impedance_controller
[0.607s] Invoked command in '/home/rosuser/ros2_ws/build/impedance_controller' returned '0': CMAKE_PREFIX_PATH=${CMAKE_PREFIX_PATH}:/home/rosuser/ros2_ws/install/lbr_demos_py:/home/rosuser/ros2_ws/install/lbr_moveit:/home/rosuser/ros2_ws/install/lbr_demos_advanced_py:/opt/ros/humble /usr/bin/cmake --build /home/rosuser/ros2_ws/build/impedance_controller -- -j4 -l4
[0.608s] Invoking command in '/home/rosuser/ros2_ws/build/impedance_controller': CMAKE_PREFIX_PATH=${CMAKE_PREFIX_PATH}:/home/rosuser/ros2_ws/install/lbr_demos_py:/home/rosuser/ros2_ws/install/lbr_moveit:/home/rosuser/ros2_ws/install/lbr_demos_advanced_py:/opt/ros/humble /usr/bin/cmake --install /home/rosuser/ros2_ws/build/impedance_controller
[0.620s] -- Install configuration: ""
[0.621s] -- Execute custom install script
[0.622s] -- Up-to-date symlink: /home/rosuser/ros2_ws/install/impedance_controller/share/impedance_controller//impedance_plugin.xml
[0.622s] -- Up-to-date symlink: /home/rosuser/ros2_ws/install/impedance_controller/include/impedance_controller/impedance_controller.hpp
[0.622s] -- Up-to-date symlink: /home/rosuser/ros2_ws/install/impedance_controller/include/impedance_controller/visibility_control.h
[0.622s] -- Up-to-date symlink: /home/rosuser/ros2_ws/install/impedance_controller/lib/libimpedance_controller.so
[0.622s] -- Up-to-date symlink: /home/rosuser/ros2_ws/install/impedance_controller/share/impedance_controller/environment/library_path.sh
[0.622s] -- Up-to-date symlink: /home/rosuser/ros2_ws/install/impedance_controller/share/impedance_controller/environment/library_path.dsv
[0.622s] -- Up-to-date symlink: /home/rosuser/ros2_ws/install/impedance_controller/share/ament_index/resource_index/package_run_dependencies/impedance_controller
[0.622s] -- Up-to-date symlink: /home/rosuser/ros2_ws/install/impedance_controller/share/ament_index/resource_index/parent_prefix_path/impedance_controller
[0.622s] -- Up-to-date symlink: /home/rosuser/ros2_ws/install/impedance_controller/share/impedance_controller/environment/ament_prefix_path.sh
[0.622s] -- Up-to-date symlink: /home/rosuser/ros2_ws/install/impedance_controller/share/impedance_controller/environment/ament_prefix_path.dsv
[0.623s] -- Up-to-date symlink: /home/rosuser/ros2_ws/install/impedance_controller/share/impedance_controller/environment/path.sh
[0.623s] -- Up-to-date symlink: /home/rosuser/ros2_ws/install/impedance_controller/share/impedance_controller/environment/path.dsv
[0.623s] -- Up-to-date symlink: /home/rosuser/ros2_ws/install/impedance_controller/share/impedance_controller/local_setup.bash
[0.623s] -- Up-to-date symlink: /home/rosuser/ros2_ws/install/impedance_controller/share/impedance_controller/local_setup.sh
[0.623s] -- Up-to-date symlink: /home/rosuser/ros2_ws/install/impedance_controller/share/impedance_controller/local_setup.zsh
[0.623s] -- Up-to-date symlink: /home/rosuser/ros2_ws/install/impedance_controller/share/impedance_controller/local_setup.dsv
[0.625s] -- Symlinking: /home/rosuser/ros2_ws/install/impedance_controller/share/impedance_controller/package.dsv
[0.644s] -- Up-to-date symlink: /home/rosuser/ros2_ws/install/impedance_controller/share/ament_index/resource_index/packages/impedance_controller
[0.645s] -- Up-to-date symlink: /home/rosuser/ros2_ws/install/impedance_controller/share/ament_index/resource_index/controller_interface__pluginlib__plugin/impedance_controller
[0.646s] -- Up-to-date symlink: /home/rosuser/ros2_ws/install/impedance_controller/share/impedance_controller/cmake/ament_cmake_export_dependencies-extras.cmake
[0.646s] -- Up-to-date symlink: /home/rosuser/ros2_ws/install/impedance_controller/share/impedance_controller/cmake/ament_cmake_export_include_directories-extras.cmake
[0.646s] -- Up-to-date symlink: /home/rosuser/ros2_ws/install/impedance_controller/share/impedance_controller/cmake/ament_cmake_export_libraries-extras.cmake
[0.647s] -- Up-to-date symlink: /home/rosuser/ros2_ws/install/impedance_controller/share/impedance_controller/cmake/impedance_controllerConfig.cmake
[0.647s] -- Up-to-date symlink: /home/rosuser/ros2_ws/install/impedance_controller/share/impedance_controller/cmake/impedance_controllerConfig-version.cmake
[0.649s] -- Up-to-date symlink: /home/rosuser/ros2_ws/install/impedance_controller/share/impedance_controller/package.xml
[0.649s] Invoked command in '/home/rosuser/ros2_ws/build/impedance_controller' returned '0': CMAKE_PREFIX_PATH=${CMAKE_PREFIX_PATH}:/home/rosuser/ros2_ws/install/lbr_demos_py:/home/rosuser/ros2_ws/install/lbr_moveit:/home/rosuser/ros2_ws/install/lbr_demos_advanced_py:/opt/ros/humble /usr/bin/cmake --install /home/rosuser/ros2_ws/build/impedance_controller
