[ 10%] Built target lbr_fri_idl__rosidl_generator_c
[ 11%] Built target lbr_fri_idl__cpp
[ 14%] Built target gtest_main
[ 14%] Built target ament_cmake_python_symlink_lbr_fri_idl
[ 24%] Built target lbr_fri_idl__rosidl_typesupport_fastrtps_cpp
[ 27%] Built target gtest
[ 37%] Built target lbr_fri_idl__rosidl_typesupport_fastrtps_c
[ 47%] Built target lbr_fri_idl__rosidl_typesupport_cpp
[ 57%] Built target lbr_fri_idl__rosidl_typesupport_introspection_c
[ 68%] Built target lbr_fri_idl__rosidl_typesupport_c
[ 78%] Built target lbr_fri_idl__rosidl_typesupport_introspection_cpp
[ 81%] Built target lbr_fri_idl_test_command_interfaces
[ 81%] Built target lbr_fri_idl
[ 82%] Built target lbr_fri_idl__py
[ 91%] Built target lbr_fri_idl__rosidl_generator_py
[ 94%] Built target lbr_fri_idl__rosidl_typesupport_fastrtps_c__pyext
[ 97%] Built target lbr_fri_idl__rosidl_typesupport_introspection_c__pyext
[100%] Built target lbr_fri_idl__rosidl_typesupport_c__pyext
running egg_info
writing lbr_fri_idl.egg-info/PKG-INFO
writing dependency_links to lbr_fri_idl.egg-info/dependency_links.txt
writing top-level names to lbr_fri_idl.egg-info/top_level.txt
reading manifest file 'lbr_fri_idl.egg-info/SOURCES.txt'
writing manifest file 'lbr_fri_idl.egg-info/SOURCES.txt'
[100%] Built target ament_cmake_python_build_lbr_fri_idl_egg
-- Install configuration: "Release"
-- Execute custom install script
-- Up-to-date symlink: /home/rosuser/ros2_ws/install/lbr_fri_idl/share/ament_index/resource_index/rosidl_interfaces/lbr_fri_idl
-- Up-to-date symlink: /home/rosuser/ros2_ws/install/lbr_fri_idl/include/lbr_fri_idl/lbr_fri_idl/msg/detail/lbr_command__functions.h
-- Up-to-date symlink: /home/rosuser/ros2_ws/install/lbr_fri_idl/include/lbr_fri_idl/lbr_fri_idl/msg/detail/lbr_command__struct.h
-- Up-to-date symlink: /home/rosuser/ros2_ws/install/lbr_fri_idl/include/lbr_fri_idl/lbr_fri_idl/msg/detail/lbr_command__type_support.h
-- Up-to-date symlink: /home/rosuser/ros2_ws/install/lbr_fri_idl/include/lbr_fri_idl/lbr_fri_idl/msg/detail/lbr_joint_position_command__functions.h
-- Up-to-date symlink: /home/rosuser/ros2_ws/install/lbr_fri_idl/include/lbr_fri_idl/lbr_fri_idl/msg/detail/lbr_joint_position_command__struct.h
-- Up-to-date symlink: /home/rosuser/ros2_ws/install/lbr_fri_idl/include/lbr_fri_idl/lbr_fri_idl/msg/detail/lbr_joint_position_command__type_support.h
-- Up-to-date symlink: /home/rosuser/ros2_ws/install/lbr_fri_idl/include/lbr_fri_idl/lbr_fri_idl/msg/detail/lbr_state__functions.h
-- Up-to-date symlink: /home/rosuser/ros2_ws/install/lbr_fri_idl/include/lbr_fri_idl/lbr_fri_idl/msg/detail/lbr_state__struct.h
-- Up-to-date symlink: /home/rosuser/ros2_ws/install/lbr_fri_idl/include/lbr_fri_idl/lbr_fri_idl/msg/detail/lbr_state__type_support.h
-- Up-to-date symlink: /home/rosuser/ros2_ws/install/lbr_fri_idl/include/lbr_fri_idl/lbr_fri_idl/msg/detail/lbr_torque_command__functions.h
-- Up-to-date symlink: /home/rosuser/ros2_ws/install/lbr_fri_idl/include/lbr_fri_idl/lbr_fri_idl/msg/detail/lbr_torque_command__struct.h
-- Up-to-date symlink: /home/rosuser/ros2_ws/install/lbr_fri_idl/include/lbr_fri_idl/lbr_fri_idl/msg/detail/lbr_torque_command__type_support.h
-- Up-to-date symlink: /home/rosuser/ros2_ws/install/lbr_fri_idl/include/lbr_fri_idl/lbr_fri_idl/msg/detail/lbr_wrench_command__functions.h
-- Up-to-date symlink: /home/rosuser/ros2_ws/install/lbr_fri_idl/include/lbr_fri_idl/lbr_fri_idl/msg/detail/lbr_wrench_command__struct.h
-- Up-to-date symlink: /home/rosuser/ros2_ws/install/lbr_fri_idl/include/lbr_fri_idl/lbr_fri_idl/msg/detail/lbr_wrench_command__type_support.h
-- Up-to-date symlink: /home/rosuser/ros2_ws/install/lbr_fri_idl/include/lbr_fri_idl/lbr_fri_idl/msg/lbr_command.h
-- Up-to-date symlink: /home/rosuser/ros2_ws/install/lbr_fri_idl/include/lbr_fri_idl/lbr_fri_idl/msg/lbr_joint_position_command.h
-- Up-to-date symlink: /home/rosuser/ros2_ws/install/lbr_fri_idl/include/lbr_fri_idl/lbr_fri_idl/msg/lbr_state.h
-- Up-to-date symlink: /home/rosuser/ros2_ws/install/lbr_fri_idl/include/lbr_fri_idl/lbr_fri_idl/msg/lbr_torque_command.h
-- Up-to-date symlink: /home/rosuser/ros2_ws/install/lbr_fri_idl/include/lbr_fri_idl/lbr_fri_idl/msg/lbr_wrench_command.h
-- Up-to-date symlink: /home/rosuser/ros2_ws/install/lbr_fri_idl/include/lbr_fri_idl/lbr_fri_idl/msg/rosidl_generator_c__visibility_control.h
-- Up-to-date symlink: /home/rosuser/ros2_ws/install/lbr_fri_idl/share/lbr_fri_idl/environment/library_path.sh
-- Up-to-date symlink: /home/rosuser/ros2_ws/install/lbr_fri_idl/share/lbr_fri_idl/environment/library_path.dsv
-- Up-to-date symlink: /home/rosuser/ros2_ws/install/lbr_fri_idl/include/lbr_fri_idl/lbr_fri_idl/msg/detail/lbr_command__rosidl_typesupport_fastrtps_c.h
-- Up-to-date symlink: /home/rosuser/ros2_ws/install/lbr_fri_idl/include/lbr_fri_idl/lbr_fri_idl/msg/detail/lbr_joint_position_command__rosidl_typesupport_fastrtps_c.h
-- Up-to-date symlink: /home/rosuser/ros2_ws/install/lbr_fri_idl/include/lbr_fri_idl/lbr_fri_idl/msg/detail/lbr_state__rosidl_typesupport_fastrtps_c.h
-- Up-to-date symlink: /home/rosuser/ros2_ws/install/lbr_fri_idl/include/lbr_fri_idl/lbr_fri_idl/msg/detail/lbr_torque_command__rosidl_typesupport_fastrtps_c.h
-- Up-to-date symlink: /home/rosuser/ros2_ws/install/lbr_fri_idl/include/lbr_fri_idl/lbr_fri_idl/msg/detail/lbr_wrench_command__rosidl_typesupport_fastrtps_c.h
-- Up-to-date symlink: /home/rosuser/ros2_ws/install/lbr_fri_idl/include/lbr_fri_idl/lbr_fri_idl/msg/rosidl_typesupport_fastrtps_c__visibility_control.h
-- Up-to-date symlink: /home/rosuser/ros2_ws/install/lbr_fri_idl/include/lbr_fri_idl/lbr_fri_idl/msg/detail/lbr_command__builder.hpp
-- Up-to-date symlink: /home/rosuser/ros2_ws/install/lbr_fri_idl/include/lbr_fri_idl/lbr_fri_idl/msg/detail/lbr_command__struct.hpp
-- Up-to-date symlink: /home/rosuser/ros2_ws/install/lbr_fri_idl/include/lbr_fri_idl/lbr_fri_idl/msg/detail/lbr_command__traits.hpp
-- Up-to-date symlink: /home/rosuser/ros2_ws/install/lbr_fri_idl/include/lbr_fri_idl/lbr_fri_idl/msg/detail/lbr_command__type_support.hpp
-- Up-to-date symlink: /home/rosuser/ros2_ws/install/lbr_fri_idl/include/lbr_fri_idl/lbr_fri_idl/msg/detail/lbr_joint_position_command__builder.hpp
-- Up-to-date symlink: /home/rosuser/ros2_ws/install/lbr_fri_idl/include/lbr_fri_idl/lbr_fri_idl/msg/detail/lbr_joint_position_command__struct.hpp
-- Up-to-date symlink: /home/rosuser/ros2_ws/install/lbr_fri_idl/include/lbr_fri_idl/lbr_fri_idl/msg/detail/lbr_joint_position_command__traits.hpp
-- Up-to-date symlink: /home/rosuser/ros2_ws/install/lbr_fri_idl/include/lbr_fri_idl/lbr_fri_idl/msg/detail/lbr_joint_position_command__type_support.hpp
-- Up-to-date symlink: /home/rosuser/ros2_ws/install/lbr_fri_idl/include/lbr_fri_idl/lbr_fri_idl/msg/detail/lbr_state__builder.hpp
-- Up-to-date symlink: /home/rosuser/ros2_ws/install/lbr_fri_idl/include/lbr_fri_idl/lbr_fri_idl/msg/detail/lbr_state__struct.hpp
-- Up-to-date symlink: /home/rosuser/ros2_ws/install/lbr_fri_idl/include/lbr_fri_idl/lbr_fri_idl/msg/detail/lbr_state__traits.hpp
-- Up-to-date symlink: /home/rosuser/ros2_ws/install/lbr_fri_idl/include/lbr_fri_idl/lbr_fri_idl/msg/detail/lbr_state__type_support.hpp
-- Up-to-date symlink: /home/rosuser/ros2_ws/install/lbr_fri_idl/include/lbr_fri_idl/lbr_fri_idl/msg/detail/lbr_torque_command__builder.hpp
-- Up-to-date symlink: /home/rosuser/ros2_ws/install/lbr_fri_idl/include/lbr_fri_idl/lbr_fri_idl/msg/detail/lbr_torque_command__struct.hpp
-- Up-to-date symlink: /home/rosuser/ros2_ws/install/lbr_fri_idl/include/lbr_fri_idl/lbr_fri_idl/msg/detail/lbr_torque_command__traits.hpp
-- Up-to-date symlink: /home/rosuser/ros2_ws/install/lbr_fri_idl/include/lbr_fri_idl/lbr_fri_idl/msg/detail/lbr_torque_command__type_support.hpp
-- Up-to-date symlink: /home/rosuser/ros2_ws/install/lbr_fri_idl/include/lbr_fri_idl/lbr_fri_idl/msg/detail/lbr_wrench_command__builder.hpp
-- Up-to-date symlink: /home/rosuser/ros2_ws/install/lbr_fri_idl/include/lbr_fri_idl/lbr_fri_idl/msg/detail/lbr_wrench_command__struct.hpp
-- Up-to-date symlink: /home/rosuser/ros2_ws/install/lbr_fri_idl/include/lbr_fri_idl/lbr_fri_idl/msg/detail/lbr_wrench_command__traits.hpp
-- Up-to-date symlink: /home/rosuser/ros2_ws/install/lbr_fri_idl/include/lbr_fri_idl/lbr_fri_idl/msg/detail/lbr_wrench_command__type_support.hpp
-- Up-to-date symlink: /home/rosuser/ros2_ws/install/lbr_fri_idl/include/lbr_fri_idl/lbr_fri_idl/msg/lbr_command.hpp
-- Up-to-date symlink: /home/rosuser/ros2_ws/install/lbr_fri_idl/include/lbr_fri_idl/lbr_fri_idl/msg/lbr_joint_position_command.hpp
-- Up-to-date symlink: /home/rosuser/ros2_ws/install/lbr_fri_idl/include/lbr_fri_idl/lbr_fri_idl/msg/lbr_state.hpp
-- Up-to-date symlink: /home/rosuser/ros2_ws/install/lbr_fri_idl/include/lbr_fri_idl/lbr_fri_idl/msg/lbr_torque_command.hpp
-- Up-to-date symlink: /home/rosuser/ros2_ws/install/lbr_fri_idl/include/lbr_fri_idl/lbr_fri_idl/msg/lbr_wrench_command.hpp
-- Up-to-date symlink: /home/rosuser/ros2_ws/install/lbr_fri_idl/include/lbr_fri_idl/lbr_fri_idl/msg/rosidl_generator_cpp__visibility_control.hpp
-- Up-to-date symlink: /home/rosuser/ros2_ws/install/lbr_fri_idl/include/lbr_fri_idl/lbr_fri_idl/msg/detail/lbr_command__rosidl_typesupport_fastrtps_cpp.hpp
-- Up-to-date symlink: /home/rosuser/ros2_ws/install/lbr_fri_idl/include/lbr_fri_idl/lbr_fri_idl/msg/detail/lbr_joint_position_command__rosidl_typesupport_fastrtps_cpp.hpp
-- Up-to-date symlink: /home/rosuser/ros2_ws/install/lbr_fri_idl/include/lbr_fri_idl/lbr_fri_idl/msg/detail/lbr_state__rosidl_typesupport_fastrtps_cpp.hpp
-- Up-to-date symlink: /home/rosuser/ros2_ws/install/lbr_fri_idl/include/lbr_fri_idl/lbr_fri_idl/msg/detail/lbr_torque_command__rosidl_typesupport_fastrtps_cpp.hpp
-- Up-to-date symlink: /home/rosuser/ros2_ws/install/lbr_fri_idl/include/lbr_fri_idl/lbr_fri_idl/msg/detail/lbr_wrench_command__rosidl_typesupport_fastrtps_cpp.hpp
-- Up-to-date symlink: /home/rosuser/ros2_ws/install/lbr_fri_idl/include/lbr_fri_idl/lbr_fri_idl/msg/rosidl_typesupport_fastrtps_cpp__visibility_control.h
-- Up-to-date symlink: /home/rosuser/ros2_ws/install/lbr_fri_idl/include/lbr_fri_idl/lbr_fri_idl/msg/detail/lbr_command__rosidl_typesupport_introspection_c.h
-- Up-to-date symlink: /home/rosuser/ros2_ws/install/lbr_fri_idl/include/lbr_fri_idl/lbr_fri_idl/msg/detail/lbr_joint_position_command__rosidl_typesupport_introspection_c.h
-- Up-to-date symlink: /home/rosuser/ros2_ws/install/lbr_fri_idl/include/lbr_fri_idl/lbr_fri_idl/msg/detail/lbr_state__rosidl_typesupport_introspection_c.h
-- Up-to-date symlink: /home/rosuser/ros2_ws/install/lbr_fri_idl/include/lbr_fri_idl/lbr_fri_idl/msg/detail/lbr_torque_command__rosidl_typesupport_introspection_c.h
-- Up-to-date symlink: /home/rosuser/ros2_ws/install/lbr_fri_idl/include/lbr_fri_idl/lbr_fri_idl/msg/detail/lbr_wrench_command__rosidl_typesupport_introspection_c.h
-- Up-to-date symlink: /home/rosuser/ros2_ws/install/lbr_fri_idl/include/lbr_fri_idl/lbr_fri_idl/msg/rosidl_typesupport_introspection_c__visibility_control.h
-- Up-to-date symlink: /home/rosuser/ros2_ws/install/lbr_fri_idl/include/lbr_fri_idl/lbr_fri_idl/msg/detail/lbr_command__rosidl_typesupport_introspection_cpp.hpp
-- Up-to-date symlink: /home/rosuser/ros2_ws/install/lbr_fri_idl/include/lbr_fri_idl/lbr_fri_idl/msg/detail/lbr_joint_position_command__rosidl_typesupport_introspection_cpp.hpp
-- Up-to-date symlink: /home/rosuser/ros2_ws/install/lbr_fri_idl/include/lbr_fri_idl/lbr_fri_idl/msg/detail/lbr_state__rosidl_typesupport_introspection_cpp.hpp
-- Up-to-date symlink: /home/rosuser/ros2_ws/install/lbr_fri_idl/include/lbr_fri_idl/lbr_fri_idl/msg/detail/lbr_torque_command__rosidl_typesupport_introspection_cpp.hpp
-- Up-to-date symlink: /home/rosuser/ros2_ws/install/lbr_fri_idl/include/lbr_fri_idl/lbr_fri_idl/msg/detail/lbr_wrench_command__rosidl_typesupport_introspection_cpp.hpp
-- Up-to-date symlink: /home/rosuser/ros2_ws/install/lbr_fri_idl/share/lbr_fri_idl/environment/pythonpath.sh
-- Up-to-date symlink: /home/rosuser/ros2_ws/install/lbr_fri_idl/share/lbr_fri_idl/environment/pythonpath.dsv
-- Up-to-date symlink: /home/rosuser/ros2_ws/install/lbr_fri_idl/local/lib/python3.10/dist-packages/lbr_fri_idl-1.5.0-py3.10.egg-info/PKG-INFO
-- Up-to-date symlink: /home/rosuser/ros2_ws/install/lbr_fri_idl/local/lib/python3.10/dist-packages/lbr_fri_idl-1.5.0-py3.10.egg-info/SOURCES.txt
-- Up-to-date symlink: /home/rosuser/ros2_ws/install/lbr_fri_idl/local/lib/python3.10/dist-packages/lbr_fri_idl-1.5.0-py3.10.egg-info/dependency_links.txt
-- Up-to-date symlink: /home/rosuser/ros2_ws/install/lbr_fri_idl/local/lib/python3.10/dist-packages/lbr_fri_idl-1.5.0-py3.10.egg-info/top_level.txt
-- Up-to-date symlink: /home/rosuser/ros2_ws/install/lbr_fri_idl/local/lib/python3.10/dist-packages/lbr_fri_idl/__init__.py
-- Up-to-date symlink: /home/rosuser/ros2_ws/install/lbr_fri_idl/local/lib/python3.10/dist-packages/lbr_fri_idl/_lbr_fri_idl_s.ep.rosidl_typesupport_c.c
-- Up-to-date symlink: /home/rosuser/ros2_ws/install/lbr_fri_idl/local/lib/python3.10/dist-packages/lbr_fri_idl/_lbr_fri_idl_s.ep.rosidl_typesupport_fastrtps_c.c
-- Up-to-date symlink: /home/rosuser/ros2_ws/install/lbr_fri_idl/local/lib/python3.10/dist-packages/lbr_fri_idl/_lbr_fri_idl_s.ep.rosidl_typesupport_introspection_c.c
-- Up-to-date symlink: /home/rosuser/ros2_ws/install/lbr_fri_idl/local/lib/python3.10/dist-packages/lbr_fri_idl/lbr_fri_idl_s__rosidl_typesupport_c.cpython-310-x86_64-linux-gnu.so
-- Up-to-date symlink: /home/rosuser/ros2_ws/install/lbr_fri_idl/local/lib/python3.10/dist-packages/lbr_fri_idl/lbr_fri_idl_s__rosidl_typesupport_fastrtps_c.cpython-310-x86_64-linux-gnu.so
-- Up-to-date symlink: /home/rosuser/ros2_ws/install/lbr_fri_idl/local/lib/python3.10/dist-packages/lbr_fri_idl/lbr_fri_idl_s__rosidl_typesupport_introspection_c.cpython-310-x86_64-linux-gnu.so
-- Up-to-date symlink: /home/rosuser/ros2_ws/install/lbr_fri_idl/local/lib/python3.10/dist-packages/lbr_fri_idl/liblbr_fri_idl__rosidl_generator_py.so
-- Up-to-date symlink: /home/rosuser/ros2_ws/install/lbr_fri_idl/local/lib/python3.10/dist-packages/lbr_fri_idl/msg/__init__.py
-- Up-to-date symlink: /home/rosuser/ros2_ws/install/lbr_fri_idl/local/lib/python3.10/dist-packages/lbr_fri_idl/msg/_lbr_command.py
-- Up-to-date symlink: /home/rosuser/ros2_ws/install/lbr_fri_idl/local/lib/python3.10/dist-packages/lbr_fri_idl/msg/_lbr_command_s.c
-- Up-to-date symlink: /home/rosuser/ros2_ws/install/lbr_fri_idl/local/lib/python3.10/dist-packages/lbr_fri_idl/msg/_lbr_joint_position_command.py
-- Up-to-date symlink: /home/rosuser/ros2_ws/install/lbr_fri_idl/local/lib/python3.10/dist-packages/lbr_fri_idl/msg/_lbr_joint_position_command_s.c
-- Up-to-date symlink: /home/rosuser/ros2_ws/install/lbr_fri_idl/local/lib/python3.10/dist-packages/lbr_fri_idl/msg/_lbr_state.py
-- Up-to-date symlink: /home/rosuser/ros2_ws/install/lbr_fri_idl/local/lib/python3.10/dist-packages/lbr_fri_idl/msg/_lbr_state_s.c
-- Up-to-date symlink: /home/rosuser/ros2_ws/install/lbr_fri_idl/local/lib/python3.10/dist-packages/lbr_fri_idl/msg/_lbr_torque_command.py
-- Up-to-date symlink: /home/rosuser/ros2_ws/install/lbr_fri_idl/local/lib/python3.10/dist-packages/lbr_fri_idl/msg/_lbr_torque_command_s.c
-- Up-to-date symlink: /home/rosuser/ros2_ws/install/lbr_fri_idl/local/lib/python3.10/dist-packages/lbr_fri_idl/msg/_lbr_wrench_command.py
-- Up-to-date symlink: /home/rosuser/ros2_ws/install/lbr_fri_idl/local/lib/python3.10/dist-packages/lbr_fri_idl/msg/_lbr_wrench_command_s.c
-- Up-to-date symlink: /home/rosuser/ros2_ws/install/lbr_fri_idl/local/lib/python3.10/dist-packages/lbr_fri_idl/lbr_fri_idl_s__rosidl_typesupport_fastrtps_c.cpython-310-x86_64-linux-gnu.so
-- Up-to-date symlink: /home/rosuser/ros2_ws/install/lbr_fri_idl/local/lib/python3.10/dist-packages/lbr_fri_idl/lbr_fri_idl_s__rosidl_typesupport_introspection_c.cpython-310-x86_64-linux-gnu.so
-- Up-to-date symlink: /home/rosuser/ros2_ws/install/lbr_fri_idl/local/lib/python3.10/dist-packages/lbr_fri_idl/lbr_fri_idl_s__rosidl_typesupport_c.cpython-310-x86_64-linux-gnu.so
-- Up-to-date symlink: /home/rosuser/ros2_ws/install/lbr_fri_idl/share/lbr_fri_idl/msg/LBRCommand.idl
-- Up-to-date symlink: /home/rosuser/ros2_ws/install/lbr_fri_idl/share/lbr_fri_idl/msg/LBRJointPositionCommand.idl
-- Up-to-date symlink: /home/rosuser/ros2_ws/install/lbr_fri_idl/share/lbr_fri_idl/msg/LBRState.idl
-- Up-to-date symlink: /home/rosuser/ros2_ws/install/lbr_fri_idl/share/lbr_fri_idl/msg/LBRTorqueCommand.idl
-- Up-to-date symlink: /home/rosuser/ros2_ws/install/lbr_fri_idl/share/lbr_fri_idl/msg/LBRWrenchCommand.idl
-- Up-to-date symlink: /home/rosuser/ros2_ws/install/lbr_fri_idl/share/lbr_fri_idl/msg/LBRCommand.msg
-- Up-to-date symlink: /home/rosuser/ros2_ws/install/lbr_fri_idl/share/lbr_fri_idl/msg/LBRJointPositionCommand.msg
-- Up-to-date symlink: /home/rosuser/ros2_ws/install/lbr_fri_idl/share/lbr_fri_idl/msg/LBRState.msg
-- Up-to-date symlink: /home/rosuser/ros2_ws/install/lbr_fri_idl/share/lbr_fri_idl/msg/LBRTorqueCommand.msg
-- Up-to-date symlink: /home/rosuser/ros2_ws/install/lbr_fri_idl/share/lbr_fri_idl/msg/LBRWrenchCommand.msg
-- Up-to-date symlink: /home/rosuser/ros2_ws/install/lbr_fri_idl/share/ament_index/resource_index/package_run_dependencies/lbr_fri_idl
-- Up-to-date symlink: /home/rosuser/ros2_ws/install/lbr_fri_idl/share/ament_index/resource_index/parent_prefix_path/lbr_fri_idl
-- Up-to-date symlink: /home/rosuser/ros2_ws/install/lbr_fri_idl/share/lbr_fri_idl/environment/ament_prefix_path.sh
-- Up-to-date symlink: /home/rosuser/ros2_ws/install/lbr_fri_idl/share/lbr_fri_idl/environment/ament_prefix_path.dsv
-- Up-to-date symlink: /home/rosuser/ros2_ws/install/lbr_fri_idl/share/lbr_fri_idl/environment/path.sh
-- Up-to-date symlink: /home/rosuser/ros2_ws/install/lbr_fri_idl/share/lbr_fri_idl/environment/path.dsv
-- Up-to-date symlink: /home/rosuser/ros2_ws/install/lbr_fri_idl/share/lbr_fri_idl/local_setup.bash
-- Up-to-date symlink: /home/rosuser/ros2_ws/install/lbr_fri_idl/share/lbr_fri_idl/local_setup.sh
-- Up-to-date symlink: /home/rosuser/ros2_ws/install/lbr_fri_idl/share/lbr_fri_idl/local_setup.zsh
-- Up-to-date symlink: /home/rosuser/ros2_ws/install/lbr_fri_idl/share/lbr_fri_idl/local_setup.dsv
-- Symlinking: /home/rosuser/ros2_ws/install/lbr_fri_idl/share/lbr_fri_idl/package.dsv
-- Up-to-date symlink: /home/rosuser/ros2_ws/install/lbr_fri_idl/share/ament_index/resource_index/packages/lbr_fri_idl
-- Up-to-date symlink: /home/rosuser/ros2_ws/install/lbr_fri_idl/share/lbr_fri_idl/cmake/rosidl_cmake-extras.cmake
-- Up-to-date symlink: /home/rosuser/ros2_ws/install/lbr_fri_idl/share/lbr_fri_idl/cmake/ament_cmake_export_dependencies-extras.cmake
-- Up-to-date symlink: /home/rosuser/ros2_ws/install/lbr_fri_idl/share/lbr_fri_idl/cmake/ament_cmake_export_include_directories-extras.cmake
-- Up-to-date symlink: /home/rosuser/ros2_ws/install/lbr_fri_idl/share/lbr_fri_idl/cmake/ament_cmake_export_libraries-extras.cmake
-- Up-to-date symlink: /home/rosuser/ros2_ws/install/lbr_fri_idl/share/lbr_fri_idl/cmake/ament_cmake_export_targets-extras.cmake
-- Up-to-date symlink: /home/rosuser/ros2_ws/install/lbr_fri_idl/share/lbr_fri_idl/cmake/rosidl_cmake_export_typesupport_targets-extras.cmake
-- Up-to-date symlink: /home/rosuser/ros2_ws/install/lbr_fri_idl/share/lbr_fri_idl/cmake/rosidl_cmake_export_typesupport_libraries-extras.cmake
-- Up-to-date symlink: /home/rosuser/ros2_ws/install/lbr_fri_idl/share/lbr_fri_idl/cmake/lbr_fri_idlConfig.cmake
-- Up-to-date symlink: /home/rosuser/ros2_ws/install/lbr_fri_idl/share/lbr_fri_idl/cmake/lbr_fri_idlConfig-version.cmake
-- Up-to-date symlink: /home/rosuser/ros2_ws/install/lbr_fri_idl/share/lbr_fri_idl/package.xml
-- Up-to-date: /home/rosuser/ros2_ws/install/lbr_fri_idl/lib/liblbr_fri_idl__rosidl_generator_c.so
-- Up-to-date: /home/rosuser/ros2_ws/install/lbr_fri_idl/lib/liblbr_fri_idl__rosidl_typesupport_fastrtps_c.so
-- Up-to-date: /home/rosuser/ros2_ws/install/lbr_fri_idl/lib/liblbr_fri_idl__rosidl_typesupport_fastrtps_cpp.so
-- Up-to-date: /home/rosuser/ros2_ws/install/lbr_fri_idl/lib/liblbr_fri_idl__rosidl_typesupport_introspection_c.so
-- Up-to-date: /home/rosuser/ros2_ws/install/lbr_fri_idl/lib/liblbr_fri_idl__rosidl_typesupport_c.so
-- Up-to-date: /home/rosuser/ros2_ws/install/lbr_fri_idl/lib/liblbr_fri_idl__rosidl_typesupport_introspection_cpp.so
-- Up-to-date: /home/rosuser/ros2_ws/install/lbr_fri_idl/lib/liblbr_fri_idl__rosidl_typesupport_cpp.so
Listing '/home/rosuser/ros2_ws/install/lbr_fri_idl/local/lib/python3.10/dist-packages/lbr_fri_idl'...
Listing '/home/rosuser/ros2_ws/install/lbr_fri_idl/local/lib/python3.10/dist-packages/lbr_fri_idl/msg'...
-- Up-to-date: /home/rosuser/ros2_ws/install/lbr_fri_idl/lib/liblbr_fri_idl__rosidl_generator_py.so
-- Up-to-date: /home/rosuser/ros2_ws/install/lbr_fri_idl/share/lbr_fri_idl/cmake/export_lbr_fri_idl__rosidl_generator_cExport.cmake
-- Up-to-date: /home/rosuser/ros2_ws/install/lbr_fri_idl/share/lbr_fri_idl/cmake/export_lbr_fri_idl__rosidl_generator_cExport-release.cmake
-- Up-to-date: /home/rosuser/ros2_ws/install/lbr_fri_idl/share/lbr_fri_idl/cmake/export_lbr_fri_idl__rosidl_typesupport_fastrtps_cExport.cmake
-- Up-to-date: /home/rosuser/ros2_ws/install/lbr_fri_idl/share/lbr_fri_idl/cmake/export_lbr_fri_idl__rosidl_typesupport_fastrtps_cExport-release.cmake
-- Up-to-date: /home/rosuser/ros2_ws/install/lbr_fri_idl/share/lbr_fri_idl/cmake/export_lbr_fri_idl__rosidl_generator_cppExport.cmake
-- Up-to-date: /home/rosuser/ros2_ws/install/lbr_fri_idl/share/lbr_fri_idl/cmake/export_lbr_fri_idl__rosidl_typesupport_fastrtps_cppExport.cmake
-- Up-to-date: /home/rosuser/ros2_ws/install/lbr_fri_idl/share/lbr_fri_idl/cmake/export_lbr_fri_idl__rosidl_typesupport_fastrtps_cppExport-release.cmake
-- Up-to-date: /home/rosuser/ros2_ws/install/lbr_fri_idl/share/lbr_fri_idl/cmake/lbr_fri_idl__rosidl_typesupport_introspection_cExport.cmake
-- Up-to-date: /home/rosuser/ros2_ws/install/lbr_fri_idl/share/lbr_fri_idl/cmake/lbr_fri_idl__rosidl_typesupport_introspection_cExport-release.cmake
-- Up-to-date: /home/rosuser/ros2_ws/install/lbr_fri_idl/share/lbr_fri_idl/cmake/lbr_fri_idl__rosidl_typesupport_cExport.cmake
-- Up-to-date: /home/rosuser/ros2_ws/install/lbr_fri_idl/share/lbr_fri_idl/cmake/lbr_fri_idl__rosidl_typesupport_cExport-release.cmake
-- Up-to-date: /home/rosuser/ros2_ws/install/lbr_fri_idl/share/lbr_fri_idl/cmake/lbr_fri_idl__rosidl_typesupport_introspection_cppExport.cmake
-- Up-to-date: /home/rosuser/ros2_ws/install/lbr_fri_idl/share/lbr_fri_idl/cmake/lbr_fri_idl__rosidl_typesupport_introspection_cppExport-release.cmake
-- Up-to-date: /home/rosuser/ros2_ws/install/lbr_fri_idl/share/lbr_fri_idl/cmake/lbr_fri_idl__rosidl_typesupport_cppExport.cmake
-- Up-to-date: /home/rosuser/ros2_ws/install/lbr_fri_idl/share/lbr_fri_idl/cmake/lbr_fri_idl__rosidl_typesupport_cppExport-release.cmake
-- Up-to-date: /home/rosuser/ros2_ws/install/lbr_fri_idl/share/lbr_fri_idl/cmake/export_lbr_fri_idl__rosidl_generator_pyExport.cmake
-- Up-to-date: /home/rosuser/ros2_ws/install/lbr_fri_idl/share/lbr_fri_idl/cmake/export_lbr_fri_idl__rosidl_generator_pyExport-release.cmake
