[0.010s] Invoking command in '/home/rosuser/ros2_ws/build/iiwa_bringup': AMENT_PREFIX_PATH=/home/rosuser/ros2_ws/install/iiwa_description:${AMENT_PREFIX_PATH} CMAKE_PREFIX_PATH=/home/rosuser/ros2_ws/install/iiwa_description:/opt/ros/humble GAZEBO_MODEL_PATH=/home/rosuser/ros2_ws/install/iiwa_description/share/iiwa_description/meshes GAZEBO_RESOURCE_PATH=/home/rosuser/ros2_ws/install/iiwa_description/share/iiwa_description/meshes GZ_SIM_RESOURCE_PATH=/home/rosuser/ros2_ws/install/iiwa_description/share/iiwa_description/meshes IGN_GAZEBO_RESOURCE_PATH=/home/rosuser/ros2_ws/install/iiwa_description/share/iiwa_description/meshes /usr/bin/cmake /home/rosuser/ros2_ws/src/iiwa_ros2/iiwa_bringup -DAMENT_CMAKE_SYMLINK_INSTALL=1 -DCMAKE_INSTALL_PREFIX=/home/rosuser/ros2_ws/install/iiwa_bringup
[0.073s] -- The C compiler identification is GNU 11.4.0
[0.141s] -- The CXX compiler identification is GNU 11.4.0
[0.154s] -- Detecting C compiler ABI info
[0.240s] -- Detecting C compiler ABI info - done
[0.254s] -- Check for working C compiler: /usr/bin/cc - skipped
[0.254s] -- Detecting C compile features
[0.255s] -- Detecting C compile features - done
[0.261s] -- Detecting CXX compiler ABI info
[0.358s] -- Detecting CXX compiler ABI info - done
[0.369s] -- Check for working CXX compiler: /usr/bin/c++ - skipped
[0.369s] -- Detecting CXX compile features
[0.370s] -- Detecting CXX compile features - done
[0.373s] -- Found ament_cmake: 1.3.11 (/opt/ros/humble/share/ament_cmake/cmake)
[0.571s] -- Found Python3: /usr/bin/python3 (found version "3.10.12") found components: Interpreter 
[0.654s] -- Override CMake install command with custom implementation using symlinks instead of copying resources
[0.878s] -- Found rclcpp: 16.0.12 (/opt/ros/humble/share/rclcpp/cmake)
[1.296s] -- Found rosidl_generator_c: 3.1.6 (/opt/ros/humble/share/rosidl_generator_c/cmake)
[1.304s] -- Found rosidl_adapter: 3.1.6 (/opt/ros/humble/share/rosidl_adapter/cmake)
[1.316s] -- Found rosidl_generator_cpp: 3.1.6 (/opt/ros/humble/share/rosidl_generator_cpp/cmake)
[1.563s] -- Using all available rosidl_typesupport_c: rosidl_typesupport_fastrtps_c;rosidl_typesupport_introspection_c
[1.980s] -- Using all available rosidl_typesupport_cpp: rosidl_typesupport_fastrtps_cpp;rosidl_typesupport_introspection_cpp
[2.959s] -- Found rmw_implementation_cmake: 6.1.2 (/opt/ros/humble/share/rmw_implementation_cmake/cmake)
[3.021s] -- Found rmw_fastrtps_cpp: 6.2.7 (/opt/ros/humble/share/rmw_fastrtps_cpp/cmake)
[4.248s] -- Found OpenSSL: /usr/lib/x86_64-linux-gnu/libcrypto.so (found version "3.0.2")  
[4.349s] -- Found FastRTPS: /opt/ros/humble/include  
[4.419s] -- Using RMW implementation 'rmw_fastrtps_cpp' as default
[4.606s] -- Looking for pthread.h
[4.772s] -- Looking for pthread.h - found
[4.773s] -- Performing Test CMAKE_HAVE_LIBC_PTHREAD
[4.869s] -- Performing Test CMAKE_HAVE_LIBC_PTHREAD - Success
[4.870s] -- Found Threads: TRUE  
[5.050s] -- Found rclpy: 3.3.16 (/opt/ros/humble/share/rclpy/cmake)
[5.052s] -- Found sensor_msgs: 4.8.0 (/opt/ros/humble/share/sensor_msgs/cmake)
[5.173s] -- Found visualization_msgs: 4.8.0 (/opt/ros/humble/share/visualization_msgs/cmake)
[5.353s] -- Found ament_cmake_gtest: 1.3.11 (/opt/ros/humble/share/ament_cmake_gtest/cmake)
[5.353s] -- Found ament_lint_auto: 0.12.12 (/opt/ros/humble/share/ament_lint_auto/cmake)
[5.475s] -- Added test 'copyright' to check source files copyright and LICENSE
[5.478s] -- Added test 'flake8' to check Python code syntax and style conventions
[5.483s] -- Added test 'lint_cmake' to check CMake code style
[5.483s] -- Added test 'pep257' to check Python code against some of the docstring style conventions in PEP 257
[5.483s] -- Added test 'xmllint' to check XML markup files
[5.483s] -- Configuring done
[5.489s] -- Generating done
[5.491s] -- Build files have been written to: /home/rosuser/ros2_ws/build/iiwa_bringup
[5.504s] Invoked command in '/home/rosuser/ros2_ws/build/iiwa_bringup' returned '0': AMENT_PREFIX_PATH=/home/rosuser/ros2_ws/install/iiwa_description:${AMENT_PREFIX_PATH} CMAKE_PREFIX_PATH=/home/rosuser/ros2_ws/install/iiwa_description:/opt/ros/humble GAZEBO_MODEL_PATH=/home/rosuser/ros2_ws/install/iiwa_description/share/iiwa_description/meshes GAZEBO_RESOURCE_PATH=/home/rosuser/ros2_ws/install/iiwa_description/share/iiwa_description/meshes GZ_SIM_RESOURCE_PATH=/home/rosuser/ros2_ws/install/iiwa_description/share/iiwa_description/meshes IGN_GAZEBO_RESOURCE_PATH=/home/rosuser/ros2_ws/install/iiwa_description/share/iiwa_description/meshes /usr/bin/cmake /home/rosuser/ros2_ws/src/iiwa_ros2/iiwa_bringup -DAMENT_CMAKE_SYMLINK_INSTALL=1 -DCMAKE_INSTALL_PREFIX=/home/rosuser/ros2_ws/install/iiwa_bringup
[5.505s] Invoking command in '/home/rosuser/ros2_ws/build/iiwa_bringup': AMENT_PREFIX_PATH=/home/rosuser/ros2_ws/install/iiwa_description:${AMENT_PREFIX_PATH} CMAKE_PREFIX_PATH=/home/rosuser/ros2_ws/install/iiwa_description:/opt/ros/humble GAZEBO_MODEL_PATH=/home/rosuser/ros2_ws/install/iiwa_description/share/iiwa_description/meshes GAZEBO_RESOURCE_PATH=/home/rosuser/ros2_ws/install/iiwa_description/share/iiwa_description/meshes GZ_SIM_RESOURCE_PATH=/home/rosuser/ros2_ws/install/iiwa_description/share/iiwa_description/meshes IGN_GAZEBO_RESOURCE_PATH=/home/rosuser/ros2_ws/install/iiwa_description/share/iiwa_description/meshes /usr/bin/cmake --build /home/rosuser/ros2_ws/build/iiwa_bringup -- -j4 -l4
[5.568s] Invoked command in '/home/rosuser/ros2_ws/build/iiwa_bringup' returned '0': AMENT_PREFIX_PATH=/home/rosuser/ros2_ws/install/iiwa_description:${AMENT_PREFIX_PATH} CMAKE_PREFIX_PATH=/home/rosuser/ros2_ws/install/iiwa_description:/opt/ros/humble GAZEBO_MODEL_PATH=/home/rosuser/ros2_ws/install/iiwa_description/share/iiwa_description/meshes GAZEBO_RESOURCE_PATH=/home/rosuser/ros2_ws/install/iiwa_description/share/iiwa_description/meshes GZ_SIM_RESOURCE_PATH=/home/rosuser/ros2_ws/install/iiwa_description/share/iiwa_description/meshes IGN_GAZEBO_RESOURCE_PATH=/home/rosuser/ros2_ws/install/iiwa_description/share/iiwa_description/meshes /usr/bin/cmake --build /home/rosuser/ros2_ws/build/iiwa_bringup -- -j4 -l4
[5.569s] Invoking command in '/home/rosuser/ros2_ws/build/iiwa_bringup': AMENT_PREFIX_PATH=/home/rosuser/ros2_ws/install/iiwa_description:${AMENT_PREFIX_PATH} CMAKE_PREFIX_PATH=/home/rosuser/ros2_ws/install/iiwa_description:/opt/ros/humble GAZEBO_MODEL_PATH=/home/rosuser/ros2_ws/install/iiwa_description/share/iiwa_description/meshes GAZEBO_RESOURCE_PATH=/home/rosuser/ros2_ws/install/iiwa_description/share/iiwa_description/meshes GZ_SIM_RESOURCE_PATH=/home/rosuser/ros2_ws/install/iiwa_description/share/iiwa_description/meshes IGN_GAZEBO_RESOURCE_PATH=/home/rosuser/ros2_ws/install/iiwa_description/share/iiwa_description/meshes /usr/bin/cmake --install /home/rosuser/ros2_ws/build/iiwa_bringup
[5.578s] -- Install configuration: ""
[5.580s] -- Execute custom install script
[5.580s] -- Symlinking: /home/rosuser/ros2_ws/install/iiwa_bringup/share/iiwa_bringup/launch/iiwa.launch.py
[5.594s] -- Symlinking: /home/rosuser/ros2_ws/install/iiwa_bringup/share/iiwa_bringup/launch/iiwa_planning.launch.py
[5.606s] -- Symlinking: /home/rosuser/ros2_ws/install/iiwa_bringup/share/iiwa_bringup/launch/iiwa_pose_tracking.launch.py
[5.618s] -- Symlinking: /home/rosuser/ros2_ws/install/iiwa_bringup/share/iiwa_bringup/launch/iiwa_servoing.launch.py
[5.630s] -- Symlinking: /home/rosuser/ros2_ws/install/iiwa_bringup/share/iiwa_bringup/launch/iiwa_test_joint_trajectory_controller.launch.py
[5.641s] -- Symlinking: /home/rosuser/ros2_ws/install/iiwa_bringup/share/iiwa_bringup/launch/joy_servo_teleop.launch.py
[5.652s] -- Symlinking: /home/rosuser/ros2_ws/install/iiwa_bringup/share/iiwa_bringup/config/test_trajectory_config.yaml
[5.663s] -- Symlinking: /home/rosuser/ros2_ws/install/iiwa_bringup/share/ament_index/resource_index/package_run_dependencies/iiwa_bringup
[5.675s] -- Symlinking: /home/rosuser/ros2_ws/install/iiwa_bringup/share/ament_index/resource_index/parent_prefix_path/iiwa_bringup
[5.687s] -- Symlinking: /home/rosuser/ros2_ws/install/iiwa_bringup/share/iiwa_bringup/environment/ament_prefix_path.sh
[5.694s] -- Symlinking: /home/rosuser/ros2_ws/install/iiwa_bringup/share/iiwa_bringup/environment/ament_prefix_path.dsv
[5.705s] -- Symlinking: /home/rosuser/ros2_ws/install/iiwa_bringup/share/iiwa_bringup/environment/path.sh
[5.716s] -- Symlinking: /home/rosuser/ros2_ws/install/iiwa_bringup/share/iiwa_bringup/environment/path.dsv
[5.726s] -- Symlinking: /home/rosuser/ros2_ws/install/iiwa_bringup/share/iiwa_bringup/local_setup.bash
[5.740s] -- Symlinking: /home/rosuser/ros2_ws/install/iiwa_bringup/share/iiwa_bringup/local_setup.sh
[5.752s] -- Symlinking: /home/rosuser/ros2_ws/install/iiwa_bringup/share/iiwa_bringup/local_setup.zsh
[5.768s] -- Symlinking: /home/rosuser/ros2_ws/install/iiwa_bringup/share/iiwa_bringup/local_setup.dsv
[5.788s] -- Symlinking: /home/rosuser/ros2_ws/install/iiwa_bringup/share/iiwa_bringup/package.dsv
[5.801s] -- Symlinking: /home/rosuser/ros2_ws/install/iiwa_bringup/share/ament_index/resource_index/packages/iiwa_bringup
[5.811s] -- Symlinking: /home/rosuser/ros2_ws/install/iiwa_bringup/share/iiwa_bringup/cmake/iiwa_bringupConfig.cmake
[5.821s] -- Symlinking: /home/rosuser/ros2_ws/install/iiwa_bringup/share/iiwa_bringup/cmake/iiwa_bringupConfig-version.cmake
[5.831s] -- Symlinking: /home/rosuser/ros2_ws/install/iiwa_bringup/share/iiwa_bringup/package.xml
[5.844s] Invoked command in '/home/rosuser/ros2_ws/build/iiwa_bringup' returned '0': AMENT_PREFIX_PATH=/home/rosuser/ros2_ws/install/iiwa_description:${AMENT_PREFIX_PATH} CMAKE_PREFIX_PATH=/home/rosuser/ros2_ws/install/iiwa_description:/opt/ros/humble GAZEBO_MODEL_PATH=/home/rosuser/ros2_ws/install/iiwa_description/share/iiwa_description/meshes GAZEBO_RESOURCE_PATH=/home/rosuser/ros2_ws/install/iiwa_description/share/iiwa_description/meshes GZ_SIM_RESOURCE_PATH=/home/rosuser/ros2_ws/install/iiwa_description/share/iiwa_description/meshes IGN_GAZEBO_RESOURCE_PATH=/home/rosuser/ros2_ws/install/iiwa_description/share/iiwa_description/meshes /usr/bin/cmake --install /home/rosuser/ros2_ws/build/iiwa_bringup
