-- Found ament_cmake: 1.3.11 (/opt/ros/humble/share/ament_cmake/cmake)
-- Override CMake install command with custom implementation using symlinks instead of copying resources
-- Found eigen3_cmake_module: 0.1.1 (/opt/ros/humble/share/eigen3_cmake_module/cmake)
-- Found geometry_msgs: 4.8.0 (/opt/ros/humble/share/geometry_msgs/cmake)
-- Found rosidl_generator_c: 3.1.6 (/opt/ros/humble/share/rosidl_generator_c/cmake)
-- Found rosidl_adapter: 3.1.6 (/opt/ros/humble/share/rosidl_adapter/cmake)
-- Found rosidl_generator_cpp: 3.1.6 (/opt/ros/humble/share/rosidl_generator_cpp/cmake)
-- Using all available rosidl_typesupport_c: rosidl_typesupport_fastrtps_c;rosidl_typesupport_introspection_c
-- Using all available rosidl_typesupport_cpp: rosidl_typesupport_fastrtps_cpp;rosidl_typesupport_introspection_cpp
-- Found kdl_parser: 2.6.4 (/opt/ros/humble/share/kdl_parser/cmake)
-- Ensuring Eigen3 include directory is part of orocos-kdl CMake target
-- Found lbr_fri_idl: 1.5.0 (/home/rosuser/ros2_ws/install/lbr_fri_idl/share/lbr_fri_idl/cmake)
-- Found rclcpp: 16.0.12 (/opt/ros/humble/share/rclcpp/cmake)
-- Found rmw_implementation_cmake: 6.1.2 (/opt/ros/humble/share/rmw_implementation_cmake/cmake)
-- Found rmw_fastrtps_cpp: 6.2.7 (/opt/ros/humble/share/rmw_fastrtps_cpp/cmake)
-- Using RMW implementation 'rmw_fastrtps_cpp' as default
-- Found realtime_tools: 2.13.0 (/opt/ros/humble/share/realtime_tools/cmake)
-- Found urdf: 2.6.1 (/opt/ros/humble/share/urdf/cmake)
-- Found ament_cmake_gtest: 1.3.11 (/opt/ros/humble/share/ament_cmake_gtest/cmake)
-- Found gtest sources under '/opt/ros/humble/src/gtest_vendor': C++ tests using 'Google Test' will be built
-- Configuring done
-- Generating done
-- Build files have been written to: /home/rosuser/ros2_ws/build/lbr_fri_ros2
[35m[1mConsolidate compiler generated dependencies of target gtest_main[0m
[ 10%] Built target gtest_main
[35m[1mConsolidate compiler generated dependencies of target gtest[0m
[ 20%] Built target gtest
[35m[1mConsolidate compiler generated dependencies of target lbr_fri_ros2[0m
[ 25%] [32mBuilding CXX object CMakeFiles/lbr_fri_ros2.dir/src/interfaces/base_command.cpp.o[0m
[ 30%] [32mBuilding CXX object CMakeFiles/lbr_fri_ros2.dir/src/interfaces/position_command.cpp.o[0m
[ 35%] [32mBuilding CXX object CMakeFiles/lbr_fri_ros2.dir/src/interfaces/state.cpp.o[0m
[ 40%] [32mBuilding CXX object CMakeFiles/lbr_fri_ros2.dir/src/interfaces/torque_command.cpp.o[0m
[ 45%] [32mBuilding CXX object CMakeFiles/lbr_fri_ros2.dir/src/interfaces/wrench_command.cpp.o[0m
[ 50%] [32mBuilding CXX object CMakeFiles/lbr_fri_ros2.dir/src/app.cpp.o[0m
[ 55%] [32mBuilding CXX object CMakeFiles/lbr_fri_ros2.dir/src/async_client.cpp.o[0m
[ 60%] [32mBuilding CXX object CMakeFiles/lbr_fri_ros2.dir/src/command_guard.cpp.o[0m
[ 65%] [32mBuilding CXX object CMakeFiles/lbr_fri_ros2.dir/src/control.cpp.o[0m
[ 70%] [32mBuilding CXX object CMakeFiles/lbr_fri_ros2.dir/src/filters.cpp.o[0m
[ 75%] [32mBuilding CXX object CMakeFiles/lbr_fri_ros2.dir/src/ft_estimator.cpp.o[0m
[ 80%] [32mBuilding CXX object CMakeFiles/lbr_fri_ros2.dir/src/kinematics.cpp.o[0m
[ 85%] [32mBuilding CXX object CMakeFiles/lbr_fri_ros2.dir/src/worker.cpp.o[0m
[ 90%] [32m[1mLinking CXX shared library liblbr_fri_ros2.so[0m
[ 90%] Built target lbr_fri_ros2
[35m[1mConsolidate compiler generated dependencies of target test_command_interfaces[0m
[ 95%] [32mBuilding CXX object CMakeFiles/test_command_interfaces.dir/test/test_command_interfaces.cpp.o[0m
[100%] [32m[1mLinking CXX executable test_command_interfaces[0m
[100%] Built target test_command_interfaces
-- Install configuration: "Release"
-- Execute custom install script
-- Up-to-date symlink: /home/rosuser/ros2_ws/install/lbr_fri_ros2/share/lbr_fri_ros2/environment/library_path.sh
-- Up-to-date symlink: /home/rosuser/ros2_ws/install/lbr_fri_ros2/share/lbr_fri_ros2/environment/library_path.dsv
-- Up-to-date symlink: /home/rosuser/ros2_ws/install/lbr_fri_ros2/include/lbr_fri_ros2/app.hpp
-- Up-to-date symlink: /home/rosuser/ros2_ws/install/lbr_fri_ros2/include/lbr_fri_ros2/async_client.hpp
-- Up-to-date symlink: /home/rosuser/ros2_ws/install/lbr_fri_ros2/include/lbr_fri_ros2/command_guard.hpp
-- Up-to-date symlink: /home/rosuser/ros2_ws/install/lbr_fri_ros2/include/lbr_fri_ros2/control.hpp
-- Up-to-date symlink: /home/rosuser/ros2_ws/install/lbr_fri_ros2/include/lbr_fri_ros2/filters.hpp
-- Up-to-date symlink: /home/rosuser/ros2_ws/install/lbr_fri_ros2/include/lbr_fri_ros2/formatting.hpp
-- Up-to-date symlink: /home/rosuser/ros2_ws/install/lbr_fri_ros2/include/lbr_fri_ros2/ft_estimator.hpp
-- Up-to-date symlink: /home/rosuser/ros2_ws/install/lbr_fri_ros2/include/lbr_fri_ros2/interfaces/base_command.hpp
-- Up-to-date symlink: /home/rosuser/ros2_ws/install/lbr_fri_ros2/include/lbr_fri_ros2/interfaces/position_command.hpp
-- Up-to-date symlink: /home/rosuser/ros2_ws/install/lbr_fri_ros2/include/lbr_fri_ros2/interfaces/state.hpp
-- Up-to-date symlink: /home/rosuser/ros2_ws/install/lbr_fri_ros2/include/lbr_fri_ros2/interfaces/torque_command.hpp
-- Up-to-date symlink: /home/rosuser/ros2_ws/install/lbr_fri_ros2/include/lbr_fri_ros2/interfaces/wrench_command.hpp
-- Up-to-date symlink: /home/rosuser/ros2_ws/install/lbr_fri_ros2/include/lbr_fri_ros2/kinematics.hpp
-- Up-to-date symlink: /home/rosuser/ros2_ws/install/lbr_fri_ros2/include/lbr_fri_ros2/pinv.hpp
-- Up-to-date symlink: /home/rosuser/ros2_ws/install/lbr_fri_ros2/include/lbr_fri_ros2/types.hpp
-- Up-to-date symlink: /home/rosuser/ros2_ws/install/lbr_fri_ros2/include/lbr_fri_ros2/utils.hpp
-- Up-to-date symlink: /home/rosuser/ros2_ws/install/lbr_fri_ros2/include/lbr_fri_ros2/worker.hpp
-- Up-to-date symlink: /home/rosuser/ros2_ws/install/lbr_fri_ros2/share/ament_index/resource_index/package_run_dependencies/lbr_fri_ros2
-- Up-to-date symlink: /home/rosuser/ros2_ws/install/lbr_fri_ros2/share/ament_index/resource_index/parent_prefix_path/lbr_fri_ros2
-- Up-to-date symlink: /home/rosuser/ros2_ws/install/lbr_fri_ros2/share/lbr_fri_ros2/environment/ament_prefix_path.sh
-- Up-to-date symlink: /home/rosuser/ros2_ws/install/lbr_fri_ros2/share/lbr_fri_ros2/environment/ament_prefix_path.dsv
-- Up-to-date symlink: /home/rosuser/ros2_ws/install/lbr_fri_ros2/share/lbr_fri_ros2/environment/path.sh
-- Up-to-date symlink: /home/rosuser/ros2_ws/install/lbr_fri_ros2/share/lbr_fri_ros2/environment/path.dsv
-- Up-to-date symlink: /home/rosuser/ros2_ws/install/lbr_fri_ros2/share/lbr_fri_ros2/local_setup.bash
-- Up-to-date symlink: /home/rosuser/ros2_ws/install/lbr_fri_ros2/share/lbr_fri_ros2/local_setup.sh
-- Up-to-date symlink: /home/rosuser/ros2_ws/install/lbr_fri_ros2/share/lbr_fri_ros2/local_setup.zsh
-- Up-to-date symlink: /home/rosuser/ros2_ws/install/lbr_fri_ros2/share/lbr_fri_ros2/local_setup.dsv
-- Symlinking: /home/rosuser/ros2_ws/install/lbr_fri_ros2/share/lbr_fri_ros2/package.dsv
-- Up-to-date symlink: /home/rosuser/ros2_ws/install/lbr_fri_ros2/share/ament_index/resource_index/packages/lbr_fri_ros2
-- Up-to-date symlink: /home/rosuser/ros2_ws/install/lbr_fri_ros2/share/lbr_fri_ros2/cmake/ament_cmake_export_targets-extras.cmake
-- Up-to-date symlink: /home/rosuser/ros2_ws/install/lbr_fri_ros2/share/lbr_fri_ros2/cmake/ament_cmake_export_dependencies-extras.cmake
-- Up-to-date symlink: /home/rosuser/ros2_ws/install/lbr_fri_ros2/share/lbr_fri_ros2/cmake/lbr_fri_ros2Config.cmake
-- Up-to-date symlink: /home/rosuser/ros2_ws/install/lbr_fri_ros2/share/lbr_fri_ros2/cmake/lbr_fri_ros2Config-version.cmake
-- Up-to-date symlink: /home/rosuser/ros2_ws/install/lbr_fri_ros2/share/lbr_fri_ros2/package.xml
-- Installing: /home/rosuser/ros2_ws/install/lbr_fri_ros2/lib/liblbr_fri_ros2.so
-- Set runtime path of "/home/rosuser/ros2_ws/install/lbr_fri_ros2/lib/liblbr_fri_ros2.so" to ""
-- Up-to-date: /home/rosuser/ros2_ws/install/lbr_fri_ros2/share/lbr_fri_ros2/cmake/lbr_fri_ros2_exportExport.cmake
-- Up-to-date: /home/rosuser/ros2_ws/install/lbr_fri_ros2/share/lbr_fri_ros2/cmake/lbr_fri_ros2_exportExport-release.cmake
