[0.321s] Invoking command in '/home/rosuser/ros2_ws/build/lbr_fri_ros2': CMAKE_PREFIX_PATH=/home/rosuser/ros2_ws/install/lbr_fri_idl:/home/rosuser/ros2_ws/install/lbr_description:/home/rosuser/ros2_ws/install/fri_client_sdk:/home/rosuser/mocap4r2_ws/install/rqt_mocap4r2_control:/home/rosuser/mocap4r2_ws/install/mocap4r2_robot_gt:/home/rosuser/mocap4r2_ws/install/mocap4r2_robot_gt_msgs:/home/rosuser/mocap4r2_ws/install/mocap4r2_optitrack_driver:/home/rosuser/mocap4r2_ws/install/mocap4r2_marker_viz:/home/rosuser/mocap4r2_ws/install/mocap4r2_marker_publisher:/home/rosuser/mocap4r2_ws/install/mocap4r2_dummy_driver:/home/rosuser/mocap4r2_ws/install/mocap4r2_msgs:/home/rosuser/mocap4r2_ws/install/mocap4r2_marker_viz_srvs:/home/rosuser/mocap4r2_ws/install/mocap4r2_control:/home/rosuser/mocap4r2_ws/install/mocap4r2_control_msgs:/home/rosuser/opti_track/install/optitrack_wrapper_ros2:/home/rosuser/opti_track/install/optitrack_multiplexer_ros2:/home/rosuser/opti_track/install/optitrack_multiplexer_ros2_msgs:/home/rosuser/opti_track/install/optitrack_wrapper_ros2_msgs:/home/rosuser/ros2_ws/install/med7_moveit_config:/home/rosuser/ros2_ws/install/med14_moveit_config:/home/rosuser/ros2_ws/install/lbr_fri_ros2_stack:/home/rosuser/ros2_ws/install/lbr_demos_cpp:/home/rosuser/ros2_ws/install/lbr_bringup:/home/rosuser/ros2_ws/install/lbr_ros2_control:/home/rosuser/ros2_ws/install/lbr_moveit_cpp:/home/rosuser/ros2_ws/install/lbr_demos_advanced_cpp:/home/rosuser/ros2_ws/install/lbr_fri_ros2:/home/rosuser/ros2_ws/install/iiwa7_moveit_config:/home/rosuser/ros2_ws/install/iiwa14_moveit_config:/home/rosuser/ros2_ws/install/impedance_controller:/home/rosuser/ros2_ws/install/iiwa_moveit2:/home/rosuser/ros2_ws/install/iiwa_hardware:/home/rosuser/ros2_ws/install/iiwa_bringup:/home/rosuser/ros2_ws/install/iiwa_description:/home/rosuser/ros2_ws/install/external_torque_sensor_broadcaster:/home/rosuser/mocap4r2_ws/install/mocap4r2cli:/home/rosuser/ros2_ws/install/lbr_demos_py:/home/rosuser/ros2_ws/install/lbr_moveit:/home/rosuser/ros2_ws/install/lbr_demos_advanced_py:/opt/ros/humble LD_LIBRARY_PATH=/home/rosuser/ros2_ws/install/lbr_fri_idl/lib:/home/rosuser/ros2_ws/install/fri_client_sdk/lib:/home/rosuser/mocap4r2_ws/install/rqt_mocap4r2_control/lib:/home/rosuser/mocap4r2_ws/install/mocap4r2_robot_gt/lib:/home/rosuser/mocap4r2_ws/install/mocap4r2_robot_gt_msgs/lib:/home/rosuser/mocap4r2_ws/install/mocap4r2_optitrack_driver/lib:/home/rosuser/mocap4r2_ws/install/mocap4r2_msgs/lib:/home/rosuser/mocap4r2_ws/install/mocap4r2_marker_viz_srvs/lib:/home/rosuser/mocap4r2_ws/install/mocap4r2_control/lib:/home/rosuser/mocap4r2_ws/install/mocap4r2_control_msgs/lib:/home/rosuser/opti_track/install/optitrack_wrapper_ros2/lib:/home/rosuser/opti_track/install/optitrack_multiplexer_ros2_msgs/lib:/home/rosuser/opti_track/install/optitrack_wrapper_ros2_msgs/lib:/home/rosuser/ros2_ws/install/lbr_ros2_control/lib:/home/rosuser/ros2_ws/install/lbr_demos_advanced_cpp/lib:/home/rosuser/ros2_ws/install/lbr_fri_ros2/lib:/home/rosuser/ros2_ws/install/impedance_controller/lib:/home/rosuser/ros2_ws/install/iiwa_moveit2/lib:/home/rosuser/ros2_ws/install/iiwa_hardware/lib:/home/rosuser/ros2_ws/install/external_torque_sensor_broadcaster/lib:/opt/ros/humble/opt/rviz_ogre_vendor/lib:/opt/ros/humble/lib/x86_64-linux-gnu:/opt/ros/humble/lib /usr/bin/cmake --build /home/rosuser/ros2_ws/build/lbr_fri_ros2 -- -j4 -l4
[1.104s] -- Found ament_cmake: 1.3.11 (/opt/ros/humble/share/ament_cmake/cmake)
[1.292s] -- Override CMake install command with custom implementation using symlinks instead of copying resources
[1.372s] -- Found eigen3_cmake_module: 0.1.1 (/opt/ros/humble/share/eigen3_cmake_module/cmake)
[1.495s] -- Found geometry_msgs: 4.8.0 (/opt/ros/humble/share/geometry_msgs/cmake)
[1.543s] -- Found rosidl_generator_c: 3.1.6 (/opt/ros/humble/share/rosidl_generator_c/cmake)
[1.547s] -- Found rosidl_adapter: 3.1.6 (/opt/ros/humble/share/rosidl_adapter/cmake)
[1.556s] -- Found rosidl_generator_cpp: 3.1.6 (/opt/ros/humble/share/rosidl_generator_cpp/cmake)
[1.572s] -- Using all available rosidl_typesupport_c: rosidl_typesupport_fastrtps_c;rosidl_typesupport_introspection_c
[1.591s] -- Using all available rosidl_typesupport_cpp: rosidl_typesupport_fastrtps_cpp;rosidl_typesupport_introspection_cpp
[1.684s] -- Found kdl_parser: 2.6.4 (/opt/ros/humble/share/kdl_parser/cmake)
[1.706s] -- Ensuring Eigen3 include directory is part of orocos-kdl CMake target
[1.896s] -- Found lbr_fri_idl: 1.5.0 (/home/rosuser/ros2_ws/install/lbr_fri_idl/share/lbr_fri_idl/cmake)
[2.420s] -- Found rclcpp: 16.0.12 (/opt/ros/humble/share/rclcpp/cmake)
[2.456s] -- Found rmw_implementation_cmake: 6.1.2 (/opt/ros/humble/share/rmw_implementation_cmake/cmake)
[2.460s] -- Found rmw_fastrtps_cpp: 6.2.7 (/opt/ros/humble/share/rmw_fastrtps_cpp/cmake)
[2.607s] -- Using RMW implementation 'rmw_fastrtps_cpp' as default
[2.660s] -- Found realtime_tools: 2.13.0 (/opt/ros/humble/share/realtime_tools/cmake)
[2.789s] -- Found urdf: 2.6.1 (/opt/ros/humble/share/urdf/cmake)
[3.496s] -- Found ament_cmake_gtest: 1.3.11 (/opt/ros/humble/share/ament_cmake_gtest/cmake)
[3.498s] -- Found gtest sources under '/opt/ros/humble/src/gtest_vendor': C++ tests using 'Google Test' will be built
[3.618s] -- Configuring done
[4.241s] -- Generating done
[4.251s] -- Build files have been written to: /home/rosuser/ros2_ws/build/lbr_fri_ros2
[4.291s] [35m[1mConsolidate compiler generated dependencies of target gtest_main[0m
[4.309s] [ 10%] Built target gtest_main
[4.325s] [35m[1mConsolidate compiler generated dependencies of target gtest[0m
[4.346s] [ 20%] Built target gtest
[4.497s] [35m[1mConsolidate compiler generated dependencies of target lbr_fri_ros2[0m
[4.631s] [ 25%] [32mBuilding CXX object CMakeFiles/lbr_fri_ros2.dir/src/interfaces/base_command.cpp.o[0m
[4.641s] [ 30%] [32mBuilding CXX object CMakeFiles/lbr_fri_ros2.dir/src/interfaces/position_command.cpp.o[0m
[4.642s] [ 35%] [32mBuilding CXX object CMakeFiles/lbr_fri_ros2.dir/src/interfaces/state.cpp.o[0m
[4.645s] [ 40%] [32mBuilding CXX object CMakeFiles/lbr_fri_ros2.dir/src/interfaces/torque_command.cpp.o[0m
[7.267s] [ 45%] [32mBuilding CXX object CMakeFiles/lbr_fri_ros2.dir/src/interfaces/wrench_command.cpp.o[0m
[7.829s] [ 50%] [32mBuilding CXX object CMakeFiles/lbr_fri_ros2.dir/src/app.cpp.o[0m
[8.037s] [ 55%] [32mBuilding CXX object CMakeFiles/lbr_fri_ros2.dir/src/async_client.cpp.o[0m
[8.593s] [ 60%] [32mBuilding CXX object CMakeFiles/lbr_fri_ros2.dir/src/command_guard.cpp.o[0m
[10.547s] [ 65%] [32mBuilding CXX object CMakeFiles/lbr_fri_ros2.dir/src/control.cpp.o[0m
[12.522s] [ 70%] [32mBuilding CXX object CMakeFiles/lbr_fri_ros2.dir/src/filters.cpp.o[0m
[12.562s] [ 75%] [32mBuilding CXX object CMakeFiles/lbr_fri_ros2.dir/src/ft_estimator.cpp.o[0m
[13.538s] [ 80%] [32mBuilding CXX object CMakeFiles/lbr_fri_ros2.dir/src/kinematics.cpp.o[0m
[16.042s] [ 85%] [32mBuilding CXX object CMakeFiles/lbr_fri_ros2.dir/src/worker.cpp.o[0m
[56.473s] [ 90%] [32m[1mLinking CXX shared library liblbr_fri_ros2.so[0m
[56.702s] [ 90%] Built target lbr_fri_ros2
[56.746s] [35m[1mConsolidate compiler generated dependencies of target test_command_interfaces[0m
[56.794s] [ 95%] [32mBuilding CXX object CMakeFiles/test_command_interfaces.dir/test/test_command_interfaces.cpp.o[0m
[60.099s] [100%] [32m[1mLinking CXX executable test_command_interfaces[0m
[60.333s] [100%] Built target test_command_interfaces
[60.349s] Invoked command in '/home/rosuser/ros2_ws/build/lbr_fri_ros2' returned '0': CMAKE_PREFIX_PATH=/home/rosuser/ros2_ws/install/lbr_fri_idl:/home/rosuser/ros2_ws/install/lbr_description:/home/rosuser/ros2_ws/install/fri_client_sdk:/home/rosuser/mocap4r2_ws/install/rqt_mocap4r2_control:/home/rosuser/mocap4r2_ws/install/mocap4r2_robot_gt:/home/rosuser/mocap4r2_ws/install/mocap4r2_robot_gt_msgs:/home/rosuser/mocap4r2_ws/install/mocap4r2_optitrack_driver:/home/rosuser/mocap4r2_ws/install/mocap4r2_marker_viz:/home/rosuser/mocap4r2_ws/install/mocap4r2_marker_publisher:/home/rosuser/mocap4r2_ws/install/mocap4r2_dummy_driver:/home/rosuser/mocap4r2_ws/install/mocap4r2_msgs:/home/rosuser/mocap4r2_ws/install/mocap4r2_marker_viz_srvs:/home/rosuser/mocap4r2_ws/install/mocap4r2_control:/home/rosuser/mocap4r2_ws/install/mocap4r2_control_msgs:/home/rosuser/opti_track/install/optitrack_wrapper_ros2:/home/rosuser/opti_track/install/optitrack_multiplexer_ros2:/home/rosuser/opti_track/install/optitrack_multiplexer_ros2_msgs:/home/rosuser/opti_track/install/optitrack_wrapper_ros2_msgs:/home/rosuser/ros2_ws/install/med7_moveit_config:/home/rosuser/ros2_ws/install/med14_moveit_config:/home/rosuser/ros2_ws/install/lbr_fri_ros2_stack:/home/rosuser/ros2_ws/install/lbr_demos_cpp:/home/rosuser/ros2_ws/install/lbr_bringup:/home/rosuser/ros2_ws/install/lbr_ros2_control:/home/rosuser/ros2_ws/install/lbr_moveit_cpp:/home/rosuser/ros2_ws/install/lbr_demos_advanced_cpp:/home/rosuser/ros2_ws/install/lbr_fri_ros2:/home/rosuser/ros2_ws/install/iiwa7_moveit_config:/home/rosuser/ros2_ws/install/iiwa14_moveit_config:/home/rosuser/ros2_ws/install/impedance_controller:/home/rosuser/ros2_ws/install/iiwa_moveit2:/home/rosuser/ros2_ws/install/iiwa_hardware:/home/rosuser/ros2_ws/install/iiwa_bringup:/home/rosuser/ros2_ws/install/iiwa_description:/home/rosuser/ros2_ws/install/external_torque_sensor_broadcaster:/home/rosuser/mocap4r2_ws/install/mocap4r2cli:/home/rosuser/ros2_ws/install/lbr_demos_py:/home/rosuser/ros2_ws/install/lbr_moveit:/home/rosuser/ros2_ws/install/lbr_demos_advanced_py:/opt/ros/humble LD_LIBRARY_PATH=/home/rosuser/ros2_ws/install/lbr_fri_idl/lib:/home/rosuser/ros2_ws/install/fri_client_sdk/lib:/home/rosuser/mocap4r2_ws/install/rqt_mocap4r2_control/lib:/home/rosuser/mocap4r2_ws/install/mocap4r2_robot_gt/lib:/home/rosuser/mocap4r2_ws/install/mocap4r2_robot_gt_msgs/lib:/home/rosuser/mocap4r2_ws/install/mocap4r2_optitrack_driver/lib:/home/rosuser/mocap4r2_ws/install/mocap4r2_msgs/lib:/home/rosuser/mocap4r2_ws/install/mocap4r2_marker_viz_srvs/lib:/home/rosuser/mocap4r2_ws/install/mocap4r2_control/lib:/home/rosuser/mocap4r2_ws/install/mocap4r2_control_msgs/lib:/home/rosuser/opti_track/install/optitrack_wrapper_ros2/lib:/home/rosuser/opti_track/install/optitrack_multiplexer_ros2_msgs/lib:/home/rosuser/opti_track/install/optitrack_wrapper_ros2_msgs/lib:/home/rosuser/ros2_ws/install/lbr_ros2_control/lib:/home/rosuser/ros2_ws/install/lbr_demos_advanced_cpp/lib:/home/rosuser/ros2_ws/install/lbr_fri_ros2/lib:/home/rosuser/ros2_ws/install/impedance_controller/lib:/home/rosuser/ros2_ws/install/iiwa_moveit2/lib:/home/rosuser/ros2_ws/install/iiwa_hardware/lib:/home/rosuser/ros2_ws/install/external_torque_sensor_broadcaster/lib:/opt/ros/humble/opt/rviz_ogre_vendor/lib:/opt/ros/humble/lib/x86_64-linux-gnu:/opt/ros/humble/lib /usr/bin/cmake --build /home/rosuser/ros2_ws/build/lbr_fri_ros2 -- -j4 -l4
[60.365s] Invoking command in '/home/rosuser/ros2_ws/build/lbr_fri_ros2': CMAKE_PREFIX_PATH=/home/rosuser/ros2_ws/install/lbr_fri_idl:/home/rosuser/ros2_ws/install/lbr_description:/home/rosuser/ros2_ws/install/fri_client_sdk:/home/rosuser/mocap4r2_ws/install/rqt_mocap4r2_control:/home/rosuser/mocap4r2_ws/install/mocap4r2_robot_gt:/home/rosuser/mocap4r2_ws/install/mocap4r2_robot_gt_msgs:/home/rosuser/mocap4r2_ws/install/mocap4r2_optitrack_driver:/home/rosuser/mocap4r2_ws/install/mocap4r2_marker_viz:/home/rosuser/mocap4r2_ws/install/mocap4r2_marker_publisher:/home/rosuser/mocap4r2_ws/install/mocap4r2_dummy_driver:/home/rosuser/mocap4r2_ws/install/mocap4r2_msgs:/home/rosuser/mocap4r2_ws/install/mocap4r2_marker_viz_srvs:/home/rosuser/mocap4r2_ws/install/mocap4r2_control:/home/rosuser/mocap4r2_ws/install/mocap4r2_control_msgs:/home/rosuser/opti_track/install/optitrack_wrapper_ros2:/home/rosuser/opti_track/install/optitrack_multiplexer_ros2:/home/rosuser/opti_track/install/optitrack_multiplexer_ros2_msgs:/home/rosuser/opti_track/install/optitrack_wrapper_ros2_msgs:/home/rosuser/ros2_ws/install/med7_moveit_config:/home/rosuser/ros2_ws/install/med14_moveit_config:/home/rosuser/ros2_ws/install/lbr_fri_ros2_stack:/home/rosuser/ros2_ws/install/lbr_demos_cpp:/home/rosuser/ros2_ws/install/lbr_bringup:/home/rosuser/ros2_ws/install/lbr_ros2_control:/home/rosuser/ros2_ws/install/lbr_moveit_cpp:/home/rosuser/ros2_ws/install/lbr_demos_advanced_cpp:/home/rosuser/ros2_ws/install/lbr_fri_ros2:/home/rosuser/ros2_ws/install/iiwa7_moveit_config:/home/rosuser/ros2_ws/install/iiwa14_moveit_config:/home/rosuser/ros2_ws/install/impedance_controller:/home/rosuser/ros2_ws/install/iiwa_moveit2:/home/rosuser/ros2_ws/install/iiwa_hardware:/home/rosuser/ros2_ws/install/iiwa_bringup:/home/rosuser/ros2_ws/install/iiwa_description:/home/rosuser/ros2_ws/install/external_torque_sensor_broadcaster:/home/rosuser/mocap4r2_ws/install/mocap4r2cli:/home/rosuser/ros2_ws/install/lbr_demos_py:/home/rosuser/ros2_ws/install/lbr_moveit:/home/rosuser/ros2_ws/install/lbr_demos_advanced_py:/opt/ros/humble LD_LIBRARY_PATH=/home/rosuser/ros2_ws/install/lbr_fri_idl/lib:/home/rosuser/ros2_ws/install/fri_client_sdk/lib:/home/rosuser/mocap4r2_ws/install/rqt_mocap4r2_control/lib:/home/rosuser/mocap4r2_ws/install/mocap4r2_robot_gt/lib:/home/rosuser/mocap4r2_ws/install/mocap4r2_robot_gt_msgs/lib:/home/rosuser/mocap4r2_ws/install/mocap4r2_optitrack_driver/lib:/home/rosuser/mocap4r2_ws/install/mocap4r2_msgs/lib:/home/rosuser/mocap4r2_ws/install/mocap4r2_marker_viz_srvs/lib:/home/rosuser/mocap4r2_ws/install/mocap4r2_control/lib:/home/rosuser/mocap4r2_ws/install/mocap4r2_control_msgs/lib:/home/rosuser/opti_track/install/optitrack_wrapper_ros2/lib:/home/rosuser/opti_track/install/optitrack_multiplexer_ros2_msgs/lib:/home/rosuser/opti_track/install/optitrack_wrapper_ros2_msgs/lib:/home/rosuser/ros2_ws/install/lbr_ros2_control/lib:/home/rosuser/ros2_ws/install/lbr_demos_advanced_cpp/lib:/home/rosuser/ros2_ws/install/lbr_fri_ros2/lib:/home/rosuser/ros2_ws/install/impedance_controller/lib:/home/rosuser/ros2_ws/install/iiwa_moveit2/lib:/home/rosuser/ros2_ws/install/iiwa_hardware/lib:/home/rosuser/ros2_ws/install/external_torque_sensor_broadcaster/lib:/opt/ros/humble/opt/rviz_ogre_vendor/lib:/opt/ros/humble/lib/x86_64-linux-gnu:/opt/ros/humble/lib /usr/bin/cmake --install /home/rosuser/ros2_ws/build/lbr_fri_ros2
[60.376s] -- Install configuration: "Release"
[60.376s] -- Execute custom install script
[60.385s] -- Up-to-date symlink: /home/rosuser/ros2_ws/install/lbr_fri_ros2/share/lbr_fri_ros2/environment/library_path.sh
[60.385s] -- Up-to-date symlink: /home/rosuser/ros2_ws/install/lbr_fri_ros2/share/lbr_fri_ros2/environment/library_path.dsv
[60.387s] -- Up-to-date symlink: /home/rosuser/ros2_ws/install/lbr_fri_ros2/include/lbr_fri_ros2/app.hpp
[60.387s] -- Up-to-date symlink: /home/rosuser/ros2_ws/install/lbr_fri_ros2/include/lbr_fri_ros2/async_client.hpp
[60.389s] -- Up-to-date symlink: /home/rosuser/ros2_ws/install/lbr_fri_ros2/include/lbr_fri_ros2/command_guard.hpp
[60.389s] -- Up-to-date symlink: /home/rosuser/ros2_ws/install/lbr_fri_ros2/include/lbr_fri_ros2/control.hpp
[60.389s] -- Up-to-date symlink: /home/rosuser/ros2_ws/install/lbr_fri_ros2/include/lbr_fri_ros2/filters.hpp
[60.389s] -- Up-to-date symlink: /home/rosuser/ros2_ws/install/lbr_fri_ros2/include/lbr_fri_ros2/formatting.hpp
[60.389s] -- Up-to-date symlink: /home/rosuser/ros2_ws/install/lbr_fri_ros2/include/lbr_fri_ros2/ft_estimator.hpp
[60.391s] -- Up-to-date symlink: /home/rosuser/ros2_ws/install/lbr_fri_ros2/include/lbr_fri_ros2/interfaces/base_command.hpp
[60.391s] -- Up-to-date symlink: /home/rosuser/ros2_ws/install/lbr_fri_ros2/include/lbr_fri_ros2/interfaces/position_command.hpp
[60.391s] -- Up-to-date symlink: /home/rosuser/ros2_ws/install/lbr_fri_ros2/include/lbr_fri_ros2/interfaces/state.hpp
[60.391s] -- Up-to-date symlink: /home/rosuser/ros2_ws/install/lbr_fri_ros2/include/lbr_fri_ros2/interfaces/torque_command.hpp
[60.391s] -- Up-to-date symlink: /home/rosuser/ros2_ws/install/lbr_fri_ros2/include/lbr_fri_ros2/interfaces/wrench_command.hpp
[60.391s] -- Up-to-date symlink: /home/rosuser/ros2_ws/install/lbr_fri_ros2/include/lbr_fri_ros2/kinematics.hpp
[60.392s] -- Up-to-date symlink: /home/rosuser/ros2_ws/install/lbr_fri_ros2/include/lbr_fri_ros2/pinv.hpp
[60.392s] -- Up-to-date symlink: /home/rosuser/ros2_ws/install/lbr_fri_ros2/include/lbr_fri_ros2/types.hpp
[60.392s] -- Up-to-date symlink: /home/rosuser/ros2_ws/install/lbr_fri_ros2/include/lbr_fri_ros2/utils.hpp
[60.393s] -- Up-to-date symlink: /home/rosuser/ros2_ws/install/lbr_fri_ros2/include/lbr_fri_ros2/worker.hpp
[60.393s] -- Up-to-date symlink: /home/rosuser/ros2_ws/install/lbr_fri_ros2/share/ament_index/resource_index/package_run_dependencies/lbr_fri_ros2
[60.394s] -- Up-to-date symlink: /home/rosuser/ros2_ws/install/lbr_fri_ros2/share/ament_index/resource_index/parent_prefix_path/lbr_fri_ros2
[60.394s] -- Up-to-date symlink: /home/rosuser/ros2_ws/install/lbr_fri_ros2/share/lbr_fri_ros2/environment/ament_prefix_path.sh
[60.394s] -- Up-to-date symlink: /home/rosuser/ros2_ws/install/lbr_fri_ros2/share/lbr_fri_ros2/environment/ament_prefix_path.dsv
[60.395s] -- Up-to-date symlink: /home/rosuser/ros2_ws/install/lbr_fri_ros2/share/lbr_fri_ros2/environment/path.sh
[60.395s] -- Up-to-date symlink: /home/rosuser/ros2_ws/install/lbr_fri_ros2/share/lbr_fri_ros2/environment/path.dsv
[60.395s] -- Up-to-date symlink: /home/rosuser/ros2_ws/install/lbr_fri_ros2/share/lbr_fri_ros2/local_setup.bash
[60.396s] -- Up-to-date symlink: /home/rosuser/ros2_ws/install/lbr_fri_ros2/share/lbr_fri_ros2/local_setup.sh
[60.396s] -- Up-to-date symlink: /home/rosuser/ros2_ws/install/lbr_fri_ros2/share/lbr_fri_ros2/local_setup.zsh
[60.396s] -- Up-to-date symlink: /home/rosuser/ros2_ws/install/lbr_fri_ros2/share/lbr_fri_ros2/local_setup.dsv
[60.396s] -- Symlinking: /home/rosuser/ros2_ws/install/lbr_fri_ros2/share/lbr_fri_ros2/package.dsv
[60.412s] -- Up-to-date symlink: /home/rosuser/ros2_ws/install/lbr_fri_ros2/share/ament_index/resource_index/packages/lbr_fri_ros2
[60.413s] -- Up-to-date symlink: /home/rosuser/ros2_ws/install/lbr_fri_ros2/share/lbr_fri_ros2/cmake/ament_cmake_export_targets-extras.cmake
[60.413s] -- Up-to-date symlink: /home/rosuser/ros2_ws/install/lbr_fri_ros2/share/lbr_fri_ros2/cmake/ament_cmake_export_dependencies-extras.cmake
[60.413s] -- Up-to-date symlink: /home/rosuser/ros2_ws/install/lbr_fri_ros2/share/lbr_fri_ros2/cmake/lbr_fri_ros2Config.cmake
[60.414s] -- Up-to-date symlink: /home/rosuser/ros2_ws/install/lbr_fri_ros2/share/lbr_fri_ros2/cmake/lbr_fri_ros2Config-version.cmake
[60.414s] -- Up-to-date symlink: /home/rosuser/ros2_ws/install/lbr_fri_ros2/share/lbr_fri_ros2/package.xml
[60.423s] -- Installing: /home/rosuser/ros2_ws/install/lbr_fri_ros2/lib/liblbr_fri_ros2.so
[60.423s] -- Set runtime path of "/home/rosuser/ros2_ws/install/lbr_fri_ros2/lib/liblbr_fri_ros2.so" to ""
[60.428s] -- Up-to-date: /home/rosuser/ros2_ws/install/lbr_fri_ros2/share/lbr_fri_ros2/cmake/lbr_fri_ros2_exportExport.cmake
[60.428s] -- Up-to-date: /home/rosuser/ros2_ws/install/lbr_fri_ros2/share/lbr_fri_ros2/cmake/lbr_fri_ros2_exportExport-release.cmake
[60.430s] Invoked command in '/home/rosuser/ros2_ws/build/lbr_fri_ros2' returned '0': CMAKE_PREFIX_PATH=/home/rosuser/ros2_ws/install/lbr_fri_idl:/home/rosuser/ros2_ws/install/lbr_description:/home/rosuser/ros2_ws/install/fri_client_sdk:/home/rosuser/mocap4r2_ws/install/rqt_mocap4r2_control:/home/rosuser/mocap4r2_ws/install/mocap4r2_robot_gt:/home/rosuser/mocap4r2_ws/install/mocap4r2_robot_gt_msgs:/home/rosuser/mocap4r2_ws/install/mocap4r2_optitrack_driver:/home/rosuser/mocap4r2_ws/install/mocap4r2_marker_viz:/home/rosuser/mocap4r2_ws/install/mocap4r2_marker_publisher:/home/rosuser/mocap4r2_ws/install/mocap4r2_dummy_driver:/home/rosuser/mocap4r2_ws/install/mocap4r2_msgs:/home/rosuser/mocap4r2_ws/install/mocap4r2_marker_viz_srvs:/home/rosuser/mocap4r2_ws/install/mocap4r2_control:/home/rosuser/mocap4r2_ws/install/mocap4r2_control_msgs:/home/rosuser/opti_track/install/optitrack_wrapper_ros2:/home/rosuser/opti_track/install/optitrack_multiplexer_ros2:/home/rosuser/opti_track/install/optitrack_multiplexer_ros2_msgs:/home/rosuser/opti_track/install/optitrack_wrapper_ros2_msgs:/home/rosuser/ros2_ws/install/med7_moveit_config:/home/rosuser/ros2_ws/install/med14_moveit_config:/home/rosuser/ros2_ws/install/lbr_fri_ros2_stack:/home/rosuser/ros2_ws/install/lbr_demos_cpp:/home/rosuser/ros2_ws/install/lbr_bringup:/home/rosuser/ros2_ws/install/lbr_ros2_control:/home/rosuser/ros2_ws/install/lbr_moveit_cpp:/home/rosuser/ros2_ws/install/lbr_demos_advanced_cpp:/home/rosuser/ros2_ws/install/lbr_fri_ros2:/home/rosuser/ros2_ws/install/iiwa7_moveit_config:/home/rosuser/ros2_ws/install/iiwa14_moveit_config:/home/rosuser/ros2_ws/install/impedance_controller:/home/rosuser/ros2_ws/install/iiwa_moveit2:/home/rosuser/ros2_ws/install/iiwa_hardware:/home/rosuser/ros2_ws/install/iiwa_bringup:/home/rosuser/ros2_ws/install/iiwa_description:/home/rosuser/ros2_ws/install/external_torque_sensor_broadcaster:/home/rosuser/mocap4r2_ws/install/mocap4r2cli:/home/rosuser/ros2_ws/install/lbr_demos_py:/home/rosuser/ros2_ws/install/lbr_moveit:/home/rosuser/ros2_ws/install/lbr_demos_advanced_py:/opt/ros/humble LD_LIBRARY_PATH=/home/rosuser/ros2_ws/install/lbr_fri_idl/lib:/home/rosuser/ros2_ws/install/fri_client_sdk/lib:/home/rosuser/mocap4r2_ws/install/rqt_mocap4r2_control/lib:/home/rosuser/mocap4r2_ws/install/mocap4r2_robot_gt/lib:/home/rosuser/mocap4r2_ws/install/mocap4r2_robot_gt_msgs/lib:/home/rosuser/mocap4r2_ws/install/mocap4r2_optitrack_driver/lib:/home/rosuser/mocap4r2_ws/install/mocap4r2_msgs/lib:/home/rosuser/mocap4r2_ws/install/mocap4r2_marker_viz_srvs/lib:/home/rosuser/mocap4r2_ws/install/mocap4r2_control/lib:/home/rosuser/mocap4r2_ws/install/mocap4r2_control_msgs/lib:/home/rosuser/opti_track/install/optitrack_wrapper_ros2/lib:/home/rosuser/opti_track/install/optitrack_multiplexer_ros2_msgs/lib:/home/rosuser/opti_track/install/optitrack_wrapper_ros2_msgs/lib:/home/rosuser/ros2_ws/install/lbr_ros2_control/lib:/home/rosuser/ros2_ws/install/lbr_demos_advanced_cpp/lib:/home/rosuser/ros2_ws/install/lbr_fri_ros2/lib:/home/rosuser/ros2_ws/install/impedance_controller/lib:/home/rosuser/ros2_ws/install/iiwa_moveit2/lib:/home/rosuser/ros2_ws/install/iiwa_hardware/lib:/home/rosuser/ros2_ws/install/external_torque_sensor_broadcaster/lib:/opt/ros/humble/opt/rviz_ogre_vendor/lib:/opt/ros/humble/lib/x86_64-linux-gnu:/opt/ros/humble/lib /usr/bin/cmake --install /home/rosuser/ros2_ws/build/lbr_fri_ros2
