[35m[1mConsolidate compiler generated dependencies of target lbr_ros2_control[0m
[100%] Built target lbr_ros2_control
-- Install configuration: "Release"
-- Execute custom install script
-- Up-to-date symlink: /home/rosuser/ros2_ws/install/lbr_ros2_control/share/lbr_ros2_control/plugin_description_files/controllers.xml
-- Up-to-date symlink: /home/rosuser/ros2_ws/install/lbr_ros2_control/share/lbr_ros2_control/plugin_description_files/system_interface.xml
-- Up-to-date symlink: /home/rosuser/ros2_ws/install/lbr_ros2_control/share/lbr_ros2_control/environment/library_path.sh
-- Up-to-date symlink: /home/rosuser/ros2_ws/install/lbr_ros2_control/share/lbr_ros2_control/environment/library_path.dsv
-- Up-to-date symlink: /home/rosuser/ros2_ws/install/lbr_ros2_control/include/lbr_ros2_control/controllers/admittance_controller.hpp
-- Up-to-date symlink: /home/rosuser/ros2_ws/install/lbr_ros2_control/include/lbr_ros2_control/controllers/lbr_joint_position_command_controller.hpp
-- Up-to-date symlink: /home/rosuser/ros2_ws/install/lbr_ros2_control/include/lbr_ros2_control/controllers/lbr_state_broadcaster.hpp
-- Up-to-date symlink: /home/rosuser/ros2_ws/install/lbr_ros2_control/include/lbr_ros2_control/controllers/lbr_torque_command_controller.hpp
-- Up-to-date symlink: /home/rosuser/ros2_ws/install/lbr_ros2_control/include/lbr_ros2_control/controllers/lbr_wrench_command_controller.hpp
-- Up-to-date symlink: /home/rosuser/ros2_ws/install/lbr_ros2_control/include/lbr_ros2_control/controllers/twist_controller.hpp
-- Up-to-date symlink: /home/rosuser/ros2_ws/install/lbr_ros2_control/include/lbr_ros2_control/system_interface.hpp
-- Up-to-date symlink: /home/rosuser/ros2_ws/install/lbr_ros2_control/include/lbr_ros2_control/system_interface_type_values.hpp
-- Up-to-date symlink: /home/rosuser/ros2_ws/install/lbr_ros2_control/share/ament_index/resource_index/package_run_dependencies/lbr_ros2_control
-- Up-to-date symlink: /home/rosuser/ros2_ws/install/lbr_ros2_control/share/ament_index/resource_index/parent_prefix_path/lbr_ros2_control
-- Up-to-date symlink: /home/rosuser/ros2_ws/install/lbr_ros2_control/share/lbr_ros2_control/environment/ament_prefix_path.sh
-- Up-to-date symlink: /home/rosuser/ros2_ws/install/lbr_ros2_control/share/lbr_ros2_control/environment/ament_prefix_path.dsv
-- Up-to-date symlink: /home/rosuser/ros2_ws/install/lbr_ros2_control/share/lbr_ros2_control/environment/path.sh
-- Up-to-date symlink: /home/rosuser/ros2_ws/install/lbr_ros2_control/share/lbr_ros2_control/environment/path.dsv
-- Up-to-date symlink: /home/rosuser/ros2_ws/install/lbr_ros2_control/share/lbr_ros2_control/local_setup.bash
-- Up-to-date symlink: /home/rosuser/ros2_ws/install/lbr_ros2_control/share/lbr_ros2_control/local_setup.sh
-- Up-to-date symlink: /home/rosuser/ros2_ws/install/lbr_ros2_control/share/lbr_ros2_control/local_setup.zsh
-- Up-to-date symlink: /home/rosuser/ros2_ws/install/lbr_ros2_control/share/lbr_ros2_control/local_setup.dsv
-- Symlinking: /home/rosuser/ros2_ws/install/lbr_ros2_control/share/lbr_ros2_control/package.dsv
-- Up-to-date symlink: /home/rosuser/ros2_ws/install/lbr_ros2_control/share/ament_index/resource_index/packages/lbr_ros2_control
-- Up-to-date symlink: /home/rosuser/ros2_ws/install/lbr_ros2_control/share/ament_index/resource_index/controller_interface__pluginlib__plugin/lbr_ros2_control
-- Up-to-date symlink: /home/rosuser/ros2_ws/install/lbr_ros2_control/share/ament_index/resource_index/hardware_interface__pluginlib__plugin/lbr_ros2_control
-- Up-to-date symlink: /home/rosuser/ros2_ws/install/lbr_ros2_control/share/lbr_ros2_control/cmake/ament_cmake_export_targets-extras.cmake
-- Up-to-date symlink: /home/rosuser/ros2_ws/install/lbr_ros2_control/share/lbr_ros2_control/cmake/ament_cmake_export_dependencies-extras.cmake
-- Up-to-date symlink: /home/rosuser/ros2_ws/install/lbr_ros2_control/share/lbr_ros2_control/cmake/lbr_ros2_controlConfig.cmake
-- Up-to-date symlink: /home/rosuser/ros2_ws/install/lbr_ros2_control/share/lbr_ros2_control/cmake/lbr_ros2_controlConfig-version.cmake
-- Up-to-date symlink: /home/rosuser/ros2_ws/install/lbr_ros2_control/share/lbr_ros2_control/package.xml
-- Up-to-date: /home/rosuser/ros2_ws/install/lbr_ros2_control/lib/lbr_ros2_control/liblbr_ros2_control.so
-- Up-to-date: /home/rosuser/ros2_ws/install/lbr_ros2_control/share/lbr_ros2_control/cmake/lbr_ros2_control_exportExport.cmake
-- Up-to-date: /home/rosuser/ros2_ws/install/lbr_ros2_control/share/lbr_ros2_control/cmake/lbr_ros2_control_exportExport-release.cmake
