[0.597s] Invoking command in '/home/rosuser/ros2_ws/build/lbr_ros2_control': CMAKE_PREFIX_PATH=/home/rosuser/ros2_ws/install/lbr_fri_ros2:/home/rosuser/ros2_ws/install/lbr_fri_idl:/home/rosuser/ros2_ws/install/lbr_description:/home/rosuser/ros2_ws/install/fri_client_sdk:/home/rosuser/ros2_ws/install/med7_moveit_config:/home/rosuser/ros2_ws/install/med14_moveit_config:/home/rosuser/ros2_ws/install/lbr_fri_ros2_stack:/home/rosuser/ros2_ws/install/lbr_demos_cpp:/home/rosuser/ros2_ws/install/lbr_bringup:/home/rosuser/ros2_ws/install/lbr_ros2_control:/home/rosuser/ros2_ws/install/lbr_moveit_cpp:/home/rosuser/ros2_ws/install/lbr_demos_advanced_cpp:/home/rosuser/ros2_ws/install/iiwa7_moveit_config:/home/rosuser/ros2_ws/install/iiwa14_moveit_config:/home/rosuser/ros2_ws/install/impedance_controller:/home/rosuser/ros2_ws/install/iiwa_moveit2:/home/rosuser/ros2_ws/install/iiwa_hardware:/home/rosuser/ros2_ws/install/iiwa_bringup:/home/rosuser/ros2_ws/install/iiwa_description:/home/rosuser/ros2_ws/install/external_torque_sensor_broadcaster:/home/rosuser/ros2_ws/install/lbr_demos_py:/home/rosuser/ros2_ws/install/lbr_moveit:/home/rosuser/ros2_ws/install/lbr_demos_advanced_py:/opt/ros/humble LD_LIBRARY_PATH=/home/rosuser/ros2_ws/install/lbr_fri_ros2/lib:/home/rosuser/ros2_ws/install/lbr_fri_idl/lib:/home/rosuser/ros2_ws/install/fri_client_sdk/lib:/home/rosuser/ros2_ws/install/lbr_ros2_control/lib:/home/rosuser/ros2_ws/install/lbr_demos_advanced_cpp/lib:/home/rosuser/ros2_ws/install/impedance_controller/lib:/home/rosuser/ros2_ws/install/iiwa_moveit2/lib:/home/rosuser/ros2_ws/install/iiwa_hardware/lib:/home/rosuser/ros2_ws/install/external_torque_sensor_broadcaster/lib:/opt/ros/humble/opt/rviz_ogre_vendor/lib:/opt/ros/humble/lib/x86_64-linux-gnu:/opt/ros/humble/lib /usr/bin/cmake --build /home/rosuser/ros2_ws/build/lbr_ros2_control -- -j4 -l4
[0.967s] [35m[1mConsolidate compiler generated dependencies of target lbr_ros2_control[0m
[1.026s] [100%] Built target lbr_ros2_control
[1.042s] Invoked command in '/home/rosuser/ros2_ws/build/lbr_ros2_control' returned '0': CMAKE_PREFIX_PATH=/home/rosuser/ros2_ws/install/lbr_fri_ros2:/home/rosuser/ros2_ws/install/lbr_fri_idl:/home/rosuser/ros2_ws/install/lbr_description:/home/rosuser/ros2_ws/install/fri_client_sdk:/home/rosuser/ros2_ws/install/med7_moveit_config:/home/rosuser/ros2_ws/install/med14_moveit_config:/home/rosuser/ros2_ws/install/lbr_fri_ros2_stack:/home/rosuser/ros2_ws/install/lbr_demos_cpp:/home/rosuser/ros2_ws/install/lbr_bringup:/home/rosuser/ros2_ws/install/lbr_ros2_control:/home/rosuser/ros2_ws/install/lbr_moveit_cpp:/home/rosuser/ros2_ws/install/lbr_demos_advanced_cpp:/home/rosuser/ros2_ws/install/iiwa7_moveit_config:/home/rosuser/ros2_ws/install/iiwa14_moveit_config:/home/rosuser/ros2_ws/install/impedance_controller:/home/rosuser/ros2_ws/install/iiwa_moveit2:/home/rosuser/ros2_ws/install/iiwa_hardware:/home/rosuser/ros2_ws/install/iiwa_bringup:/home/rosuser/ros2_ws/install/iiwa_description:/home/rosuser/ros2_ws/install/external_torque_sensor_broadcaster:/home/rosuser/ros2_ws/install/lbr_demos_py:/home/rosuser/ros2_ws/install/lbr_moveit:/home/rosuser/ros2_ws/install/lbr_demos_advanced_py:/opt/ros/humble LD_LIBRARY_PATH=/home/rosuser/ros2_ws/install/lbr_fri_ros2/lib:/home/rosuser/ros2_ws/install/lbr_fri_idl/lib:/home/rosuser/ros2_ws/install/fri_client_sdk/lib:/home/rosuser/ros2_ws/install/lbr_ros2_control/lib:/home/rosuser/ros2_ws/install/lbr_demos_advanced_cpp/lib:/home/rosuser/ros2_ws/install/impedance_controller/lib:/home/rosuser/ros2_ws/install/iiwa_moveit2/lib:/home/rosuser/ros2_ws/install/iiwa_hardware/lib:/home/rosuser/ros2_ws/install/external_torque_sensor_broadcaster/lib:/opt/ros/humble/opt/rviz_ogre_vendor/lib:/opt/ros/humble/lib/x86_64-linux-gnu:/opt/ros/humble/lib /usr/bin/cmake --build /home/rosuser/ros2_ws/build/lbr_ros2_control -- -j4 -l4
[1.065s] Invoking command in '/home/rosuser/ros2_ws/build/lbr_ros2_control': CMAKE_PREFIX_PATH=/home/rosuser/ros2_ws/install/lbr_fri_ros2:/home/rosuser/ros2_ws/install/lbr_fri_idl:/home/rosuser/ros2_ws/install/lbr_description:/home/rosuser/ros2_ws/install/fri_client_sdk:/home/rosuser/ros2_ws/install/med7_moveit_config:/home/rosuser/ros2_ws/install/med14_moveit_config:/home/rosuser/ros2_ws/install/lbr_fri_ros2_stack:/home/rosuser/ros2_ws/install/lbr_demos_cpp:/home/rosuser/ros2_ws/install/lbr_bringup:/home/rosuser/ros2_ws/install/lbr_ros2_control:/home/rosuser/ros2_ws/install/lbr_moveit_cpp:/home/rosuser/ros2_ws/install/lbr_demos_advanced_cpp:/home/rosuser/ros2_ws/install/iiwa7_moveit_config:/home/rosuser/ros2_ws/install/iiwa14_moveit_config:/home/rosuser/ros2_ws/install/impedance_controller:/home/rosuser/ros2_ws/install/iiwa_moveit2:/home/rosuser/ros2_ws/install/iiwa_hardware:/home/rosuser/ros2_ws/install/iiwa_bringup:/home/rosuser/ros2_ws/install/iiwa_description:/home/rosuser/ros2_ws/install/external_torque_sensor_broadcaster:/home/rosuser/ros2_ws/install/lbr_demos_py:/home/rosuser/ros2_ws/install/lbr_moveit:/home/rosuser/ros2_ws/install/lbr_demos_advanced_py:/opt/ros/humble LD_LIBRARY_PATH=/home/rosuser/ros2_ws/install/lbr_fri_ros2/lib:/home/rosuser/ros2_ws/install/lbr_fri_idl/lib:/home/rosuser/ros2_ws/install/fri_client_sdk/lib:/home/rosuser/ros2_ws/install/lbr_ros2_control/lib:/home/rosuser/ros2_ws/install/lbr_demos_advanced_cpp/lib:/home/rosuser/ros2_ws/install/impedance_controller/lib:/home/rosuser/ros2_ws/install/iiwa_moveit2/lib:/home/rosuser/ros2_ws/install/iiwa_hardware/lib:/home/rosuser/ros2_ws/install/external_torque_sensor_broadcaster/lib:/opt/ros/humble/opt/rviz_ogre_vendor/lib:/opt/ros/humble/lib/x86_64-linux-gnu:/opt/ros/humble/lib /usr/bin/cmake --install /home/rosuser/ros2_ws/build/lbr_ros2_control
[1.076s] -- Install configuration: "Release"
[1.081s] -- Execute custom install script
[1.083s] -- Up-to-date symlink: /home/rosuser/ros2_ws/install/lbr_ros2_control/share/lbr_ros2_control/plugin_description_files/controllers.xml
[1.083s] -- Up-to-date symlink: /home/rosuser/ros2_ws/install/lbr_ros2_control/share/lbr_ros2_control/plugin_description_files/system_interface.xml
[1.084s] -- Up-to-date symlink: /home/rosuser/ros2_ws/install/lbr_ros2_control/share/lbr_ros2_control/environment/library_path.sh
[1.084s] -- Up-to-date symlink: /home/rosuser/ros2_ws/install/lbr_ros2_control/share/lbr_ros2_control/environment/library_path.dsv
[1.086s] -- Up-to-date symlink: /home/rosuser/ros2_ws/install/lbr_ros2_control/include/lbr_ros2_control/controllers/admittance_controller.hpp
[1.087s] -- Up-to-date symlink: /home/rosuser/ros2_ws/install/lbr_ros2_control/include/lbr_ros2_control/controllers/lbr_joint_position_command_controller.hpp
[1.087s] -- Up-to-date symlink: /home/rosuser/ros2_ws/install/lbr_ros2_control/include/lbr_ros2_control/controllers/lbr_state_broadcaster.hpp
[1.087s] -- Up-to-date symlink: /home/rosuser/ros2_ws/install/lbr_ros2_control/include/lbr_ros2_control/controllers/lbr_torque_command_controller.hpp
[1.087s] -- Up-to-date symlink: /home/rosuser/ros2_ws/install/lbr_ros2_control/include/lbr_ros2_control/controllers/lbr_wrench_command_controller.hpp
[1.088s] -- Up-to-date symlink: /home/rosuser/ros2_ws/install/lbr_ros2_control/include/lbr_ros2_control/controllers/twist_controller.hpp
[1.088s] -- Up-to-date symlink: /home/rosuser/ros2_ws/install/lbr_ros2_control/include/lbr_ros2_control/system_interface.hpp
[1.094s] -- Up-to-date symlink: /home/rosuser/ros2_ws/install/lbr_ros2_control/include/lbr_ros2_control/system_interface_type_values.hpp
[1.095s] -- Up-to-date symlink: /home/rosuser/ros2_ws/install/lbr_ros2_control/share/ament_index/resource_index/package_run_dependencies/lbr_ros2_control
[1.095s] -- Up-to-date symlink: /home/rosuser/ros2_ws/install/lbr_ros2_control/share/ament_index/resource_index/parent_prefix_path/lbr_ros2_control
[1.095s] -- Up-to-date symlink: /home/rosuser/ros2_ws/install/lbr_ros2_control/share/lbr_ros2_control/environment/ament_prefix_path.sh
[1.095s] -- Up-to-date symlink: /home/rosuser/ros2_ws/install/lbr_ros2_control/share/lbr_ros2_control/environment/ament_prefix_path.dsv
[1.098s] -- Up-to-date symlink: /home/rosuser/ros2_ws/install/lbr_ros2_control/share/lbr_ros2_control/environment/path.sh
[1.098s] -- Up-to-date symlink: /home/rosuser/ros2_ws/install/lbr_ros2_control/share/lbr_ros2_control/environment/path.dsv
[1.099s] -- Up-to-date symlink: /home/rosuser/ros2_ws/install/lbr_ros2_control/share/lbr_ros2_control/local_setup.bash
[1.100s] -- Up-to-date symlink: /home/rosuser/ros2_ws/install/lbr_ros2_control/share/lbr_ros2_control/local_setup.sh
[1.101s] -- Up-to-date symlink: /home/rosuser/ros2_ws/install/lbr_ros2_control/share/lbr_ros2_control/local_setup.zsh
[1.101s] -- Up-to-date symlink: /home/rosuser/ros2_ws/install/lbr_ros2_control/share/lbr_ros2_control/local_setup.dsv
[1.101s] -- Symlinking: /home/rosuser/ros2_ws/install/lbr_ros2_control/share/lbr_ros2_control/package.dsv
[1.119s] -- Up-to-date symlink: /home/rosuser/ros2_ws/install/lbr_ros2_control/share/ament_index/resource_index/packages/lbr_ros2_control
[1.131s] -- Up-to-date symlink: /home/rosuser/ros2_ws/install/lbr_ros2_control/share/ament_index/resource_index/controller_interface__pluginlib__plugin/lbr_ros2_control
[1.131s] -- Up-to-date symlink: /home/rosuser/ros2_ws/install/lbr_ros2_control/share/ament_index/resource_index/hardware_interface__pluginlib__plugin/lbr_ros2_control
[1.131s] -- Up-to-date symlink: /home/rosuser/ros2_ws/install/lbr_ros2_control/share/lbr_ros2_control/cmake/ament_cmake_export_targets-extras.cmake
[1.132s] -- Up-to-date symlink: /home/rosuser/ros2_ws/install/lbr_ros2_control/share/lbr_ros2_control/cmake/ament_cmake_export_dependencies-extras.cmake
[1.133s] -- Up-to-date symlink: /home/rosuser/ros2_ws/install/lbr_ros2_control/share/lbr_ros2_control/cmake/lbr_ros2_controlConfig.cmake
[1.133s] -- Up-to-date symlink: /home/rosuser/ros2_ws/install/lbr_ros2_control/share/lbr_ros2_control/cmake/lbr_ros2_controlConfig-version.cmake
[1.133s] -- Up-to-date symlink: /home/rosuser/ros2_ws/install/lbr_ros2_control/share/lbr_ros2_control/package.xml
[1.161s] -- Up-to-date: /home/rosuser/ros2_ws/install/lbr_ros2_control/lib/lbr_ros2_control/liblbr_ros2_control.so
[1.175s] -- Up-to-date: /home/rosuser/ros2_ws/install/lbr_ros2_control/share/lbr_ros2_control/cmake/lbr_ros2_control_exportExport.cmake
[1.175s] -- Up-to-date: /home/rosuser/ros2_ws/install/lbr_ros2_control/share/lbr_ros2_control/cmake/lbr_ros2_control_exportExport-release.cmake
[1.179s] Invoked command in '/home/rosuser/ros2_ws/build/lbr_ros2_control' returned '0': CMAKE_PREFIX_PATH=/home/rosuser/ros2_ws/install/lbr_fri_ros2:/home/rosuser/ros2_ws/install/lbr_fri_idl:/home/rosuser/ros2_ws/install/lbr_description:/home/rosuser/ros2_ws/install/fri_client_sdk:/home/rosuser/ros2_ws/install/med7_moveit_config:/home/rosuser/ros2_ws/install/med14_moveit_config:/home/rosuser/ros2_ws/install/lbr_fri_ros2_stack:/home/rosuser/ros2_ws/install/lbr_demos_cpp:/home/rosuser/ros2_ws/install/lbr_bringup:/home/rosuser/ros2_ws/install/lbr_ros2_control:/home/rosuser/ros2_ws/install/lbr_moveit_cpp:/home/rosuser/ros2_ws/install/lbr_demos_advanced_cpp:/home/rosuser/ros2_ws/install/iiwa7_moveit_config:/home/rosuser/ros2_ws/install/iiwa14_moveit_config:/home/rosuser/ros2_ws/install/impedance_controller:/home/rosuser/ros2_ws/install/iiwa_moveit2:/home/rosuser/ros2_ws/install/iiwa_hardware:/home/rosuser/ros2_ws/install/iiwa_bringup:/home/rosuser/ros2_ws/install/iiwa_description:/home/rosuser/ros2_ws/install/external_torque_sensor_broadcaster:/home/rosuser/ros2_ws/install/lbr_demos_py:/home/rosuser/ros2_ws/install/lbr_moveit:/home/rosuser/ros2_ws/install/lbr_demos_advanced_py:/opt/ros/humble LD_LIBRARY_PATH=/home/rosuser/ros2_ws/install/lbr_fri_ros2/lib:/home/rosuser/ros2_ws/install/lbr_fri_idl/lib:/home/rosuser/ros2_ws/install/fri_client_sdk/lib:/home/rosuser/ros2_ws/install/lbr_ros2_control/lib:/home/rosuser/ros2_ws/install/lbr_demos_advanced_cpp/lib:/home/rosuser/ros2_ws/install/impedance_controller/lib:/home/rosuser/ros2_ws/install/iiwa_moveit2/lib:/home/rosuser/ros2_ws/install/iiwa_hardware/lib:/home/rosuser/ros2_ws/install/external_torque_sensor_broadcaster/lib:/opt/ros/humble/opt/rviz_ogre_vendor/lib:/opt/ros/humble/lib/x86_64-linux-gnu:/opt/ros/humble/lib /usr/bin/cmake --install /home/rosuser/ros2_ws/build/lbr_ros2_control
