[0.029s] Invoking command in '/home/rosuser/ros2_ws/build/med7_moveit_config': AMENT_PREFIX_PATH=/home/rosuser/ros2_ws/install/lbr_description:${AMENT_PREFIX_PATH} CMAKE_PREFIX_PATH=/home/rosuser/ros2_ws/install/lbr_description:/opt/ros/humble /usr/bin/cmake /home/rosuser/ros2_ws/src/lbr_fri_ros2_stack/lbr_moveit_config/med7_moveit_config -DAMENT_CMAKE_SYMLINK_INSTALL=1 -DCMAKE_INSTALL_PREFIX=/home/rosuser/ros2_ws/install/med7_moveit_config
[0.133s] -- The C compiler identification is GNU 11.4.0
[0.290s] -- The CXX compiler identification is GNU 11.4.0
[0.312s] -- Detecting C compiler ABI info
[0.505s] -- Detecting C compiler ABI info - done
[0.527s] -- Check for working C compiler: /usr/bin/cc - skipped
[0.528s] -- Detecting C compile features
[0.532s] -- Detecting C compile features - done
[0.539s] -- Detecting CXX compiler ABI info
[0.773s] -- Detecting CXX compiler ABI info - done
[0.797s] -- Check for working CXX compiler: /usr/bin/c++ - skipped
[0.799s] -- Detecting CXX compile features
[0.799s] -- Detecting CXX compile features - done
[0.809s] -- Found ament_cmake: 1.3.11 (/opt/ros/humble/share/ament_cmake/cmake)
[1.247s] -- Found Python3: /usr/bin/python3 (found version "3.10.12") found components: Interpreter 
[1.395s] -- Override CMake install command with custom implementation using symlinks instead of copying resources
[1.538s] -- Configuring done
[1.542s] -- Generating done
[1.544s] -- Build files have been written to: /home/rosuser/ros2_ws/build/med7_moveit_config
[1.550s] Invoked command in '/home/rosuser/ros2_ws/build/med7_moveit_config' returned '0': AMENT_PREFIX_PATH=/home/rosuser/ros2_ws/install/lbr_description:${AMENT_PREFIX_PATH} CMAKE_PREFIX_PATH=/home/rosuser/ros2_ws/install/lbr_description:/opt/ros/humble /usr/bin/cmake /home/rosuser/ros2_ws/src/lbr_fri_ros2_stack/lbr_moveit_config/med7_moveit_config -DAMENT_CMAKE_SYMLINK_INSTALL=1 -DCMAKE_INSTALL_PREFIX=/home/rosuser/ros2_ws/install/med7_moveit_config
[1.555s] Invoking command in '/home/rosuser/ros2_ws/build/med7_moveit_config': AMENT_PREFIX_PATH=/home/rosuser/ros2_ws/install/lbr_description:${AMENT_PREFIX_PATH} CMAKE_PREFIX_PATH=/home/rosuser/ros2_ws/install/lbr_description:/opt/ros/humble /usr/bin/cmake --build /home/rosuser/ros2_ws/build/med7_moveit_config -- -j4 -l4
[1.650s] Invoked command in '/home/rosuser/ros2_ws/build/med7_moveit_config' returned '0': AMENT_PREFIX_PATH=/home/rosuser/ros2_ws/install/lbr_description:${AMENT_PREFIX_PATH} CMAKE_PREFIX_PATH=/home/rosuser/ros2_ws/install/lbr_description:/opt/ros/humble /usr/bin/cmake --build /home/rosuser/ros2_ws/build/med7_moveit_config -- -j4 -l4
[1.655s] Invoking command in '/home/rosuser/ros2_ws/build/med7_moveit_config': AMENT_PREFIX_PATH=/home/rosuser/ros2_ws/install/lbr_description:${AMENT_PREFIX_PATH} CMAKE_PREFIX_PATH=/home/rosuser/ros2_ws/install/lbr_description:/opt/ros/humble /usr/bin/cmake --install /home/rosuser/ros2_ws/build/med7_moveit_config
[1.678s] -- Install configuration: ""
[1.682s] -- Execute custom install script
[1.683s] -- Symlinking: /home/rosuser/ros2_ws/install/med7_moveit_config/share/ament_index/resource_index/package_run_dependencies/med7_moveit_config
[1.704s] -- Symlinking: /home/rosuser/ros2_ws/install/med7_moveit_config/share/ament_index/resource_index/parent_prefix_path/med7_moveit_config
[1.727s] -- Symlinking: /home/rosuser/ros2_ws/install/med7_moveit_config/share/med7_moveit_config/environment/ament_prefix_path.sh
[1.750s] -- Symlinking: /home/rosuser/ros2_ws/install/med7_moveit_config/share/med7_moveit_config/environment/ament_prefix_path.dsv
[1.773s] -- Symlinking: /home/rosuser/ros2_ws/install/med7_moveit_config/share/med7_moveit_config/environment/path.sh
[1.797s] -- Symlinking: /home/rosuser/ros2_ws/install/med7_moveit_config/share/med7_moveit_config/environment/path.dsv
[1.822s] -- Symlinking: /home/rosuser/ros2_ws/install/med7_moveit_config/share/med7_moveit_config/local_setup.bash
[1.847s] -- Symlinking: /home/rosuser/ros2_ws/install/med7_moveit_config/share/med7_moveit_config/local_setup.sh
[1.870s] -- Symlinking: /home/rosuser/ros2_ws/install/med7_moveit_config/share/med7_moveit_config/local_setup.zsh
[1.894s] -- Symlinking: /home/rosuser/ros2_ws/install/med7_moveit_config/share/med7_moveit_config/local_setup.dsv
[1.917s] -- Symlinking: /home/rosuser/ros2_ws/install/med7_moveit_config/share/med7_moveit_config/package.dsv
[1.940s] -- Symlinking: /home/rosuser/ros2_ws/install/med7_moveit_config/share/ament_index/resource_index/packages/med7_moveit_config
[1.963s] -- Symlinking: /home/rosuser/ros2_ws/install/med7_moveit_config/share/med7_moveit_config/cmake/med7_moveit_configConfig.cmake
[1.986s] -- Symlinking: /home/rosuser/ros2_ws/install/med7_moveit_config/share/med7_moveit_config/cmake/med7_moveit_configConfig-version.cmake
[2.011s] -- Symlinking: /home/rosuser/ros2_ws/install/med7_moveit_config/share/med7_moveit_config/package.xml
[2.035s] -- Symlinking: /home/rosuser/ros2_ws/install/med7_moveit_config/share/med7_moveit_config/launch/move_group.launch.py
[2.054s] -- Symlinking: /home/rosuser/ros2_ws/install/med7_moveit_config/share/med7_moveit_config/launch/moveit_rviz.launch.py
[2.072s] -- Symlinking: /home/rosuser/ros2_ws/install/med7_moveit_config/share/med7_moveit_config/launch/setup_assistant.launch.py
[2.087s] -- Symlinking: /home/rosuser/ros2_ws/install/med7_moveit_config/share/med7_moveit_config/config/joint_limits.yaml
[2.117s] -- Symlinking: /home/rosuser/ros2_ws/install/med7_moveit_config/share/med7_moveit_config/config/kinematics.yaml
[2.135s] -- Symlinking: /home/rosuser/ros2_ws/install/med7_moveit_config/share/med7_moveit_config/config/med7.srdf
[2.160s] -- Symlinking: /home/rosuser/ros2_ws/install/med7_moveit_config/share/med7_moveit_config/config/moveit.rviz
[2.183s] -- Symlinking: /home/rosuser/ros2_ws/install/med7_moveit_config/share/med7_moveit_config/config/moveit_controllers.yaml
[2.208s] -- Symlinking: /home/rosuser/ros2_ws/install/med7_moveit_config/share/med7_moveit_config/config/pilz_cartesian_limits.yaml
[2.230s] -- Symlinking: /home/rosuser/ros2_ws/install/med7_moveit_config/share/med7_moveit_config/.setup_assistant
[2.277s] Invoked command in '/home/rosuser/ros2_ws/build/med7_moveit_config' returned '0': AMENT_PREFIX_PATH=/home/rosuser/ros2_ws/install/lbr_description:${AMENT_PREFIX_PATH} CMAKE_PREFIX_PATH=/home/rosuser/ros2_ws/install/lbr_description:/opt/ros/humble /usr/bin/cmake --install /home/rosuser/ros2_ws/build/med7_moveit_config
