[0.072s] Invoking command in '/home/rosuser/ros2_ws/build/med7_moveit_config': CMAKE_PREFIX_PATH=/home/rosuser/ros2_ws/install/lbr_description:/home/rosuser/ros2_ws/install/med7_moveit_config:/home/rosuser/ros2_ws/install/med14_moveit_config:/home/rosuser/ros2_ws/install/lbr_fri_ros2_stack:/home/rosuser/ros2_ws/install/lbr_demos_cpp:/home/rosuser/ros2_ws/install/lbr_bringup:/home/rosuser/ros2_ws/install/lbr_ros2_control:/home/rosuser/ros2_ws/install/lbr_moveit_cpp:/home/rosuser/ros2_ws/install/lbr_demos_advanced_cpp:/home/rosuser/ros2_ws/install/lbr_fri_ros2:/home/rosuser/ros2_ws/install/lbr_fri_idl:/home/rosuser/ros2_ws/install/iiwa7_moveit_config:/home/rosuser/ros2_ws/install/iiwa14_moveit_config:/home/rosuser/ros2_ws/install/impedance_controller:/home/rosuser/ros2_ws/install/iiwa_moveit2:/home/rosuser/ros2_ws/install/iiwa_hardware:/home/rosuser/ros2_ws/install/iiwa_bringup:/home/rosuser/ros2_ws/install/iiwa_description:/home/rosuser/ros2_ws/install/fri_client_sdk:/home/rosuser/ros2_ws/install/external_torque_sensor_broadcaster:/home/rosuser/ros2_ws/install/lbr_demos_py:/home/rosuser/ros2_ws/install/lbr_moveit:/home/rosuser/ros2_ws/install/lbr_demos_advanced_py:/opt/ros/humble /usr/bin/cmake --build /home/rosuser/ros2_ws/build/med7_moveit_config -- -j4 -l4
[0.143s] Invoked command in '/home/rosuser/ros2_ws/build/med7_moveit_config' returned '0': CMAKE_PREFIX_PATH=/home/rosuser/ros2_ws/install/lbr_description:/home/rosuser/ros2_ws/install/med7_moveit_config:/home/rosuser/ros2_ws/install/med14_moveit_config:/home/rosuser/ros2_ws/install/lbr_fri_ros2_stack:/home/rosuser/ros2_ws/install/lbr_demos_cpp:/home/rosuser/ros2_ws/install/lbr_bringup:/home/rosuser/ros2_ws/install/lbr_ros2_control:/home/rosuser/ros2_ws/install/lbr_moveit_cpp:/home/rosuser/ros2_ws/install/lbr_demos_advanced_cpp:/home/rosuser/ros2_ws/install/lbr_fri_ros2:/home/rosuser/ros2_ws/install/lbr_fri_idl:/home/rosuser/ros2_ws/install/iiwa7_moveit_config:/home/rosuser/ros2_ws/install/iiwa14_moveit_config:/home/rosuser/ros2_ws/install/impedance_controller:/home/rosuser/ros2_ws/install/iiwa_moveit2:/home/rosuser/ros2_ws/install/iiwa_hardware:/home/rosuser/ros2_ws/install/iiwa_bringup:/home/rosuser/ros2_ws/install/iiwa_description:/home/rosuser/ros2_ws/install/fri_client_sdk:/home/rosuser/ros2_ws/install/external_torque_sensor_broadcaster:/home/rosuser/ros2_ws/install/lbr_demos_py:/home/rosuser/ros2_ws/install/lbr_moveit:/home/rosuser/ros2_ws/install/lbr_demos_advanced_py:/opt/ros/humble /usr/bin/cmake --build /home/rosuser/ros2_ws/build/med7_moveit_config -- -j4 -l4
[0.144s] Invoking command in '/home/rosuser/ros2_ws/build/med7_moveit_config': CMAKE_PREFIX_PATH=/home/rosuser/ros2_ws/install/lbr_description:/home/rosuser/ros2_ws/install/med7_moveit_config:/home/rosuser/ros2_ws/install/med14_moveit_config:/home/rosuser/ros2_ws/install/lbr_fri_ros2_stack:/home/rosuser/ros2_ws/install/lbr_demos_cpp:/home/rosuser/ros2_ws/install/lbr_bringup:/home/rosuser/ros2_ws/install/lbr_ros2_control:/home/rosuser/ros2_ws/install/lbr_moveit_cpp:/home/rosuser/ros2_ws/install/lbr_demos_advanced_cpp:/home/rosuser/ros2_ws/install/lbr_fri_ros2:/home/rosuser/ros2_ws/install/lbr_fri_idl:/home/rosuser/ros2_ws/install/iiwa7_moveit_config:/home/rosuser/ros2_ws/install/iiwa14_moveit_config:/home/rosuser/ros2_ws/install/impedance_controller:/home/rosuser/ros2_ws/install/iiwa_moveit2:/home/rosuser/ros2_ws/install/iiwa_hardware:/home/rosuser/ros2_ws/install/iiwa_bringup:/home/rosuser/ros2_ws/install/iiwa_description:/home/rosuser/ros2_ws/install/fri_client_sdk:/home/rosuser/ros2_ws/install/external_torque_sensor_broadcaster:/home/rosuser/ros2_ws/install/lbr_demos_py:/home/rosuser/ros2_ws/install/lbr_moveit:/home/rosuser/ros2_ws/install/lbr_demos_advanced_py:/opt/ros/humble /usr/bin/cmake --install /home/rosuser/ros2_ws/build/med7_moveit_config
[0.159s] -- Install configuration: ""
[0.159s] -- Execute custom install script
[0.159s] -- Up-to-date symlink: /home/rosuser/ros2_ws/install/med7_moveit_config/share/ament_index/resource_index/package_run_dependencies/med7_moveit_config
[0.160s] -- Up-to-date symlink: /home/rosuser/ros2_ws/install/med7_moveit_config/share/ament_index/resource_index/parent_prefix_path/med7_moveit_config
[0.160s] -- Up-to-date symlink: /home/rosuser/ros2_ws/install/med7_moveit_config/share/med7_moveit_config/environment/ament_prefix_path.sh
[0.160s] -- Up-to-date symlink: /home/rosuser/ros2_ws/install/med7_moveit_config/share/med7_moveit_config/environment/ament_prefix_path.dsv
[0.160s] -- Up-to-date symlink: /home/rosuser/ros2_ws/install/med7_moveit_config/share/med7_moveit_config/environment/path.sh
[0.161s] -- Up-to-date symlink: /home/rosuser/ros2_ws/install/med7_moveit_config/share/med7_moveit_config/environment/path.dsv
[0.161s] -- Up-to-date symlink: /home/rosuser/ros2_ws/install/med7_moveit_config/share/med7_moveit_config/local_setup.bash
[0.161s] -- Up-to-date symlink: /home/rosuser/ros2_ws/install/med7_moveit_config/share/med7_moveit_config/local_setup.sh
[0.161s] -- Up-to-date symlink: /home/rosuser/ros2_ws/install/med7_moveit_config/share/med7_moveit_config/local_setup.zsh
[0.162s] -- Up-to-date symlink: /home/rosuser/ros2_ws/install/med7_moveit_config/share/med7_moveit_config/local_setup.dsv
[0.162s] -- Symlinking: /home/rosuser/ros2_ws/install/med7_moveit_config/share/med7_moveit_config/package.dsv
[0.185s] -- Up-to-date symlink: /home/rosuser/ros2_ws/install/med7_moveit_config/share/ament_index/resource_index/packages/med7_moveit_config
[0.185s] -- Up-to-date symlink: /home/rosuser/ros2_ws/install/med7_moveit_config/share/med7_moveit_config/cmake/med7_moveit_configConfig.cmake
[0.185s] -- Up-to-date symlink: /home/rosuser/ros2_ws/install/med7_moveit_config/share/med7_moveit_config/cmake/med7_moveit_configConfig-version.cmake
[0.185s] -- Up-to-date symlink: /home/rosuser/ros2_ws/install/med7_moveit_config/share/med7_moveit_config/package.xml
[0.185s] -- Up-to-date symlink: /home/rosuser/ros2_ws/install/med7_moveit_config/share/med7_moveit_config/launch/move_group.launch.py
[0.185s] -- Up-to-date symlink: /home/rosuser/ros2_ws/install/med7_moveit_config/share/med7_moveit_config/launch/moveit_rviz.launch.py
[0.186s] -- Up-to-date symlink: /home/rosuser/ros2_ws/install/med7_moveit_config/share/med7_moveit_config/launch/setup_assistant.launch.py
[0.186s] -- Up-to-date symlink: /home/rosuser/ros2_ws/install/med7_moveit_config/share/med7_moveit_config/config/joint_limits.yaml
[0.186s] -- Up-to-date symlink: /home/rosuser/ros2_ws/install/med7_moveit_config/share/med7_moveit_config/config/kinematics.yaml
[0.186s] -- Up-to-date symlink: /home/rosuser/ros2_ws/install/med7_moveit_config/share/med7_moveit_config/config/med7.srdf
[0.186s] -- Up-to-date symlink: /home/rosuser/ros2_ws/install/med7_moveit_config/share/med7_moveit_config/config/moveit.rviz
[0.186s] -- Up-to-date symlink: /home/rosuser/ros2_ws/install/med7_moveit_config/share/med7_moveit_config/config/moveit_controllers.yaml
[0.187s] -- Up-to-date symlink: /home/rosuser/ros2_ws/install/med7_moveit_config/share/med7_moveit_config/config/pilz_cartesian_limits.yaml
[0.187s] -- Up-to-date symlink: /home/rosuser/ros2_ws/install/med7_moveit_config/share/med7_moveit_config/.setup_assistant
[0.195s] Invoked command in '/home/rosuser/ros2_ws/build/med7_moveit_config' returned '0': CMAKE_PREFIX_PATH=/home/rosuser/ros2_ws/install/lbr_description:/home/rosuser/ros2_ws/install/med7_moveit_config:/home/rosuser/ros2_ws/install/med14_moveit_config:/home/rosuser/ros2_ws/install/lbr_fri_ros2_stack:/home/rosuser/ros2_ws/install/lbr_demos_cpp:/home/rosuser/ros2_ws/install/lbr_bringup:/home/rosuser/ros2_ws/install/lbr_ros2_control:/home/rosuser/ros2_ws/install/lbr_moveit_cpp:/home/rosuser/ros2_ws/install/lbr_demos_advanced_cpp:/home/rosuser/ros2_ws/install/lbr_fri_ros2:/home/rosuser/ros2_ws/install/lbr_fri_idl:/home/rosuser/ros2_ws/install/iiwa7_moveit_config:/home/rosuser/ros2_ws/install/iiwa14_moveit_config:/home/rosuser/ros2_ws/install/impedance_controller:/home/rosuser/ros2_ws/install/iiwa_moveit2:/home/rosuser/ros2_ws/install/iiwa_hardware:/home/rosuser/ros2_ws/install/iiwa_bringup:/home/rosuser/ros2_ws/install/iiwa_description:/home/rosuser/ros2_ws/install/fri_client_sdk:/home/rosuser/ros2_ws/install/external_torque_sensor_broadcaster:/home/rosuser/ros2_ws/install/lbr_demos_py:/home/rosuser/ros2_ws/install/lbr_moveit:/home/rosuser/ros2_ws/install/lbr_demos_advanced_py:/opt/ros/humble /usr/bin/cmake --install /home/rosuser/ros2_ws/build/med7_moveit_config
