[0.814s] Invoking command in '/home/rosuser/ros2_ws/build/lbr_moveit_cpp': CMAKE_PREFIX_PATH=${CMAKE_PREFIX_PATH}:/home/rosuser/ros2_ws/install/my_launch_pkg:/home/rosuser/ros2_ws/install/mocap4r2cli:/home/rosuser/ros2_ws/install/marker_pose_follow:/home/rosuser/ros2_ws/install/marker_pose_bridge:/home/rosuser/ros2_ws/install/lbr_demos_py:/home/rosuser/ros2_ws/install/lbr_moveit:/home/rosuser/ros2_ws/install/lbr_demos_advanced_py:/home/rosuser/test_ws/install/my_launch_pkg:/home/rosuser/test_ws/install/mocap4r2cli:/home/rosuser/test_ws/install/marker_pose_follow:/home/rosuser/test_ws/install/marker_pose_bridge:/home/rosuser/test_ws/install/lbr_demos_py:/home/rosuser/test_ws/install/lbr_moveit:/home/rosuser/test_ws/install/lbr_demos_advanced_py:/home/rosuser/mocap4r2_ws/install/mocap4r2cli:/opt/ros/humble /usr/bin/cmake /home/rosuser/ros2_ws/src/lbr_fri_ros2_stack/lbr_demos/lbr_moveit_cpp -DCMAKE_INSTALL_PREFIX=/home/rosuser/ros2_ws/install/lbr_moveit_cpp
[0.940s] -- Found ament_cmake: 1.3.11 (/opt/ros/humble/share/ament_cmake/cmake)
[1.238s] -- Override CMake install command with custom implementation using symlinks instead of copying resources
[1.247s] -- Found geometry_msgs: 4.8.0 (/opt/ros/humble/share/geometry_msgs/cmake)
[1.282s] -- Found rosidl_generator_c: 3.1.6 (/opt/ros/humble/share/rosidl_generator_c/cmake)
[1.286s] -- Found rosidl_adapter: 3.1.6 (/opt/ros/humble/share/rosidl_adapter/cmake)
[1.294s] -- Found rosidl_generator_cpp: 3.1.6 (/opt/ros/humble/share/rosidl_generator_cpp/cmake)
[1.313s] -- Using all available rosidl_typesupport_c: rosidl_typesupport_fastrtps_c;rosidl_typesupport_introspection_c
[1.337s] -- Using all available rosidl_typesupport_cpp: rosidl_typesupport_fastrtps_cpp;rosidl_typesupport_introspection_cpp
[1.523s] -- Found moveit_ros_planning_interface: 2.5.9 (/opt/ros/humble/share/moveit_ros_planning_interface/cmake)
[1.566s] -- Found Boost: /usr/lib/x86_64-linux-gnu/cmake/Boost-1.74.0/BoostConfig.cmake (found version "1.74.0") found components: date_time filesystem program_options system thread 
[3.402s] -- Found Boost: /usr/lib/x86_64-linux-gnu/cmake/Boost-1.74.0/BoostConfig.cmake (found version "1.74.0") found components: chrono date_time filesystem iostreams program_options regex serialization system thread 
[3.454s] -- Found parameter_traits: 0.4.0 (/opt/ros/humble/share/parameter_traits/cmake)
[3.493s] -- Found rmw_implementation_cmake: 6.1.2 (/opt/ros/humble/share/rmw_implementation_cmake/cmake)
[3.500s] -- Found rmw_fastrtps_cpp: 6.2.7 (/opt/ros/humble/share/rmw_fastrtps_cpp/cmake)
[3.682s] -- Using RMW implementation 'rmw_fastrtps_cpp' as default
[3.745s] -- Found rclcpp_lifecycle: 16.0.12 (/opt/ros/humble/share/rclcpp_lifecycle/cmake)
[3.772s] -- Found Boost: /usr/lib/x86_64-linux-gnu/cmake/Boost-1.74.0/BoostConfig.cmake (found version "1.74.0") found components: filesystem 
[3.832s] -- library: /usr/lib/x86_64-linux-gnu/libcurl.so
[3.868s] -- Ensuring Eigen3 include directory is part of orocos-kdl CMake target
[8.654s] -- Found Boost: /usr/lib/x86_64-linux-gnu/cmake/Boost-1.74.0/BoostConfig.cmake (found version "1.74.0") found components: system filesystem date_time program_options thread chrono 
[9.152s] -- Found Boost: /usr/lib/x86_64-linux-gnu/cmake/Boost-1.74.0/BoostConfig.cmake (found version "1.74.0") found components: thread system filesystem regex date_time program_options 
[9.650s] -- Found Boost: /usr/lib/x86_64-linux-gnu/cmake/Boost-1.74.0/BoostConfig.cmake (found version "1.74.0") found components: system filesystem date_time program_options thread 
[11.144s] -- Configuring done
[13.521s] -- Generating done
[13.577s] -- Build files have been written to: /home/rosuser/ros2_ws/build/lbr_moveit_cpp
[13.591s] Invoked command in '/home/rosuser/ros2_ws/build/lbr_moveit_cpp' returned '0': CMAKE_PREFIX_PATH=${CMAKE_PREFIX_PATH}:/home/rosuser/ros2_ws/install/my_launch_pkg:/home/rosuser/ros2_ws/install/mocap4r2cli:/home/rosuser/ros2_ws/install/marker_pose_follow:/home/rosuser/ros2_ws/install/marker_pose_bridge:/home/rosuser/ros2_ws/install/lbr_demos_py:/home/rosuser/ros2_ws/install/lbr_moveit:/home/rosuser/ros2_ws/install/lbr_demos_advanced_py:/home/rosuser/test_ws/install/my_launch_pkg:/home/rosuser/test_ws/install/mocap4r2cli:/home/rosuser/test_ws/install/marker_pose_follow:/home/rosuser/test_ws/install/marker_pose_bridge:/home/rosuser/test_ws/install/lbr_demos_py:/home/rosuser/test_ws/install/lbr_moveit:/home/rosuser/test_ws/install/lbr_demos_advanced_py:/home/rosuser/mocap4r2_ws/install/mocap4r2cli:/opt/ros/humble /usr/bin/cmake /home/rosuser/ros2_ws/src/lbr_fri_ros2_stack/lbr_demos/lbr_moveit_cpp -DCMAKE_INSTALL_PREFIX=/home/rosuser/ros2_ws/install/lbr_moveit_cpp
[13.593s] Invoking command in '/home/rosuser/ros2_ws/build/lbr_moveit_cpp': CMAKE_PREFIX_PATH=${CMAKE_PREFIX_PATH}:/home/rosuser/ros2_ws/install/my_launch_pkg:/home/rosuser/ros2_ws/install/mocap4r2cli:/home/rosuser/ros2_ws/install/marker_pose_follow:/home/rosuser/ros2_ws/install/marker_pose_bridge:/home/rosuser/ros2_ws/install/lbr_demos_py:/home/rosuser/ros2_ws/install/lbr_moveit:/home/rosuser/ros2_ws/install/lbr_demos_advanced_py:/home/rosuser/test_ws/install/my_launch_pkg:/home/rosuser/test_ws/install/mocap4r2cli:/home/rosuser/test_ws/install/marker_pose_follow:/home/rosuser/test_ws/install/marker_pose_bridge:/home/rosuser/test_ws/install/lbr_demos_py:/home/rosuser/test_ws/install/lbr_moveit:/home/rosuser/test_ws/install/lbr_demos_advanced_py:/home/rosuser/mocap4r2_ws/install/mocap4r2cli:/opt/ros/humble /usr/bin/cmake --build /home/rosuser/ros2_ws/build/lbr_moveit_cpp -- -j4 -l4
[13.912s] [35m[1mConsolidate compiler generated dependencies of target hello_moveit[0m
[15.574s] [  0%] Built target hello_moveit
[15.595s] Invoked command in '/home/rosuser/ros2_ws/build/lbr_moveit_cpp' returned '0': CMAKE_PREFIX_PATH=${CMAKE_PREFIX_PATH}:/home/rosuser/ros2_ws/install/my_launch_pkg:/home/rosuser/ros2_ws/install/mocap4r2cli:/home/rosuser/ros2_ws/install/marker_pose_follow:/home/rosuser/ros2_ws/install/marker_pose_bridge:/home/rosuser/ros2_ws/install/lbr_demos_py:/home/rosuser/ros2_ws/install/lbr_moveit:/home/rosuser/ros2_ws/install/lbr_demos_advanced_py:/home/rosuser/test_ws/install/my_launch_pkg:/home/rosuser/test_ws/install/mocap4r2cli:/home/rosuser/test_ws/install/marker_pose_follow:/home/rosuser/test_ws/install/marker_pose_bridge:/home/rosuser/test_ws/install/lbr_demos_py:/home/rosuser/test_ws/install/lbr_moveit:/home/rosuser/test_ws/install/lbr_demos_advanced_py:/home/rosuser/mocap4r2_ws/install/mocap4r2cli:/opt/ros/humble /usr/bin/cmake --build /home/rosuser/ros2_ws/build/lbr_moveit_cpp -- -j4 -l4
[15.628s] Invoking command in '/home/rosuser/ros2_ws/build/lbr_moveit_cpp': CMAKE_PREFIX_PATH=${CMAKE_PREFIX_PATH}:/home/rosuser/ros2_ws/install/my_launch_pkg:/home/rosuser/ros2_ws/install/mocap4r2cli:/home/rosuser/ros2_ws/install/marker_pose_follow:/home/rosuser/ros2_ws/install/marker_pose_bridge:/home/rosuser/ros2_ws/install/lbr_demos_py:/home/rosuser/ros2_ws/install/lbr_moveit:/home/rosuser/ros2_ws/install/lbr_demos_advanced_py:/home/rosuser/test_ws/install/my_launch_pkg:/home/rosuser/test_ws/install/mocap4r2cli:/home/rosuser/test_ws/install/marker_pose_follow:/home/rosuser/test_ws/install/marker_pose_bridge:/home/rosuser/test_ws/install/lbr_demos_py:/home/rosuser/test_ws/install/lbr_moveit:/home/rosuser/test_ws/install/lbr_demos_advanced_py:/home/rosuser/mocap4r2_ws/install/mocap4r2cli:/opt/ros/humble /usr/bin/cmake --install /home/rosuser/ros2_ws/build/lbr_moveit_cpp
[15.643s] -- Install configuration: "Release"
[15.643s] -- Execute custom install script
[15.739s] -- Up-to-date symlink: /home/rosuser/ros2_ws/install/lbr_moveit_cpp/share/lbr_moveit_cpp/launch/hello_moveit.launch.py
[15.740s] -- Up-to-date symlink: /home/rosuser/ros2_ws/install/lbr_moveit_cpp/lib/lbr_moveit_cpp/hello_moveit
[15.741s] -- Up-to-date symlink: /home/rosuser/ros2_ws/install/lbr_moveit_cpp/share/ament_index/resource_index/package_run_dependencies/lbr_moveit_cpp
[15.841s] -- Up-to-date symlink: /home/rosuser/ros2_ws/install/lbr_moveit_cpp/share/ament_index/resource_index/parent_prefix_path/lbr_moveit_cpp
[15.842s] -- Up-to-date symlink: /home/rosuser/ros2_ws/install/lbr_moveit_cpp/share/lbr_moveit_cpp/environment/ament_prefix_path.sh
[15.842s] -- Up-to-date symlink: /home/rosuser/ros2_ws/install/lbr_moveit_cpp/share/lbr_moveit_cpp/environment/ament_prefix_path.dsv
[15.843s] -- Up-to-date symlink: /home/rosuser/ros2_ws/install/lbr_moveit_cpp/share/lbr_moveit_cpp/environment/path.sh
[15.843s] -- Up-to-date symlink: /home/rosuser/ros2_ws/install/lbr_moveit_cpp/share/lbr_moveit_cpp/environment/path.dsv
[15.844s] -- Up-to-date symlink: /home/rosuser/ros2_ws/install/lbr_moveit_cpp/share/lbr_moveit_cpp/local_setup.bash
[15.845s] -- Up-to-date symlink: /home/rosuser/ros2_ws/install/lbr_moveit_cpp/share/lbr_moveit_cpp/local_setup.sh
[15.846s] -- Up-to-date symlink: /home/rosuser/ros2_ws/install/lbr_moveit_cpp/share/lbr_moveit_cpp/local_setup.zsh
[15.846s] -- Up-to-date symlink: /home/rosuser/ros2_ws/install/lbr_moveit_cpp/share/lbr_moveit_cpp/local_setup.dsv
[15.846s] -- Symlinking: /home/rosuser/ros2_ws/install/lbr_moveit_cpp/share/lbr_moveit_cpp/package.dsv
[15.866s] -- Up-to-date symlink: /home/rosuser/ros2_ws/install/lbr_moveit_cpp/share/ament_index/resource_index/packages/lbr_moveit_cpp
[15.867s] -- Up-to-date symlink: /home/rosuser/ros2_ws/install/lbr_moveit_cpp/share/lbr_moveit_cpp/cmake/lbr_moveit_cppConfig.cmake
[15.867s] -- Up-to-date symlink: /home/rosuser/ros2_ws/install/lbr_moveit_cpp/share/lbr_moveit_cpp/cmake/lbr_moveit_cppConfig-version.cmake
[15.867s] -- Up-to-date symlink: /home/rosuser/ros2_ws/install/lbr_moveit_cpp/share/lbr_moveit_cpp/package.xml
[15.871s] Invoked command in '/home/rosuser/ros2_ws/build/lbr_moveit_cpp' returned '0': CMAKE_PREFIX_PATH=${CMAKE_PREFIX_PATH}:/home/rosuser/ros2_ws/install/my_launch_pkg:/home/rosuser/ros2_ws/install/mocap4r2cli:/home/rosuser/ros2_ws/install/marker_pose_follow:/home/rosuser/ros2_ws/install/marker_pose_bridge:/home/rosuser/ros2_ws/install/lbr_demos_py:/home/rosuser/ros2_ws/install/lbr_moveit:/home/rosuser/ros2_ws/install/lbr_demos_advanced_py:/home/rosuser/test_ws/install/my_launch_pkg:/home/rosuser/test_ws/install/mocap4r2cli:/home/rosuser/test_ws/install/marker_pose_follow:/home/rosuser/test_ws/install/marker_pose_bridge:/home/rosuser/test_ws/install/lbr_demos_py:/home/rosuser/test_ws/install/lbr_moveit:/home/rosuser/test_ws/install/lbr_demos_advanced_py:/home/rosuser/mocap4r2_ws/install/mocap4r2cli:/opt/ros/humble /usr/bin/cmake --install /home/rosuser/ros2_ws/build/lbr_moveit_cpp
