[35m[1mConsolidate compiler generated dependencies of target joint_trajectory_client[0m
[35m[1mConsolidate compiler generated dependencies of target joint_sine_overlay[0m
[35m[1mConsolidate compiler generated dependencies of target torque_sine_overlay[0m
[35m[1mConsolidate compiler generated dependencies of target wrench_sine_overlay[0m
[ 25%] Built target torque_sine_overlay
[ 50%] Built target wrench_sine_overlay
[ 75%] Built target joint_sine_overlay
[100%] Built target joint_trajectory_client
-- Install configuration: "Release"
-- Execute custom install script
-- Up-to-date symlink: /home/rosuser/ros2_ws/install/lbr_demos_cpp/lib/lbr_demos_cpp/joint_sine_overlay
-- Up-to-date symlink: /home/rosuser/ros2_ws/install/lbr_demos_cpp/lib/lbr_demos_cpp/joint_trajectory_client
-- Up-to-date symlink: /home/rosuser/ros2_ws/install/lbr_demos_cpp/lib/lbr_demos_cpp/torque_sine_overlay
-- Up-to-date symlink: /home/rosuser/ros2_ws/install/lbr_demos_cpp/lib/lbr_demos_cpp/wrench_sine_overlay
-- Up-to-date symlink: /home/rosuser/ros2_ws/install/lbr_demos_cpp/share/ament_index/resource_index/package_run_dependencies/lbr_demos_cpp
-- Up-to-date symlink: /home/rosuser/ros2_ws/install/lbr_demos_cpp/share/ament_index/resource_index/parent_prefix_path/lbr_demos_cpp
-- Up-to-date symlink: /home/rosuser/ros2_ws/install/lbr_demos_cpp/share/lbr_demos_cpp/environment/ament_prefix_path.sh
-- Up-to-date symlink: /home/rosuser/ros2_ws/install/lbr_demos_cpp/share/lbr_demos_cpp/environment/ament_prefix_path.dsv
-- Up-to-date symlink: /home/rosuser/ros2_ws/install/lbr_demos_cpp/share/lbr_demos_cpp/environment/path.sh
-- Up-to-date symlink: /home/rosuser/ros2_ws/install/lbr_demos_cpp/share/lbr_demos_cpp/environment/path.dsv
-- Up-to-date symlink: /home/rosuser/ros2_ws/install/lbr_demos_cpp/share/lbr_demos_cpp/local_setup.bash
-- Up-to-date symlink: /home/rosuser/ros2_ws/install/lbr_demos_cpp/share/lbr_demos_cpp/local_setup.sh
-- Up-to-date symlink: /home/rosuser/ros2_ws/install/lbr_demos_cpp/share/lbr_demos_cpp/local_setup.zsh
-- Up-to-date symlink: /home/rosuser/ros2_ws/install/lbr_demos_cpp/share/lbr_demos_cpp/local_setup.dsv
-- Symlinking: /home/rosuser/ros2_ws/install/lbr_demos_cpp/share/lbr_demos_cpp/package.dsv
-- Up-to-date symlink: /home/rosuser/ros2_ws/install/lbr_demos_cpp/share/ament_index/resource_index/packages/lbr_demos_cpp
-- Up-to-date symlink: /home/rosuser/ros2_ws/install/lbr_demos_cpp/share/lbr_demos_cpp/cmake/lbr_demos_cppConfig.cmake
-- Up-to-date symlink: /home/rosuser/ros2_ws/install/lbr_demos_cpp/share/lbr_demos_cpp/cmake/lbr_demos_cppConfig-version.cmake
-- Up-to-date symlink: /home/rosuser/ros2_ws/install/lbr_demos_cpp/share/lbr_demos_cpp/package.xml
