running develop
Removing /home/rosuser/ros2_ws/install/lbr_moveit/lib/python3.10/site-packages/lbr-moveit.egg-link (link to .)
running egg_info
writing ../../../../build/lbr_moveit/lbr_moveit.egg-info/PKG-INFO
writing dependency_links to ../../../../build/lbr_moveit/lbr_moveit.egg-info/dependency_links.txt
writing entry points to ../../../../build/lbr_moveit/lbr_moveit.egg-info/entry_points.txt
writing requirements to ../../../../build/lbr_moveit/lbr_moveit.egg-info/requires.txt
writing top-level names to ../../../../build/lbr_moveit/lbr_moveit.egg-info/top_level.txt
reading manifest file '../../../../build/lbr_moveit/lbr_moveit.egg-info/SOURCES.txt'
writing manifest file '../../../../build/lbr_moveit/lbr_moveit.egg-info/SOURCES.txt'
running build
running build_py
creating /home/rosuser/ros2_ws/build/lbr_moveit/build
creating /home/rosuser/ros2_ws/build/lbr_moveit/build/lib
creating /home/rosuser/ros2_ws/build/lbr_moveit/build/lib/scripts
copying scripts/forward_keyboard.py -> /home/rosuser/ros2_ws/build/lbr_moveit/build/lib/scripts
copying scripts/__init__.py -> /home/rosuser/ros2_ws/build/lbr_moveit/build/lib/scripts
creating /home/rosuser/ros2_ws/build/lbr_moveit/build/lib/lbr_moveit
copying lbr_moveit/forward_keyboard_node.py -> /home/rosuser/ros2_ws/build/lbr_moveit/build/lib/lbr_moveit
copying lbr_moveit/__init__.py -> /home/rosuser/ros2_ws/build/lbr_moveit/build/lib/lbr_moveit
copying lbr_moveit/keyboard_listener.py -> /home/rosuser/ros2_ws/build/lbr_moveit/build/lib/lbr_moveit
running install
running install_lib
creating /home/rosuser/ros2_ws/install/lbr_moveit/lib/python3.10/site-packages/scripts
copying /home/rosuser/ros2_ws/build/lbr_moveit/build/lib/scripts/forward_keyboard.py -> /home/rosuser/ros2_ws/install/lbr_moveit/lib/python3.10/site-packages/scripts
copying /home/rosuser/ros2_ws/build/lbr_moveit/build/lib/scripts/__init__.py -> /home/rosuser/ros2_ws/install/lbr_moveit/lib/python3.10/site-packages/scripts
creating /home/rosuser/ros2_ws/install/lbr_moveit/lib/python3.10/site-packages/lbr_moveit
copying /home/rosuser/ros2_ws/build/lbr_moveit/build/lib/lbr_moveit/forward_keyboard_node.py -> /home/rosuser/ros2_ws/install/lbr_moveit/lib/python3.10/site-packages/lbr_moveit
copying /home/rosuser/ros2_ws/build/lbr_moveit/build/lib/lbr_moveit/__init__.py -> /home/rosuser/ros2_ws/install/lbr_moveit/lib/python3.10/site-packages/lbr_moveit
copying /home/rosuser/ros2_ws/build/lbr_moveit/build/lib/lbr_moveit/keyboard_listener.py -> /home/rosuser/ros2_ws/install/lbr_moveit/lib/python3.10/site-packages/lbr_moveit
byte-compiling /home/rosuser/ros2_ws/install/lbr_moveit/lib/python3.10/site-packages/scripts/forward_keyboard.py to forward_keyboard.cpython-310.pyc
byte-compiling /home/rosuser/ros2_ws/install/lbr_moveit/lib/python3.10/site-packages/scripts/__init__.py to __init__.cpython-310.pyc
byte-compiling /home/rosuser/ros2_ws/install/lbr_moveit/lib/python3.10/site-packages/lbr_moveit/forward_keyboard_node.py to forward_keyboard_node.cpython-310.pyc
byte-compiling /home/rosuser/ros2_ws/install/lbr_moveit/lib/python3.10/site-packages/lbr_moveit/__init__.py to __init__.cpython-310.pyc
byte-compiling /home/rosuser/ros2_ws/install/lbr_moveit/lib/python3.10/site-packages/lbr_moveit/keyboard_listener.py to keyboard_listener.cpython-310.pyc
running install_data
copying resource/lbr_moveit -> /home/rosuser/ros2_ws/install/lbr_moveit/share/ament_index/resource_index/packages
copying package.xml -> /home/rosuser/ros2_ws/install/lbr_moveit/share/lbr_moveit
copying config/forward_keyboard.yaml -> /home/rosuser/ros2_ws/install/lbr_moveit/share/lbr_moveit/config
copying launch/keyboard_driver.launch.py -> /home/rosuser/ros2_ws/install/lbr_moveit/share/lbr_moveit/launch
running install_egg_info
Copying ../../../../build/lbr_moveit/lbr_moveit.egg-info to /home/rosuser/ros2_ws/install/lbr_moveit/lib/python3.10/site-packages/lbr_moveit-2.2.1-py3.10.egg-info
running install_scripts
Installing forward_keyboard script to /home/rosuser/ros2_ws/install/lbr_moveit/lib/lbr_moveit
writing list of installed files to '/home/rosuser/ros2_ws/build/lbr_moveit/install.log'
