[1.117s] Invoking command in '/home/rosuser/ros2_ws/build/marker_pose_follow': PYTHONPATH=/home/rosuser/ros2_ws/build/marker_pose_follow/prefix_override:/usr/lib/python3/dist-packages/colcon_core/task/python/colcon_distutils_commands:/home/rosuser/ros2_ws/install/marker_pose_follow/lib/python3.10/site-packages:${PYTHONPATH} /usr/bin/python3 -W ignore:setup.py install is deprecated -W ignore:easy_install command is deprecated setup.py develop --editable --build-directory /home/rosuser/ros2_ws/build/marker_pose_follow/build --no-deps symlink_data
[1.562s] running develop
[1.852s] running egg_info
[1.852s] creating marker_pose_follow.egg-info
[1.852s] writing marker_pose_follow.egg-info/PKG-INFO
[1.853s] writing dependency_links to marker_pose_follow.egg-info/dependency_links.txt
[1.853s] writing entry points to marker_pose_follow.egg-info/entry_points.txt
[1.853s] writing requirements to marker_pose_follow.egg-info/requires.txt
[1.853s] writing top-level names to marker_pose_follow.egg-info/top_level.txt
[1.853s] writing manifest file 'marker_pose_follow.egg-info/SOURCES.txt'
[1.855s] reading manifest file 'marker_pose_follow.egg-info/SOURCES.txt'
[1.856s] writing manifest file 'marker_pose_follow.egg-info/SOURCES.txt'
[1.858s] running build_ext
[1.858s] Creating /home/rosuser/ros2_ws/install/marker_pose_follow/lib/python3.10/site-packages/marker-pose-follow.egg-link (link to .)
[1.859s] Installing pose_follower script to /home/rosuser/ros2_ws/install/marker_pose_follow/lib/marker_pose_follow
[1.860s] Installing pose_to_tf script to /home/rosuser/ros2_ws/install/marker_pose_follow/lib/marker_pose_follow
[1.860s] 
[1.860s] Installed /home/rosuser/ros2_ws/build/marker_pose_follow
[1.860s] running symlink_data
[1.861s] creating /home/rosuser/ros2_ws/install/marker_pose_follow/share/ament_index
[1.861s] creating /home/rosuser/ros2_ws/install/marker_pose_follow/share/ament_index/resource_index
[1.861s] creating /home/rosuser/ros2_ws/install/marker_pose_follow/share/ament_index/resource_index/packages
[1.861s] symbolically linking /home/rosuser/ros2_ws/build/marker_pose_follow/resource/marker_pose_follow -> /home/rosuser/ros2_ws/install/marker_pose_follow/share/ament_index/resource_index/packages
[1.861s] symbolically linking /home/rosuser/ros2_ws/build/marker_pose_follow/package.xml -> /home/rosuser/ros2_ws/install/marker_pose_follow/share/marker_pose_follow
[1.897s] Invoked command in '/home/rosuser/ros2_ws/build/marker_pose_follow' returned '0': PYTHONPATH=/home/rosuser/ros2_ws/build/marker_pose_follow/prefix_override:/usr/lib/python3/dist-packages/colcon_core/task/python/colcon_distutils_commands:/home/rosuser/ros2_ws/install/marker_pose_follow/lib/python3.10/site-packages:${PYTHONPATH} /usr/bin/python3 -W ignore:setup.py install is deprecated -W ignore:easy_install command is deprecated setup.py develop --editable --build-directory /home/rosuser/ros2_ws/build/marker_pose_follow/build --no-deps symlink_data
