[0.032s] Invoking command in '/home/rosuser/ros2_ws/build/external_torque_sensor_broadcaster': CMAKE_PREFIX_PATH=/opt/ros/humble /usr/bin/cmake /home/rosuser/ros2_ws/src/iiwa_ros2/iiwa_controllers/external_torque_sensor_broadcaster -DAMENT_CMAKE_SYMLINK_INSTALL=1 -DCMAKE_INSTALL_PREFIX=/home/rosuser/ros2_ws/install/external_torque_sensor_broadcaster
[0.960s] -- The C compiler identification is GNU 11.4.0
[1.573s] -- The CXX compiler identification is GNU 11.4.0
[1.673s] -- Detecting C compiler ABI info
[1.876s] -- Detecting C compiler ABI info - done
[1.887s] -- Check for working C compiler: /usr/bin/cc - skipped
[1.887s] -- Detecting C compile features
[1.901s] -- Detecting C compile features - done
[1.909s] -- Detecting CXX compiler ABI info
[2.134s] -- Detecting CXX compiler ABI info - done
[2.150s] -- Check for working CXX compiler: /usr/bin/c++ - skipped
[2.150s] -- Detecting CXX compile features
[2.151s] -- Detecting CXX compile features - done
[2.295s] -- Found ament_cmake: 1.3.11 (/opt/ros/humble/share/ament_cmake/cmake)
[3.338s] -- Found Python3: /usr/bin/python3 (found version "3.10.12") found components: Interpreter 
[4.551s] -- Override CMake install command with custom implementation using symlinks instead of copying resources
[6.651s] -- Found controller_interface: 2.49.0 (/opt/ros/humble/share/controller_interface/cmake)
[9.813s] -- Found rosidl_generator_c: 3.1.6 (/opt/ros/humble/share/rosidl_generator_c/cmake)
[9.999s] -- Found rosidl_adapter: 3.1.6 (/opt/ros/humble/share/rosidl_adapter/cmake)
[10.667s] -- Found rosidl_generator_cpp: 3.1.6 (/opt/ros/humble/share/rosidl_generator_cpp/cmake)
[11.055s] -- Using all available rosidl_typesupport_c: rosidl_typesupport_fastrtps_c;rosidl_typesupport_introspection_c
[11.473s] -- Using all available rosidl_typesupport_cpp: rosidl_typesupport_fastrtps_cpp;rosidl_typesupport_introspection_cpp
[13.719s] -- Found rmw_implementation_cmake: 6.1.2 (/opt/ros/humble/share/rmw_implementation_cmake/cmake)
[13.723s] -- Found rmw_fastrtps_cpp: 6.2.7 (/opt/ros/humble/share/rmw_fastrtps_cpp/cmake)
[13.763s] -- Found TinyXML2 via Config file: TinyXML2_DIR-NOTFOUND
[13.829s] -- Found OpenSSL: /usr/lib/x86_64-linux-gnu/libcrypto.so (found version "3.0.2")  
[13.832s] -- Found TinyXML2 via Config file: TinyXML2_DIR-NOTFOUND
[13.854s] -- Found FastRTPS: /opt/ros/humble/include  
[13.865s] -- Found TinyXML2 via Config file: TinyXML2_DIR-NOTFOUND
[13.869s] -- Found TinyXML2 via Config file: TinyXML2_DIR-NOTFOUND
[13.884s] -- Using RMW implementation 'rmw_fastrtps_cpp' as default
[14.099s] -- Looking for pthread.h
[14.265s] -- Looking for pthread.h - found
[14.265s] -- Performing Test CMAKE_HAVE_LIBC_PTHREAD
[14.356s] -- Performing Test CMAKE_HAVE_LIBC_PTHREAD - Success
[14.358s] -- Found Threads: TRUE  
[14.749s] -- Found realtime_tools: 2.12.0 (/opt/ros/humble/share/realtime_tools/cmake)
[14.850s] -- Found ament_cmake_gtest: 1.3.11 (/opt/ros/humble/share/ament_cmake_gtest/cmake)
[14.852s] -- Found ament_lint_auto: 0.12.12 (/opt/ros/humble/share/ament_lint_auto/cmake)
[15.111s] -- Configuring done
[18.242s] -- Generating done
[18.255s] -- Build files have been written to: /home/rosuser/ros2_ws/build/external_torque_sensor_broadcaster
[18.278s] Invoked command in '/home/rosuser/ros2_ws/build/external_torque_sensor_broadcaster' returned '0': CMAKE_PREFIX_PATH=/opt/ros/humble /usr/bin/cmake /home/rosuser/ros2_ws/src/iiwa_ros2/iiwa_controllers/external_torque_sensor_broadcaster -DAMENT_CMAKE_SYMLINK_INSTALL=1 -DCMAKE_INSTALL_PREFIX=/home/rosuser/ros2_ws/install/external_torque_sensor_broadcaster
[18.281s] Invoking command in '/home/rosuser/ros2_ws/build/external_torque_sensor_broadcaster': CMAKE_PREFIX_PATH=/opt/ros/humble /usr/bin/cmake --build /home/rosuser/ros2_ws/build/external_torque_sensor_broadcaster -- -j4 -l4
[18.341s] [ 50%] [32mBuilding CXX object CMakeFiles/external_torque_sensor_broadcaster.dir/src/external_torque_sensor_broadcaster.cpp.o[0m
[35.210s] In file included from [01m[K/home/rosuser/ros2_ws/src/iiwa_ros2/iiwa_controllers/external_torque_sensor_broadcaster/include/external_torque_sensor_broadcaster/external_torque_sensor_broadcaster.hpp:27[m[K,
[35.210s]                  from [01m[K/home/rosuser/ros2_ws/src/iiwa_ros2/iiwa_controllers/external_torque_sensor_broadcaster/src/external_torque_sensor_broadcaster.cpp:15[m[K:
[35.211s] [01m[K/opt/ros/humble/include/realtime_tools/realtime_tools/realtime_publisher.h:22:103:[m[K [01;36m[Knote: [m[K‘[01m[K#pragma message: This header include is deprecated. Please update your code to use 'realtime_publisher.hpp' header.[m[K’
[35.211s]    22 | se update your code to use 'realtime_publisher.hpp' header."[01;36m[K)[m[K  //NOLINT
[35.211s]       |                                                             [01;36m[K^[m[K
[35.211s] 
[39.625s] [100%] [32m[1mLinking CXX shared library libexternal_torque_sensor_broadcaster.so[0m
[41.844s] [100%] Built target external_torque_sensor_broadcaster
[41.858s] Invoked command in '/home/rosuser/ros2_ws/build/external_torque_sensor_broadcaster' returned '0': CMAKE_PREFIX_PATH=/opt/ros/humble /usr/bin/cmake --build /home/rosuser/ros2_ws/build/external_torque_sensor_broadcaster -- -j4 -l4
[41.859s] Invoking command in '/home/rosuser/ros2_ws/build/external_torque_sensor_broadcaster': CMAKE_PREFIX_PATH=/opt/ros/humble /usr/bin/cmake --install /home/rosuser/ros2_ws/build/external_torque_sensor_broadcaster
[41.869s] -- Install configuration: ""
[41.869s] -- Execute custom install script
[41.870s] -- Symlinking: /home/rosuser/ros2_ws/install/external_torque_sensor_broadcaster/share/external_torque_sensor_broadcaster//external_torque_sensor_broadcaster.xml
[41.889s] -- Symlinking: /home/rosuser/ros2_ws/install/external_torque_sensor_broadcaster/lib/libexternal_torque_sensor_broadcaster.so
[41.934s] -- Symlinking: /home/rosuser/ros2_ws/install/external_torque_sensor_broadcaster/include/external_torque_sensor_broadcaster/external_torque_sensor.hpp
[41.954s] -- Symlinking: /home/rosuser/ros2_ws/install/external_torque_sensor_broadcaster/include/external_torque_sensor_broadcaster/external_torque_sensor_broadcaster.hpp
[41.965s] -- Symlinking: /home/rosuser/ros2_ws/install/external_torque_sensor_broadcaster/include/external_torque_sensor_broadcaster/visibility_control.h
[41.977s] -- Symlinking: /home/rosuser/ros2_ws/install/external_torque_sensor_broadcaster/share/external_torque_sensor_broadcaster/environment/library_path.sh
[41.987s] -- Symlinking: /home/rosuser/ros2_ws/install/external_torque_sensor_broadcaster/share/external_torque_sensor_broadcaster/environment/library_path.dsv
[42.001s] -- Symlinking: /home/rosuser/ros2_ws/install/external_torque_sensor_broadcaster/share/ament_index/resource_index/package_run_dependencies/external_torque_sensor_broadcaster
[42.012s] -- Symlinking: /home/rosuser/ros2_ws/install/external_torque_sensor_broadcaster/share/ament_index/resource_index/parent_prefix_path/external_torque_sensor_broadcaster
[42.024s] -- Symlinking: /home/rosuser/ros2_ws/install/external_torque_sensor_broadcaster/share/external_torque_sensor_broadcaster/environment/ament_prefix_path.sh
[42.040s] -- Symlinking: /home/rosuser/ros2_ws/install/external_torque_sensor_broadcaster/share/external_torque_sensor_broadcaster/environment/ament_prefix_path.dsv
[42.054s] -- Symlinking: /home/rosuser/ros2_ws/install/external_torque_sensor_broadcaster/share/external_torque_sensor_broadcaster/environment/path.sh
[42.067s] -- Symlinking: /home/rosuser/ros2_ws/install/external_torque_sensor_broadcaster/share/external_torque_sensor_broadcaster/environment/path.dsv
[42.084s] -- Symlinking: /home/rosuser/ros2_ws/install/external_torque_sensor_broadcaster/share/external_torque_sensor_broadcaster/local_setup.bash
[42.095s] -- Symlinking: /home/rosuser/ros2_ws/install/external_torque_sensor_broadcaster/share/external_torque_sensor_broadcaster/local_setup.sh
[42.108s] -- Symlinking: /home/rosuser/ros2_ws/install/external_torque_sensor_broadcaster/share/external_torque_sensor_broadcaster/local_setup.zsh
[42.122s] -- Symlinking: /home/rosuser/ros2_ws/install/external_torque_sensor_broadcaster/share/external_torque_sensor_broadcaster/local_setup.dsv
[42.133s] -- Symlinking: /home/rosuser/ros2_ws/install/external_torque_sensor_broadcaster/share/external_torque_sensor_broadcaster/package.dsv
[42.147s] -- Symlinking: /home/rosuser/ros2_ws/install/external_torque_sensor_broadcaster/share/ament_index/resource_index/packages/external_torque_sensor_broadcaster
[42.159s] -- Symlinking: /home/rosuser/ros2_ws/install/external_torque_sensor_broadcaster/share/ament_index/resource_index/controller_interface__pluginlib__plugin/external_torque_sensor_broadcaster
[42.169s] -- Symlinking: /home/rosuser/ros2_ws/install/external_torque_sensor_broadcaster/share/external_torque_sensor_broadcaster/cmake/ament_cmake_export_include_directories-extras.cmake
[42.181s] -- Symlinking: /home/rosuser/ros2_ws/install/external_torque_sensor_broadcaster/share/external_torque_sensor_broadcaster/cmake/ament_cmake_export_libraries-extras.cmake
[42.192s] -- Symlinking: /home/rosuser/ros2_ws/install/external_torque_sensor_broadcaster/share/external_torque_sensor_broadcaster/cmake/ament_cmake_export_dependencies-extras.cmake
[42.203s] -- Symlinking: /home/rosuser/ros2_ws/install/external_torque_sensor_broadcaster/share/external_torque_sensor_broadcaster/cmake/external_torque_sensor_broadcasterConfig.cmake
[42.221s] -- Symlinking: /home/rosuser/ros2_ws/install/external_torque_sensor_broadcaster/share/external_torque_sensor_broadcaster/cmake/external_torque_sensor_broadcasterConfig-version.cmake
[42.237s] -- Symlinking: /home/rosuser/ros2_ws/install/external_torque_sensor_broadcaster/share/external_torque_sensor_broadcaster/package.xml
[42.252s] Invoked command in '/home/rosuser/ros2_ws/build/external_torque_sensor_broadcaster' returned '0': CMAKE_PREFIX_PATH=/opt/ros/humble /usr/bin/cmake --install /home/rosuser/ros2_ws/build/external_torque_sensor_broadcaster
