-- Found ament_cmake: 1.3.11 (/opt/ros/humble/share/ament_cmake/cmake)
-- Override CMake install command with custom implementation using symlinks instead of copying resources
-- Configuring done
-- Generating done
-- Build files have been written to: /home/rosuser/ros2_ws/build/lbr_fri_ros2_stack
-- Install configuration: ""
-- Execute custom install script
-- Up-to-date symlink: /home/rosuser/ros2_ws/install/lbr_fri_ros2_stack/share/ament_index/resource_index/package_run_dependencies/lbr_fri_ros2_stack
-- Up-to-date symlink: /home/rosuser/ros2_ws/install/lbr_fri_ros2_stack/share/ament_index/resource_index/parent_prefix_path/lbr_fri_ros2_stack
-- Up-to-date symlink: /home/rosuser/ros2_ws/install/lbr_fri_ros2_stack/share/lbr_fri_ros2_stack/environment/ament_prefix_path.sh
-- Up-to-date symlink: /home/rosuser/ros2_ws/install/lbr_fri_ros2_stack/share/lbr_fri_ros2_stack/environment/ament_prefix_path.dsv
-- Up-to-date symlink: /home/rosuser/ros2_ws/install/lbr_fri_ros2_stack/share/lbr_fri_ros2_stack/environment/path.sh
-- Up-to-date symlink: /home/rosuser/ros2_ws/install/lbr_fri_ros2_stack/share/lbr_fri_ros2_stack/environment/path.dsv
-- Up-to-date symlink: /home/rosuser/ros2_ws/install/lbr_fri_ros2_stack/share/lbr_fri_ros2_stack/local_setup.bash
-- Up-to-date symlink: /home/rosuser/ros2_ws/install/lbr_fri_ros2_stack/share/lbr_fri_ros2_stack/local_setup.sh
-- Up-to-date symlink: /home/rosuser/ros2_ws/install/lbr_fri_ros2_stack/share/lbr_fri_ros2_stack/local_setup.zsh
-- Up-to-date symlink: /home/rosuser/ros2_ws/install/lbr_fri_ros2_stack/share/lbr_fri_ros2_stack/local_setup.dsv
-- Symlinking: /home/rosuser/ros2_ws/install/lbr_fri_ros2_stack/share/lbr_fri_ros2_stack/package.dsv
-- Up-to-date symlink: /home/rosuser/ros2_ws/install/lbr_fri_ros2_stack/share/ament_index/resource_index/packages/lbr_fri_ros2_stack
-- Up-to-date symlink: /home/rosuser/ros2_ws/install/lbr_fri_ros2_stack/share/lbr_fri_ros2_stack/cmake/lbr_fri_ros2_stackConfig.cmake
-- Up-to-date symlink: /home/rosuser/ros2_ws/install/lbr_fri_ros2_stack/share/lbr_fri_ros2_stack/cmake/lbr_fri_ros2_stackConfig-version.cmake
-- Up-to-date symlink: /home/rosuser/ros2_ws/install/lbr_fri_ros2_stack/share/lbr_fri_ros2_stack/package.xml
