[0.026s] Invoking command in '/home/rosuser/ros2_ws/build/lbr_bringup': AMENT_PREFIX_PATH=/home/rosuser/ros2_ws/install/lbr_ros2_control:/home/rosuser/ros2_ws/install/lbr_fri_ros2:/home/rosuser/ros2_ws/install/lbr_fri_idl:/home/rosuser/ros2_ws/install/lbr_description:${AMENT_PREFIX_PATH} CMAKE_PREFIX_PATH=/home/rosuser/ros2_ws/install/lbr_ros2_control:/home/rosuser/ros2_ws/install/lbr_fri_ros2:/home/rosuser/ros2_ws/install/lbr_fri_idl:/home/rosuser/ros2_ws/install/lbr_description:/home/rosuser/ros2_ws/install/fri_client_sdk:/opt/ros/humble LD_LIBRARY_PATH=/home/rosuser/ros2_ws/install/lbr_ros2_control/lib:/home/rosuser/ros2_ws/install/lbr_fri_ros2/lib:/home/rosuser/ros2_ws/install/lbr_fri_idl/lib:/home/rosuser/ros2_ws/install/fri_client_sdk/lib:${LD_LIBRARY_PATH} PKG_CONFIG_PATH=/home/rosuser/ros2_ws/install/fri_client_sdk/lib/x86_64-linux-gnu/pkgconfig:/home/rosuser/ros2_ws/install/fri_client_sdk/lib/pkgconfig PYTHONPATH=/home/rosuser/ros2_ws/install/lbr_fri_idl/local/lib/python3.10/dist-packages:${PYTHONPATH} /usr/bin/cmake /home/rosuser/ros2_ws/src/lbr_fri_ros2_stack/lbr_bringup -DAMENT_CMAKE_SYMLINK_INSTALL=1 -DCMAKE_INSTALL_PREFIX=/home/rosuser/ros2_ws/install/lbr_bringup
[0.099s] -- The C compiler identification is GNU 11.4.0
[0.175s] -- The CXX compiler identification is GNU 11.4.0
[0.189s] -- Detecting C compiler ABI info
[0.285s] -- Detecting C compiler ABI info - done
[0.303s] -- Check for working C compiler: /usr/bin/cc - skipped
[0.303s] -- Detecting C compile features
[0.304s] -- Detecting C compile features - done
[0.311s] -- Detecting CXX compiler ABI info
[0.413s] -- Detecting CXX compiler ABI info - done
[0.433s] -- Check for working CXX compiler: /usr/bin/c++ - skipped
[0.433s] -- Detecting CXX compile features
[0.435s] -- Detecting CXX compile features - done
[0.441s] -- Found ament_cmake: 1.3.11 (/opt/ros/humble/share/ament_cmake/cmake)
[0.653s] -- Found Python3: /usr/bin/python3 (found version "3.10.12") found components: Interpreter 
[0.735s] -- Override CMake install command with custom implementation using symlinks instead of copying resources
[1.008s] -- Configuring done
[1.017s] -- Generating done
[1.021s] -- Build files have been written to: /home/rosuser/ros2_ws/build/lbr_bringup
[1.030s] Invoked command in '/home/rosuser/ros2_ws/build/lbr_bringup' returned '0': AMENT_PREFIX_PATH=/home/rosuser/ros2_ws/install/lbr_ros2_control:/home/rosuser/ros2_ws/install/lbr_fri_ros2:/home/rosuser/ros2_ws/install/lbr_fri_idl:/home/rosuser/ros2_ws/install/lbr_description:${AMENT_PREFIX_PATH} CMAKE_PREFIX_PATH=/home/rosuser/ros2_ws/install/lbr_ros2_control:/home/rosuser/ros2_ws/install/lbr_fri_ros2:/home/rosuser/ros2_ws/install/lbr_fri_idl:/home/rosuser/ros2_ws/install/lbr_description:/home/rosuser/ros2_ws/install/fri_client_sdk:/opt/ros/humble LD_LIBRARY_PATH=/home/rosuser/ros2_ws/install/lbr_ros2_control/lib:/home/rosuser/ros2_ws/install/lbr_fri_ros2/lib:/home/rosuser/ros2_ws/install/lbr_fri_idl/lib:/home/rosuser/ros2_ws/install/fri_client_sdk/lib:${LD_LIBRARY_PATH} PKG_CONFIG_PATH=/home/rosuser/ros2_ws/install/fri_client_sdk/lib/x86_64-linux-gnu/pkgconfig:/home/rosuser/ros2_ws/install/fri_client_sdk/lib/pkgconfig PYTHONPATH=/home/rosuser/ros2_ws/install/lbr_fri_idl/local/lib/python3.10/dist-packages:${PYTHONPATH} /usr/bin/cmake /home/rosuser/ros2_ws/src/lbr_fri_ros2_stack/lbr_bringup -DAMENT_CMAKE_SYMLINK_INSTALL=1 -DCMAKE_INSTALL_PREFIX=/home/rosuser/ros2_ws/install/lbr_bringup
[1.033s] Invoking command in '/home/rosuser/ros2_ws/build/lbr_bringup': AMENT_PREFIX_PATH=/home/rosuser/ros2_ws/install/lbr_ros2_control:/home/rosuser/ros2_ws/install/lbr_fri_ros2:/home/rosuser/ros2_ws/install/lbr_fri_idl:/home/rosuser/ros2_ws/install/lbr_description:${AMENT_PREFIX_PATH} CMAKE_PREFIX_PATH=/home/rosuser/ros2_ws/install/lbr_ros2_control:/home/rosuser/ros2_ws/install/lbr_fri_ros2:/home/rosuser/ros2_ws/install/lbr_fri_idl:/home/rosuser/ros2_ws/install/lbr_description:/home/rosuser/ros2_ws/install/fri_client_sdk:/opt/ros/humble LD_LIBRARY_PATH=/home/rosuser/ros2_ws/install/lbr_ros2_control/lib:/home/rosuser/ros2_ws/install/lbr_fri_ros2/lib:/home/rosuser/ros2_ws/install/lbr_fri_idl/lib:/home/rosuser/ros2_ws/install/fri_client_sdk/lib:${LD_LIBRARY_PATH} PKG_CONFIG_PATH=/home/rosuser/ros2_ws/install/fri_client_sdk/lib/x86_64-linux-gnu/pkgconfig:/home/rosuser/ros2_ws/install/fri_client_sdk/lib/pkgconfig PYTHONPATH=/home/rosuser/ros2_ws/install/lbr_fri_idl/local/lib/python3.10/dist-packages:${PYTHONPATH} /usr/bin/cmake --build /home/rosuser/ros2_ws/build/lbr_bringup -- -j4 -l4
[1.108s] Built target ament_cmake_python_symlink_lbr_bringup
[1.453s] running egg_info
[1.454s] creating lbr_bringup.egg-info
[1.454s] writing lbr_bringup.egg-info/PKG-INFO
[1.455s] writing dependency_links to lbr_bringup.egg-info/dependency_links.txt
[1.455s] writing top-level names to lbr_bringup.egg-info/top_level.txt
[1.455s] writing manifest file 'lbr_bringup.egg-info/SOURCES.txt'
[1.457s] reading manifest file 'lbr_bringup.egg-info/SOURCES.txt'
[1.458s] writing manifest file 'lbr_bringup.egg-info/SOURCES.txt'
[1.490s] Built target ament_cmake_python_build_lbr_bringup_egg
[1.505s] Invoked command in '/home/rosuser/ros2_ws/build/lbr_bringup' returned '0': AMENT_PREFIX_PATH=/home/rosuser/ros2_ws/install/lbr_ros2_control:/home/rosuser/ros2_ws/install/lbr_fri_ros2:/home/rosuser/ros2_ws/install/lbr_fri_idl:/home/rosuser/ros2_ws/install/lbr_description:${AMENT_PREFIX_PATH} CMAKE_PREFIX_PATH=/home/rosuser/ros2_ws/install/lbr_ros2_control:/home/rosuser/ros2_ws/install/lbr_fri_ros2:/home/rosuser/ros2_ws/install/lbr_fri_idl:/home/rosuser/ros2_ws/install/lbr_description:/home/rosuser/ros2_ws/install/fri_client_sdk:/opt/ros/humble LD_LIBRARY_PATH=/home/rosuser/ros2_ws/install/lbr_ros2_control/lib:/home/rosuser/ros2_ws/install/lbr_fri_ros2/lib:/home/rosuser/ros2_ws/install/lbr_fri_idl/lib:/home/rosuser/ros2_ws/install/fri_client_sdk/lib:${LD_LIBRARY_PATH} PKG_CONFIG_PATH=/home/rosuser/ros2_ws/install/fri_client_sdk/lib/x86_64-linux-gnu/pkgconfig:/home/rosuser/ros2_ws/install/fri_client_sdk/lib/pkgconfig PYTHONPATH=/home/rosuser/ros2_ws/install/lbr_fri_idl/local/lib/python3.10/dist-packages:${PYTHONPATH} /usr/bin/cmake --build /home/rosuser/ros2_ws/build/lbr_bringup -- -j4 -l4
[1.507s] Invoking command in '/home/rosuser/ros2_ws/build/lbr_bringup': AMENT_PREFIX_PATH=/home/rosuser/ros2_ws/install/lbr_ros2_control:/home/rosuser/ros2_ws/install/lbr_fri_ros2:/home/rosuser/ros2_ws/install/lbr_fri_idl:/home/rosuser/ros2_ws/install/lbr_description:${AMENT_PREFIX_PATH} CMAKE_PREFIX_PATH=/home/rosuser/ros2_ws/install/lbr_ros2_control:/home/rosuser/ros2_ws/install/lbr_fri_ros2:/home/rosuser/ros2_ws/install/lbr_fri_idl:/home/rosuser/ros2_ws/install/lbr_description:/home/rosuser/ros2_ws/install/fri_client_sdk:/opt/ros/humble LD_LIBRARY_PATH=/home/rosuser/ros2_ws/install/lbr_ros2_control/lib:/home/rosuser/ros2_ws/install/lbr_fri_ros2/lib:/home/rosuser/ros2_ws/install/lbr_fri_idl/lib:/home/rosuser/ros2_ws/install/fri_client_sdk/lib:${LD_LIBRARY_PATH} PKG_CONFIG_PATH=/home/rosuser/ros2_ws/install/fri_client_sdk/lib/x86_64-linux-gnu/pkgconfig:/home/rosuser/ros2_ws/install/fri_client_sdk/lib/pkgconfig PYTHONPATH=/home/rosuser/ros2_ws/install/lbr_fri_idl/local/lib/python3.10/dist-packages:${PYTHONPATH} /usr/bin/cmake --install /home/rosuser/ros2_ws/build/lbr_bringup
[1.516s] -- Install configuration: ""
[1.517s] -- Execute custom install script
[1.518s] -- Symlinking: /home/rosuser/ros2_ws/install/lbr_bringup/share/lbr_bringup/config/gazebo.rviz
[1.530s] -- Symlinking: /home/rosuser/ros2_ws/install/lbr_bringup/share/lbr_bringup/config/hardware.rviz
[1.541s] -- Symlinking: /home/rosuser/ros2_ws/install/lbr_bringup/share/lbr_bringup/config/mock.rviz
[1.552s] -- Symlinking: /home/rosuser/ros2_ws/install/lbr_bringup/share/lbr_bringup/config/moveit_servo.yaml
[1.562s] -- Symlinking: /home/rosuser/ros2_ws/install/lbr_bringup/share/lbr_bringup/launch/gazebo.launch.py
[1.572s] -- Symlinking: /home/rosuser/ros2_ws/install/lbr_bringup/share/lbr_bringup/launch/hardware.launch.py
[1.585s] -- Symlinking: /home/rosuser/ros2_ws/install/lbr_bringup/share/lbr_bringup/launch/mock.launch.py
[1.597s] -- Symlinking: /home/rosuser/ros2_ws/install/lbr_bringup/share/lbr_bringup/launch/move_group.launch.py
[1.609s] -- Symlinking: /home/rosuser/ros2_ws/install/lbr_bringup/share/lbr_bringup/launch/moveit_servo.launch.py
[1.621s] -- Symlinking: /home/rosuser/ros2_ws/install/lbr_bringup/share/lbr_bringup/launch/rviz.launch.py
[1.632s] -- Symlinking: /home/rosuser/ros2_ws/install/lbr_bringup/share/lbr_bringup/environment/pythonpath.sh
[1.644s] -- Symlinking: /home/rosuser/ros2_ws/install/lbr_bringup/share/lbr_bringup/environment/pythonpath.dsv
[1.656s] -- Symlinking: /home/rosuser/ros2_ws/install/lbr_bringup/local/lib/python3.10/dist-packages/lbr_bringup-2.2.1-py3.10.egg-info/PKG-INFO
[1.668s] -- Symlinking: /home/rosuser/ros2_ws/install/lbr_bringup/local/lib/python3.10/dist-packages/lbr_bringup-2.2.1-py3.10.egg-info/SOURCES.txt
[1.679s] -- Symlinking: /home/rosuser/ros2_ws/install/lbr_bringup/local/lib/python3.10/dist-packages/lbr_bringup-2.2.1-py3.10.egg-info/dependency_links.txt
[1.691s] -- Symlinking: /home/rosuser/ros2_ws/install/lbr_bringup/local/lib/python3.10/dist-packages/lbr_bringup-2.2.1-py3.10.egg-info/top_level.txt
[1.703s] -- Symlinking: /home/rosuser/ros2_ws/install/lbr_bringup/local/lib/python3.10/dist-packages/lbr_bringup/__init__.py
[1.715s] -- Symlinking: /home/rosuser/ros2_ws/install/lbr_bringup/local/lib/python3.10/dist-packages/lbr_bringup/description.py
[1.728s] -- Symlinking: /home/rosuser/ros2_ws/install/lbr_bringup/local/lib/python3.10/dist-packages/lbr_bringup/gazebo.py
[1.741s] -- Symlinking: /home/rosuser/ros2_ws/install/lbr_bringup/local/lib/python3.10/dist-packages/lbr_bringup/moveit.py
[1.754s] -- Symlinking: /home/rosuser/ros2_ws/install/lbr_bringup/local/lib/python3.10/dist-packages/lbr_bringup/ros2_control.py
[1.767s] -- Symlinking: /home/rosuser/ros2_ws/install/lbr_bringup/local/lib/python3.10/dist-packages/lbr_bringup/rviz.py
[1.781s] -- Symlinking: /home/rosuser/ros2_ws/install/lbr_bringup/share/ament_index/resource_index/package_run_dependencies/lbr_bringup
[1.793s] -- Symlinking: /home/rosuser/ros2_ws/install/lbr_bringup/share/ament_index/resource_index/parent_prefix_path/lbr_bringup
[1.808s] -- Symlinking: /home/rosuser/ros2_ws/install/lbr_bringup/share/lbr_bringup/environment/ament_prefix_path.sh
[1.820s] -- Symlinking: /home/rosuser/ros2_ws/install/lbr_bringup/share/lbr_bringup/environment/ament_prefix_path.dsv
[1.833s] -- Symlinking: /home/rosuser/ros2_ws/install/lbr_bringup/share/lbr_bringup/environment/path.sh
[1.846s] -- Symlinking: /home/rosuser/ros2_ws/install/lbr_bringup/share/lbr_bringup/environment/path.dsv
[1.860s] -- Symlinking: /home/rosuser/ros2_ws/install/lbr_bringup/share/lbr_bringup/local_setup.bash
[1.873s] -- Symlinking: /home/rosuser/ros2_ws/install/lbr_bringup/share/lbr_bringup/local_setup.sh
[1.887s] -- Symlinking: /home/rosuser/ros2_ws/install/lbr_bringup/share/lbr_bringup/local_setup.zsh
[1.900s] -- Symlinking: /home/rosuser/ros2_ws/install/lbr_bringup/share/lbr_bringup/local_setup.dsv
[1.913s] -- Symlinking: /home/rosuser/ros2_ws/install/lbr_bringup/share/lbr_bringup/package.dsv
[1.927s] -- Symlinking: /home/rosuser/ros2_ws/install/lbr_bringup/share/ament_index/resource_index/packages/lbr_bringup
[1.941s] -- Symlinking: /home/rosuser/ros2_ws/install/lbr_bringup/share/lbr_bringup/cmake/lbr_bringupConfig.cmake
[1.954s] -- Symlinking: /home/rosuser/ros2_ws/install/lbr_bringup/share/lbr_bringup/cmake/lbr_bringupConfig-version.cmake
[1.966s] -- Symlinking: /home/rosuser/ros2_ws/install/lbr_bringup/share/lbr_bringup/package.xml
[2.026s] Listing '/home/rosuser/ros2_ws/install/lbr_bringup/local/lib/python3.10/dist-packages/lbr_bringup'...
[2.026s] Compiling '/home/rosuser/ros2_ws/install/lbr_bringup/local/lib/python3.10/dist-packages/lbr_bringup/__init__.py'...
[2.026s] Compiling '/home/rosuser/ros2_ws/install/lbr_bringup/local/lib/python3.10/dist-packages/lbr_bringup/description.py'...
[2.026s] Compiling '/home/rosuser/ros2_ws/install/lbr_bringup/local/lib/python3.10/dist-packages/lbr_bringup/gazebo.py'...
[2.026s] Compiling '/home/rosuser/ros2_ws/install/lbr_bringup/local/lib/python3.10/dist-packages/lbr_bringup/moveit.py'...
[2.026s] Compiling '/home/rosuser/ros2_ws/install/lbr_bringup/local/lib/python3.10/dist-packages/lbr_bringup/ros2_control.py'...
[2.027s] Compiling '/home/rosuser/ros2_ws/install/lbr_bringup/local/lib/python3.10/dist-packages/lbr_bringup/rviz.py'...
[2.037s] Invoked command in '/home/rosuser/ros2_ws/build/lbr_bringup' returned '0': AMENT_PREFIX_PATH=/home/rosuser/ros2_ws/install/lbr_ros2_control:/home/rosuser/ros2_ws/install/lbr_fri_ros2:/home/rosuser/ros2_ws/install/lbr_fri_idl:/home/rosuser/ros2_ws/install/lbr_description:${AMENT_PREFIX_PATH} CMAKE_PREFIX_PATH=/home/rosuser/ros2_ws/install/lbr_ros2_control:/home/rosuser/ros2_ws/install/lbr_fri_ros2:/home/rosuser/ros2_ws/install/lbr_fri_idl:/home/rosuser/ros2_ws/install/lbr_description:/home/rosuser/ros2_ws/install/fri_client_sdk:/opt/ros/humble LD_LIBRARY_PATH=/home/rosuser/ros2_ws/install/lbr_ros2_control/lib:/home/rosuser/ros2_ws/install/lbr_fri_ros2/lib:/home/rosuser/ros2_ws/install/lbr_fri_idl/lib:/home/rosuser/ros2_ws/install/fri_client_sdk/lib:${LD_LIBRARY_PATH} PKG_CONFIG_PATH=/home/rosuser/ros2_ws/install/fri_client_sdk/lib/x86_64-linux-gnu/pkgconfig:/home/rosuser/ros2_ws/install/fri_client_sdk/lib/pkgconfig PYTHONPATH=/home/rosuser/ros2_ws/install/lbr_fri_idl/local/lib/python3.10/dist-packages:${PYTHONPATH} /usr/bin/cmake --install /home/rosuser/ros2_ws/build/lbr_bringup
