[0.024s] Invoking command in '/home/rosuser/ros2_ws/build/med14_moveit_config': AMENT_PREFIX_PATH=/home/rosuser/ros2_ws/install/lbr_description:${AMENT_PREFIX_PATH} CMAKE_PREFIX_PATH=/home/rosuser/ros2_ws/install/lbr_description:/opt/ros/humble /usr/bin/cmake /home/rosuser/ros2_ws/src/lbr_fri_ros2_stack/lbr_moveit_config/med14_moveit_config -DAMENT_CMAKE_SYMLINK_INSTALL=1 -DCMAKE_INSTALL_PREFIX=/home/rosuser/ros2_ws/install/med14_moveit_config
[0.182s] -- The C compiler identification is GNU 11.4.0
[0.342s] -- The CXX compiler identification is GNU 11.4.0
[0.362s] -- Detecting C compiler ABI info
[0.550s] -- Detecting C compiler ABI info - done
[0.582s] -- Check for working C compiler: /usr/bin/cc - skipped
[0.582s] -- Detecting C compile features
[0.582s] -- Detecting C compile features - done
[0.590s] -- Detecting CXX compiler ABI info
[0.819s] -- Detecting CXX compiler ABI info - done
[0.840s] -- Check for working CXX compiler: /usr/bin/c++ - skipped
[0.841s] -- Detecting CXX compile features
[0.841s] -- Detecting CXX compile features - done
[0.847s] -- Found ament_cmake: 1.3.11 (/opt/ros/humble/share/ament_cmake/cmake)
[1.298s] -- Found Python3: /usr/bin/python3 (found version "3.10.12") found components: Interpreter 
[1.494s] -- Override CMake install command with custom implementation using symlinks instead of copying resources
[1.763s] -- Configuring done
[1.772s] -- Generating done
[1.774s] -- Build files have been written to: /home/rosuser/ros2_ws/build/med14_moveit_config
[1.791s] Invoked command in '/home/rosuser/ros2_ws/build/med14_moveit_config' returned '0': AMENT_PREFIX_PATH=/home/rosuser/ros2_ws/install/lbr_description:${AMENT_PREFIX_PATH} CMAKE_PREFIX_PATH=/home/rosuser/ros2_ws/install/lbr_description:/opt/ros/humble /usr/bin/cmake /home/rosuser/ros2_ws/src/lbr_fri_ros2_stack/lbr_moveit_config/med14_moveit_config -DAMENT_CMAKE_SYMLINK_INSTALL=1 -DCMAKE_INSTALL_PREFIX=/home/rosuser/ros2_ws/install/med14_moveit_config
[1.792s] Invoking command in '/home/rosuser/ros2_ws/build/med14_moveit_config': AMENT_PREFIX_PATH=/home/rosuser/ros2_ws/install/lbr_description:${AMENT_PREFIX_PATH} CMAKE_PREFIX_PATH=/home/rosuser/ros2_ws/install/lbr_description:/opt/ros/humble /usr/bin/cmake --build /home/rosuser/ros2_ws/build/med14_moveit_config -- -j4 -l4
[1.897s] Invoked command in '/home/rosuser/ros2_ws/build/med14_moveit_config' returned '0': AMENT_PREFIX_PATH=/home/rosuser/ros2_ws/install/lbr_description:${AMENT_PREFIX_PATH} CMAKE_PREFIX_PATH=/home/rosuser/ros2_ws/install/lbr_description:/opt/ros/humble /usr/bin/cmake --build /home/rosuser/ros2_ws/build/med14_moveit_config -- -j4 -l4
[1.904s] Invoking command in '/home/rosuser/ros2_ws/build/med14_moveit_config': AMENT_PREFIX_PATH=/home/rosuser/ros2_ws/install/lbr_description:${AMENT_PREFIX_PATH} CMAKE_PREFIX_PATH=/home/rosuser/ros2_ws/install/lbr_description:/opt/ros/humble /usr/bin/cmake --install /home/rosuser/ros2_ws/build/med14_moveit_config
[1.924s] -- Install configuration: ""
[1.924s] -- Execute custom install script
[1.924s] -- Symlinking: /home/rosuser/ros2_ws/install/med14_moveit_config/share/ament_index/resource_index/package_run_dependencies/med14_moveit_config
[1.943s] -- Symlinking: /home/rosuser/ros2_ws/install/med14_moveit_config/share/ament_index/resource_index/parent_prefix_path/med14_moveit_config
[1.965s] -- Symlinking: /home/rosuser/ros2_ws/install/med14_moveit_config/share/med14_moveit_config/environment/ament_prefix_path.sh
[1.988s] -- Symlinking: /home/rosuser/ros2_ws/install/med14_moveit_config/share/med14_moveit_config/environment/ament_prefix_path.dsv
[2.011s] -- Symlinking: /home/rosuser/ros2_ws/install/med14_moveit_config/share/med14_moveit_config/environment/path.sh
[2.045s] -- Symlinking: /home/rosuser/ros2_ws/install/med14_moveit_config/share/med14_moveit_config/environment/path.dsv
[2.060s] -- Symlinking: /home/rosuser/ros2_ws/install/med14_moveit_config/share/med14_moveit_config/local_setup.bash
[2.080s] -- Symlinking: /home/rosuser/ros2_ws/install/med14_moveit_config/share/med14_moveit_config/local_setup.sh
[2.113s] -- Symlinking: /home/rosuser/ros2_ws/install/med14_moveit_config/share/med14_moveit_config/local_setup.zsh
[2.131s] -- Symlinking: /home/rosuser/ros2_ws/install/med14_moveit_config/share/med14_moveit_config/local_setup.dsv
[2.153s] -- Symlinking: /home/rosuser/ros2_ws/install/med14_moveit_config/share/med14_moveit_config/package.dsv
[2.177s] -- Symlinking: /home/rosuser/ros2_ws/install/med14_moveit_config/share/ament_index/resource_index/packages/med14_moveit_config
[2.207s] -- Symlinking: /home/rosuser/ros2_ws/install/med14_moveit_config/share/med14_moveit_config/cmake/med14_moveit_configConfig.cmake
[2.234s] -- Symlinking: /home/rosuser/ros2_ws/install/med14_moveit_config/share/med14_moveit_config/cmake/med14_moveit_configConfig-version.cmake
[2.258s] -- Symlinking: /home/rosuser/ros2_ws/install/med14_moveit_config/share/med14_moveit_config/package.xml
[2.284s] -- Symlinking: /home/rosuser/ros2_ws/install/med14_moveit_config/share/med14_moveit_config/launch/move_group.launch.py
[2.307s] -- Symlinking: /home/rosuser/ros2_ws/install/med14_moveit_config/share/med14_moveit_config/launch/moveit_rviz.launch.py
[2.330s] -- Symlinking: /home/rosuser/ros2_ws/install/med14_moveit_config/share/med14_moveit_config/launch/setup_assistant.launch.py
[2.355s] -- Symlinking: /home/rosuser/ros2_ws/install/med14_moveit_config/share/med14_moveit_config/config/joint_limits.yaml
[2.376s] -- Symlinking: /home/rosuser/ros2_ws/install/med14_moveit_config/share/med14_moveit_config/config/kinematics.yaml
[2.402s] -- Symlinking: /home/rosuser/ros2_ws/install/med14_moveit_config/share/med14_moveit_config/config/med14.srdf
[2.424s] -- Symlinking: /home/rosuser/ros2_ws/install/med14_moveit_config/share/med14_moveit_config/config/moveit.rviz
[2.446s] -- Symlinking: /home/rosuser/ros2_ws/install/med14_moveit_config/share/med14_moveit_config/config/moveit_controllers.yaml
[2.468s] -- Symlinking: /home/rosuser/ros2_ws/install/med14_moveit_config/share/med14_moveit_config/config/pilz_cartesian_limits.yaml
[2.492s] -- Symlinking: /home/rosuser/ros2_ws/install/med14_moveit_config/share/med14_moveit_config/.setup_assistant
[2.524s] Invoked command in '/home/rosuser/ros2_ws/build/med14_moveit_config' returned '0': AMENT_PREFIX_PATH=/home/rosuser/ros2_ws/install/lbr_description:${AMENT_PREFIX_PATH} CMAKE_PREFIX_PATH=/home/rosuser/ros2_ws/install/lbr_description:/opt/ros/humble /usr/bin/cmake --install /home/rosuser/ros2_ws/build/med14_moveit_config
