[0.112s] Invoking command in '/home/rosuser/ros2_ws/build/lbr_ros2_control': CMAKE_PREFIX_PATH=/home/rosuser/ros2_ws/install/lbr_fri_ros2:/home/rosuser/ros2_ws/install/lbr_fri_idl:/home/rosuser/ros2_ws/install/lbr_description:/home/rosuser/ros2_ws/install/fri_client_sdk:/home/rosuser/mocap4r2_ws/install/rqt_mocap4r2_control:/home/rosuser/mocap4r2_ws/install/mocap4r2_robot_gt:/home/rosuser/mocap4r2_ws/install/mocap4r2_robot_gt_msgs:/home/rosuser/mocap4r2_ws/install/mocap4r2_optitrack_driver:/home/rosuser/mocap4r2_ws/install/mocap4r2_marker_viz:/home/rosuser/mocap4r2_ws/install/mocap4r2_marker_publisher:/home/rosuser/mocap4r2_ws/install/mocap4r2_dummy_driver:/home/rosuser/mocap4r2_ws/install/mocap4r2_msgs:/home/rosuser/mocap4r2_ws/install/mocap4r2_marker_viz_srvs:/home/rosuser/mocap4r2_ws/install/mocap4r2_control:/home/rosuser/mocap4r2_ws/install/mocap4r2_control_msgs:/home/rosuser/opti_track/install/optitrack_wrapper_ros2:/home/rosuser/opti_track/install/optitrack_multiplexer_ros2:/home/rosuser/opti_track/install/optitrack_multiplexer_ros2_msgs:/home/rosuser/opti_track/install/optitrack_wrapper_ros2_msgs:/home/rosuser/ros2_ws/install/med7_moveit_config:/home/rosuser/ros2_ws/install/med14_moveit_config:/home/rosuser/ros2_ws/install/lbr_fri_ros2_stack:/home/rosuser/ros2_ws/install/lbr_demos_cpp:/home/rosuser/ros2_ws/install/lbr_bringup:/home/rosuser/ros2_ws/install/lbr_ros2_control:/home/rosuser/ros2_ws/install/lbr_moveit_cpp:/home/rosuser/ros2_ws/install/lbr_demos_advanced_cpp:/home/rosuser/ros2_ws/install/iiwa7_moveit_config:/home/rosuser/ros2_ws/install/iiwa14_moveit_config:/home/rosuser/ros2_ws/install/impedance_controller:/home/rosuser/ros2_ws/install/iiwa_moveit2:/home/rosuser/ros2_ws/install/iiwa_hardware:/home/rosuser/ros2_ws/install/iiwa_bringup:/home/rosuser/ros2_ws/install/iiwa_description:/home/rosuser/ros2_ws/install/external_torque_sensor_broadcaster:/home/rosuser/mocap4r2_ws/install/mocap4r2cli:/home/rosuser/ros2_ws/install/lbr_demos_py:/home/rosuser/ros2_ws/install/lbr_moveit:/home/rosuser/ros2_ws/install/lbr_demos_advanced_py:/opt/ros/humble LD_LIBRARY_PATH=/home/rosuser/ros2_ws/install/lbr_fri_ros2/lib:/home/rosuser/ros2_ws/install/lbr_fri_idl/lib:/home/rosuser/ros2_ws/install/fri_client_sdk/lib:/home/rosuser/mocap4r2_ws/install/rqt_mocap4r2_control/lib:/home/rosuser/mocap4r2_ws/install/mocap4r2_robot_gt/lib:/home/rosuser/mocap4r2_ws/install/mocap4r2_robot_gt_msgs/lib:/home/rosuser/mocap4r2_ws/install/mocap4r2_optitrack_driver/lib:/home/rosuser/mocap4r2_ws/install/mocap4r2_msgs/lib:/home/rosuser/mocap4r2_ws/install/mocap4r2_marker_viz_srvs/lib:/home/rosuser/mocap4r2_ws/install/mocap4r2_control/lib:/home/rosuser/mocap4r2_ws/install/mocap4r2_control_msgs/lib:/home/rosuser/opti_track/install/optitrack_wrapper_ros2/lib:/home/rosuser/opti_track/install/optitrack_multiplexer_ros2_msgs/lib:/home/rosuser/opti_track/install/optitrack_wrapper_ros2_msgs/lib:/home/rosuser/ros2_ws/install/lbr_ros2_control/lib:/home/rosuser/ros2_ws/install/lbr_demos_advanced_cpp/lib:/home/rosuser/ros2_ws/install/impedance_controller/lib:/home/rosuser/ros2_ws/install/iiwa_moveit2/lib:/home/rosuser/ros2_ws/install/iiwa_hardware/lib:/home/rosuser/ros2_ws/install/external_torque_sensor_broadcaster/lib:/opt/ros/humble/opt/rviz_ogre_vendor/lib:/opt/ros/humble/lib/x86_64-linux-gnu:/opt/ros/humble/lib /usr/bin/cmake --build /home/rosuser/ros2_ws/build/lbr_ros2_control -- -j4 -l4
[1.536s] -- Found ament_cmake: 1.3.11 (/opt/ros/humble/share/ament_cmake/cmake)
[1.536s] -- Override CMake install command with custom implementation using symlinks instead of copying resources
[1.536s] -- Found controller_interface: 2.50.0 (/opt/ros/humble/share/controller_interface/cmake)
[1.536s] -- Found rosidl_generator_c: 3.1.6 (/opt/ros/humble/share/rosidl_generator_c/cmake)
[1.536s] -- Found rosidl_adapter: 3.1.6 (/opt/ros/humble/share/rosidl_adapter/cmake)
[1.536s] -- Found rosidl_generator_cpp: 3.1.6 (/opt/ros/humble/share/rosidl_generator_cpp/cmake)
[1.536s] -- Using all available rosidl_typesupport_c: rosidl_typesupport_fastrtps_c;rosidl_typesupport_introspection_c
[1.537s] -- Using all available rosidl_typesupport_cpp: rosidl_typesupport_fastrtps_cpp;rosidl_typesupport_introspection_cpp
[1.537s] -- Found rmw_implementation_cmake: 6.1.2 (/opt/ros/humble/share/rmw_implementation_cmake/cmake)
[1.537s] -- Found rmw_fastrtps_cpp: 6.2.7 (/opt/ros/humble/share/rmw_fastrtps_cpp/cmake)
[1.537s] -- Found TinyXML2 via Config file: TinyXML2_DIR-NOTFOUND
[1.537s] -- Found TinyXML2 via Config file: TinyXML2_DIR-NOTFOUND
[1.537s] -- Found TinyXML2 via Config file: TinyXML2_DIR-NOTFOUND
[1.537s] -- Found TinyXML2 via Config file: TinyXML2_DIR-NOTFOUND
[1.538s] -- Using RMW implementation 'rmw_fastrtps_cpp' as default
[1.659s] -- Found eigen3_cmake_module: 0.1.1 (/opt/ros/humble/share/eigen3_cmake_module/cmake)
[1.670s] -- Found kinematics_interface: 0.3.0 (/opt/ros/humble/share/kinematics_interface/cmake)
[1.679s] -- Found lbr_fri_idl: 1.5.0 (/home/rosuser/ros2_ws/install/lbr_fri_idl/share/lbr_fri_idl/cmake)
[1.697s] -- Found lbr_fri_ros2: 2.2.1 (/home/rosuser/ros2_ws/install/lbr_fri_ros2/share/lbr_fri_ros2/cmake)
[1.707s] -- Ensuring Eigen3 include directory is part of orocos-kdl CMake target
[1.939s] -- Configuring done
[2.084s] -- Generating done
[2.090s] -- Build files have been written to: /home/rosuser/ros2_ws/build/lbr_ros2_control
[2.608s] [35m[1mConsolidate compiler generated dependencies of target lbr_ros2_control[0m
[2.830s] [ 12%] [32mBuilding CXX object CMakeFiles/lbr_ros2_control.dir/src/controllers/admittance_controller.cpp.o[0m
[12.813s] [ 25%] [32mBuilding CXX object CMakeFiles/lbr_ros2_control.dir/src/controllers/lbr_wrench_command_controller.cpp.o[0m
[27.098s] [ 37%] [32mBuilding CXX object CMakeFiles/lbr_ros2_control.dir/src/controllers/lbr_state_broadcaster.cpp.o[0m
[35.845s] [ 50%] [32mBuilding CXX object CMakeFiles/lbr_ros2_control.dir/src/controllers/twist_controller.cpp.o[0m
[52.881s] [ 62%] [32mBuilding CXX object CMakeFiles/lbr_ros2_control.dir/src/system_interface.cpp.o[0m
[62.577s] [ 75%] [32mBuilding CXX object CMakeFiles/lbr_ros2_control.dir/src/controllers/lbr_torque_command_controller.cpp.o[0m
[76.351s] [ 87%] [32mBuilding CXX object CMakeFiles/lbr_ros2_control.dir/src/controllers/lbr_joint_position_command_controller.cpp.o[0m
[89.434s] [100%] [32m[1mLinking CXX shared library liblbr_ros2_control.so[0m
[89.895s] [100%] Built target lbr_ros2_control
[89.914s] Invoked command in '/home/rosuser/ros2_ws/build/lbr_ros2_control' returned '0': CMAKE_PREFIX_PATH=/home/rosuser/ros2_ws/install/lbr_fri_ros2:/home/rosuser/ros2_ws/install/lbr_fri_idl:/home/rosuser/ros2_ws/install/lbr_description:/home/rosuser/ros2_ws/install/fri_client_sdk:/home/rosuser/mocap4r2_ws/install/rqt_mocap4r2_control:/home/rosuser/mocap4r2_ws/install/mocap4r2_robot_gt:/home/rosuser/mocap4r2_ws/install/mocap4r2_robot_gt_msgs:/home/rosuser/mocap4r2_ws/install/mocap4r2_optitrack_driver:/home/rosuser/mocap4r2_ws/install/mocap4r2_marker_viz:/home/rosuser/mocap4r2_ws/install/mocap4r2_marker_publisher:/home/rosuser/mocap4r2_ws/install/mocap4r2_dummy_driver:/home/rosuser/mocap4r2_ws/install/mocap4r2_msgs:/home/rosuser/mocap4r2_ws/install/mocap4r2_marker_viz_srvs:/home/rosuser/mocap4r2_ws/install/mocap4r2_control:/home/rosuser/mocap4r2_ws/install/mocap4r2_control_msgs:/home/rosuser/opti_track/install/optitrack_wrapper_ros2:/home/rosuser/opti_track/install/optitrack_multiplexer_ros2:/home/rosuser/opti_track/install/optitrack_multiplexer_ros2_msgs:/home/rosuser/opti_track/install/optitrack_wrapper_ros2_msgs:/home/rosuser/ros2_ws/install/med7_moveit_config:/home/rosuser/ros2_ws/install/med14_moveit_config:/home/rosuser/ros2_ws/install/lbr_fri_ros2_stack:/home/rosuser/ros2_ws/install/lbr_demos_cpp:/home/rosuser/ros2_ws/install/lbr_bringup:/home/rosuser/ros2_ws/install/lbr_ros2_control:/home/rosuser/ros2_ws/install/lbr_moveit_cpp:/home/rosuser/ros2_ws/install/lbr_demos_advanced_cpp:/home/rosuser/ros2_ws/install/iiwa7_moveit_config:/home/rosuser/ros2_ws/install/iiwa14_moveit_config:/home/rosuser/ros2_ws/install/impedance_controller:/home/rosuser/ros2_ws/install/iiwa_moveit2:/home/rosuser/ros2_ws/install/iiwa_hardware:/home/rosuser/ros2_ws/install/iiwa_bringup:/home/rosuser/ros2_ws/install/iiwa_description:/home/rosuser/ros2_ws/install/external_torque_sensor_broadcaster:/home/rosuser/mocap4r2_ws/install/mocap4r2cli:/home/rosuser/ros2_ws/install/lbr_demos_py:/home/rosuser/ros2_ws/install/lbr_moveit:/home/rosuser/ros2_ws/install/lbr_demos_advanced_py:/opt/ros/humble LD_LIBRARY_PATH=/home/rosuser/ros2_ws/install/lbr_fri_ros2/lib:/home/rosuser/ros2_ws/install/lbr_fri_idl/lib:/home/rosuser/ros2_ws/install/fri_client_sdk/lib:/home/rosuser/mocap4r2_ws/install/rqt_mocap4r2_control/lib:/home/rosuser/mocap4r2_ws/install/mocap4r2_robot_gt/lib:/home/rosuser/mocap4r2_ws/install/mocap4r2_robot_gt_msgs/lib:/home/rosuser/mocap4r2_ws/install/mocap4r2_optitrack_driver/lib:/home/rosuser/mocap4r2_ws/install/mocap4r2_msgs/lib:/home/rosuser/mocap4r2_ws/install/mocap4r2_marker_viz_srvs/lib:/home/rosuser/mocap4r2_ws/install/mocap4r2_control/lib:/home/rosuser/mocap4r2_ws/install/mocap4r2_control_msgs/lib:/home/rosuser/opti_track/install/optitrack_wrapper_ros2/lib:/home/rosuser/opti_track/install/optitrack_multiplexer_ros2_msgs/lib:/home/rosuser/opti_track/install/optitrack_wrapper_ros2_msgs/lib:/home/rosuser/ros2_ws/install/lbr_ros2_control/lib:/home/rosuser/ros2_ws/install/lbr_demos_advanced_cpp/lib:/home/rosuser/ros2_ws/install/impedance_controller/lib:/home/rosuser/ros2_ws/install/iiwa_moveit2/lib:/home/rosuser/ros2_ws/install/iiwa_hardware/lib:/home/rosuser/ros2_ws/install/external_torque_sensor_broadcaster/lib:/opt/ros/humble/opt/rviz_ogre_vendor/lib:/opt/ros/humble/lib/x86_64-linux-gnu:/opt/ros/humble/lib /usr/bin/cmake --build /home/rosuser/ros2_ws/build/lbr_ros2_control -- -j4 -l4
[89.937s] Invoking command in '/home/rosuser/ros2_ws/build/lbr_ros2_control': CMAKE_PREFIX_PATH=/home/rosuser/ros2_ws/install/lbr_fri_ros2:/home/rosuser/ros2_ws/install/lbr_fri_idl:/home/rosuser/ros2_ws/install/lbr_description:/home/rosuser/ros2_ws/install/fri_client_sdk:/home/rosuser/mocap4r2_ws/install/rqt_mocap4r2_control:/home/rosuser/mocap4r2_ws/install/mocap4r2_robot_gt:/home/rosuser/mocap4r2_ws/install/mocap4r2_robot_gt_msgs:/home/rosuser/mocap4r2_ws/install/mocap4r2_optitrack_driver:/home/rosuser/mocap4r2_ws/install/mocap4r2_marker_viz:/home/rosuser/mocap4r2_ws/install/mocap4r2_marker_publisher:/home/rosuser/mocap4r2_ws/install/mocap4r2_dummy_driver:/home/rosuser/mocap4r2_ws/install/mocap4r2_msgs:/home/rosuser/mocap4r2_ws/install/mocap4r2_marker_viz_srvs:/home/rosuser/mocap4r2_ws/install/mocap4r2_control:/home/rosuser/mocap4r2_ws/install/mocap4r2_control_msgs:/home/rosuser/opti_track/install/optitrack_wrapper_ros2:/home/rosuser/opti_track/install/optitrack_multiplexer_ros2:/home/rosuser/opti_track/install/optitrack_multiplexer_ros2_msgs:/home/rosuser/opti_track/install/optitrack_wrapper_ros2_msgs:/home/rosuser/ros2_ws/install/med7_moveit_config:/home/rosuser/ros2_ws/install/med14_moveit_config:/home/rosuser/ros2_ws/install/lbr_fri_ros2_stack:/home/rosuser/ros2_ws/install/lbr_demos_cpp:/home/rosuser/ros2_ws/install/lbr_bringup:/home/rosuser/ros2_ws/install/lbr_ros2_control:/home/rosuser/ros2_ws/install/lbr_moveit_cpp:/home/rosuser/ros2_ws/install/lbr_demos_advanced_cpp:/home/rosuser/ros2_ws/install/iiwa7_moveit_config:/home/rosuser/ros2_ws/install/iiwa14_moveit_config:/home/rosuser/ros2_ws/install/impedance_controller:/home/rosuser/ros2_ws/install/iiwa_moveit2:/home/rosuser/ros2_ws/install/iiwa_hardware:/home/rosuser/ros2_ws/install/iiwa_bringup:/home/rosuser/ros2_ws/install/iiwa_description:/home/rosuser/ros2_ws/install/external_torque_sensor_broadcaster:/home/rosuser/mocap4r2_ws/install/mocap4r2cli:/home/rosuser/ros2_ws/install/lbr_demos_py:/home/rosuser/ros2_ws/install/lbr_moveit:/home/rosuser/ros2_ws/install/lbr_demos_advanced_py:/opt/ros/humble LD_LIBRARY_PATH=/home/rosuser/ros2_ws/install/lbr_fri_ros2/lib:/home/rosuser/ros2_ws/install/lbr_fri_idl/lib:/home/rosuser/ros2_ws/install/fri_client_sdk/lib:/home/rosuser/mocap4r2_ws/install/rqt_mocap4r2_control/lib:/home/rosuser/mocap4r2_ws/install/mocap4r2_robot_gt/lib:/home/rosuser/mocap4r2_ws/install/mocap4r2_robot_gt_msgs/lib:/home/rosuser/mocap4r2_ws/install/mocap4r2_optitrack_driver/lib:/home/rosuser/mocap4r2_ws/install/mocap4r2_msgs/lib:/home/rosuser/mocap4r2_ws/install/mocap4r2_marker_viz_srvs/lib:/home/rosuser/mocap4r2_ws/install/mocap4r2_control/lib:/home/rosuser/mocap4r2_ws/install/mocap4r2_control_msgs/lib:/home/rosuser/opti_track/install/optitrack_wrapper_ros2/lib:/home/rosuser/opti_track/install/optitrack_multiplexer_ros2_msgs/lib:/home/rosuser/opti_track/install/optitrack_wrapper_ros2_msgs/lib:/home/rosuser/ros2_ws/install/lbr_ros2_control/lib:/home/rosuser/ros2_ws/install/lbr_demos_advanced_cpp/lib:/home/rosuser/ros2_ws/install/impedance_controller/lib:/home/rosuser/ros2_ws/install/iiwa_moveit2/lib:/home/rosuser/ros2_ws/install/iiwa_hardware/lib:/home/rosuser/ros2_ws/install/external_torque_sensor_broadcaster/lib:/opt/ros/humble/opt/rviz_ogre_vendor/lib:/opt/ros/humble/lib/x86_64-linux-gnu:/opt/ros/humble/lib /usr/bin/cmake --install /home/rosuser/ros2_ws/build/lbr_ros2_control
[89.951s] -- Install configuration: "Release"
[89.951s] -- Execute custom install script
[89.956s] -- Up-to-date symlink: /home/rosuser/ros2_ws/install/lbr_ros2_control/share/lbr_ros2_control/plugin_description_files/controllers.xml
[89.957s] -- Up-to-date symlink: /home/rosuser/ros2_ws/install/lbr_ros2_control/share/lbr_ros2_control/plugin_description_files/system_interface.xml
[89.958s] -- Up-to-date symlink: /home/rosuser/ros2_ws/install/lbr_ros2_control/share/lbr_ros2_control/environment/library_path.sh
[89.958s] -- Up-to-date symlink: /home/rosuser/ros2_ws/install/lbr_ros2_control/share/lbr_ros2_control/environment/library_path.dsv
[89.960s] -- Up-to-date symlink: /home/rosuser/ros2_ws/install/lbr_ros2_control/include/lbr_ros2_control/controllers/admittance_controller.hpp
[89.960s] -- Up-to-date symlink: /home/rosuser/ros2_ws/install/lbr_ros2_control/include/lbr_ros2_control/controllers/lbr_joint_position_command_controller.hpp
[89.961s] -- Up-to-date symlink: /home/rosuser/ros2_ws/install/lbr_ros2_control/include/lbr_ros2_control/controllers/lbr_state_broadcaster.hpp
[89.961s] -- Up-to-date symlink: /home/rosuser/ros2_ws/install/lbr_ros2_control/include/lbr_ros2_control/controllers/lbr_torque_command_controller.hpp
[89.962s] -- Up-to-date symlink: /home/rosuser/ros2_ws/install/lbr_ros2_control/include/lbr_ros2_control/controllers/lbr_wrench_command_controller.hpp
[89.962s] -- Up-to-date symlink: /home/rosuser/ros2_ws/install/lbr_ros2_control/include/lbr_ros2_control/controllers/twist_controller.hpp
[89.963s] -- Up-to-date symlink: /home/rosuser/ros2_ws/install/lbr_ros2_control/include/lbr_ros2_control/system_interface.hpp
[89.963s] -- Up-to-date symlink: /home/rosuser/ros2_ws/install/lbr_ros2_control/include/lbr_ros2_control/system_interface_type_values.hpp
[89.963s] -- Up-to-date symlink: /home/rosuser/ros2_ws/install/lbr_ros2_control/share/ament_index/resource_index/package_run_dependencies/lbr_ros2_control
[89.964s] -- Up-to-date symlink: /home/rosuser/ros2_ws/install/lbr_ros2_control/share/ament_index/resource_index/parent_prefix_path/lbr_ros2_control
[89.965s] -- Up-to-date symlink: /home/rosuser/ros2_ws/install/lbr_ros2_control/share/lbr_ros2_control/environment/ament_prefix_path.sh
[89.965s] -- Up-to-date symlink: /home/rosuser/ros2_ws/install/lbr_ros2_control/share/lbr_ros2_control/environment/ament_prefix_path.dsv
[89.966s] -- Up-to-date symlink: /home/rosuser/ros2_ws/install/lbr_ros2_control/share/lbr_ros2_control/environment/path.sh
[89.966s] -- Up-to-date symlink: /home/rosuser/ros2_ws/install/lbr_ros2_control/share/lbr_ros2_control/environment/path.dsv
[89.967s] -- Up-to-date symlink: /home/rosuser/ros2_ws/install/lbr_ros2_control/share/lbr_ros2_control/local_setup.bash
[89.967s] -- Up-to-date symlink: /home/rosuser/ros2_ws/install/lbr_ros2_control/share/lbr_ros2_control/local_setup.sh
[89.968s] -- Up-to-date symlink: /home/rosuser/ros2_ws/install/lbr_ros2_control/share/lbr_ros2_control/local_setup.zsh
[89.968s] -- Up-to-date symlink: /home/rosuser/ros2_ws/install/lbr_ros2_control/share/lbr_ros2_control/local_setup.dsv
[89.968s] -- Symlinking: /home/rosuser/ros2_ws/install/lbr_ros2_control/share/lbr_ros2_control/package.dsv
[89.985s] -- Up-to-date symlink: /home/rosuser/ros2_ws/install/lbr_ros2_control/share/ament_index/resource_index/packages/lbr_ros2_control
[89.985s] -- Up-to-date symlink: /home/rosuser/ros2_ws/install/lbr_ros2_control/share/ament_index/resource_index/controller_interface__pluginlib__plugin/lbr_ros2_control
[89.986s] -- Up-to-date symlink: /home/rosuser/ros2_ws/install/lbr_ros2_control/share/ament_index/resource_index/hardware_interface__pluginlib__plugin/lbr_ros2_control
[89.986s] -- Up-to-date symlink: /home/rosuser/ros2_ws/install/lbr_ros2_control/share/lbr_ros2_control/cmake/ament_cmake_export_targets-extras.cmake
[89.987s] -- Up-to-date symlink: /home/rosuser/ros2_ws/install/lbr_ros2_control/share/lbr_ros2_control/cmake/ament_cmake_export_dependencies-extras.cmake
[89.987s] -- Up-to-date symlink: /home/rosuser/ros2_ws/install/lbr_ros2_control/share/lbr_ros2_control/cmake/lbr_ros2_controlConfig.cmake
[89.987s] -- Up-to-date symlink: /home/rosuser/ros2_ws/install/lbr_ros2_control/share/lbr_ros2_control/cmake/lbr_ros2_controlConfig-version.cmake
[89.988s] -- Up-to-date symlink: /home/rosuser/ros2_ws/install/lbr_ros2_control/share/lbr_ros2_control/package.xml
[90.008s] -- Installing: /home/rosuser/ros2_ws/install/lbr_ros2_control/lib/lbr_ros2_control/liblbr_ros2_control.so
[90.016s] -- Set runtime path of "/home/rosuser/ros2_ws/install/lbr_ros2_control/lib/lbr_ros2_control/liblbr_ros2_control.so" to ""
[90.020s] -- Up-to-date: /home/rosuser/ros2_ws/install/lbr_ros2_control/share/lbr_ros2_control/cmake/lbr_ros2_control_exportExport.cmake
[90.021s] -- Up-to-date: /home/rosuser/ros2_ws/install/lbr_ros2_control/share/lbr_ros2_control/cmake/lbr_ros2_control_exportExport-release.cmake
[90.026s] Invoked command in '/home/rosuser/ros2_ws/build/lbr_ros2_control' returned '0': CMAKE_PREFIX_PATH=/home/rosuser/ros2_ws/install/lbr_fri_ros2:/home/rosuser/ros2_ws/install/lbr_fri_idl:/home/rosuser/ros2_ws/install/lbr_description:/home/rosuser/ros2_ws/install/fri_client_sdk:/home/rosuser/mocap4r2_ws/install/rqt_mocap4r2_control:/home/rosuser/mocap4r2_ws/install/mocap4r2_robot_gt:/home/rosuser/mocap4r2_ws/install/mocap4r2_robot_gt_msgs:/home/rosuser/mocap4r2_ws/install/mocap4r2_optitrack_driver:/home/rosuser/mocap4r2_ws/install/mocap4r2_marker_viz:/home/rosuser/mocap4r2_ws/install/mocap4r2_marker_publisher:/home/rosuser/mocap4r2_ws/install/mocap4r2_dummy_driver:/home/rosuser/mocap4r2_ws/install/mocap4r2_msgs:/home/rosuser/mocap4r2_ws/install/mocap4r2_marker_viz_srvs:/home/rosuser/mocap4r2_ws/install/mocap4r2_control:/home/rosuser/mocap4r2_ws/install/mocap4r2_control_msgs:/home/rosuser/opti_track/install/optitrack_wrapper_ros2:/home/rosuser/opti_track/install/optitrack_multiplexer_ros2:/home/rosuser/opti_track/install/optitrack_multiplexer_ros2_msgs:/home/rosuser/opti_track/install/optitrack_wrapper_ros2_msgs:/home/rosuser/ros2_ws/install/med7_moveit_config:/home/rosuser/ros2_ws/install/med14_moveit_config:/home/rosuser/ros2_ws/install/lbr_fri_ros2_stack:/home/rosuser/ros2_ws/install/lbr_demos_cpp:/home/rosuser/ros2_ws/install/lbr_bringup:/home/rosuser/ros2_ws/install/lbr_ros2_control:/home/rosuser/ros2_ws/install/lbr_moveit_cpp:/home/rosuser/ros2_ws/install/lbr_demos_advanced_cpp:/home/rosuser/ros2_ws/install/iiwa7_moveit_config:/home/rosuser/ros2_ws/install/iiwa14_moveit_config:/home/rosuser/ros2_ws/install/impedance_controller:/home/rosuser/ros2_ws/install/iiwa_moveit2:/home/rosuser/ros2_ws/install/iiwa_hardware:/home/rosuser/ros2_ws/install/iiwa_bringup:/home/rosuser/ros2_ws/install/iiwa_description:/home/rosuser/ros2_ws/install/external_torque_sensor_broadcaster:/home/rosuser/mocap4r2_ws/install/mocap4r2cli:/home/rosuser/ros2_ws/install/lbr_demos_py:/home/rosuser/ros2_ws/install/lbr_moveit:/home/rosuser/ros2_ws/install/lbr_demos_advanced_py:/opt/ros/humble LD_LIBRARY_PATH=/home/rosuser/ros2_ws/install/lbr_fri_ros2/lib:/home/rosuser/ros2_ws/install/lbr_fri_idl/lib:/home/rosuser/ros2_ws/install/fri_client_sdk/lib:/home/rosuser/mocap4r2_ws/install/rqt_mocap4r2_control/lib:/home/rosuser/mocap4r2_ws/install/mocap4r2_robot_gt/lib:/home/rosuser/mocap4r2_ws/install/mocap4r2_robot_gt_msgs/lib:/home/rosuser/mocap4r2_ws/install/mocap4r2_optitrack_driver/lib:/home/rosuser/mocap4r2_ws/install/mocap4r2_msgs/lib:/home/rosuser/mocap4r2_ws/install/mocap4r2_marker_viz_srvs/lib:/home/rosuser/mocap4r2_ws/install/mocap4r2_control/lib:/home/rosuser/mocap4r2_ws/install/mocap4r2_control_msgs/lib:/home/rosuser/opti_track/install/optitrack_wrapper_ros2/lib:/home/rosuser/opti_track/install/optitrack_multiplexer_ros2_msgs/lib:/home/rosuser/opti_track/install/optitrack_wrapper_ros2_msgs/lib:/home/rosuser/ros2_ws/install/lbr_ros2_control/lib:/home/rosuser/ros2_ws/install/lbr_demos_advanced_cpp/lib:/home/rosuser/ros2_ws/install/impedance_controller/lib:/home/rosuser/ros2_ws/install/iiwa_moveit2/lib:/home/rosuser/ros2_ws/install/iiwa_hardware/lib:/home/rosuser/ros2_ws/install/external_torque_sensor_broadcaster/lib:/opt/ros/humble/opt/rviz_ogre_vendor/lib:/opt/ros/humble/lib/x86_64-linux-gnu:/opt/ros/humble/lib /usr/bin/cmake --install /home/rosuser/ros2_ws/build/lbr_ros2_control
