[0.032s] Invoking command in '/home/rosuser/ros2_ws/build/impedance_controller': CMAKE_PREFIX_PATH=${CMAKE_PREFIX_PATH}:/home/rosuser/mocap4r2_ws/install/mocap4r2cli:/home/rosuser/ros2_ws/install/lbr_demos_py:/home/rosuser/ros2_ws/install/lbr_moveit:/home/rosuser/ros2_ws/install/lbr_demos_advanced_py:/opt/ros/humble /usr/bin/cmake --build /home/rosuser/ros2_ws/build/impedance_controller -- -j4 -l4
[0.241s] [100%] Built target impedance_controller
[0.657s] Invoked command in '/home/rosuser/ros2_ws/build/impedance_controller' returned '0': CMAKE_PREFIX_PATH=${CMAKE_PREFIX_PATH}:/home/rosuser/mocap4r2_ws/install/mocap4r2cli:/home/rosuser/ros2_ws/install/lbr_demos_py:/home/rosuser/ros2_ws/install/lbr_moveit:/home/rosuser/ros2_ws/install/lbr_demos_advanced_py:/opt/ros/humble /usr/bin/cmake --build /home/rosuser/ros2_ws/build/impedance_controller -- -j4 -l4
[0.660s] Invoking command in '/home/rosuser/ros2_ws/build/impedance_controller': CMAKE_PREFIX_PATH=${CMAKE_PREFIX_PATH}:/home/rosuser/mocap4r2_ws/install/mocap4r2cli:/home/rosuser/ros2_ws/install/lbr_demos_py:/home/rosuser/ros2_ws/install/lbr_moveit:/home/rosuser/ros2_ws/install/lbr_demos_advanced_py:/opt/ros/humble /usr/bin/cmake --install /home/rosuser/ros2_ws/build/impedance_controller
[0.671s] -- Install configuration: ""
[0.671s] -- Execute custom install script
[0.672s] -- Up-to-date symlink: /home/rosuser/ros2_ws/install/impedance_controller/share/impedance_controller//impedance_plugin.xml
[0.672s] -- Up-to-date symlink: /home/rosuser/ros2_ws/install/impedance_controller/include/impedance_controller/impedance_controller.hpp
[0.672s] -- Up-to-date symlink: /home/rosuser/ros2_ws/install/impedance_controller/include/impedance_controller/visibility_control.h
[0.672s] -- Up-to-date symlink: /home/rosuser/ros2_ws/install/impedance_controller/lib/libimpedance_controller.so
[0.672s] -- Up-to-date symlink: /home/rosuser/ros2_ws/install/impedance_controller/share/impedance_controller/environment/library_path.sh
[0.675s] -- Up-to-date symlink: /home/rosuser/ros2_ws/install/impedance_controller/share/impedance_controller/environment/library_path.dsv
[0.675s] -- Up-to-date symlink: /home/rosuser/ros2_ws/install/impedance_controller/share/ament_index/resource_index/package_run_dependencies/impedance_controller
[0.676s] -- Up-to-date symlink: /home/rosuser/ros2_ws/install/impedance_controller/share/ament_index/resource_index/parent_prefix_path/impedance_controller
[0.676s] -- Up-to-date symlink: /home/rosuser/ros2_ws/install/impedance_controller/share/impedance_controller/environment/ament_prefix_path.sh
[0.678s] -- Up-to-date symlink: /home/rosuser/ros2_ws/install/impedance_controller/share/impedance_controller/environment/ament_prefix_path.dsv
[0.678s] -- Up-to-date symlink: /home/rosuser/ros2_ws/install/impedance_controller/share/impedance_controller/environment/path.sh
[0.678s] -- Up-to-date symlink: /home/rosuser/ros2_ws/install/impedance_controller/share/impedance_controller/environment/path.dsv
[0.679s] -- Up-to-date symlink: /home/rosuser/ros2_ws/install/impedance_controller/share/impedance_controller/local_setup.bash
[0.679s] -- Up-to-date symlink: /home/rosuser/ros2_ws/install/impedance_controller/share/impedance_controller/local_setup.sh
[0.680s] -- Up-to-date symlink: /home/rosuser/ros2_ws/install/impedance_controller/share/impedance_controller/local_setup.zsh
[0.680s] -- Up-to-date symlink: /home/rosuser/ros2_ws/install/impedance_controller/share/impedance_controller/local_setup.dsv
[0.680s] -- Symlinking: /home/rosuser/ros2_ws/install/impedance_controller/share/impedance_controller/package.dsv
[0.722s] -- Up-to-date symlink: /home/rosuser/ros2_ws/install/impedance_controller/share/ament_index/resource_index/packages/impedance_controller
[0.722s] -- Up-to-date symlink: /home/rosuser/ros2_ws/install/impedance_controller/share/ament_index/resource_index/controller_interface__pluginlib__plugin/impedance_controller
[0.722s] -- Up-to-date symlink: /home/rosuser/ros2_ws/install/impedance_controller/share/impedance_controller/cmake/ament_cmake_export_dependencies-extras.cmake
[0.722s] -- Up-to-date symlink: /home/rosuser/ros2_ws/install/impedance_controller/share/impedance_controller/cmake/ament_cmake_export_include_directories-extras.cmake
[0.722s] -- Up-to-date symlink: /home/rosuser/ros2_ws/install/impedance_controller/share/impedance_controller/cmake/ament_cmake_export_libraries-extras.cmake
[0.723s] -- Up-to-date symlink: /home/rosuser/ros2_ws/install/impedance_controller/share/impedance_controller/cmake/impedance_controllerConfig.cmake
[0.723s] -- Up-to-date symlink: /home/rosuser/ros2_ws/install/impedance_controller/share/impedance_controller/cmake/impedance_controllerConfig-version.cmake
[0.723s] -- Up-to-date symlink: /home/rosuser/ros2_ws/install/impedance_controller/share/impedance_controller/package.xml
[0.765s] Invoked command in '/home/rosuser/ros2_ws/build/impedance_controller' returned '0': CMAKE_PREFIX_PATH=${CMAKE_PREFIX_PATH}:/home/rosuser/mocap4r2_ws/install/mocap4r2cli:/home/rosuser/ros2_ws/install/lbr_demos_py:/home/rosuser/ros2_ws/install/lbr_moveit:/home/rosuser/ros2_ws/install/lbr_demos_advanced_py:/opt/ros/humble /usr/bin/cmake --install /home/rosuser/ros2_ws/build/impedance_controller
