[0.220s] Invoking command in '/home/rosuser/ros2_ws/build/iiwa_description': CMAKE_PREFIX_PATH=/opt/ros/humble /usr/bin/cmake --build /home/rosuser/ros2_ws/build/iiwa_description -- -j4 -l4
[1.608s] Invoked command in '/home/rosuser/ros2_ws/build/iiwa_description' returned '0': CMAKE_PREFIX_PATH=/opt/ros/humble /usr/bin/cmake --build /home/rosuser/ros2_ws/build/iiwa_description -- -j4 -l4
[1.831s] Invoking command in '/home/rosuser/ros2_ws/build/iiwa_description': CMAKE_PREFIX_PATH=/opt/ros/humble /usr/bin/cmake --install /home/rosuser/ros2_ws/build/iiwa_description
[1.945s] -- Install configuration: ""
[1.947s] -- Execute custom install script
[2.180s] -- Up-to-date symlink: /home/rosuser/ros2_ws/install/iiwa_description/share/iiwa_description/urdf/iiwa.urdf.xacro
[2.229s] -- Up-to-date symlink: /home/rosuser/ros2_ws/install/iiwa_description/share/iiwa_description/meshes/flex_fellow_h800/flex_fellow_h800.dae
[2.407s] -- Up-to-date symlink: /home/rosuser/ros2_ws/install/iiwa_description/share/iiwa_description/meshes/flex_fellow_h800/flex_fellow_h800.stl
[2.471s] -- Up-to-date symlink: /home/rosuser/ros2_ws/install/iiwa_description/share/iiwa_description/meshes/lbr_iiwa_14_r820/collision/base_link.stl
[2.472s] -- Up-to-date symlink: /home/rosuser/ros2_ws/install/iiwa_description/share/iiwa_description/meshes/lbr_iiwa_14_r820/collision/link_1.stl
[2.604s] -- Up-to-date symlink: /home/rosuser/ros2_ws/install/iiwa_description/share/iiwa_description/meshes/lbr_iiwa_14_r820/collision/link_2.stl
[2.605s] -- Up-to-date symlink: /home/rosuser/ros2_ws/install/iiwa_description/share/iiwa_description/meshes/lbr_iiwa_14_r820/collision/link_3.stl
[2.605s] -- Up-to-date symlink: /home/rosuser/ros2_ws/install/iiwa_description/share/iiwa_description/meshes/lbr_iiwa_14_r820/collision/link_4.stl
[2.607s] -- Up-to-date symlink: /home/rosuser/ros2_ws/install/iiwa_description/share/iiwa_description/meshes/lbr_iiwa_14_r820/collision/link_5.stl
[2.607s] -- Up-to-date symlink: /home/rosuser/ros2_ws/install/iiwa_description/share/iiwa_description/meshes/lbr_iiwa_14_r820/collision/link_6.stl
[2.608s] -- Up-to-date symlink: /home/rosuser/ros2_ws/install/iiwa_description/share/iiwa_description/meshes/lbr_iiwa_14_r820/collision/link_7.stl
[2.609s] -- Up-to-date symlink: /home/rosuser/ros2_ws/install/iiwa_description/share/iiwa_description/meshes/lbr_iiwa_14_r820/collision/link_7_2.stl
[2.610s] -- Up-to-date symlink: /home/rosuser/ros2_ws/install/iiwa_description/share/iiwa_description/meshes/lbr_iiwa_14_r820/link_7_2.stl
[2.611s] -- Up-to-date symlink: /home/rosuser/ros2_ws/install/iiwa_description/share/iiwa_description/meshes/lbr_iiwa_14_r820/visual/base_link.dae
[2.611s] -- Up-to-date symlink: /home/rosuser/ros2_ws/install/iiwa_description/share/iiwa_description/meshes/lbr_iiwa_14_r820/visual/link_1.dae
[2.612s] -- Up-to-date symlink: /home/rosuser/ros2_ws/install/iiwa_description/share/iiwa_description/meshes/lbr_iiwa_14_r820/visual/link_2.dae
[2.613s] -- Up-to-date symlink: /home/rosuser/ros2_ws/install/iiwa_description/share/iiwa_description/meshes/lbr_iiwa_14_r820/visual/link_3.dae
[2.613s] -- Up-to-date symlink: /home/rosuser/ros2_ws/install/iiwa_description/share/iiwa_description/meshes/lbr_iiwa_14_r820/visual/link_4.dae
[2.614s] -- Up-to-date symlink: /home/rosuser/ros2_ws/install/iiwa_description/share/iiwa_description/meshes/lbr_iiwa_14_r820/visual/link_5.dae
[2.614s] -- Up-to-date symlink: /home/rosuser/ros2_ws/install/iiwa_description/share/iiwa_description/meshes/lbr_iiwa_14_r820/visual/link_6.dae
[2.614s] -- Up-to-date symlink: /home/rosuser/ros2_ws/install/iiwa_description/share/iiwa_description/meshes/lbr_iiwa_14_r820/visual/link_7.dae
[2.615s] -- Up-to-date symlink: /home/rosuser/ros2_ws/install/iiwa_description/share/iiwa_description/meshes/lbr_iiwa_14_r820/visual/link_7_2.stl
[2.616s] -- Up-to-date symlink: /home/rosuser/ros2_ws/install/iiwa_description/share/iiwa_description/gazebo/iiwa.gazebo.xacro
[2.617s] -- Up-to-date symlink: /home/rosuser/ros2_ws/install/iiwa_description/share/iiwa_description/gazebo/worlds/empty.world
[2.618s] -- Up-to-date symlink: /home/rosuser/ros2_ws/install/iiwa_description/share/iiwa_description/rviz/iiwa.rviz
[2.618s] -- Up-to-date symlink: /home/rosuser/ros2_ws/install/iiwa_description/share/iiwa_description/rviz/moveit.rviz
[2.618s] -- Up-to-date symlink: /home/rosuser/ros2_ws/install/iiwa_description/share/iiwa_description/rviz/servo_rviz_config.rviz
[2.620s] -- Up-to-date symlink: /home/rosuser/ros2_ws/install/iiwa_description/share/iiwa_description/ros2_control/iiwa.r2c_hardware.xacro
[2.621s] -- Up-to-date symlink: /home/rosuser/ros2_ws/install/iiwa_description/share/iiwa_description/ros2_control/iiwa.r2c_hw_ds.xacro
[2.622s] -- Up-to-date symlink: /home/rosuser/ros2_ws/install/iiwa_description/share/iiwa_description/config/base_frame.yaml
[2.622s] -- Up-to-date symlink: /home/rosuser/ros2_ws/install/iiwa_description/share/iiwa_description/config/iiwa.config.xacro
[2.623s] -- Up-to-date symlink: /home/rosuser/ros2_ws/install/iiwa_description/share/iiwa_description/config/iiwa_controllers.yaml
[2.623s] -- Up-to-date symlink: /home/rosuser/ros2_ws/install/iiwa_description/share/iiwa_description/config/initial_positions.yaml
[2.624s] -- Up-to-date symlink: /home/rosuser/ros2_ws/install/iiwa_description/share/iiwa_description/moveit2/iiwa_cartesian_limits.yaml
[2.624s] -- Up-to-date symlink: /home/rosuser/ros2_ws/install/iiwa_description/share/iiwa_description/moveit2/iiwa_joint_limits.yaml
[2.625s] -- Up-to-date symlink: /home/rosuser/ros2_ws/install/iiwa_description/share/iiwa_description/moveit2/iiwa_moveit2_pose_tracking_config.yaml
[2.625s] -- Up-to-date symlink: /home/rosuser/ros2_ws/install/iiwa_description/share/iiwa_description/moveit2/iiwa_moveit2_pose_tracking_settings.yaml
[2.625s] -- Up-to-date symlink: /home/rosuser/ros2_ws/install/iiwa_description/share/iiwa_description/moveit2/iiwa_moveit2_servo_config.yaml
[2.625s] -- Up-to-date symlink: /home/rosuser/ros2_ws/install/iiwa_description/share/iiwa_description/moveit2/iiwa_moveit_controller_config.yaml
[2.626s] -- Up-to-date symlink: /home/rosuser/ros2_ws/install/iiwa_description/share/iiwa_description/moveit2/kinematics.yaml
[2.626s] -- Up-to-date symlink: /home/rosuser/ros2_ws/install/iiwa_description/share/iiwa_description/moveit2/ompl_planning.yaml
[2.673s] -- Up-to-date symlink: /home/rosuser/ros2_ws/install/iiwa_description/share/iiwa_description/moveit2/planning_pipelines_config.yaml
[2.756s] -- Up-to-date symlink: /home/rosuser/ros2_ws/install/iiwa_description/share/iiwa_description/srdf/iiwa.srdf.xacro
[2.872s] -- Up-to-date symlink: /home/rosuser/ros2_ws/install/iiwa_description/share/iiwa_description/srdf/iiwa_macro.srdf.xacro
[2.873s] -- Up-to-date symlink: /home/rosuser/ros2_ws/install/iiwa_description/share/iiwa_description/environment/iiwa_description.sh
[3.031s] -- Up-to-date symlink: /home/rosuser/ros2_ws/install/iiwa_description/share/ament_index/resource_index/package_run_dependencies/iiwa_description
[3.114s] -- Up-to-date symlink: /home/rosuser/ros2_ws/install/iiwa_description/share/ament_index/resource_index/parent_prefix_path/iiwa_description
[3.215s] -- Up-to-date symlink: /home/rosuser/ros2_ws/install/iiwa_description/share/iiwa_description/environment/ament_prefix_path.sh
[3.241s] -- Up-to-date symlink: /home/rosuser/ros2_ws/install/iiwa_description/share/iiwa_description/environment/ament_prefix_path.dsv
[3.241s] -- Up-to-date symlink: /home/rosuser/ros2_ws/install/iiwa_description/share/iiwa_description/environment/path.sh
[3.241s] -- Up-to-date symlink: /home/rosuser/ros2_ws/install/iiwa_description/share/iiwa_description/environment/path.dsv
[3.273s] -- Up-to-date symlink: /home/rosuser/ros2_ws/install/iiwa_description/share/iiwa_description/local_setup.bash
[3.274s] -- Up-to-date symlink: /home/rosuser/ros2_ws/install/iiwa_description/share/iiwa_description/local_setup.sh
[3.274s] -- Up-to-date symlink: /home/rosuser/ros2_ws/install/iiwa_description/share/iiwa_description/local_setup.zsh
[3.274s] -- Up-to-date symlink: /home/rosuser/ros2_ws/install/iiwa_description/share/iiwa_description/local_setup.dsv
[3.298s] -- Symlinking: /home/rosuser/ros2_ws/install/iiwa_description/share/iiwa_description/package.dsv
[3.332s] -- Up-to-date symlink: /home/rosuser/ros2_ws/install/iiwa_description/share/ament_index/resource_index/packages/iiwa_description
[3.332s] -- Up-to-date symlink: /home/rosuser/ros2_ws/install/iiwa_description/share/iiwa_description/cmake/iiwa_descriptionConfig.cmake
[3.332s] -- Up-to-date symlink: /home/rosuser/ros2_ws/install/iiwa_description/share/iiwa_description/cmake/iiwa_descriptionConfig-version.cmake
[3.333s] -- Up-to-date symlink: /home/rosuser/ros2_ws/install/iiwa_description/share/iiwa_description/package.xml
[3.900s] Invoked command in '/home/rosuser/ros2_ws/build/iiwa_description' returned '0': CMAKE_PREFIX_PATH=/opt/ros/humble /usr/bin/cmake --install /home/rosuser/ros2_ws/build/iiwa_description
