[0.036s] Invoking command in '/home/rosuser/ros2_ws/build/fri_client_sdk': CMAKE_PREFIX_PATH=${CMAKE_PREFIX_PATH}:/home/rosuser/ros2_ws/install/lbr_demos_py:/home/rosuser/ros2_ws/install/lbr_moveit:/home/rosuser/ros2_ws/install/lbr_demos_advanced_py:/opt/ros/humble /usr/bin/cmake --build /home/rosuser/ros2_ws/build/fri_client_sdk -- -j4 -l4
[0.167s] [100%] Built target FRIClient
[0.190s] Invoked command in '/home/rosuser/ros2_ws/build/fri_client_sdk' returned '0': CMAKE_PREFIX_PATH=${CMAKE_PREFIX_PATH}:/home/rosuser/ros2_ws/install/lbr_demos_py:/home/rosuser/ros2_ws/install/lbr_moveit:/home/rosuser/ros2_ws/install/lbr_demos_advanced_py:/opt/ros/humble /usr/bin/cmake --build /home/rosuser/ros2_ws/build/fri_client_sdk -- -j4 -l4
[0.195s] Invoking command in '/home/rosuser/ros2_ws/build/fri_client_sdk': CMAKE_PREFIX_PATH=${CMAKE_PREFIX_PATH}:/home/rosuser/ros2_ws/install/lbr_demos_py:/home/rosuser/ros2_ws/install/lbr_moveit:/home/rosuser/ros2_ws/install/lbr_demos_advanced_py:/opt/ros/humble /usr/bin/cmake --install /home/rosuser/ros2_ws/build/fri_client_sdk
[0.211s] -- Install configuration: "Release"
[0.211s] -- Up-to-date: /home/rosuser/ros2_ws/install/fri_client_sdk/lib/libFRIClient.so
[0.211s] -- Up-to-date: /home/rosuser/ros2_ws/install/fri_client_sdk/include
[0.211s] -- Up-to-date: /home/rosuser/ros2_ws/install/fri_client_sdk/include/friException.h
[0.211s] -- Up-to-date: /home/rosuser/ros2_ws/install/fri_client_sdk/include/friClientApplication.h
[0.212s] -- Up-to-date: /home/rosuser/ros2_ws/install/fri_client_sdk/include/friClientVersion.h
[0.213s] -- Up-to-date: /home/rosuser/ros2_ws/install/fri_client_sdk/include/friUdpConnection.h
[0.213s] -- Up-to-date: /home/rosuser/ros2_ws/install/fri_client_sdk/include/friLBRClient.h
[0.213s] -- Up-to-date: /home/rosuser/ros2_ws/install/fri_client_sdk/include/friConnectionIf.h
[0.213s] -- Up-to-date: /home/rosuser/ros2_ws/install/fri_client_sdk/include/friClientIf.h
[0.213s] -- Up-to-date: /home/rosuser/ros2_ws/install/fri_client_sdk/include/friTransformationClient.h
[0.214s] -- Up-to-date: /home/rosuser/ros2_ws/install/fri_client_sdk/include/friLBRState.h
[0.214s] -- Up-to-date: /home/rosuser/ros2_ws/install/fri_client_sdk/include/friLBRCommand.h
[0.217s] -- Up-to-date: /home/rosuser/ros2_ws/install/fri_client_sdk/lib/cmake/FRIClient/FRIClientConfig.cmake
[0.217s] -- Up-to-date: /home/rosuser/ros2_ws/install/fri_client_sdk/lib/cmake/FRIClient/FRIClientConfig-release.cmake
[0.218s] -- Up-to-date: /home/rosuser/ros2_ws/install/fri_client_sdk/lib/cmake/FRIClient/FRIClientConfigVersion.cmake
[0.221s] Invoked command in '/home/rosuser/ros2_ws/build/fri_client_sdk' returned '0': CMAKE_PREFIX_PATH=${CMAKE_PREFIX_PATH}:/home/rosuser/ros2_ws/install/lbr_demos_py:/home/rosuser/ros2_ws/install/lbr_moveit:/home/rosuser/ros2_ws/install/lbr_demos_advanced_py:/opt/ros/humble /usr/bin/cmake --install /home/rosuser/ros2_ws/build/fri_client_sdk
