-- Found ament_cmake: 1.3.11 (/opt/ros/humble/share/ament_cmake/cmake)
-- Override CMake install command with custom implementation using symlinks instead of copying resources
-- Found rosidl_default_generators: 1.2.0 (/opt/ros/humble/share/rosidl_default_generators/cmake)
-- Using all available rosidl_typesupport_c: rosidl_typesupport_fastrtps_c;rosidl_typesupport_introspection_c
-- Found rosidl_adapter: 3.1.6 (/opt/ros/humble/share/rosidl_adapter/cmake)
-- Using all available rosidl_typesupport_cpp: rosidl_typesupport_fastrtps_cpp;rosidl_typesupport_introspection_cpp
-- Found builtin_interfaces: 1.2.1 (/opt/ros/humble/share/builtin_interfaces/cmake)
-- Found std_msgs: 4.8.0 (/opt/ros/humble/share/std_msgs/cmake)
-- Found geometry_msgs: 4.8.0 (/opt/ros/humble/share/geometry_msgs/cmake)
-- Found ament_cmake_ros: 0.10.0 (/opt/ros/humble/share/ament_cmake_ros/cmake)
-- Using all available rosidl_typesupport_c: rosidl_typesupport_fastrtps_c;rosidl_typesupport_introspection_c
-- Using all available rosidl_typesupport_cpp: rosidl_typesupport_fastrtps_cpp;rosidl_typesupport_introspection_cpp
-- Found python_cmake_module: 0.10.0 (/opt/ros/humble/share/python_cmake_module/cmake)
-- Using PYTHON_EXECUTABLE: /usr/bin/python3
-- Using PYTHON_INCLUDE_DIRS: /usr/include/python3.10
-- Using PYTHON_LIBRARIES: /usr/lib/x86_64-linux-gnu/libpython3.10.so
-- Configuring done
-- Generating done
-- Build files have been written to: /home/rosuser/ros2_ws/build/mocap4r2_msgs
[  1%] Built target mocap4r2_msgs__cpp
[  1%] Built target ament_cmake_python_symlink_mocap4r2_msgs
[35m[1mConsolidate compiler generated dependencies of target mocap4r2_msgs__rosidl_typesupport_introspection_cpp[0m
[35m[1mConsolidate compiler generated dependencies of target mocap4r2_msgs__rosidl_typesupport_cpp[0m
[35m[1mConsolidate compiler generated dependencies of target mocap4r2_msgs__rosidl_typesupport_fastrtps_cpp[0m
[35m[1mConsolidate compiler generated dependencies of target mocap4r2_msgs__rosidl_generator_c[0m
[ 23%] Built target mocap4r2_msgs__rosidl_typesupport_introspection_cpp
[ 23%] Built target mocap4r2_msgs__rosidl_generator_c
[ 34%] Built target mocap4r2_msgs__rosidl_typesupport_cpp
[ 46%] Built target mocap4r2_msgs__rosidl_typesupport_fastrtps_cpp
[35m[1mConsolidate compiler generated dependencies of target mocap4r2_msgs__rosidl_typesupport_introspection_c[0m
[ 57%] Built target mocap4r2_msgs__rosidl_typesupport_introspection_c
[35m[1mConsolidate compiler generated dependencies of target mocap4r2_msgs__rosidl_typesupport_fastrtps_c[0m
[ 68%] Built target mocap4r2_msgs__rosidl_typesupport_fastrtps_c
[35m[1mConsolidate compiler generated dependencies of target mocap4r2_msgs__rosidl_typesupport_c[0m
[ 79%] Built target mocap4r2_msgs__rosidl_typesupport_c
[ 79%] Built target mocap4r2_msgs
[ 80%] Built target mocap4r2_msgs__py
[35m[1mConsolidate compiler generated dependencies of target mocap4r2_msgs__rosidl_generator_py[0m
[ 90%] Built target mocap4r2_msgs__rosidl_generator_py
running egg_info
writing mocap4r2_msgs.egg-info/PKG-INFO
writing dependency_links to mocap4r2_msgs.egg-info/dependency_links.txt
writing top-level names to mocap4r2_msgs.egg-info/top_level.txt
reading manifest file 'mocap4r2_msgs.egg-info/SOURCES.txt'
[35m[1mConsolidate compiler generated dependencies of target mocap4r2_msgs__rosidl_typesupport_introspection_c__pyext[0m
[35m[1mConsolidate compiler generated dependencies of target mocap4r2_msgs__rosidl_typesupport_fastrtps_c__pyext[0m
[35m[1mConsolidate compiler generated dependencies of target mocap4r2_msgs__rosidl_typesupport_c__pyext[0m
[ 93%] Built target mocap4r2_msgs__rosidl_typesupport_introspection_c__pyext
writing manifest file 'mocap4r2_msgs.egg-info/SOURCES.txt'
[100%] Built target mocap4r2_msgs__rosidl_typesupport_c__pyext
[100%] Built target mocap4r2_msgs__rosidl_typesupport_fastrtps_c__pyext
[100%] Built target ament_cmake_python_build_mocap4r2_msgs_egg
-- Install configuration: ""
-- Execute custom install script
-- Up-to-date symlink: /home/rosuser/ros2_ws/install/mocap4r2_msgs/share/ament_index/resource_index/rosidl_interfaces/mocap4r2_msgs
-- Up-to-date symlink: /home/rosuser/ros2_ws/install/mocap4r2_msgs/include/mocap4r2_msgs/mocap4r2_msgs/msg/detail/imus_info__functions.h
-- Up-to-date symlink: /home/rosuser/ros2_ws/install/mocap4r2_msgs/include/mocap4r2_msgs/mocap4r2_msgs/msg/detail/imus_info__struct.h
-- Up-to-date symlink: /home/rosuser/ros2_ws/install/mocap4r2_msgs/include/mocap4r2_msgs/mocap4r2_msgs/msg/detail/imus_info__type_support.h
-- Up-to-date symlink: /home/rosuser/ros2_ws/install/mocap4r2_msgs/include/mocap4r2_msgs/mocap4r2_msgs/msg/detail/marker__functions.h
-- Up-to-date symlink: /home/rosuser/ros2_ws/install/mocap4r2_msgs/include/mocap4r2_msgs/mocap4r2_msgs/msg/detail/marker__struct.h
-- Up-to-date symlink: /home/rosuser/ros2_ws/install/mocap4r2_msgs/include/mocap4r2_msgs/mocap4r2_msgs/msg/detail/marker__type_support.h
-- Up-to-date symlink: /home/rosuser/ros2_ws/install/mocap4r2_msgs/include/mocap4r2_msgs/mocap4r2_msgs/msg/detail/markers__functions.h
-- Up-to-date symlink: /home/rosuser/ros2_ws/install/mocap4r2_msgs/include/mocap4r2_msgs/mocap4r2_msgs/msg/detail/markers__struct.h
-- Up-to-date symlink: /home/rosuser/ros2_ws/install/mocap4r2_msgs/include/mocap4r2_msgs/mocap4r2_msgs/msg/detail/markers__type_support.h
-- Up-to-date symlink: /home/rosuser/ros2_ws/install/mocap4r2_msgs/include/mocap4r2_msgs/mocap4r2_msgs/msg/detail/rigid_bodies__functions.h
-- Up-to-date symlink: /home/rosuser/ros2_ws/install/mocap4r2_msgs/include/mocap4r2_msgs/mocap4r2_msgs/msg/detail/rigid_bodies__struct.h
-- Up-to-date symlink: /home/rosuser/ros2_ws/install/mocap4r2_msgs/include/mocap4r2_msgs/mocap4r2_msgs/msg/detail/rigid_bodies__type_support.h
-- Up-to-date symlink: /home/rosuser/ros2_ws/install/mocap4r2_msgs/include/mocap4r2_msgs/mocap4r2_msgs/msg/detail/rigid_body__functions.h
-- Up-to-date symlink: /home/rosuser/ros2_ws/install/mocap4r2_msgs/include/mocap4r2_msgs/mocap4r2_msgs/msg/detail/rigid_body__struct.h
-- Up-to-date symlink: /home/rosuser/ros2_ws/install/mocap4r2_msgs/include/mocap4r2_msgs/mocap4r2_msgs/msg/detail/rigid_body__type_support.h
-- Up-to-date symlink: /home/rosuser/ros2_ws/install/mocap4r2_msgs/include/mocap4r2_msgs/mocap4r2_msgs/msg/imus_info.h
-- Up-to-date symlink: /home/rosuser/ros2_ws/install/mocap4r2_msgs/include/mocap4r2_msgs/mocap4r2_msgs/msg/marker.h
-- Up-to-date symlink: /home/rosuser/ros2_ws/install/mocap4r2_msgs/include/mocap4r2_msgs/mocap4r2_msgs/msg/markers.h
-- Up-to-date symlink: /home/rosuser/ros2_ws/install/mocap4r2_msgs/include/mocap4r2_msgs/mocap4r2_msgs/msg/rigid_bodies.h
-- Up-to-date symlink: /home/rosuser/ros2_ws/install/mocap4r2_msgs/include/mocap4r2_msgs/mocap4r2_msgs/msg/rigid_body.h
-- Up-to-date symlink: /home/rosuser/ros2_ws/install/mocap4r2_msgs/include/mocap4r2_msgs/mocap4r2_msgs/msg/rosidl_generator_c__visibility_control.h
-- Up-to-date symlink: /home/rosuser/ros2_ws/install/mocap4r2_msgs/share/mocap4r2_msgs/environment/library_path.sh
-- Up-to-date symlink: /home/rosuser/ros2_ws/install/mocap4r2_msgs/share/mocap4r2_msgs/environment/library_path.dsv
-- Up-to-date symlink: /home/rosuser/ros2_ws/install/mocap4r2_msgs/include/mocap4r2_msgs/mocap4r2_msgs/msg/detail/imus_info__rosidl_typesupport_fastrtps_c.h
-- Up-to-date symlink: /home/rosuser/ros2_ws/install/mocap4r2_msgs/include/mocap4r2_msgs/mocap4r2_msgs/msg/detail/marker__rosidl_typesupport_fastrtps_c.h
-- Up-to-date symlink: /home/rosuser/ros2_ws/install/mocap4r2_msgs/include/mocap4r2_msgs/mocap4r2_msgs/msg/detail/markers__rosidl_typesupport_fastrtps_c.h
-- Up-to-date symlink: /home/rosuser/ros2_ws/install/mocap4r2_msgs/include/mocap4r2_msgs/mocap4r2_msgs/msg/detail/rigid_bodies__rosidl_typesupport_fastrtps_c.h
-- Up-to-date symlink: /home/rosuser/ros2_ws/install/mocap4r2_msgs/include/mocap4r2_msgs/mocap4r2_msgs/msg/detail/rigid_body__rosidl_typesupport_fastrtps_c.h
-- Up-to-date symlink: /home/rosuser/ros2_ws/install/mocap4r2_msgs/include/mocap4r2_msgs/mocap4r2_msgs/msg/rosidl_typesupport_fastrtps_c__visibility_control.h
-- Up-to-date symlink: /home/rosuser/ros2_ws/install/mocap4r2_msgs/include/mocap4r2_msgs/mocap4r2_msgs/msg/detail/imus_info__rosidl_typesupport_introspection_c.h
-- Up-to-date symlink: /home/rosuser/ros2_ws/install/mocap4r2_msgs/include/mocap4r2_msgs/mocap4r2_msgs/msg/detail/marker__rosidl_typesupport_introspection_c.h
-- Up-to-date symlink: /home/rosuser/ros2_ws/install/mocap4r2_msgs/include/mocap4r2_msgs/mocap4r2_msgs/msg/detail/markers__rosidl_typesupport_introspection_c.h
-- Up-to-date symlink: /home/rosuser/ros2_ws/install/mocap4r2_msgs/include/mocap4r2_msgs/mocap4r2_msgs/msg/detail/rigid_bodies__rosidl_typesupport_introspection_c.h
-- Up-to-date symlink: /home/rosuser/ros2_ws/install/mocap4r2_msgs/include/mocap4r2_msgs/mocap4r2_msgs/msg/detail/rigid_body__rosidl_typesupport_introspection_c.h
-- Up-to-date symlink: /home/rosuser/ros2_ws/install/mocap4r2_msgs/include/mocap4r2_msgs/mocap4r2_msgs/msg/rosidl_typesupport_introspection_c__visibility_control.h
-- Up-to-date symlink: /home/rosuser/ros2_ws/install/mocap4r2_msgs/include/mocap4r2_msgs/mocap4r2_msgs/msg/detail/imus_info__builder.hpp
-- Up-to-date symlink: /home/rosuser/ros2_ws/install/mocap4r2_msgs/include/mocap4r2_msgs/mocap4r2_msgs/msg/detail/imus_info__struct.hpp
-- Up-to-date symlink: /home/rosuser/ros2_ws/install/mocap4r2_msgs/include/mocap4r2_msgs/mocap4r2_msgs/msg/detail/imus_info__traits.hpp
-- Up-to-date symlink: /home/rosuser/ros2_ws/install/mocap4r2_msgs/include/mocap4r2_msgs/mocap4r2_msgs/msg/detail/imus_info__type_support.hpp
-- Up-to-date symlink: /home/rosuser/ros2_ws/install/mocap4r2_msgs/include/mocap4r2_msgs/mocap4r2_msgs/msg/detail/marker__builder.hpp
-- Up-to-date symlink: /home/rosuser/ros2_ws/install/mocap4r2_msgs/include/mocap4r2_msgs/mocap4r2_msgs/msg/detail/marker__struct.hpp
-- Up-to-date symlink: /home/rosuser/ros2_ws/install/mocap4r2_msgs/include/mocap4r2_msgs/mocap4r2_msgs/msg/detail/marker__traits.hpp
-- Up-to-date symlink: /home/rosuser/ros2_ws/install/mocap4r2_msgs/include/mocap4r2_msgs/mocap4r2_msgs/msg/detail/marker__type_support.hpp
-- Up-to-date symlink: /home/rosuser/ros2_ws/install/mocap4r2_msgs/include/mocap4r2_msgs/mocap4r2_msgs/msg/detail/markers__builder.hpp
-- Up-to-date symlink: /home/rosuser/ros2_ws/install/mocap4r2_msgs/include/mocap4r2_msgs/mocap4r2_msgs/msg/detail/markers__struct.hpp
-- Up-to-date symlink: /home/rosuser/ros2_ws/install/mocap4r2_msgs/include/mocap4r2_msgs/mocap4r2_msgs/msg/detail/markers__traits.hpp
-- Up-to-date symlink: /home/rosuser/ros2_ws/install/mocap4r2_msgs/include/mocap4r2_msgs/mocap4r2_msgs/msg/detail/markers__type_support.hpp
-- Up-to-date symlink: /home/rosuser/ros2_ws/install/mocap4r2_msgs/include/mocap4r2_msgs/mocap4r2_msgs/msg/detail/rigid_bodies__builder.hpp
-- Up-to-date symlink: /home/rosuser/ros2_ws/install/mocap4r2_msgs/include/mocap4r2_msgs/mocap4r2_msgs/msg/detail/rigid_bodies__struct.hpp
-- Up-to-date symlink: /home/rosuser/ros2_ws/install/mocap4r2_msgs/include/mocap4r2_msgs/mocap4r2_msgs/msg/detail/rigid_bodies__traits.hpp
-- Up-to-date symlink: /home/rosuser/ros2_ws/install/mocap4r2_msgs/include/mocap4r2_msgs/mocap4r2_msgs/msg/detail/rigid_bodies__type_support.hpp
-- Up-to-date symlink: /home/rosuser/ros2_ws/install/mocap4r2_msgs/include/mocap4r2_msgs/mocap4r2_msgs/msg/detail/rigid_body__builder.hpp
-- Up-to-date symlink: /home/rosuser/ros2_ws/install/mocap4r2_msgs/include/mocap4r2_msgs/mocap4r2_msgs/msg/detail/rigid_body__struct.hpp
-- Up-to-date symlink: /home/rosuser/ros2_ws/install/mocap4r2_msgs/include/mocap4r2_msgs/mocap4r2_msgs/msg/detail/rigid_body__traits.hpp
-- Up-to-date symlink: /home/rosuser/ros2_ws/install/mocap4r2_msgs/include/mocap4r2_msgs/mocap4r2_msgs/msg/detail/rigid_body__type_support.hpp
-- Up-to-date symlink: /home/rosuser/ros2_ws/install/mocap4r2_msgs/include/mocap4r2_msgs/mocap4r2_msgs/msg/imus_info.hpp
-- Up-to-date symlink: /home/rosuser/ros2_ws/install/mocap4r2_msgs/include/mocap4r2_msgs/mocap4r2_msgs/msg/marker.hpp
-- Up-to-date symlink: /home/rosuser/ros2_ws/install/mocap4r2_msgs/include/mocap4r2_msgs/mocap4r2_msgs/msg/markers.hpp
-- Up-to-date symlink: /home/rosuser/ros2_ws/install/mocap4r2_msgs/include/mocap4r2_msgs/mocap4r2_msgs/msg/rigid_bodies.hpp
-- Up-to-date symlink: /home/rosuser/ros2_ws/install/mocap4r2_msgs/include/mocap4r2_msgs/mocap4r2_msgs/msg/rigid_body.hpp
-- Up-to-date symlink: /home/rosuser/ros2_ws/install/mocap4r2_msgs/include/mocap4r2_msgs/mocap4r2_msgs/msg/rosidl_generator_cpp__visibility_control.hpp
-- Up-to-date symlink: /home/rosuser/ros2_ws/install/mocap4r2_msgs/include/mocap4r2_msgs/mocap4r2_msgs/msg/detail/imus_info__rosidl_typesupport_fastrtps_cpp.hpp
-- Up-to-date symlink: /home/rosuser/ros2_ws/install/mocap4r2_msgs/include/mocap4r2_msgs/mocap4r2_msgs/msg/detail/marker__rosidl_typesupport_fastrtps_cpp.hpp
-- Up-to-date symlink: /home/rosuser/ros2_ws/install/mocap4r2_msgs/include/mocap4r2_msgs/mocap4r2_msgs/msg/detail/markers__rosidl_typesupport_fastrtps_cpp.hpp
-- Up-to-date symlink: /home/rosuser/ros2_ws/install/mocap4r2_msgs/include/mocap4r2_msgs/mocap4r2_msgs/msg/detail/rigid_bodies__rosidl_typesupport_fastrtps_cpp.hpp
-- Up-to-date symlink: /home/rosuser/ros2_ws/install/mocap4r2_msgs/include/mocap4r2_msgs/mocap4r2_msgs/msg/detail/rigid_body__rosidl_typesupport_fastrtps_cpp.hpp
-- Up-to-date symlink: /home/rosuser/ros2_ws/install/mocap4r2_msgs/include/mocap4r2_msgs/mocap4r2_msgs/msg/rosidl_typesupport_fastrtps_cpp__visibility_control.h
-- Up-to-date symlink: /home/rosuser/ros2_ws/install/mocap4r2_msgs/include/mocap4r2_msgs/mocap4r2_msgs/msg/detail/imus_info__rosidl_typesupport_introspection_cpp.hpp
-- Up-to-date symlink: /home/rosuser/ros2_ws/install/mocap4r2_msgs/include/mocap4r2_msgs/mocap4r2_msgs/msg/detail/marker__rosidl_typesupport_introspection_cpp.hpp
-- Up-to-date symlink: /home/rosuser/ros2_ws/install/mocap4r2_msgs/include/mocap4r2_msgs/mocap4r2_msgs/msg/detail/markers__rosidl_typesupport_introspection_cpp.hpp
-- Up-to-date symlink: /home/rosuser/ros2_ws/install/mocap4r2_msgs/include/mocap4r2_msgs/mocap4r2_msgs/msg/detail/rigid_bodies__rosidl_typesupport_introspection_cpp.hpp
-- Up-to-date symlink: /home/rosuser/ros2_ws/install/mocap4r2_msgs/include/mocap4r2_msgs/mocap4r2_msgs/msg/detail/rigid_body__rosidl_typesupport_introspection_cpp.hpp
-- Up-to-date symlink: /home/rosuser/ros2_ws/install/mocap4r2_msgs/share/mocap4r2_msgs/environment/pythonpath.sh
-- Up-to-date symlink: /home/rosuser/ros2_ws/install/mocap4r2_msgs/share/mocap4r2_msgs/environment/pythonpath.dsv
-- Up-to-date symlink: /home/rosuser/ros2_ws/install/mocap4r2_msgs/local/lib/python3.10/dist-packages/mocap4r2_msgs-0.0.3-py3.10.egg-info/PKG-INFO
-- Up-to-date symlink: /home/rosuser/ros2_ws/install/mocap4r2_msgs/local/lib/python3.10/dist-packages/mocap4r2_msgs-0.0.3-py3.10.egg-info/SOURCES.txt
-- Up-to-date symlink: /home/rosuser/ros2_ws/install/mocap4r2_msgs/local/lib/python3.10/dist-packages/mocap4r2_msgs-0.0.3-py3.10.egg-info/dependency_links.txt
-- Up-to-date symlink: /home/rosuser/ros2_ws/install/mocap4r2_msgs/local/lib/python3.10/dist-packages/mocap4r2_msgs-0.0.3-py3.10.egg-info/top_level.txt
-- Up-to-date symlink: /home/rosuser/ros2_ws/install/mocap4r2_msgs/local/lib/python3.10/dist-packages/mocap4r2_msgs/__init__.py
-- Up-to-date symlink: /home/rosuser/ros2_ws/install/mocap4r2_msgs/local/lib/python3.10/dist-packages/mocap4r2_msgs/_mocap4r2_msgs_s.ep.rosidl_typesupport_c.c
-- Up-to-date symlink: /home/rosuser/ros2_ws/install/mocap4r2_msgs/local/lib/python3.10/dist-packages/mocap4r2_msgs/_mocap4r2_msgs_s.ep.rosidl_typesupport_fastrtps_c.c
-- Up-to-date symlink: /home/rosuser/ros2_ws/install/mocap4r2_msgs/local/lib/python3.10/dist-packages/mocap4r2_msgs/_mocap4r2_msgs_s.ep.rosidl_typesupport_introspection_c.c
-- Up-to-date symlink: /home/rosuser/ros2_ws/install/mocap4r2_msgs/local/lib/python3.10/dist-packages/mocap4r2_msgs/libmocap4r2_msgs__rosidl_generator_py.so
-- Up-to-date symlink: /home/rosuser/ros2_ws/install/mocap4r2_msgs/local/lib/python3.10/dist-packages/mocap4r2_msgs/mocap4r2_msgs_s__rosidl_typesupport_c.cpython-310-x86_64-linux-gnu.so
-- Up-to-date symlink: /home/rosuser/ros2_ws/install/mocap4r2_msgs/local/lib/python3.10/dist-packages/mocap4r2_msgs/mocap4r2_msgs_s__rosidl_typesupport_fastrtps_c.cpython-310-x86_64-linux-gnu.so
-- Up-to-date symlink: /home/rosuser/ros2_ws/install/mocap4r2_msgs/local/lib/python3.10/dist-packages/mocap4r2_msgs/mocap4r2_msgs_s__rosidl_typesupport_introspection_c.cpython-310-x86_64-linux-gnu.so
-- Up-to-date symlink: /home/rosuser/ros2_ws/install/mocap4r2_msgs/local/lib/python3.10/dist-packages/mocap4r2_msgs/msg/__init__.py
-- Up-to-date symlink: /home/rosuser/ros2_ws/install/mocap4r2_msgs/local/lib/python3.10/dist-packages/mocap4r2_msgs/msg/_imus_info.py
-- Up-to-date symlink: /home/rosuser/ros2_ws/install/mocap4r2_msgs/local/lib/python3.10/dist-packages/mocap4r2_msgs/msg/_imus_info_s.c
-- Up-to-date symlink: /home/rosuser/ros2_ws/install/mocap4r2_msgs/local/lib/python3.10/dist-packages/mocap4r2_msgs/msg/_marker.py
-- Up-to-date symlink: /home/rosuser/ros2_ws/install/mocap4r2_msgs/local/lib/python3.10/dist-packages/mocap4r2_msgs/msg/_marker_s.c
-- Up-to-date symlink: /home/rosuser/ros2_ws/install/mocap4r2_msgs/local/lib/python3.10/dist-packages/mocap4r2_msgs/msg/_markers.py
-- Up-to-date symlink: /home/rosuser/ros2_ws/install/mocap4r2_msgs/local/lib/python3.10/dist-packages/mocap4r2_msgs/msg/_markers_s.c
-- Up-to-date symlink: /home/rosuser/ros2_ws/install/mocap4r2_msgs/local/lib/python3.10/dist-packages/mocap4r2_msgs/msg/_rigid_bodies.py
-- Up-to-date symlink: /home/rosuser/ros2_ws/install/mocap4r2_msgs/local/lib/python3.10/dist-packages/mocap4r2_msgs/msg/_rigid_bodies_s.c
-- Up-to-date symlink: /home/rosuser/ros2_ws/install/mocap4r2_msgs/local/lib/python3.10/dist-packages/mocap4r2_msgs/msg/_rigid_body.py
-- Up-to-date symlink: /home/rosuser/ros2_ws/install/mocap4r2_msgs/local/lib/python3.10/dist-packages/mocap4r2_msgs/msg/_rigid_body_s.c
-- Up-to-date symlink: /home/rosuser/ros2_ws/install/mocap4r2_msgs/local/lib/python3.10/dist-packages/mocap4r2_msgs/mocap4r2_msgs_s__rosidl_typesupport_fastrtps_c.cpython-310-x86_64-linux-gnu.so
-- Up-to-date symlink: /home/rosuser/ros2_ws/install/mocap4r2_msgs/local/lib/python3.10/dist-packages/mocap4r2_msgs/mocap4r2_msgs_s__rosidl_typesupport_introspection_c.cpython-310-x86_64-linux-gnu.so
-- Up-to-date symlink: /home/rosuser/ros2_ws/install/mocap4r2_msgs/local/lib/python3.10/dist-packages/mocap4r2_msgs/mocap4r2_msgs_s__rosidl_typesupport_c.cpython-310-x86_64-linux-gnu.so
-- Up-to-date symlink: /home/rosuser/ros2_ws/install/mocap4r2_msgs/share/mocap4r2_msgs/msg/Marker.idl
-- Up-to-date symlink: /home/rosuser/ros2_ws/install/mocap4r2_msgs/share/mocap4r2_msgs/msg/Markers.idl
-- Up-to-date symlink: /home/rosuser/ros2_ws/install/mocap4r2_msgs/share/mocap4r2_msgs/msg/ImusInfo.idl
-- Up-to-date symlink: /home/rosuser/ros2_ws/install/mocap4r2_msgs/share/mocap4r2_msgs/msg/RigidBody.idl
-- Up-to-date symlink: /home/rosuser/ros2_ws/install/mocap4r2_msgs/share/mocap4r2_msgs/msg/RigidBodies.idl
-- Up-to-date symlink: /home/rosuser/ros2_ws/install/mocap4r2_msgs/share/mocap4r2_msgs/msg/Marker.msg
-- Up-to-date symlink: /home/rosuser/ros2_ws/install/mocap4r2_msgs/share/mocap4r2_msgs/msg/Markers.msg
-- Up-to-date symlink: /home/rosuser/ros2_ws/install/mocap4r2_msgs/share/mocap4r2_msgs/msg/ImusInfo.msg
-- Up-to-date symlink: /home/rosuser/ros2_ws/install/mocap4r2_msgs/share/mocap4r2_msgs/msg/RigidBody.msg
-- Up-to-date symlink: /home/rosuser/ros2_ws/install/mocap4r2_msgs/share/mocap4r2_msgs/msg/RigidBodies.msg
-- Up-to-date symlink: /home/rosuser/ros2_ws/install/mocap4r2_msgs/share/mocap4r2_msgs/mocap4r2_bridge_mapping_rule.yaml
-- Up-to-date symlink: /home/rosuser/ros2_ws/install/mocap4r2_msgs/share/ament_index/resource_index/package_run_dependencies/mocap4r2_msgs
-- Up-to-date symlink: /home/rosuser/ros2_ws/install/mocap4r2_msgs/share/ament_index/resource_index/parent_prefix_path/mocap4r2_msgs
-- Up-to-date symlink: /home/rosuser/ros2_ws/install/mocap4r2_msgs/share/mocap4r2_msgs/environment/ament_prefix_path.sh
-- Up-to-date symlink: /home/rosuser/ros2_ws/install/mocap4r2_msgs/share/mocap4r2_msgs/environment/ament_prefix_path.dsv
-- Up-to-date symlink: /home/rosuser/ros2_ws/install/mocap4r2_msgs/share/mocap4r2_msgs/environment/path.sh
-- Up-to-date symlink: /home/rosuser/ros2_ws/install/mocap4r2_msgs/share/mocap4r2_msgs/environment/path.dsv
-- Up-to-date symlink: /home/rosuser/ros2_ws/install/mocap4r2_msgs/share/mocap4r2_msgs/local_setup.bash
-- Up-to-date symlink: /home/rosuser/ros2_ws/install/mocap4r2_msgs/share/mocap4r2_msgs/local_setup.sh
-- Up-to-date symlink: /home/rosuser/ros2_ws/install/mocap4r2_msgs/share/mocap4r2_msgs/local_setup.zsh
-- Up-to-date symlink: /home/rosuser/ros2_ws/install/mocap4r2_msgs/share/mocap4r2_msgs/local_setup.dsv
-- Symlinking: /home/rosuser/ros2_ws/install/mocap4r2_msgs/share/mocap4r2_msgs/package.dsv
-- Up-to-date symlink: /home/rosuser/ros2_ws/install/mocap4r2_msgs/share/ament_index/resource_index/packages/mocap4r2_msgs
-- Up-to-date symlink: /home/rosuser/ros2_ws/install/mocap4r2_msgs/share/mocap4r2_msgs/cmake/rosidl_cmake-extras.cmake
-- Up-to-date symlink: /home/rosuser/ros2_ws/install/mocap4r2_msgs/share/mocap4r2_msgs/cmake/ament_cmake_export_dependencies-extras.cmake
-- Up-to-date symlink: /home/rosuser/ros2_ws/install/mocap4r2_msgs/share/mocap4r2_msgs/cmake/ament_cmake_export_include_directories-extras.cmake
-- Up-to-date symlink: /home/rosuser/ros2_ws/install/mocap4r2_msgs/share/mocap4r2_msgs/cmake/ament_cmake_export_libraries-extras.cmake
-- Up-to-date symlink: /home/rosuser/ros2_ws/install/mocap4r2_msgs/share/mocap4r2_msgs/cmake/ament_cmake_export_targets-extras.cmake
-- Up-to-date symlink: /home/rosuser/ros2_ws/install/mocap4r2_msgs/share/mocap4r2_msgs/cmake/rosidl_cmake_export_typesupport_targets-extras.cmake
-- Up-to-date symlink: /home/rosuser/ros2_ws/install/mocap4r2_msgs/share/mocap4r2_msgs/cmake/rosidl_cmake_export_typesupport_libraries-extras.cmake
-- Up-to-date symlink: /home/rosuser/ros2_ws/install/mocap4r2_msgs/share/mocap4r2_msgs/cmake/mocap4r2_msgsConfig.cmake
-- Up-to-date symlink: /home/rosuser/ros2_ws/install/mocap4r2_msgs/share/mocap4r2_msgs/cmake/mocap4r2_msgsConfig-version.cmake
-- Up-to-date symlink: /home/rosuser/ros2_ws/install/mocap4r2_msgs/share/mocap4r2_msgs/package.xml
-- Up-to-date: /home/rosuser/ros2_ws/install/mocap4r2_msgs/lib/libmocap4r2_msgs__rosidl_generator_c.so
-- Up-to-date: /home/rosuser/ros2_ws/install/mocap4r2_msgs/lib/libmocap4r2_msgs__rosidl_typesupport_fastrtps_c.so
-- Up-to-date: /home/rosuser/ros2_ws/install/mocap4r2_msgs/lib/libmocap4r2_msgs__rosidl_typesupport_introspection_c.so
-- Up-to-date: /home/rosuser/ros2_ws/install/mocap4r2_msgs/lib/libmocap4r2_msgs__rosidl_typesupport_c.so
-- Up-to-date: /home/rosuser/ros2_ws/install/mocap4r2_msgs/lib/libmocap4r2_msgs__rosidl_typesupport_fastrtps_cpp.so
-- Up-to-date: /home/rosuser/ros2_ws/install/mocap4r2_msgs/lib/libmocap4r2_msgs__rosidl_typesupport_introspection_cpp.so
-- Up-to-date: /home/rosuser/ros2_ws/install/mocap4r2_msgs/lib/libmocap4r2_msgs__rosidl_typesupport_cpp.so
Listing '/home/rosuser/ros2_ws/install/mocap4r2_msgs/local/lib/python3.10/dist-packages/mocap4r2_msgs'...
Compiling '/home/rosuser/ros2_ws/install/mocap4r2_msgs/local/lib/python3.10/dist-packages/mocap4r2_msgs/__init__.py'...
Listing '/home/rosuser/ros2_ws/install/mocap4r2_msgs/local/lib/python3.10/dist-packages/mocap4r2_msgs/msg'...
-- Up-to-date: /home/rosuser/ros2_ws/install/mocap4r2_msgs/lib/libmocap4r2_msgs__rosidl_generator_py.so
-- Up-to-date: /home/rosuser/ros2_ws/install/mocap4r2_msgs/share/mocap4r2_msgs/cmake/export_mocap4r2_msgs__rosidl_generator_cExport.cmake
-- Up-to-date: /home/rosuser/ros2_ws/install/mocap4r2_msgs/share/mocap4r2_msgs/cmake/export_mocap4r2_msgs__rosidl_generator_cExport-noconfig.cmake
-- Up-to-date: /home/rosuser/ros2_ws/install/mocap4r2_msgs/share/mocap4r2_msgs/cmake/export_mocap4r2_msgs__rosidl_typesupport_fastrtps_cExport.cmake
-- Up-to-date: /home/rosuser/ros2_ws/install/mocap4r2_msgs/share/mocap4r2_msgs/cmake/export_mocap4r2_msgs__rosidl_typesupport_fastrtps_cExport-noconfig.cmake
-- Up-to-date: /home/rosuser/ros2_ws/install/mocap4r2_msgs/share/mocap4r2_msgs/cmake/mocap4r2_msgs__rosidl_typesupport_introspection_cExport.cmake
-- Up-to-date: /home/rosuser/ros2_ws/install/mocap4r2_msgs/share/mocap4r2_msgs/cmake/mocap4r2_msgs__rosidl_typesupport_introspection_cExport-noconfig.cmake
-- Up-to-date: /home/rosuser/ros2_ws/install/mocap4r2_msgs/share/mocap4r2_msgs/cmake/mocap4r2_msgs__rosidl_typesupport_cExport.cmake
-- Up-to-date: /home/rosuser/ros2_ws/install/mocap4r2_msgs/share/mocap4r2_msgs/cmake/mocap4r2_msgs__rosidl_typesupport_cExport-noconfig.cmake
-- Up-to-date: /home/rosuser/ros2_ws/install/mocap4r2_msgs/share/mocap4r2_msgs/cmake/export_mocap4r2_msgs__rosidl_generator_cppExport.cmake
-- Up-to-date: /home/rosuser/ros2_ws/install/mocap4r2_msgs/share/mocap4r2_msgs/cmake/export_mocap4r2_msgs__rosidl_typesupport_fastrtps_cppExport.cmake
-- Up-to-date: /home/rosuser/ros2_ws/install/mocap4r2_msgs/share/mocap4r2_msgs/cmake/export_mocap4r2_msgs__rosidl_typesupport_fastrtps_cppExport-noconfig.cmake
-- Up-to-date: /home/rosuser/ros2_ws/install/mocap4r2_msgs/share/mocap4r2_msgs/cmake/mocap4r2_msgs__rosidl_typesupport_introspection_cppExport.cmake
-- Up-to-date: /home/rosuser/ros2_ws/install/mocap4r2_msgs/share/mocap4r2_msgs/cmake/mocap4r2_msgs__rosidl_typesupport_introspection_cppExport-noconfig.cmake
-- Up-to-date: /home/rosuser/ros2_ws/install/mocap4r2_msgs/share/mocap4r2_msgs/cmake/mocap4r2_msgs__rosidl_typesupport_cppExport.cmake
-- Up-to-date: /home/rosuser/ros2_ws/install/mocap4r2_msgs/share/mocap4r2_msgs/cmake/mocap4r2_msgs__rosidl_typesupport_cppExport-noconfig.cmake
-- Up-to-date: /home/rosuser/ros2_ws/install/mocap4r2_msgs/share/mocap4r2_msgs/cmake/export_mocap4r2_msgs__rosidl_generator_pyExport.cmake
-- Up-to-date: /home/rosuser/ros2_ws/install/mocap4r2_msgs/share/mocap4r2_msgs/cmake/export_mocap4r2_msgs__rosidl_generator_pyExport-noconfig.cmake
