[0.046s] Invoking command in '/home/rosuser/ros2_ws/build/iiwa_moveit2': CMAKE_PREFIX_PATH=${CMAKE_PREFIX_PATH}:/home/rosuser/test_ws/install/my_launch_pkg:/home/rosuser/test_ws/install/mocap4r2cli:/home/rosuser/test_ws/install/marker_pose_follow:/home/rosuser/test_ws/install/marker_pose_bridge:/home/rosuser/test_ws/install/lbr_demos_py:/home/rosuser/test_ws/install/lbr_moveit:/home/rosuser/test_ws/install/lbr_demos_advanced_py:/home/rosuser/ros2_ws/install/lbr_demos_py:/home/rosuser/ros2_ws/install/lbr_moveit:/home/rosuser/ros2_ws/install/lbr_demos_advanced_py:/home/rosuser/mocap4r2_ws/install/mocap4r2cli:/opt/ros/humble /usr/bin/cmake --build /home/rosuser/ros2_ws/build/iiwa_moveit2 -- -j4 -l4
[0.466s] [  0%] Built target servo_controller_input
[0.562s] [  0%] Built target servo_node
[0.731s] [  0%] Built target pose_tracking_servo_node
[0.747s] Invoked command in '/home/rosuser/ros2_ws/build/iiwa_moveit2' returned '0': CMAKE_PREFIX_PATH=${CMAKE_PREFIX_PATH}:/home/rosuser/test_ws/install/my_launch_pkg:/home/rosuser/test_ws/install/mocap4r2cli:/home/rosuser/test_ws/install/marker_pose_follow:/home/rosuser/test_ws/install/marker_pose_bridge:/home/rosuser/test_ws/install/lbr_demos_py:/home/rosuser/test_ws/install/lbr_moveit:/home/rosuser/test_ws/install/lbr_demos_advanced_py:/home/rosuser/ros2_ws/install/lbr_demos_py:/home/rosuser/ros2_ws/install/lbr_moveit:/home/rosuser/ros2_ws/install/lbr_demos_advanced_py:/home/rosuser/mocap4r2_ws/install/mocap4r2cli:/opt/ros/humble /usr/bin/cmake --build /home/rosuser/ros2_ws/build/iiwa_moveit2 -- -j4 -l4
[0.780s] Invoking command in '/home/rosuser/ros2_ws/build/iiwa_moveit2': CMAKE_PREFIX_PATH=${CMAKE_PREFIX_PATH}:/home/rosuser/test_ws/install/my_launch_pkg:/home/rosuser/test_ws/install/mocap4r2cli:/home/rosuser/test_ws/install/marker_pose_follow:/home/rosuser/test_ws/install/marker_pose_bridge:/home/rosuser/test_ws/install/lbr_demos_py:/home/rosuser/test_ws/install/lbr_moveit:/home/rosuser/test_ws/install/lbr_demos_advanced_py:/home/rosuser/ros2_ws/install/lbr_demos_py:/home/rosuser/ros2_ws/install/lbr_moveit:/home/rosuser/ros2_ws/install/lbr_demos_advanced_py:/home/rosuser/mocap4r2_ws/install/mocap4r2cli:/opt/ros/humble /usr/bin/cmake --install /home/rosuser/ros2_ws/build/iiwa_moveit2
[0.797s] -- Install configuration: "Release"
[0.811s] -- Execute custom install script
[0.826s] -- Up-to-date symlink: /home/rosuser/ros2_ws/install/iiwa_moveit2/lib/iiwa_moveit2/pose_tracking_servo_node
[0.827s] -- Up-to-date symlink: /home/rosuser/ros2_ws/install/iiwa_moveit2/lib/iiwa_moveit2/servo_node
[0.827s] -- Up-to-date symlink: /home/rosuser/ros2_ws/install/iiwa_moveit2/share/iiwa_moveit2/environment/library_path.sh
[0.827s] -- Up-to-date symlink: /home/rosuser/ros2_ws/install/iiwa_moveit2/share/iiwa_moveit2/environment/library_path.dsv
[0.828s] -- Up-to-date symlink: /home/rosuser/ros2_ws/install/iiwa_moveit2/share/ament_index/resource_index/package_run_dependencies/iiwa_moveit2
[0.828s] -- Up-to-date symlink: /home/rosuser/ros2_ws/install/iiwa_moveit2/share/ament_index/resource_index/parent_prefix_path/iiwa_moveit2
[0.828s] -- Up-to-date symlink: /home/rosuser/ros2_ws/install/iiwa_moveit2/share/iiwa_moveit2/environment/ament_prefix_path.sh
[0.829s] -- Up-to-date symlink: /home/rosuser/ros2_ws/install/iiwa_moveit2/share/iiwa_moveit2/environment/ament_prefix_path.dsv
[0.829s] -- Up-to-date symlink: /home/rosuser/ros2_ws/install/iiwa_moveit2/share/iiwa_moveit2/environment/path.sh
[0.829s] -- Up-to-date symlink: /home/rosuser/ros2_ws/install/iiwa_moveit2/share/iiwa_moveit2/environment/path.dsv
[0.836s] -- Up-to-date symlink: /home/rosuser/ros2_ws/install/iiwa_moveit2/share/iiwa_moveit2/local_setup.bash
[0.836s] -- Up-to-date symlink: /home/rosuser/ros2_ws/install/iiwa_moveit2/share/iiwa_moveit2/local_setup.sh
[0.836s] -- Up-to-date symlink: /home/rosuser/ros2_ws/install/iiwa_moveit2/share/iiwa_moveit2/local_setup.zsh
[0.836s] -- Up-to-date symlink: /home/rosuser/ros2_ws/install/iiwa_moveit2/share/iiwa_moveit2/local_setup.dsv
[0.836s] -- Symlinking: /home/rosuser/ros2_ws/install/iiwa_moveit2/share/iiwa_moveit2/package.dsv
[0.849s] -- Up-to-date symlink: /home/rosuser/ros2_ws/install/iiwa_moveit2/share/ament_index/resource_index/packages/iiwa_moveit2
[0.849s] -- Up-to-date symlink: /home/rosuser/ros2_ws/install/iiwa_moveit2/share/ament_index/resource_index/rclcpp_components/iiwa_moveit2
[0.849s] -- Up-to-date symlink: /home/rosuser/ros2_ws/install/iiwa_moveit2/share/iiwa_moveit2/cmake/ament_cmake_export_targets-extras.cmake
[0.850s] -- Up-to-date symlink: /home/rosuser/ros2_ws/install/iiwa_moveit2/share/iiwa_moveit2/cmake/ament_cmake_export_dependencies-extras.cmake
[0.850s] -- Up-to-date symlink: /home/rosuser/ros2_ws/install/iiwa_moveit2/share/iiwa_moveit2/cmake/iiwa_moveit2Config.cmake
[0.850s] -- Up-to-date symlink: /home/rosuser/ros2_ws/install/iiwa_moveit2/share/iiwa_moveit2/cmake/iiwa_moveit2Config-version.cmake
[0.851s] -- Up-to-date symlink: /home/rosuser/ros2_ws/install/iiwa_moveit2/share/iiwa_moveit2/package.xml
[0.895s] -- Up-to-date: /home/rosuser/ros2_ws/install/iiwa_moveit2/lib/libservo_controller_input.so
[0.915s] -- Up-to-date: /home/rosuser/ros2_ws/install/iiwa_moveit2/share/iiwa_moveit2/cmake/export_iiwa_moveit2Export.cmake
[0.915s] -- Up-to-date: /home/rosuser/ros2_ws/install/iiwa_moveit2/share/iiwa_moveit2/cmake/export_iiwa_moveit2Export-release.cmake
[1.302s] Invoked command in '/home/rosuser/ros2_ws/build/iiwa_moveit2' returned '0': CMAKE_PREFIX_PATH=${CMAKE_PREFIX_PATH}:/home/rosuser/test_ws/install/my_launch_pkg:/home/rosuser/test_ws/install/mocap4r2cli:/home/rosuser/test_ws/install/marker_pose_follow:/home/rosuser/test_ws/install/marker_pose_bridge:/home/rosuser/test_ws/install/lbr_demos_py:/home/rosuser/test_ws/install/lbr_moveit:/home/rosuser/test_ws/install/lbr_demos_advanced_py:/home/rosuser/ros2_ws/install/lbr_demos_py:/home/rosuser/ros2_ws/install/lbr_moveit:/home/rosuser/ros2_ws/install/lbr_demos_advanced_py:/home/rosuser/mocap4r2_ws/install/mocap4r2cli:/opt/ros/humble /usr/bin/cmake --install /home/rosuser/ros2_ws/build/iiwa_moveit2
