Built target ament_cmake_python_symlink_lbr_bringup
running egg_info
writing lbr_bringup.egg-info/PKG-INFO
writing dependency_links to lbr_bringup.egg-info/dependency_links.txt
writing top-level names to lbr_bringup.egg-info/top_level.txt
reading manifest file 'lbr_bringup.egg-info/SOURCES.txt'
writing manifest file 'lbr_bringup.egg-info/SOURCES.txt'
Built target ament_cmake_python_build_lbr_bringup_egg
-- Install configuration: ""
-- Execute custom install script
-- Up-to-date symlink: /home/rosuser/ros2_ws/install/lbr_bringup/share/lbr_bringup/config/gazebo.rviz
-- Up-to-date symlink: /home/rosuser/ros2_ws/install/lbr_bringup/share/lbr_bringup/config/hardware.rviz
-- Up-to-date symlink: /home/rosuser/ros2_ws/install/lbr_bringup/share/lbr_bringup/config/mock.rviz
-- Up-to-date symlink: /home/rosuser/ros2_ws/install/lbr_bringup/share/lbr_bringup/config/moveit_servo.yaml
-- Up-to-date symlink: /home/rosuser/ros2_ws/install/lbr_bringup/share/lbr_bringup/launch/gazebo.launch.py
-- Up-to-date symlink: /home/rosuser/ros2_ws/install/lbr_bringup/share/lbr_bringup/launch/hardware.launch.py
-- Up-to-date symlink: /home/rosuser/ros2_ws/install/lbr_bringup/share/lbr_bringup/launch/mock.launch.py
-- Up-to-date symlink: /home/rosuser/ros2_ws/install/lbr_bringup/share/lbr_bringup/launch/move_group.launch.py
-- Up-to-date symlink: /home/rosuser/ros2_ws/install/lbr_bringup/share/lbr_bringup/launch/moveit_servo.launch.py
-- Up-to-date symlink: /home/rosuser/ros2_ws/install/lbr_bringup/share/lbr_bringup/launch/rviz.launch.py
-- Up-to-date symlink: /home/rosuser/ros2_ws/install/lbr_bringup/share/lbr_bringup/environment/pythonpath.sh
-- Up-to-date symlink: /home/rosuser/ros2_ws/install/lbr_bringup/share/lbr_bringup/environment/pythonpath.dsv
-- Up-to-date symlink: /home/rosuser/ros2_ws/install/lbr_bringup/local/lib/python3.10/dist-packages/lbr_bringup-2.2.1-py3.10.egg-info/PKG-INFO
-- Up-to-date symlink: /home/rosuser/ros2_ws/install/lbr_bringup/local/lib/python3.10/dist-packages/lbr_bringup-2.2.1-py3.10.egg-info/SOURCES.txt
-- Up-to-date symlink: /home/rosuser/ros2_ws/install/lbr_bringup/local/lib/python3.10/dist-packages/lbr_bringup-2.2.1-py3.10.egg-info/dependency_links.txt
-- Up-to-date symlink: /home/rosuser/ros2_ws/install/lbr_bringup/local/lib/python3.10/dist-packages/lbr_bringup-2.2.1-py3.10.egg-info/top_level.txt
-- Up-to-date symlink: /home/rosuser/ros2_ws/install/lbr_bringup/local/lib/python3.10/dist-packages/lbr_bringup/__init__.py
-- Up-to-date symlink: /home/rosuser/ros2_ws/install/lbr_bringup/local/lib/python3.10/dist-packages/lbr_bringup/description.py
-- Up-to-date symlink: /home/rosuser/ros2_ws/install/lbr_bringup/local/lib/python3.10/dist-packages/lbr_bringup/gazebo.py
-- Up-to-date symlink: /home/rosuser/ros2_ws/install/lbr_bringup/local/lib/python3.10/dist-packages/lbr_bringup/moveit.py
-- Up-to-date symlink: /home/rosuser/ros2_ws/install/lbr_bringup/local/lib/python3.10/dist-packages/lbr_bringup/ros2_control.py
-- Up-to-date symlink: /home/rosuser/ros2_ws/install/lbr_bringup/local/lib/python3.10/dist-packages/lbr_bringup/rviz.py
-- Up-to-date symlink: /home/rosuser/ros2_ws/install/lbr_bringup/share/ament_index/resource_index/package_run_dependencies/lbr_bringup
-- Up-to-date symlink: /home/rosuser/ros2_ws/install/lbr_bringup/share/ament_index/resource_index/parent_prefix_path/lbr_bringup
-- Up-to-date symlink: /home/rosuser/ros2_ws/install/lbr_bringup/share/lbr_bringup/environment/ament_prefix_path.sh
-- Up-to-date symlink: /home/rosuser/ros2_ws/install/lbr_bringup/share/lbr_bringup/environment/ament_prefix_path.dsv
-- Up-to-date symlink: /home/rosuser/ros2_ws/install/lbr_bringup/share/lbr_bringup/environment/path.sh
-- Up-to-date symlink: /home/rosuser/ros2_ws/install/lbr_bringup/share/lbr_bringup/environment/path.dsv
-- Up-to-date symlink: /home/rosuser/ros2_ws/install/lbr_bringup/share/lbr_bringup/local_setup.bash
-- Up-to-date symlink: /home/rosuser/ros2_ws/install/lbr_bringup/share/lbr_bringup/local_setup.sh
-- Up-to-date symlink: /home/rosuser/ros2_ws/install/lbr_bringup/share/lbr_bringup/local_setup.zsh
-- Up-to-date symlink: /home/rosuser/ros2_ws/install/lbr_bringup/share/lbr_bringup/local_setup.dsv
-- Symlinking: /home/rosuser/ros2_ws/install/lbr_bringup/share/lbr_bringup/package.dsv
-- Up-to-date symlink: /home/rosuser/ros2_ws/install/lbr_bringup/share/ament_index/resource_index/packages/lbr_bringup
-- Up-to-date symlink: /home/rosuser/ros2_ws/install/lbr_bringup/share/lbr_bringup/cmake/lbr_bringupConfig.cmake
-- Up-to-date symlink: /home/rosuser/ros2_ws/install/lbr_bringup/share/lbr_bringup/cmake/lbr_bringupConfig-version.cmake
-- Up-to-date symlink: /home/rosuser/ros2_ws/install/lbr_bringup/share/lbr_bringup/package.xml
Listing '/home/rosuser/ros2_ws/install/lbr_bringup/local/lib/python3.10/dist-packages/lbr_bringup'...
