[0.040s] Invoking command in '/home/rosuser/ros2_ws/build/iiwa7_moveit_config': AMENT_PREFIX_PATH=/home/rosuser/ros2_ws/install/lbr_description:${AMENT_PREFIX_PATH} CMAKE_PREFIX_PATH=/home/rosuser/ros2_ws/install/lbr_description:/opt/ros/humble /usr/bin/cmake /home/rosuser/ros2_ws/src/lbr_fri_ros2_stack/lbr_moveit_config/iiwa7_moveit_config -DAMENT_CMAKE_SYMLINK_INSTALL=1 -DCMAKE_INSTALL_PREFIX=/home/rosuser/ros2_ws/install/iiwa7_moveit_config
[0.198s] -- The C compiler identification is GNU 11.4.0
[0.380s] -- The CXX compiler identification is GNU 11.4.0
[0.406s] -- Detecting C compiler ABI info
[0.611s] -- Detecting C compiler ABI info - done
[0.635s] -- Check for working C compiler: /usr/bin/cc - skipped
[0.635s] -- Detecting C compile features
[0.635s] -- Detecting C compile features - done
[0.644s] -- Detecting CXX compiler ABI info
[0.891s] -- Detecting CXX compiler ABI info - done
[0.912s] -- Check for working CXX compiler: /usr/bin/c++ - skipped
[0.921s] -- Detecting CXX compile features
[0.921s] -- Detecting CXX compile features - done
[0.925s] -- Found ament_cmake: 1.3.11 (/opt/ros/humble/share/ament_cmake/cmake)
[1.377s] -- Found Python3: /usr/bin/python3 (found version "3.10.12") found components: Interpreter 
[1.572s] -- Override CMake install command with custom implementation using symlinks instead of copying resources
[1.864s] -- Configuring done
[1.866s] -- Generating done
[1.876s] -- Build files have been written to: /home/rosuser/ros2_ws/build/iiwa7_moveit_config
[1.888s] Invoked command in '/home/rosuser/ros2_ws/build/iiwa7_moveit_config' returned '0': AMENT_PREFIX_PATH=/home/rosuser/ros2_ws/install/lbr_description:${AMENT_PREFIX_PATH} CMAKE_PREFIX_PATH=/home/rosuser/ros2_ws/install/lbr_description:/opt/ros/humble /usr/bin/cmake /home/rosuser/ros2_ws/src/lbr_fri_ros2_stack/lbr_moveit_config/iiwa7_moveit_config -DAMENT_CMAKE_SYMLINK_INSTALL=1 -DCMAKE_INSTALL_PREFIX=/home/rosuser/ros2_ws/install/iiwa7_moveit_config
[1.888s] Invoking command in '/home/rosuser/ros2_ws/build/iiwa7_moveit_config': AMENT_PREFIX_PATH=/home/rosuser/ros2_ws/install/lbr_description:${AMENT_PREFIX_PATH} CMAKE_PREFIX_PATH=/home/rosuser/ros2_ws/install/lbr_description:/opt/ros/humble /usr/bin/cmake --build /home/rosuser/ros2_ws/build/iiwa7_moveit_config -- -j4 -l4
[1.983s] Invoked command in '/home/rosuser/ros2_ws/build/iiwa7_moveit_config' returned '0': AMENT_PREFIX_PATH=/home/rosuser/ros2_ws/install/lbr_description:${AMENT_PREFIX_PATH} CMAKE_PREFIX_PATH=/home/rosuser/ros2_ws/install/lbr_description:/opt/ros/humble /usr/bin/cmake --build /home/rosuser/ros2_ws/build/iiwa7_moveit_config -- -j4 -l4
[1.984s] Invoking command in '/home/rosuser/ros2_ws/build/iiwa7_moveit_config': AMENT_PREFIX_PATH=/home/rosuser/ros2_ws/install/lbr_description:${AMENT_PREFIX_PATH} CMAKE_PREFIX_PATH=/home/rosuser/ros2_ws/install/lbr_description:/opt/ros/humble /usr/bin/cmake --install /home/rosuser/ros2_ws/build/iiwa7_moveit_config
[2.006s] -- Install configuration: ""
[2.006s] -- Execute custom install script
[2.006s] -- Symlinking: /home/rosuser/ros2_ws/install/iiwa7_moveit_config/share/ament_index/resource_index/package_run_dependencies/iiwa7_moveit_config
[2.026s] -- Symlinking: /home/rosuser/ros2_ws/install/iiwa7_moveit_config/share/ament_index/resource_index/parent_prefix_path/iiwa7_moveit_config
[2.048s] -- Symlinking: /home/rosuser/ros2_ws/install/iiwa7_moveit_config/share/iiwa7_moveit_config/environment/ament_prefix_path.sh
[2.084s] -- Symlinking: /home/rosuser/ros2_ws/install/iiwa7_moveit_config/share/iiwa7_moveit_config/environment/ament_prefix_path.dsv
[2.103s] -- Symlinking: /home/rosuser/ros2_ws/install/iiwa7_moveit_config/share/iiwa7_moveit_config/environment/path.sh
[2.130s] -- Symlinking: /home/rosuser/ros2_ws/install/iiwa7_moveit_config/share/iiwa7_moveit_config/environment/path.dsv
[2.152s] -- Symlinking: /home/rosuser/ros2_ws/install/iiwa7_moveit_config/share/iiwa7_moveit_config/local_setup.bash
[2.172s] -- Symlinking: /home/rosuser/ros2_ws/install/iiwa7_moveit_config/share/iiwa7_moveit_config/local_setup.sh
[2.196s] -- Symlinking: /home/rosuser/ros2_ws/install/iiwa7_moveit_config/share/iiwa7_moveit_config/local_setup.zsh
[2.219s] -- Symlinking: /home/rosuser/ros2_ws/install/iiwa7_moveit_config/share/iiwa7_moveit_config/local_setup.dsv
[2.243s] -- Symlinking: /home/rosuser/ros2_ws/install/iiwa7_moveit_config/share/iiwa7_moveit_config/package.dsv
[2.263s] -- Symlinking: /home/rosuser/ros2_ws/install/iiwa7_moveit_config/share/ament_index/resource_index/packages/iiwa7_moveit_config
[2.288s] -- Symlinking: /home/rosuser/ros2_ws/install/iiwa7_moveit_config/share/iiwa7_moveit_config/cmake/iiwa7_moveit_configConfig.cmake
[2.309s] -- Symlinking: /home/rosuser/ros2_ws/install/iiwa7_moveit_config/share/iiwa7_moveit_config/cmake/iiwa7_moveit_configConfig-version.cmake
[2.335s] -- Symlinking: /home/rosuser/ros2_ws/install/iiwa7_moveit_config/share/iiwa7_moveit_config/package.xml
[2.359s] -- Symlinking: /home/rosuser/ros2_ws/install/iiwa7_moveit_config/share/iiwa7_moveit_config/launch/move_group.launch.py
[2.383s] -- Symlinking: /home/rosuser/ros2_ws/install/iiwa7_moveit_config/share/iiwa7_moveit_config/launch/moveit_rviz.launch.py
[2.406s] -- Symlinking: /home/rosuser/ros2_ws/install/iiwa7_moveit_config/share/iiwa7_moveit_config/launch/setup_assistant.launch.py
[2.429s] -- Symlinking: /home/rosuser/ros2_ws/install/iiwa7_moveit_config/share/iiwa7_moveit_config/config/iiwa7.srdf
[2.452s] -- Symlinking: /home/rosuser/ros2_ws/install/iiwa7_moveit_config/share/iiwa7_moveit_config/config/joint_limits.yaml
[2.472s] -- Symlinking: /home/rosuser/ros2_ws/install/iiwa7_moveit_config/share/iiwa7_moveit_config/config/kinematics.yaml
[2.502s] -- Symlinking: /home/rosuser/ros2_ws/install/iiwa7_moveit_config/share/iiwa7_moveit_config/config/moveit.rviz
[2.525s] -- Symlinking: /home/rosuser/ros2_ws/install/iiwa7_moveit_config/share/iiwa7_moveit_config/config/moveit_controllers.yaml
[2.543s] -- Symlinking: /home/rosuser/ros2_ws/install/iiwa7_moveit_config/share/iiwa7_moveit_config/config/pilz_cartesian_limits.yaml
[2.567s] -- Symlinking: /home/rosuser/ros2_ws/install/iiwa7_moveit_config/share/iiwa7_moveit_config/.setup_assistant
[2.596s] Invoked command in '/home/rosuser/ros2_ws/build/iiwa7_moveit_config' returned '0': AMENT_PREFIX_PATH=/home/rosuser/ros2_ws/install/lbr_description:${AMENT_PREFIX_PATH} CMAKE_PREFIX_PATH=/home/rosuser/ros2_ws/install/lbr_description:/opt/ros/humble /usr/bin/cmake --install /home/rosuser/ros2_ws/build/iiwa7_moveit_config
