-- The C compiler identification is GNU 11.4.0
-- The CXX compiler identification is GNU 11.4.0
-- Detecting C compiler ABI info
-- Detecting C compiler ABI info - done
-- Check for working C compiler: /usr/bin/cc - skipped
-- Detecting C compile features
-- Detecting C compile features - done
-- Detecting CXX compiler ABI info
-- Detecting CXX compiler ABI info - done
-- Check for working CXX compiler: /usr/bin/c++ - skipped
-- Detecting CXX compile features
-- Detecting CXX compile features - done
-- Found ament_cmake: 1.3.11 (/opt/ros/humble/share/ament_cmake/cmake)
-- Found Python3: /usr/bin/python3 (found version "3.10.12") found components: Interpreter 
-- Override CMake install command with custom implementation using symlinks instead of copying resources
-- Found control_msgs: 4.8.0 (/opt/ros/humble/share/control_msgs/cmake)
-- Found rosidl_generator_c: 3.1.6 (/opt/ros/humble/share/rosidl_generator_c/cmake)
-- Found rosidl_adapter: 3.1.6 (/opt/ros/humble/share/rosidl_adapter/cmake)
-- Found rosidl_generator_cpp: 3.1.6 (/opt/ros/humble/share/rosidl_generator_cpp/cmake)
-- Using all available rosidl_typesupport_c: rosidl_typesupport_fastrtps_c;rosidl_typesupport_introspection_c
-- Using all available rosidl_typesupport_cpp: rosidl_typesupport_fastrtps_cpp;rosidl_typesupport_introspection_cpp
-- Found lbr_fri_idl: 1.5.0 (/home/rosuser/ros2_ws/install/lbr_fri_idl/share/lbr_fri_idl/cmake)
-- Found lbr_fri_ros2: 2.2.1 (/home/rosuser/ros2_ws/install/lbr_fri_ros2/share/lbr_fri_ros2/cmake)
-- Found Eigen3: TRUE (found version "3.4.0") 
-- Ensuring Eigen3 include directory is part of orocos-kdl CMake target
-- Found rmw_implementation_cmake: 6.1.2 (/opt/ros/humble/share/rmw_implementation_cmake/cmake)
-- Found rmw_fastrtps_cpp: 6.2.7 (/opt/ros/humble/share/rmw_fastrtps_cpp/cmake)
-- Found OpenSSL: /usr/lib/x86_64-linux-gnu/libcrypto.so (found version "3.0.2")  
-- Found FastRTPS: /opt/ros/humble/include  
-- Using RMW implementation 'rmw_fastrtps_cpp' as default
-- Looking for pthread.h
-- Looking for pthread.h - found
-- Performing Test CMAKE_HAVE_LIBC_PTHREAD
-- Performing Test CMAKE_HAVE_LIBC_PTHREAD - Success
-- Found Threads: TRUE  
-- Configuring done
-- Generating done
-- Build files have been written to: /home/rosuser/ros2_ws/build/lbr_demos_cpp
[ 25%] [32mBuilding CXX object CMakeFiles/joint_sine_overlay.dir/src/joint_sine_overlay.cpp.o[0m
[ 25%] [32mBuilding CXX object CMakeFiles/torque_sine_overlay.dir/src/torque_sine_overlay.cpp.o[0m
[ 37%] [32mBuilding CXX object CMakeFiles/wrench_sine_overlay.dir/src/wrench_sine_overlay.cpp.o[0m
[ 50%] [32mBuilding CXX object CMakeFiles/joint_trajectory_client.dir/src/joint_trajectory_client.cpp.o[0m
[ 62%] [32m[1mLinking CXX executable joint_trajectory_client[0m
[ 62%] Built target joint_trajectory_client
[ 75%] [32m[1mLinking CXX executable joint_sine_overlay[0m
[ 87%] [32m[1mLinking CXX executable wrench_sine_overlay[0m
[ 87%] Built target joint_sine_overlay
[ 87%] Built target wrench_sine_overlay
[100%] [32m[1mLinking CXX executable torque_sine_overlay[0m
[100%] Built target torque_sine_overlay
-- Install configuration: "Release"
-- Execute custom install script
-- Symlinking: /home/rosuser/ros2_ws/install/lbr_demos_cpp/lib/lbr_demos_cpp/joint_sine_overlay
-- Symlinking: /home/rosuser/ros2_ws/install/lbr_demos_cpp/lib/lbr_demos_cpp/joint_trajectory_client
-- Symlinking: /home/rosuser/ros2_ws/install/lbr_demos_cpp/lib/lbr_demos_cpp/torque_sine_overlay
-- Symlinking: /home/rosuser/ros2_ws/install/lbr_demos_cpp/lib/lbr_demos_cpp/wrench_sine_overlay
-- Symlinking: /home/rosuser/ros2_ws/install/lbr_demos_cpp/share/ament_index/resource_index/package_run_dependencies/lbr_demos_cpp
-- Symlinking: /home/rosuser/ros2_ws/install/lbr_demos_cpp/share/ament_index/resource_index/parent_prefix_path/lbr_demos_cpp
-- Symlinking: /home/rosuser/ros2_ws/install/lbr_demos_cpp/share/lbr_demos_cpp/environment/ament_prefix_path.sh
-- Symlinking: /home/rosuser/ros2_ws/install/lbr_demos_cpp/share/lbr_demos_cpp/environment/ament_prefix_path.dsv
-- Symlinking: /home/rosuser/ros2_ws/install/lbr_demos_cpp/share/lbr_demos_cpp/environment/path.sh
-- Symlinking: /home/rosuser/ros2_ws/install/lbr_demos_cpp/share/lbr_demos_cpp/environment/path.dsv
-- Symlinking: /home/rosuser/ros2_ws/install/lbr_demos_cpp/share/lbr_demos_cpp/local_setup.bash
-- Symlinking: /home/rosuser/ros2_ws/install/lbr_demos_cpp/share/lbr_demos_cpp/local_setup.sh
-- Symlinking: /home/rosuser/ros2_ws/install/lbr_demos_cpp/share/lbr_demos_cpp/local_setup.zsh
-- Symlinking: /home/rosuser/ros2_ws/install/lbr_demos_cpp/share/lbr_demos_cpp/local_setup.dsv
-- Symlinking: /home/rosuser/ros2_ws/install/lbr_demos_cpp/share/lbr_demos_cpp/package.dsv
-- Symlinking: /home/rosuser/ros2_ws/install/lbr_demos_cpp/share/ament_index/resource_index/packages/lbr_demos_cpp
-- Symlinking: /home/rosuser/ros2_ws/install/lbr_demos_cpp/share/lbr_demos_cpp/cmake/lbr_demos_cppConfig.cmake
-- Symlinking: /home/rosuser/ros2_ws/install/lbr_demos_cpp/share/lbr_demos_cpp/cmake/lbr_demos_cppConfig-version.cmake
-- Symlinking: /home/rosuser/ros2_ws/install/lbr_demos_cpp/share/lbr_demos_cpp/package.xml
