-- The C compiler identification is GNU 11.4.0
-- The CXX compiler identification is GNU 11.4.0
-- Detecting C compiler ABI info
-- Detecting C compiler ABI info - done
-- Check for working C compiler: /usr/bin/cc - skipped
-- Detecting C compile features
-- Detecting C compile features - done
-- Detecting CXX compiler ABI info
-- Detecting CXX compiler ABI info - done
-- Check for working CXX compiler: /usr/bin/c++ - skipped
-- Detecting CXX compile features
-- Detecting CXX compile features - done
-- Found ament_cmake: 1.3.11 (/opt/ros/humble/share/ament_cmake/cmake)
-- Found Python3: /usr/bin/python3 (found version "3.10.12") found components: Interpreter 
-- Override CMake install command with custom implementation using symlinks instead of copying resources
-- Found controller_interface: 2.49.0 (/opt/ros/humble/share/controller_interface/cmake)
-- Found rosidl_generator_c: 3.1.6 (/opt/ros/humble/share/rosidl_generator_c/cmake)
-- Found rosidl_adapter: 3.1.6 (/opt/ros/humble/share/rosidl_adapter/cmake)
-- Found rosidl_generator_cpp: 3.1.6 (/opt/ros/humble/share/rosidl_generator_cpp/cmake)
-- Using all available rosidl_typesupport_c: rosidl_typesupport_fastrtps_c;rosidl_typesupport_introspection_c
-- Using all available rosidl_typesupport_cpp: rosidl_typesupport_fastrtps_cpp;rosidl_typesupport_introspection_cpp
-- Found rmw_implementation_cmake: 6.1.2 (/opt/ros/humble/share/rmw_implementation_cmake/cmake)
-- Found rmw_fastrtps_cpp: 6.2.7 (/opt/ros/humble/share/rmw_fastrtps_cpp/cmake)
-- Found TinyXML2 via Config file: TinyXML2_DIR-NOTFOUND
-- Found OpenSSL: /usr/lib/x86_64-linux-gnu/libcrypto.so (found version "3.0.2")  
-- Found TinyXML2 via Config file: TinyXML2_DIR-NOTFOUND
-- Found FastRTPS: /opt/ros/humble/include  
-- Found TinyXML2 via Config file: TinyXML2_DIR-NOTFOUND
-- Found TinyXML2 via Config file: TinyXML2_DIR-NOTFOUND
-- Using RMW implementation 'rmw_fastrtps_cpp' as default
-- Looking for pthread.h
-- Looking for pthread.h - found
-- Performing Test CMAKE_HAVE_LIBC_PTHREAD
-- Performing Test CMAKE_HAVE_LIBC_PTHREAD - Success
-- Found Threads: TRUE  
-- Found realtime_tools: 2.12.0 (/opt/ros/humble/share/realtime_tools/cmake)
-- Found ament_cmake_gtest: 1.3.11 (/opt/ros/humble/share/ament_cmake_gtest/cmake)
-- Found ament_lint_auto: 0.12.12 (/opt/ros/humble/share/ament_lint_auto/cmake)
-- Configuring done
-- Generating done
-- Build files have been written to: /home/rosuser/ros2_ws/build/impedance_controller
[ 50%] [32mBuilding CXX object CMakeFiles/impedance_controller.dir/src/impedance_controller.cpp.o[0m
In file included from [01m[K/home/rosuser/ros2_ws/src/iiwa_ros2/iiwa_controllers/impedance_controller/include/impedance_controller/impedance_controller.hpp:27[m[K,
                 from [01m[K/home/rosuser/ros2_ws/src/iiwa_ros2/iiwa_controllers/impedance_controller/src/impedance_controller.cpp:15[m[K:
[01m[K/opt/ros/humble/include/realtime_tools/realtime_tools/realtime_buffer.h:22:100:[m[K [01;36m[Knote: [m[K‘[01m[K#pragma message: This header include is deprecated. Please update your code to use 'realtime_buffer.hpp' header.[m[K’
   22 | lease update your code to use 'realtime_buffer.hpp' header."[01;36m[K)[m[K  //NOLINT
      |                                                             [01;36m[K^[m[K

[100%] [32m[1mLinking CXX shared library libimpedance_controller.so[0m
[100%] Built target impedance_controller
-- Install configuration: ""
-- Execute custom install script
-- Symlinking: /home/rosuser/ros2_ws/install/impedance_controller/share/impedance_controller//impedance_plugin.xml
-- Symlinking: /home/rosuser/ros2_ws/install/impedance_controller/include/impedance_controller/impedance_controller.hpp
-- Symlinking: /home/rosuser/ros2_ws/install/impedance_controller/include/impedance_controller/visibility_control.h
-- Symlinking: /home/rosuser/ros2_ws/install/impedance_controller/lib/libimpedance_controller.so
-- Symlinking: /home/rosuser/ros2_ws/install/impedance_controller/share/impedance_controller/environment/library_path.sh
-- Symlinking: /home/rosuser/ros2_ws/install/impedance_controller/share/impedance_controller/environment/library_path.dsv
-- Symlinking: /home/rosuser/ros2_ws/install/impedance_controller/share/ament_index/resource_index/package_run_dependencies/impedance_controller
-- Symlinking: /home/rosuser/ros2_ws/install/impedance_controller/share/ament_index/resource_index/parent_prefix_path/impedance_controller
-- Symlinking: /home/rosuser/ros2_ws/install/impedance_controller/share/impedance_controller/environment/ament_prefix_path.sh
-- Symlinking: /home/rosuser/ros2_ws/install/impedance_controller/share/impedance_controller/environment/ament_prefix_path.dsv
-- Symlinking: /home/rosuser/ros2_ws/install/impedance_controller/share/impedance_controller/environment/path.sh
-- Symlinking: /home/rosuser/ros2_ws/install/impedance_controller/share/impedance_controller/environment/path.dsv
-- Symlinking: /home/rosuser/ros2_ws/install/impedance_controller/share/impedance_controller/local_setup.bash
-- Symlinking: /home/rosuser/ros2_ws/install/impedance_controller/share/impedance_controller/local_setup.sh
-- Symlinking: /home/rosuser/ros2_ws/install/impedance_controller/share/impedance_controller/local_setup.zsh
-- Symlinking: /home/rosuser/ros2_ws/install/impedance_controller/share/impedance_controller/local_setup.dsv
-- Symlinking: /home/rosuser/ros2_ws/install/impedance_controller/share/impedance_controller/package.dsv
-- Symlinking: /home/rosuser/ros2_ws/install/impedance_controller/share/ament_index/resource_index/packages/impedance_controller
-- Symlinking: /home/rosuser/ros2_ws/install/impedance_controller/share/ament_index/resource_index/controller_interface__pluginlib__plugin/impedance_controller
-- Symlinking: /home/rosuser/ros2_ws/install/impedance_controller/share/impedance_controller/cmake/ament_cmake_export_dependencies-extras.cmake
-- Symlinking: /home/rosuser/ros2_ws/install/impedance_controller/share/impedance_controller/cmake/ament_cmake_export_include_directories-extras.cmake
-- Symlinking: /home/rosuser/ros2_ws/install/impedance_controller/share/impedance_controller/cmake/ament_cmake_export_libraries-extras.cmake
-- Symlinking: /home/rosuser/ros2_ws/install/impedance_controller/share/impedance_controller/cmake/impedance_controllerConfig.cmake
-- Symlinking: /home/rosuser/ros2_ws/install/impedance_controller/share/impedance_controller/cmake/impedance_controllerConfig-version.cmake
-- Symlinking: /home/rosuser/ros2_ws/install/impedance_controller/share/impedance_controller/package.xml
