[0.231s] Invoking command in '/home/rosuser/ros2_ws/build/lbr_fri_ros2': AMENT_PREFIX_PATH=/home/rosuser/ros2_ws/install/lbr_fri_idl:/home/rosuser/ros2_ws/install/lbr_description:${AMENT_PREFIX_PATH} CMAKE_PREFIX_PATH=/home/rosuser/ros2_ws/install/lbr_fri_idl:/home/rosuser/ros2_ws/install/lbr_description:/home/rosuser/ros2_ws/install/fri_client_sdk:/opt/ros/humble LD_LIBRARY_PATH=/home/rosuser/ros2_ws/install/lbr_fri_idl/lib:/home/rosuser/ros2_ws/install/fri_client_sdk/lib:${LD_LIBRARY_PATH} PKG_CONFIG_PATH=/home/rosuser/ros2_ws/install/fri_client_sdk/lib/x86_64-linux-gnu/pkgconfig:/home/rosuser/ros2_ws/install/fri_client_sdk/lib/pkgconfig PYTHONPATH=/home/rosuser/ros2_ws/install/lbr_fri_idl/local/lib/python3.10/dist-packages:${PYTHONPATH} /usr/bin/cmake /home/rosuser/ros2_ws/src/lbr_fri_ros2_stack/lbr_fri_ros2 -DAMENT_CMAKE_SYMLINK_INSTALL=1 -DCMAKE_INSTALL_PREFIX=/home/rosuser/ros2_ws/install/lbr_fri_ros2
[0.350s] -- The C compiler identification is GNU 11.4.0
[0.426s] -- The CXX compiler identification is GNU 11.4.0
[0.436s] -- Detecting C compiler ABI info
[0.574s] -- Detecting C compiler ABI info - done
[0.597s] -- Check for working C compiler: /usr/bin/cc - skipped
[0.598s] -- Detecting C compile features
[0.604s] -- Detecting C compile features - done
[0.610s] -- Detecting CXX compiler ABI info
[0.764s] -- Detecting CXX compiler ABI info - done
[0.776s] -- Check for working CXX compiler: /usr/bin/c++ - skipped
[0.777s] -- Detecting CXX compile features
[0.777s] -- Detecting CXX compile features - done
[1.420s] -- Found ament_cmake: 1.3.11 (/opt/ros/humble/share/ament_cmake/cmake)
[1.637s] -- Found Python3: /usr/bin/python3 (found version "3.10.12") found components: Interpreter 
[1.734s] -- Override CMake install command with custom implementation using symlinks instead of copying resources
[1.961s] -- Found eigen3_cmake_module: 0.1.1 (/opt/ros/humble/share/eigen3_cmake_module/cmake)
[2.388s] -- Found Eigen3: TRUE (found version "3.4.0") 
[2.405s] -- Found geometry_msgs: 4.8.0 (/opt/ros/humble/share/geometry_msgs/cmake)
[2.756s] -- Found rosidl_generator_c: 3.1.6 (/opt/ros/humble/share/rosidl_generator_c/cmake)
[2.805s] -- Found rosidl_adapter: 3.1.6 (/opt/ros/humble/share/rosidl_adapter/cmake)
[2.820s] -- Found rosidl_generator_cpp: 3.1.6 (/opt/ros/humble/share/rosidl_generator_cpp/cmake)
[2.976s] -- Using all available rosidl_typesupport_c: rosidl_typesupport_fastrtps_c;rosidl_typesupport_introspection_c
[3.030s] -- Using all available rosidl_typesupport_cpp: rosidl_typesupport_fastrtps_cpp;rosidl_typesupport_introspection_cpp
[3.565s] -- Found kdl_parser: 2.6.4 (/opt/ros/humble/share/kdl_parser/cmake)
[3.599s] -- Ensuring Eigen3 include directory is part of orocos-kdl CMake target
[3.603s] -- Found lbr_fri_idl: 1.5.0 (/home/rosuser/ros2_ws/install/lbr_fri_idl/share/lbr_fri_idl/cmake)
[3.643s] -- Found rclcpp: 16.0.12 (/opt/ros/humble/share/rclcpp/cmake)
[3.713s] -- Found rmw_implementation_cmake: 6.1.2 (/opt/ros/humble/share/rmw_implementation_cmake/cmake)
[3.719s] -- Found rmw_fastrtps_cpp: 6.2.7 (/opt/ros/humble/share/rmw_fastrtps_cpp/cmake)
[3.916s] -- Found OpenSSL: /usr/lib/x86_64-linux-gnu/libcrypto.so (found version "3.0.2")  
[3.962s] -- Found FastRTPS: /opt/ros/humble/include  
[4.047s] -- Using RMW implementation 'rmw_fastrtps_cpp' as default
[4.080s] -- Looking for pthread.h
[4.197s] -- Looking for pthread.h - found
[4.197s] -- Performing Test CMAKE_HAVE_LIBC_PTHREAD
[4.312s] -- Performing Test CMAKE_HAVE_LIBC_PTHREAD - Success
[4.314s] -- Found Threads: TRUE  
[4.459s] -- Found realtime_tools: 2.12.0 (/opt/ros/humble/share/realtime_tools/cmake)
[4.626s] -- Found urdf: 2.6.1 (/opt/ros/humble/share/urdf/cmake)
[4.761s] -- Found ament_cmake_gtest: 1.3.11 (/opt/ros/humble/share/ament_cmake_gtest/cmake)
[4.767s] -- Found gtest sources under '/opt/ros/humble/src/gtest_vendor': C++ tests using 'Google Test' will be built
[5.157s] -- Configuring done
[5.256s] -- Generating done
[5.266s] -- Build files have been written to: /home/rosuser/ros2_ws/build/lbr_fri_ros2
[5.291s] Invoked command in '/home/rosuser/ros2_ws/build/lbr_fri_ros2' returned '0': AMENT_PREFIX_PATH=/home/rosuser/ros2_ws/install/lbr_fri_idl:/home/rosuser/ros2_ws/install/lbr_description:${AMENT_PREFIX_PATH} CMAKE_PREFIX_PATH=/home/rosuser/ros2_ws/install/lbr_fri_idl:/home/rosuser/ros2_ws/install/lbr_description:/home/rosuser/ros2_ws/install/fri_client_sdk:/opt/ros/humble LD_LIBRARY_PATH=/home/rosuser/ros2_ws/install/lbr_fri_idl/lib:/home/rosuser/ros2_ws/install/fri_client_sdk/lib:${LD_LIBRARY_PATH} PKG_CONFIG_PATH=/home/rosuser/ros2_ws/install/fri_client_sdk/lib/x86_64-linux-gnu/pkgconfig:/home/rosuser/ros2_ws/install/fri_client_sdk/lib/pkgconfig PYTHONPATH=/home/rosuser/ros2_ws/install/lbr_fri_idl/local/lib/python3.10/dist-packages:${PYTHONPATH} /usr/bin/cmake /home/rosuser/ros2_ws/src/lbr_fri_ros2_stack/lbr_fri_ros2 -DAMENT_CMAKE_SYMLINK_INSTALL=1 -DCMAKE_INSTALL_PREFIX=/home/rosuser/ros2_ws/install/lbr_fri_ros2
[5.291s] Invoking command in '/home/rosuser/ros2_ws/build/lbr_fri_ros2': AMENT_PREFIX_PATH=/home/rosuser/ros2_ws/install/lbr_fri_idl:/home/rosuser/ros2_ws/install/lbr_description:${AMENT_PREFIX_PATH} CMAKE_PREFIX_PATH=/home/rosuser/ros2_ws/install/lbr_fri_idl:/home/rosuser/ros2_ws/install/lbr_description:/home/rosuser/ros2_ws/install/fri_client_sdk:/opt/ros/humble LD_LIBRARY_PATH=/home/rosuser/ros2_ws/install/lbr_fri_idl/lib:/home/rosuser/ros2_ws/install/fri_client_sdk/lib:${LD_LIBRARY_PATH} PKG_CONFIG_PATH=/home/rosuser/ros2_ws/install/fri_client_sdk/lib/x86_64-linux-gnu/pkgconfig:/home/rosuser/ros2_ws/install/fri_client_sdk/lib/pkgconfig PYTHONPATH=/home/rosuser/ros2_ws/install/lbr_fri_idl/local/lib/python3.10/dist-packages:${PYTHONPATH} /usr/bin/cmake --build /home/rosuser/ros2_ws/build/lbr_fri_ros2 -- -j4 -l4
[5.371s] [  5%] [32mBuilding CXX object gtest/CMakeFiles/gtest_main.dir/src/gtest_main.cc.o[0m
[5.376s] [ 10%] [32mBuilding CXX object CMakeFiles/lbr_fri_ros2.dir/src/interfaces/base_command.cpp.o[0m
[5.385s] [ 15%] [32mBuilding CXX object gtest/CMakeFiles/gtest.dir/src/gtest-all.cc.o[0m
[5.385s] [ 20%] [32mBuilding CXX object CMakeFiles/lbr_fri_ros2.dir/src/interfaces/position_command.cpp.o[0m
[7.803s] [ 25%] [32mBuilding CXX object CMakeFiles/lbr_fri_ros2.dir/src/interfaces/state.cpp.o[0m
[8.043s] [ 30%] [32m[1mLinking CXX static library libgtest_main.a[0m
[8.258s] [ 30%] Built target gtest_main
[9.397s] [ 35%] [32mBuilding CXX object CMakeFiles/lbr_fri_ros2.dir/src/interfaces/wrench_command.cpp.o[0m
[11.347s] [ 40%] [32mBuilding CXX object CMakeFiles/lbr_fri_ros2.dir/src/app.cpp.o[0m
[15.285s] [ 45%] [32mBuilding CXX object CMakeFiles/lbr_fri_ros2.dir/src/async_client.cpp.o[0m
[19.477s] [ 50%] [32mBuilding CXX object CMakeFiles/lbr_fri_ros2.dir/src/command_guard.cpp.o[0m
[21.983s] [ 55%] [32m[1mLinking CXX static library libgtest.a[0m
[22.176s] [ 55%] Built target gtest
[22.633s] [ 60%] [32mBuilding CXX object CMakeFiles/lbr_fri_ros2.dir/src/filters.cpp.o[0m
[24.876s] [ 65%] [32mBuilding CXX object CMakeFiles/lbr_fri_ros2.dir/src/ft_estimator.cpp.o[0m
[47.481s] [ 70%] [32mBuilding CXX object CMakeFiles/lbr_fri_ros2.dir/src/kinematics.cpp.o[0m
[50.087s] [ 75%] [32mBuilding CXX object CMakeFiles/lbr_fri_ros2.dir/src/worker.cpp.o[0m
[51.323s] [ 80%] [32mBuilding CXX object CMakeFiles/lbr_fri_ros2.dir/src/control.cpp.o[0m
[69.842s] [ 85%] [32mBuilding CXX object CMakeFiles/lbr_fri_ros2.dir/src/interfaces/torque_command.cpp.o[0m
[71.417s] [ 90%] [32m[1mLinking CXX shared library liblbr_fri_ros2.so[0m
[71.595s] [ 90%] Built target lbr_fri_ros2
[71.627s] [ 95%] [32mBuilding CXX object CMakeFiles/test_command_interfaces.dir/test/test_command_interfaces.cpp.o[0m
[74.697s] [100%] [32m[1mLinking CXX executable test_command_interfaces[0m
[74.867s] [100%] Built target test_command_interfaces
[74.881s] Invoked command in '/home/rosuser/ros2_ws/build/lbr_fri_ros2' returned '0': AMENT_PREFIX_PATH=/home/rosuser/ros2_ws/install/lbr_fri_idl:/home/rosuser/ros2_ws/install/lbr_description:${AMENT_PREFIX_PATH} CMAKE_PREFIX_PATH=/home/rosuser/ros2_ws/install/lbr_fri_idl:/home/rosuser/ros2_ws/install/lbr_description:/home/rosuser/ros2_ws/install/fri_client_sdk:/opt/ros/humble LD_LIBRARY_PATH=/home/rosuser/ros2_ws/install/lbr_fri_idl/lib:/home/rosuser/ros2_ws/install/fri_client_sdk/lib:${LD_LIBRARY_PATH} PKG_CONFIG_PATH=/home/rosuser/ros2_ws/install/fri_client_sdk/lib/x86_64-linux-gnu/pkgconfig:/home/rosuser/ros2_ws/install/fri_client_sdk/lib/pkgconfig PYTHONPATH=/home/rosuser/ros2_ws/install/lbr_fri_idl/local/lib/python3.10/dist-packages:${PYTHONPATH} /usr/bin/cmake --build /home/rosuser/ros2_ws/build/lbr_fri_ros2 -- -j4 -l4
[74.883s] Invoking command in '/home/rosuser/ros2_ws/build/lbr_fri_ros2': AMENT_PREFIX_PATH=/home/rosuser/ros2_ws/install/lbr_fri_idl:/home/rosuser/ros2_ws/install/lbr_description:${AMENT_PREFIX_PATH} CMAKE_PREFIX_PATH=/home/rosuser/ros2_ws/install/lbr_fri_idl:/home/rosuser/ros2_ws/install/lbr_description:/home/rosuser/ros2_ws/install/fri_client_sdk:/opt/ros/humble LD_LIBRARY_PATH=/home/rosuser/ros2_ws/install/lbr_fri_idl/lib:/home/rosuser/ros2_ws/install/fri_client_sdk/lib:${LD_LIBRARY_PATH} PKG_CONFIG_PATH=/home/rosuser/ros2_ws/install/fri_client_sdk/lib/x86_64-linux-gnu/pkgconfig:/home/rosuser/ros2_ws/install/fri_client_sdk/lib/pkgconfig PYTHONPATH=/home/rosuser/ros2_ws/install/lbr_fri_idl/local/lib/python3.10/dist-packages:${PYTHONPATH} /usr/bin/cmake --install /home/rosuser/ros2_ws/build/lbr_fri_ros2
[74.892s] -- Install configuration: "Release"
[74.893s] -- Execute custom install script
[74.893s] -- Symlinking: /home/rosuser/ros2_ws/install/lbr_fri_ros2/share/lbr_fri_ros2/environment/library_path.sh
[74.906s] -- Symlinking: /home/rosuser/ros2_ws/install/lbr_fri_ros2/share/lbr_fri_ros2/environment/library_path.dsv
[74.918s] -- Symlinking: /home/rosuser/ros2_ws/install/lbr_fri_ros2/include/lbr_fri_ros2/app.hpp
[74.929s] -- Symlinking: /home/rosuser/ros2_ws/install/lbr_fri_ros2/include/lbr_fri_ros2/async_client.hpp
[74.941s] -- Symlinking: /home/rosuser/ros2_ws/install/lbr_fri_ros2/include/lbr_fri_ros2/command_guard.hpp
[74.953s] -- Symlinking: /home/rosuser/ros2_ws/install/lbr_fri_ros2/include/lbr_fri_ros2/control.hpp
[74.965s] -- Symlinking: /home/rosuser/ros2_ws/install/lbr_fri_ros2/include/lbr_fri_ros2/filters.hpp
[74.977s] -- Symlinking: /home/rosuser/ros2_ws/install/lbr_fri_ros2/include/lbr_fri_ros2/formatting.hpp
[74.988s] -- Symlinking: /home/rosuser/ros2_ws/install/lbr_fri_ros2/include/lbr_fri_ros2/ft_estimator.hpp
[74.999s] -- Symlinking: /home/rosuser/ros2_ws/install/lbr_fri_ros2/include/lbr_fri_ros2/interfaces/base_command.hpp
[75.011s] -- Symlinking: /home/rosuser/ros2_ws/install/lbr_fri_ros2/include/lbr_fri_ros2/interfaces/position_command.hpp
[75.022s] -- Symlinking: /home/rosuser/ros2_ws/install/lbr_fri_ros2/include/lbr_fri_ros2/interfaces/state.hpp
[75.034s] -- Symlinking: /home/rosuser/ros2_ws/install/lbr_fri_ros2/include/lbr_fri_ros2/interfaces/torque_command.hpp
[75.046s] -- Symlinking: /home/rosuser/ros2_ws/install/lbr_fri_ros2/include/lbr_fri_ros2/interfaces/wrench_command.hpp
[75.058s] -- Symlinking: /home/rosuser/ros2_ws/install/lbr_fri_ros2/include/lbr_fri_ros2/kinematics.hpp
[75.071s] -- Symlinking: /home/rosuser/ros2_ws/install/lbr_fri_ros2/include/lbr_fri_ros2/pinv.hpp
[75.083s] -- Symlinking: /home/rosuser/ros2_ws/install/lbr_fri_ros2/include/lbr_fri_ros2/types.hpp
[75.096s] -- Symlinking: /home/rosuser/ros2_ws/install/lbr_fri_ros2/include/lbr_fri_ros2/utils.hpp
[75.107s] -- Symlinking: /home/rosuser/ros2_ws/install/lbr_fri_ros2/include/lbr_fri_ros2/worker.hpp
[75.119s] -- Symlinking: /home/rosuser/ros2_ws/install/lbr_fri_ros2/share/ament_index/resource_index/package_run_dependencies/lbr_fri_ros2
[75.132s] -- Symlinking: /home/rosuser/ros2_ws/install/lbr_fri_ros2/share/ament_index/resource_index/parent_prefix_path/lbr_fri_ros2
[75.143s] -- Symlinking: /home/rosuser/ros2_ws/install/lbr_fri_ros2/share/lbr_fri_ros2/environment/ament_prefix_path.sh
[75.154s] -- Symlinking: /home/rosuser/ros2_ws/install/lbr_fri_ros2/share/lbr_fri_ros2/environment/ament_prefix_path.dsv
[75.168s] -- Symlinking: /home/rosuser/ros2_ws/install/lbr_fri_ros2/share/lbr_fri_ros2/environment/path.sh
[75.179s] -- Symlinking: /home/rosuser/ros2_ws/install/lbr_fri_ros2/share/lbr_fri_ros2/environment/path.dsv
[75.190s] -- Symlinking: /home/rosuser/ros2_ws/install/lbr_fri_ros2/share/lbr_fri_ros2/local_setup.bash
[75.202s] -- Symlinking: /home/rosuser/ros2_ws/install/lbr_fri_ros2/share/lbr_fri_ros2/local_setup.sh
[75.213s] -- Symlinking: /home/rosuser/ros2_ws/install/lbr_fri_ros2/share/lbr_fri_ros2/local_setup.zsh
[75.225s] -- Symlinking: /home/rosuser/ros2_ws/install/lbr_fri_ros2/share/lbr_fri_ros2/local_setup.dsv
[75.237s] -- Symlinking: /home/rosuser/ros2_ws/install/lbr_fri_ros2/share/lbr_fri_ros2/package.dsv
[75.248s] -- Symlinking: /home/rosuser/ros2_ws/install/lbr_fri_ros2/share/ament_index/resource_index/packages/lbr_fri_ros2
[75.260s] -- Symlinking: /home/rosuser/ros2_ws/install/lbr_fri_ros2/share/lbr_fri_ros2/cmake/ament_cmake_export_targets-extras.cmake
[75.271s] -- Symlinking: /home/rosuser/ros2_ws/install/lbr_fri_ros2/share/lbr_fri_ros2/cmake/ament_cmake_export_dependencies-extras.cmake
[75.283s] -- Symlinking: /home/rosuser/ros2_ws/install/lbr_fri_ros2/share/lbr_fri_ros2/cmake/lbr_fri_ros2Config.cmake
[75.296s] -- Symlinking: /home/rosuser/ros2_ws/install/lbr_fri_ros2/share/lbr_fri_ros2/cmake/lbr_fri_ros2Config-version.cmake
[75.308s] -- Symlinking: /home/rosuser/ros2_ws/install/lbr_fri_ros2/share/lbr_fri_ros2/package.xml
[75.319s] -- Installing: /home/rosuser/ros2_ws/install/lbr_fri_ros2/lib/liblbr_fri_ros2.so
[75.321s] -- Set runtime path of "/home/rosuser/ros2_ws/install/lbr_fri_ros2/lib/liblbr_fri_ros2.so" to ""
[75.322s] -- Installing: /home/rosuser/ros2_ws/install/lbr_fri_ros2/share/lbr_fri_ros2/cmake/lbr_fri_ros2_exportExport.cmake
[75.322s] -- Installing: /home/rosuser/ros2_ws/install/lbr_fri_ros2/share/lbr_fri_ros2/cmake/lbr_fri_ros2_exportExport-release.cmake
[75.327s] Invoked command in '/home/rosuser/ros2_ws/build/lbr_fri_ros2' returned '0': AMENT_PREFIX_PATH=/home/rosuser/ros2_ws/install/lbr_fri_idl:/home/rosuser/ros2_ws/install/lbr_description:${AMENT_PREFIX_PATH} CMAKE_PREFIX_PATH=/home/rosuser/ros2_ws/install/lbr_fri_idl:/home/rosuser/ros2_ws/install/lbr_description:/home/rosuser/ros2_ws/install/fri_client_sdk:/opt/ros/humble LD_LIBRARY_PATH=/home/rosuser/ros2_ws/install/lbr_fri_idl/lib:/home/rosuser/ros2_ws/install/fri_client_sdk/lib:${LD_LIBRARY_PATH} PKG_CONFIG_PATH=/home/rosuser/ros2_ws/install/fri_client_sdk/lib/x86_64-linux-gnu/pkgconfig:/home/rosuser/ros2_ws/install/fri_client_sdk/lib/pkgconfig PYTHONPATH=/home/rosuser/ros2_ws/install/lbr_fri_idl/local/lib/python3.10/dist-packages:${PYTHONPATH} /usr/bin/cmake --install /home/rosuser/ros2_ws/build/lbr_fri_ros2
