[0.395s] Invoking command in '/home/rosuser/ros2_ws/build/lbr_fri_ros2_stack': AMENT_PREFIX_PATH=/home/rosuser/ros2_ws/install/lbr_bringup:/home/rosuser/ros2_ws/install/lbr_ros2_control:/home/rosuser/ros2_ws/install/lbr_fri_ros2:/home/rosuser/ros2_ws/install/lbr_fri_idl:/home/rosuser/ros2_ws/install/lbr_description:${AMENT_PREFIX_PATH} CMAKE_PREFIX_PATH=/home/rosuser/ros2_ws/install/lbr_bringup:/home/rosuser/ros2_ws/install/lbr_ros2_control:/home/rosuser/ros2_ws/install/lbr_fri_ros2:/home/rosuser/ros2_ws/install/lbr_fri_idl:/home/rosuser/ros2_ws/install/lbr_description:/home/rosuser/ros2_ws/install/fri_client_sdk:/opt/ros/humble LD_LIBRARY_PATH=/home/rosuser/ros2_ws/install/lbr_ros2_control/lib:/home/rosuser/ros2_ws/install/lbr_fri_ros2/lib:/home/rosuser/ros2_ws/install/lbr_fri_idl/lib:/home/rosuser/ros2_ws/install/fri_client_sdk/lib:${LD_LIBRARY_PATH} PKG_CONFIG_PATH=/home/rosuser/ros2_ws/install/fri_client_sdk/lib/x86_64-linux-gnu/pkgconfig:/home/rosuser/ros2_ws/install/fri_client_sdk/lib/pkgconfig PYTHONPATH=/home/rosuser/ros2_ws/install/lbr_bringup/local/lib/python3.10/dist-packages:/home/rosuser/ros2_ws/install/lbr_fri_idl/local/lib/python3.10/dist-packages:${PYTHONPATH} /usr/bin/cmake /home/rosuser/ros2_ws/src/lbr_fri_ros2_stack/lbr_fri_ros2_stack -DAMENT_CMAKE_SYMLINK_INSTALL=1 -DCMAKE_INSTALL_PREFIX=/home/rosuser/ros2_ws/install/lbr_fri_ros2_stack
[0.466s] -- The C compiler identification is GNU 11.4.0
[0.544s] -- The CXX compiler identification is GNU 11.4.0
[0.553s] -- Detecting C compiler ABI info
[0.639s] -- Detecting C compiler ABI info - done
[0.650s] -- Check for working C compiler: /usr/bin/cc - skipped
[0.650s] -- Detecting C compile features
[0.651s] -- Detecting C compile features - done
[0.655s] -- Detecting CXX compiler ABI info
[0.752s] -- Detecting CXX compiler ABI info - done
[0.764s] -- Check for working CXX compiler: /usr/bin/c++ - skipped
[0.764s] -- Detecting CXX compile features
[0.765s] -- Detecting CXX compile features - done
[0.768s] -- Found ament_cmake: 1.3.11 (/opt/ros/humble/share/ament_cmake/cmake)
[0.973s] -- Found Python3: /usr/bin/python3 (found version "3.10.12") found components: Interpreter 
[1.060s] -- Override CMake install command with custom implementation using symlinks instead of copying resources
[1.193s] -- Configuring done
[1.195s] -- Generating done
[1.197s] -- Build files have been written to: /home/rosuser/ros2_ws/build/lbr_fri_ros2_stack
[1.202s] Invoked command in '/home/rosuser/ros2_ws/build/lbr_fri_ros2_stack' returned '0': AMENT_PREFIX_PATH=/home/rosuser/ros2_ws/install/lbr_bringup:/home/rosuser/ros2_ws/install/lbr_ros2_control:/home/rosuser/ros2_ws/install/lbr_fri_ros2:/home/rosuser/ros2_ws/install/lbr_fri_idl:/home/rosuser/ros2_ws/install/lbr_description:${AMENT_PREFIX_PATH} CMAKE_PREFIX_PATH=/home/rosuser/ros2_ws/install/lbr_bringup:/home/rosuser/ros2_ws/install/lbr_ros2_control:/home/rosuser/ros2_ws/install/lbr_fri_ros2:/home/rosuser/ros2_ws/install/lbr_fri_idl:/home/rosuser/ros2_ws/install/lbr_description:/home/rosuser/ros2_ws/install/fri_client_sdk:/opt/ros/humble LD_LIBRARY_PATH=/home/rosuser/ros2_ws/install/lbr_ros2_control/lib:/home/rosuser/ros2_ws/install/lbr_fri_ros2/lib:/home/rosuser/ros2_ws/install/lbr_fri_idl/lib:/home/rosuser/ros2_ws/install/fri_client_sdk/lib:${LD_LIBRARY_PATH} PKG_CONFIG_PATH=/home/rosuser/ros2_ws/install/fri_client_sdk/lib/x86_64-linux-gnu/pkgconfig:/home/rosuser/ros2_ws/install/fri_client_sdk/lib/pkgconfig PYTHONPATH=/home/rosuser/ros2_ws/install/lbr_bringup/local/lib/python3.10/dist-packages:/home/rosuser/ros2_ws/install/lbr_fri_idl/local/lib/python3.10/dist-packages:${PYTHONPATH} /usr/bin/cmake /home/rosuser/ros2_ws/src/lbr_fri_ros2_stack/lbr_fri_ros2_stack -DAMENT_CMAKE_SYMLINK_INSTALL=1 -DCMAKE_INSTALL_PREFIX=/home/rosuser/ros2_ws/install/lbr_fri_ros2_stack
[1.204s] Invoking command in '/home/rosuser/ros2_ws/build/lbr_fri_ros2_stack': AMENT_PREFIX_PATH=/home/rosuser/ros2_ws/install/lbr_bringup:/home/rosuser/ros2_ws/install/lbr_ros2_control:/home/rosuser/ros2_ws/install/lbr_fri_ros2:/home/rosuser/ros2_ws/install/lbr_fri_idl:/home/rosuser/ros2_ws/install/lbr_description:${AMENT_PREFIX_PATH} CMAKE_PREFIX_PATH=/home/rosuser/ros2_ws/install/lbr_bringup:/home/rosuser/ros2_ws/install/lbr_ros2_control:/home/rosuser/ros2_ws/install/lbr_fri_ros2:/home/rosuser/ros2_ws/install/lbr_fri_idl:/home/rosuser/ros2_ws/install/lbr_description:/home/rosuser/ros2_ws/install/fri_client_sdk:/opt/ros/humble LD_LIBRARY_PATH=/home/rosuser/ros2_ws/install/lbr_ros2_control/lib:/home/rosuser/ros2_ws/install/lbr_fri_ros2/lib:/home/rosuser/ros2_ws/install/lbr_fri_idl/lib:/home/rosuser/ros2_ws/install/fri_client_sdk/lib:${LD_LIBRARY_PATH} PKG_CONFIG_PATH=/home/rosuser/ros2_ws/install/fri_client_sdk/lib/x86_64-linux-gnu/pkgconfig:/home/rosuser/ros2_ws/install/fri_client_sdk/lib/pkgconfig PYTHONPATH=/home/rosuser/ros2_ws/install/lbr_bringup/local/lib/python3.10/dist-packages:/home/rosuser/ros2_ws/install/lbr_fri_idl/local/lib/python3.10/dist-packages:${PYTHONPATH} /usr/bin/cmake --build /home/rosuser/ros2_ws/build/lbr_fri_ros2_stack -- -j4 -l4
[1.252s] Invoked command in '/home/rosuser/ros2_ws/build/lbr_fri_ros2_stack' returned '0': AMENT_PREFIX_PATH=/home/rosuser/ros2_ws/install/lbr_bringup:/home/rosuser/ros2_ws/install/lbr_ros2_control:/home/rosuser/ros2_ws/install/lbr_fri_ros2:/home/rosuser/ros2_ws/install/lbr_fri_idl:/home/rosuser/ros2_ws/install/lbr_description:${AMENT_PREFIX_PATH} CMAKE_PREFIX_PATH=/home/rosuser/ros2_ws/install/lbr_bringup:/home/rosuser/ros2_ws/install/lbr_ros2_control:/home/rosuser/ros2_ws/install/lbr_fri_ros2:/home/rosuser/ros2_ws/install/lbr_fri_idl:/home/rosuser/ros2_ws/install/lbr_description:/home/rosuser/ros2_ws/install/fri_client_sdk:/opt/ros/humble LD_LIBRARY_PATH=/home/rosuser/ros2_ws/install/lbr_ros2_control/lib:/home/rosuser/ros2_ws/install/lbr_fri_ros2/lib:/home/rosuser/ros2_ws/install/lbr_fri_idl/lib:/home/rosuser/ros2_ws/install/fri_client_sdk/lib:${LD_LIBRARY_PATH} PKG_CONFIG_PATH=/home/rosuser/ros2_ws/install/fri_client_sdk/lib/x86_64-linux-gnu/pkgconfig:/home/rosuser/ros2_ws/install/fri_client_sdk/lib/pkgconfig PYTHONPATH=/home/rosuser/ros2_ws/install/lbr_bringup/local/lib/python3.10/dist-packages:/home/rosuser/ros2_ws/install/lbr_fri_idl/local/lib/python3.10/dist-packages:${PYTHONPATH} /usr/bin/cmake --build /home/rosuser/ros2_ws/build/lbr_fri_ros2_stack -- -j4 -l4
[1.253s] Invoking command in '/home/rosuser/ros2_ws/build/lbr_fri_ros2_stack': AMENT_PREFIX_PATH=/home/rosuser/ros2_ws/install/lbr_bringup:/home/rosuser/ros2_ws/install/lbr_ros2_control:/home/rosuser/ros2_ws/install/lbr_fri_ros2:/home/rosuser/ros2_ws/install/lbr_fri_idl:/home/rosuser/ros2_ws/install/lbr_description:${AMENT_PREFIX_PATH} CMAKE_PREFIX_PATH=/home/rosuser/ros2_ws/install/lbr_bringup:/home/rosuser/ros2_ws/install/lbr_ros2_control:/home/rosuser/ros2_ws/install/lbr_fri_ros2:/home/rosuser/ros2_ws/install/lbr_fri_idl:/home/rosuser/ros2_ws/install/lbr_description:/home/rosuser/ros2_ws/install/fri_client_sdk:/opt/ros/humble LD_LIBRARY_PATH=/home/rosuser/ros2_ws/install/lbr_ros2_control/lib:/home/rosuser/ros2_ws/install/lbr_fri_ros2/lib:/home/rosuser/ros2_ws/install/lbr_fri_idl/lib:/home/rosuser/ros2_ws/install/fri_client_sdk/lib:${LD_LIBRARY_PATH} PKG_CONFIG_PATH=/home/rosuser/ros2_ws/install/fri_client_sdk/lib/x86_64-linux-gnu/pkgconfig:/home/rosuser/ros2_ws/install/fri_client_sdk/lib/pkgconfig PYTHONPATH=/home/rosuser/ros2_ws/install/lbr_bringup/local/lib/python3.10/dist-packages:/home/rosuser/ros2_ws/install/lbr_fri_idl/local/lib/python3.10/dist-packages:${PYTHONPATH} /usr/bin/cmake --install /home/rosuser/ros2_ws/build/lbr_fri_ros2_stack
[1.265s] -- Install configuration: ""
[1.266s] -- Execute custom install script
[1.266s] -- Symlinking: /home/rosuser/ros2_ws/install/lbr_fri_ros2_stack/share/ament_index/resource_index/package_run_dependencies/lbr_fri_ros2_stack
[1.278s] -- Symlinking: /home/rosuser/ros2_ws/install/lbr_fri_ros2_stack/share/ament_index/resource_index/parent_prefix_path/lbr_fri_ros2_stack
[1.288s] -- Symlinking: /home/rosuser/ros2_ws/install/lbr_fri_ros2_stack/share/lbr_fri_ros2_stack/environment/ament_prefix_path.sh
[1.299s] -- Symlinking: /home/rosuser/ros2_ws/install/lbr_fri_ros2_stack/share/lbr_fri_ros2_stack/environment/ament_prefix_path.dsv
[1.316s] -- Symlinking: /home/rosuser/ros2_ws/install/lbr_fri_ros2_stack/share/lbr_fri_ros2_stack/environment/path.sh
[1.343s] -- Symlinking: /home/rosuser/ros2_ws/install/lbr_fri_ros2_stack/share/lbr_fri_ros2_stack/environment/path.dsv
[1.352s] -- Symlinking: /home/rosuser/ros2_ws/install/lbr_fri_ros2_stack/share/lbr_fri_ros2_stack/local_setup.bash
[1.363s] -- Symlinking: /home/rosuser/ros2_ws/install/lbr_fri_ros2_stack/share/lbr_fri_ros2_stack/local_setup.sh
[1.376s] -- Symlinking: /home/rosuser/ros2_ws/install/lbr_fri_ros2_stack/share/lbr_fri_ros2_stack/local_setup.zsh
[1.389s] -- Symlinking: /home/rosuser/ros2_ws/install/lbr_fri_ros2_stack/share/lbr_fri_ros2_stack/local_setup.dsv
[1.401s] -- Symlinking: /home/rosuser/ros2_ws/install/lbr_fri_ros2_stack/share/lbr_fri_ros2_stack/package.dsv
[1.413s] -- Symlinking: /home/rosuser/ros2_ws/install/lbr_fri_ros2_stack/share/ament_index/resource_index/packages/lbr_fri_ros2_stack
[1.422s] -- Symlinking: /home/rosuser/ros2_ws/install/lbr_fri_ros2_stack/share/lbr_fri_ros2_stack/cmake/lbr_fri_ros2_stackConfig.cmake
[1.434s] -- Symlinking: /home/rosuser/ros2_ws/install/lbr_fri_ros2_stack/share/lbr_fri_ros2_stack/cmake/lbr_fri_ros2_stackConfig-version.cmake
[1.447s] -- Symlinking: /home/rosuser/ros2_ws/install/lbr_fri_ros2_stack/share/lbr_fri_ros2_stack/package.xml
[1.459s] Invoked command in '/home/rosuser/ros2_ws/build/lbr_fri_ros2_stack' returned '0': AMENT_PREFIX_PATH=/home/rosuser/ros2_ws/install/lbr_bringup:/home/rosuser/ros2_ws/install/lbr_ros2_control:/home/rosuser/ros2_ws/install/lbr_fri_ros2:/home/rosuser/ros2_ws/install/lbr_fri_idl:/home/rosuser/ros2_ws/install/lbr_description:${AMENT_PREFIX_PATH} CMAKE_PREFIX_PATH=/home/rosuser/ros2_ws/install/lbr_bringup:/home/rosuser/ros2_ws/install/lbr_ros2_control:/home/rosuser/ros2_ws/install/lbr_fri_ros2:/home/rosuser/ros2_ws/install/lbr_fri_idl:/home/rosuser/ros2_ws/install/lbr_description:/home/rosuser/ros2_ws/install/fri_client_sdk:/opt/ros/humble LD_LIBRARY_PATH=/home/rosuser/ros2_ws/install/lbr_ros2_control/lib:/home/rosuser/ros2_ws/install/lbr_fri_ros2/lib:/home/rosuser/ros2_ws/install/lbr_fri_idl/lib:/home/rosuser/ros2_ws/install/fri_client_sdk/lib:${LD_LIBRARY_PATH} PKG_CONFIG_PATH=/home/rosuser/ros2_ws/install/fri_client_sdk/lib/x86_64-linux-gnu/pkgconfig:/home/rosuser/ros2_ws/install/fri_client_sdk/lib/pkgconfig PYTHONPATH=/home/rosuser/ros2_ws/install/lbr_bringup/local/lib/python3.10/dist-packages:/home/rosuser/ros2_ws/install/lbr_fri_idl/local/lib/python3.10/dist-packages:${PYTHONPATH} /usr/bin/cmake --install /home/rosuser/ros2_ws/build/lbr_fri_ros2_stack
