[0.020s] Invoking command in '/home/rosuser/ros2_ws/build/iiwa_hardware': CMAKE_PREFIX_PATH=/home/rosuser/ros2_ws/install/iiwa_bringup:/home/rosuser/ros2_ws/install/iiwa_description:/home/rosuser/ros2_ws/install/med7_moveit_config:/home/rosuser/ros2_ws/install/med14_moveit_config:/home/rosuser/ros2_ws/install/lbr_fri_ros2_stack:/home/rosuser/ros2_ws/install/lbr_demos_cpp:/home/rosuser/ros2_ws/install/lbr_bringup:/home/rosuser/ros2_ws/install/lbr_ros2_control:/home/rosuser/ros2_ws/install/lbr_moveit_cpp:/home/rosuser/ros2_ws/install/lbr_demos_advanced_cpp:/home/rosuser/ros2_ws/install/lbr_fri_ros2:/home/rosuser/ros2_ws/install/lbr_fri_idl:/home/rosuser/ros2_ws/install/iiwa7_moveit_config:/home/rosuser/ros2_ws/install/iiwa14_moveit_config:/home/rosuser/ros2_ws/install/lbr_description:/home/rosuser/ros2_ws/install/impedance_controller:/home/rosuser/ros2_ws/install/iiwa_moveit2:/home/rosuser/ros2_ws/install/iiwa_hardware:/home/rosuser/ros2_ws/install/fri_client_sdk:/home/rosuser/ros2_ws/install/external_torque_sensor_broadcaster:/home/rosuser/ros2_ws/install/lbr_demos_py:/home/rosuser/ros2_ws/install/lbr_moveit:/home/rosuser/ros2_ws/install/lbr_demos_advanced_py:/opt/ros/humble /usr/bin/cmake --build /home/rosuser/ros2_ws/build/iiwa_hardware -- -j4 -l4
[0.111s] [100%] Built target iiwa_hardware
[0.126s] Invoked command in '/home/rosuser/ros2_ws/build/iiwa_hardware' returned '0': CMAKE_PREFIX_PATH=/home/rosuser/ros2_ws/install/iiwa_bringup:/home/rosuser/ros2_ws/install/iiwa_description:/home/rosuser/ros2_ws/install/med7_moveit_config:/home/rosuser/ros2_ws/install/med14_moveit_config:/home/rosuser/ros2_ws/install/lbr_fri_ros2_stack:/home/rosuser/ros2_ws/install/lbr_demos_cpp:/home/rosuser/ros2_ws/install/lbr_bringup:/home/rosuser/ros2_ws/install/lbr_ros2_control:/home/rosuser/ros2_ws/install/lbr_moveit_cpp:/home/rosuser/ros2_ws/install/lbr_demos_advanced_cpp:/home/rosuser/ros2_ws/install/lbr_fri_ros2:/home/rosuser/ros2_ws/install/lbr_fri_idl:/home/rosuser/ros2_ws/install/iiwa7_moveit_config:/home/rosuser/ros2_ws/install/iiwa14_moveit_config:/home/rosuser/ros2_ws/install/lbr_description:/home/rosuser/ros2_ws/install/impedance_controller:/home/rosuser/ros2_ws/install/iiwa_moveit2:/home/rosuser/ros2_ws/install/iiwa_hardware:/home/rosuser/ros2_ws/install/fri_client_sdk:/home/rosuser/ros2_ws/install/external_torque_sensor_broadcaster:/home/rosuser/ros2_ws/install/lbr_demos_py:/home/rosuser/ros2_ws/install/lbr_moveit:/home/rosuser/ros2_ws/install/lbr_demos_advanced_py:/opt/ros/humble /usr/bin/cmake --build /home/rosuser/ros2_ws/build/iiwa_hardware -- -j4 -l4
[0.128s] Invoking command in '/home/rosuser/ros2_ws/build/iiwa_hardware': CMAKE_PREFIX_PATH=/home/rosuser/ros2_ws/install/iiwa_bringup:/home/rosuser/ros2_ws/install/iiwa_description:/home/rosuser/ros2_ws/install/med7_moveit_config:/home/rosuser/ros2_ws/install/med14_moveit_config:/home/rosuser/ros2_ws/install/lbr_fri_ros2_stack:/home/rosuser/ros2_ws/install/lbr_demos_cpp:/home/rosuser/ros2_ws/install/lbr_bringup:/home/rosuser/ros2_ws/install/lbr_ros2_control:/home/rosuser/ros2_ws/install/lbr_moveit_cpp:/home/rosuser/ros2_ws/install/lbr_demos_advanced_cpp:/home/rosuser/ros2_ws/install/lbr_fri_ros2:/home/rosuser/ros2_ws/install/lbr_fri_idl:/home/rosuser/ros2_ws/install/iiwa7_moveit_config:/home/rosuser/ros2_ws/install/iiwa14_moveit_config:/home/rosuser/ros2_ws/install/lbr_description:/home/rosuser/ros2_ws/install/impedance_controller:/home/rosuser/ros2_ws/install/iiwa_moveit2:/home/rosuser/ros2_ws/install/iiwa_hardware:/home/rosuser/ros2_ws/install/fri_client_sdk:/home/rosuser/ros2_ws/install/external_torque_sensor_broadcaster:/home/rosuser/ros2_ws/install/lbr_demos_py:/home/rosuser/ros2_ws/install/lbr_moveit:/home/rosuser/ros2_ws/install/lbr_demos_advanced_py:/opt/ros/humble /usr/bin/cmake --install /home/rosuser/ros2_ws/build/iiwa_hardware
[0.139s] -- Install configuration: ""
[0.139s] -- Execute custom install script
[0.139s] -- Up-to-date symlink: /home/rosuser/ros2_ws/install/iiwa_hardware/share/iiwa_hardware//iiwa_hardware_interface_plugin.xml
[0.139s] -- Up-to-date symlink: /home/rosuser/ros2_ws/install/iiwa_hardware/lib/libiiwa_hardware.so
[0.139s] -- Up-to-date symlink: /home/rosuser/ros2_ws/install/iiwa_hardware/include/iiwa_hardware/IRDFClient.h
[0.140s] -- Up-to-date symlink: /home/rosuser/ros2_ws/install/iiwa_hardware/include/iiwa_hardware/IiwaFRIHardwareInterface.hpp
[0.140s] -- Up-to-date symlink: /home/rosuser/ros2_ws/install/iiwa_hardware/include/iiwa_hardware/low_pass_filter.h
[0.140s] -- Up-to-date symlink: /home/rosuser/ros2_ws/install/iiwa_hardware/include/iiwa_hardware/visibility_control.h
[0.140s] -- Up-to-date symlink: /home/rosuser/ros2_ws/install/iiwa_hardware/share/iiwa_hardware/environment/library_path.sh
[0.141s] -- Up-to-date symlink: /home/rosuser/ros2_ws/install/iiwa_hardware/share/iiwa_hardware/environment/library_path.dsv
[0.141s] -- Up-to-date symlink: /home/rosuser/ros2_ws/install/iiwa_hardware/share/ament_index/resource_index/package_run_dependencies/iiwa_hardware
[0.142s] -- Up-to-date symlink: /home/rosuser/ros2_ws/install/iiwa_hardware/share/ament_index/resource_index/parent_prefix_path/iiwa_hardware
[0.142s] -- Up-to-date symlink: /home/rosuser/ros2_ws/install/iiwa_hardware/share/iiwa_hardware/environment/ament_prefix_path.sh
[0.142s] -- Up-to-date symlink: /home/rosuser/ros2_ws/install/iiwa_hardware/share/iiwa_hardware/environment/ament_prefix_path.dsv
[0.142s] -- Up-to-date symlink: /home/rosuser/ros2_ws/install/iiwa_hardware/share/iiwa_hardware/environment/path.sh
[0.142s] -- Up-to-date symlink: /home/rosuser/ros2_ws/install/iiwa_hardware/share/iiwa_hardware/environment/path.dsv
[0.142s] -- Up-to-date symlink: /home/rosuser/ros2_ws/install/iiwa_hardware/share/iiwa_hardware/local_setup.bash
[0.143s] -- Up-to-date symlink: /home/rosuser/ros2_ws/install/iiwa_hardware/share/iiwa_hardware/local_setup.sh
[0.143s] -- Up-to-date symlink: /home/rosuser/ros2_ws/install/iiwa_hardware/share/iiwa_hardware/local_setup.zsh
[0.143s] -- Up-to-date symlink: /home/rosuser/ros2_ws/install/iiwa_hardware/share/iiwa_hardware/local_setup.dsv
[0.143s] -- Symlinking: /home/rosuser/ros2_ws/install/iiwa_hardware/share/iiwa_hardware/package.dsv
[0.158s] -- Up-to-date symlink: /home/rosuser/ros2_ws/install/iiwa_hardware/share/ament_index/resource_index/packages/iiwa_hardware
[0.160s] -- Up-to-date symlink: /home/rosuser/ros2_ws/install/iiwa_hardware/share/ament_index/resource_index/hardware_interface__pluginlib__plugin/iiwa_hardware
[0.160s] -- Up-to-date symlink: /home/rosuser/ros2_ws/install/iiwa_hardware/share/iiwa_hardware/cmake/ament_cmake_export_include_directories-extras.cmake
[0.161s] -- Up-to-date symlink: /home/rosuser/ros2_ws/install/iiwa_hardware/share/iiwa_hardware/cmake/ament_cmake_export_libraries-extras.cmake
[0.161s] -- Up-to-date symlink: /home/rosuser/ros2_ws/install/iiwa_hardware/share/iiwa_hardware/cmake/ament_cmake_export_dependencies-extras.cmake
[0.161s] -- Up-to-date symlink: /home/rosuser/ros2_ws/install/iiwa_hardware/share/iiwa_hardware/cmake/iiwa_hardwareConfig.cmake
[0.161s] -- Up-to-date symlink: /home/rosuser/ros2_ws/install/iiwa_hardware/share/iiwa_hardware/cmake/iiwa_hardwareConfig-version.cmake
[0.161s] -- Up-to-date symlink: /home/rosuser/ros2_ws/install/iiwa_hardware/share/iiwa_hardware/package.xml
[0.170s] Invoked command in '/home/rosuser/ros2_ws/build/iiwa_hardware' returned '0': CMAKE_PREFIX_PATH=/home/rosuser/ros2_ws/install/iiwa_bringup:/home/rosuser/ros2_ws/install/iiwa_description:/home/rosuser/ros2_ws/install/med7_moveit_config:/home/rosuser/ros2_ws/install/med14_moveit_config:/home/rosuser/ros2_ws/install/lbr_fri_ros2_stack:/home/rosuser/ros2_ws/install/lbr_demos_cpp:/home/rosuser/ros2_ws/install/lbr_bringup:/home/rosuser/ros2_ws/install/lbr_ros2_control:/home/rosuser/ros2_ws/install/lbr_moveit_cpp:/home/rosuser/ros2_ws/install/lbr_demos_advanced_cpp:/home/rosuser/ros2_ws/install/lbr_fri_ros2:/home/rosuser/ros2_ws/install/lbr_fri_idl:/home/rosuser/ros2_ws/install/iiwa7_moveit_config:/home/rosuser/ros2_ws/install/iiwa14_moveit_config:/home/rosuser/ros2_ws/install/lbr_description:/home/rosuser/ros2_ws/install/impedance_controller:/home/rosuser/ros2_ws/install/iiwa_moveit2:/home/rosuser/ros2_ws/install/iiwa_hardware:/home/rosuser/ros2_ws/install/fri_client_sdk:/home/rosuser/ros2_ws/install/external_torque_sensor_broadcaster:/home/rosuser/ros2_ws/install/lbr_demos_py:/home/rosuser/ros2_ws/install/lbr_moveit:/home/rosuser/ros2_ws/install/lbr_demos_advanced_py:/opt/ros/humble /usr/bin/cmake --install /home/rosuser/ros2_ws/build/iiwa_hardware
